=~=~=~=~=~=~=~=~=~=~=~= PuTTY log 2024.06.04 15:39:28 =~=~=~=~=~=~=~=~=~=~=~=
---------
Raw Input, Time, Started
4090,1953642,0
4090,1955395,0
4090,1957131,0
4090,1958865,0
4090,1960597,0
4090,1962342,0
4090,1964082,0
4090,1965804,0
4090,1967546,0
4090,1969278,0
4090,1971023,0
4090,1972773,0
4090,1974494,0
4090,1976238,0
4090,1977971,0
4090,1979723,0
4090,1981468,0
4090,1983208,0
4090,1984953,0
4090,1986676,0
4090,1988417,0
4090,1990159,0
4090,1991896,0
4090,1993630,0
4090,1995370,0
4090,1997123,0
4090,1998846,0
4090,2000576,0
4090,2002310,0
4090,2004050,0
4090,2005799,0
4090,2007535,0
4090,2009265,0
4090,2010994,0
4090,2012744,0
4090,2014486,0
4090,2016232,0
4090,2017977,0
4090,2019709,0
4090,2021439,0
4090,2023163,0
4090,2024905,0
4090,2026640,0
4090,2028385,0
4090,2030134,0
4090,2031856,0
4090,2033601,0
4090,2035323,0
4090,2037071,0
4090,2038823,0
4090,2040557,0
4090,2042302,0
4090,2044025,0
4090,2045763,0
4090,2047508,0
4090,2049243,0
4090,2050977,0
4090,2052720,0
4090,2054472,0
4090,2056192,0
4090,2057914,0
4090,2059649,0
4090,2061393,0
4090,2063142,0
4090,2064875,0
4090,2066604,0
4090,2068338,0
4090,2070090,0
4090,2071834,0
4090,2073575,0
4090,2075318,0
4090,2077052,0
4090,2078782,0
4090,2080502,0
4090,2082246,0
4090,2083980,0
4090,2085724,0
4090,2087476,0
4090,2089196,0
4090,2090938,0
4090,2092660,0
4090,2094414,0
4090,2096165,0
4090,2097897,0
4090,2099639,0
4090,2101360,0
4090,2103109,0
4090,2104850,0
4090,2106585,0
4090,2108319,0
4090,2110059,0
4090,2111810,0
4090,2113532,0
4090,2115261,0
4090,2116994,0
4090,2118738,0
4090,2120487,0
4090,2122219,0
4090,2123949,0
4090,2125681,0
4090,2127432,0
4090,2129174,0
4090,2130907,0
4090,2132641,0
4090,2134380,0
4090,2136120,0
4090,2137840,0
4090,2139581,0
4090,2141315,0
4090,2143060,0
4090,2144811,0
4090,2146532,0
4090,2148273,0
4090,2150003,0
4090,2151755,0
4090,2153499,0
4090,2155239,0
4090,2156981,0
4090,2158702,0
4090,2160449,0
4090,2162191,0
4090,2163923,0
4090,2165657,0
4090,2167402,0
4090,2169153,0
4090,2170874,0
4090,2172607,0
4090,2174338,0
4090,2176083,0
4090,2177828,0
4090,2179563,0
4090,2181292,0
4090,2183026,0
4090,2184775,0
4090,2186520,0
4090,2188252,0
4090,2189986,0
4090,2191731,0
4090,2193471,0
4090,2195191,0
4090,2196936,0
4090,2198671,0
4090,2200415,0
4090,2202167,0
4090,2203887,0
4090,2205629,0
4090,2207351,0
4090,2209098,0
4090,2210840,0
4090,2212583,0
4090,2214325,0
4090,2216047,0
4090,2217793,0
4090,2219535,0
4090,2221268,0
4090,2223000,0
4090,2224745,0
4090,2226494,0
4090,2228218,0
4090,2229950,0
4090,2231684,0
4090,2233426,0
4090,2235176,0
4090,2236912,0
4090,2238643,0
4090,2240370,0
4090,2242121,0
4090,2243863,0
4090,2245605,0
4090,2247344,0
4090,2249084,0
4090,2250814,0
4090,2252534,0
4090,2254279,0
4090,2256013,0
4090,2257754,0
4090,2259506,0
4090,2261226,0
4090,2262968,0
4090,2264690,0
4090,2266441,0
4090,2268183,0
4090,2269915,0
4090,2271650,0
4090,2273383,0
4090,2275134,0
4090,2276877,0
4090,2278610,0
4090,2280344,0
4090,2282088,0
4090,2283839,0
4090,2285560,0
4090,2287290,0
4090,2289025,0
4090,2290766,0
4090,2292509,0
4090,2294247,0
4090,2295976,0
4090,2297714,0
4090,2299465,0
4090,2301207,0
4090,2302950,0
4090,2304691,0
4090,2306427,0
4090,2308161,0
4090,2309881,0
4090,2311622,0
4090,2313357,0
4090,2315099,0
4090,2316851,0
4090,2318571,0
4090,2320312,0
4090,2322034,0
4090,2323786,0
4090,2325527,0
4090,2327270,0
4090,2329010,0
4090,2330735,0
4090,2332481,0
4090,2334223,0
4090,2335957,0
4090,2337689,0
4090,2339433,0
4090,2341185,0
4090,2342908,0
4090,2344640,0
4090,2346374,0
4090,2348116,0
4090,2349868,0
4090,2351604,0
4090,2353335,0
4090,2355059,0
4090,2356812,0
4090,2358564,0
4090,2360299,0
4090,2362041,0
4090,2363775,0
4090,2365508,0
4090,2367229,0
4090,2368971,0
4090,2370702,0
4090,2372444,0
4090,2374196,0
4090,2375921,0
4090,2377662,0
4090,2379382,0
4090,2381134,0
4090,2382885,0
4090,2384618,0
4090,2386360,0
4090,2388080,0
4090,2389829,0
4090,2391575,0
4090,2393308,0
4090,2395044,0
4090,2396788,0
4090,2398539,0
4090,2400269,0
4090,2401989,0
4090,2403723,0
4090,2405468,0
4090,2407220,0
4090,2408952,0
4090,2410682,0
4090,2412404,0
4090,2414158,0
4090,2415910,0
4090,2417647,0
4090,2419388,0
4090,2421122,0
4090,2422850,0
4090,2424570,0
4090,2426312,0
4090,2428045,0
4090,2429789,0
4090,2431539,0
4090,2433261,0
4090,2435005,0
4090,2436727,0
4090,2438474,0
4090,2440216,0
4090,2441959,0
4090,2443701,0
4090,2445424,0
4090,2447173,0
4090,2448919,0
4090,2450652,0
4090,2452384,0
4090,2454129,0
4090,2455882,0
4090,2457612,0
4090,2459331,0
4090,2461065,0
4090,2462807,0
4090,2464558,0
4090,2466290,0
4090,2468020,0
4090,2469746,0
4090,2471497,0
4090,2473239,0
4090,2474982,0
4090,2476722,0
4090,2478459,0
4090,2480194,0
4090,2481916,0
4090,2483658,0
4090,2485392,0
4090,2487137,0
4090,2488886,0
4090,2490606,0
4090,2492348,0
4090,2494070,0
4090,2495823,0
4090,2497575,0
4090,2499309,0
4090,2501050,0
4090,2502772,0
4090,2504514,0
4090,2506256,0
4090,2507991,0
4090,2509727,0
4090,2511471,0
4090,2513223,0
4090,2514953,0
4090,2516677,0
4090,2518411,0
4090,2520151,0
4090,2521903,0
4090,2523636,0
4090,2525366,0
4090,2527091,0
4090,2528843,0
4090,2530585,0
4090,2532328,0
4090,2534073,0
4090,2535809,0
4090,2537539,0
4090,2539263,0
4090,2541005,0
4090,2542737,0
4090,2544479,0
4090,2546232,0
4090,2547953,0
4090,2549698,0
4090,2551423,0
4090,2553166,0
4090,2554909,0
4090,2556647,0
4090,2558390,0
4090,2560114,0
4090,2561860,0
4090,2563603,0
4090,2565337,0
4090,2567071,0
4090,2568815,0
4090,2570563,0
4090,2572283,0
4090,2574014,0
4090,2575746,0
4090,2577487,0
4090,2579236,0
4090,2580969,0
4090,2582698,0
4090,2584434,0
4090,2586185,0
4090,2587927,0
4090,2589672,0
4090,2591416,0
4090,2593148,0
4090,2594877,0
4090,2596598,0
4090,2598340,0
4090,2600074,0
4090,2601818,0
4090,2603570,0
4090,2605290,0
4090,2607035,0
4090,2608754,0
4090,2610506,0
4090,2612248,0
4090,2613981,0
4090,2615715,0
4090,2617448,0
4090,2619200,0
4090,2620941,0
4090,2622675,0
4090,2624406,0
4090,2626146,0
4090,2627895,0
4090,2629615,0
4090,2631346,0
4090,2633082,0
4090,2634826,0
4090,2636567,0
4090,2638300,0
4090,2640022,0
4090,2641752,0
4090,2643504,0
4090,2645236,0
4090,2646978,0
4090,2648712,0
4090,2650451,0
4090,2652190,0
4090,2653917,0
4090,2655649,0
4090,2657393,0
4090,2659145,0
4090,2660887,0
4090,2662607,0
4090,2664328,0
4090,2666066,0
4090,2667814,0
4090,2669546,0
4090,2671288,0
4090,2673022,0
4090,2674753,0
4090,2676476,0
4090,2678220,0
4090,2679954,0
4090,2681699,0
4090,2683447,0
4090,2685168,0
4090,2686912,0
4090,2688631,0
4090,2690377,0
4090,2692121,0
4090,2693853,0
4090,2695585,0
4090,2697314,0
4090,2699066,0
4090,2700799,0
4090,2702544,0
4090,2704278,0
4090,2706022,0
4090,2707773,0
4090,2709493,0
4090,2711225,0
4090,2712959,0
4090,2714701,0
4090,2716443,0
4090,2718183,0
4090,2719913,0
4090,2721650,0
4090,2723399,0
4090,2725143,0
4090,2726875,0
4090,2728606,0
4090,2730348,0
4090,2732087,0
4090,2733808,0
4090,2735552,0
4090,2737284,0
4090,2739028,0
4090,2740780,0
4090,2742504,0
4090,2744246,0
4090,2745970,0
4090,2747722,0
4090,2749464,0
4090,2751206,0
4090,2752946,0
4090,2754670,0
4090,2756417,0
4090,2758158,0
4090,2759892,0
4090,2761624,0
4090,2763368,0
4090,2765120,0
4090,2766842,0
4090,2768574,0
4090,2770305,0
4090,2772047,0
4090,2773796,0
4090,2775531,0
4090,2777261,0
4090,2778994,0
4090,2780746,0
4090,2782490,0
4090,2784231,0
4090,2785973,0
4090,2787707,0
4090,2789441,0
4090,2791164,0
4090,2792908,0
4090,2794643,0
4090,2796387,0
4090,2798139,0
4090,2799862,0
4090,2801605,0
4090,2803324,0
4090,2805070,0
4090,2806822,0
4090,2808557,0
4090,2810299,0
4090,2812021,0
4090,2813765,0
4090,2815510,0
4090,2817244,0
4090,2818978,0
4090,2820720,0
4090,2822471,0
4090,2824192,0
4090,2825914,0
4090,2827649,0
4090,2829393,0
4090,2831142,0
4090,2832875,0
4090,2834605,0
4090,2836339,0
4090,2838091,0
4090,2839833,0
4090,2841576,0
4090,2843321,0
4090,2845055,0
4090,2846788,0
4090,2848539,0
4090,2850279,0
4090,2852021,0
4090,2853755,0
4090,2855503,0
4090,2857253,0
4090,2858974,0
4090,2860713,0
4090,2862459,0
4090,2864206,0
4090,2865958,0
4090,2867691,0
4090,2869420,0
4090,2871154,0
4090,2872906,0
4090,2874650,0
4090,2876390,0
4090,2878133,0
4090,2879867,0
4090,2881602,0
4090,2883321,0
4090,2885062,0
4090,2886794,0
4090,2888535,0
4090,2890287,0
4090,2892007,0
4090,2893748,0
4090,2895475,0
4090,2897226,0
4090,2898968,0
4090,2900710,0
4090,2902453,0
4090,2904175,0
4090,2905922,0
4090,2907663,0
4090,2909396,0
4090,2911128,0
4090,2912873,0
4090,2914622,0
4090,2916346,0
4090,2918075,0
4090,2919810,0
4090,2921555,0
4090,2923304,0
4090,2925040,0
4090,2926769,0
4090,2928499,0
4090,2930251,0
4090,2931992,0
4090,2933736,0
4090,2935481,0
4090,2937216,0
4090,2938948,0
4090,2940669,0
4090,2942411,0
4090,2944144,0
4090,2945887,0
4090,2947639,0
4090,2949360,0
4090,2951102,0
4090,2952823,0
4090,2954570,0
4090,2956311,0
4090,2958045,0
4090,2959777,0
4090,2961509,0
4090,2963259,0
4090,2964991,0
4090,2966733,0
4090,2968467,0
4090,2970211,0
4090,2971963,0
4090,2973684,0
4090,2975415,0
4090,2977150,0
4090,2978892,0
4090,2980633,0
4090,2982366,0
4090,2984089,0
4090,2985818,0
4090,2987570,0
4090,2989306,0
4090,2991048,0
4090,2992782,0
4090,2994524,0
4090,2996264,0
4090,2997987,0
4090,2999729,0
4090,3001467,0
4090,3003214,0
4090,3004966,0
4090,3006687,0
4090,3008432,0
4090,3010161,0
4090,3011913,0
4090,3013655,0
4090,3015399,0
4090,3017141,0
4090,3018864,0
4090,3020614,0
4090,3022357,0
4090,3024091,0
4090,3025825,0
4090,3027565,0
4090,3029317,0
4090,3031050,0
4090,3032773,0
4090,3034508,0
4090,3036253,0
4090,3038005,0
4090,3039739,0
4090,3041470,0
4090,3043189,0
4090,3044939,0
4090,3046682,0
4090,3048422,0
4090,3050161,0
4090,3051899,0
4090,3053634,0
4090,3055357,0
4090,3057100,0
4090,3058833,0
4090,3060578,0
4090,3062330,0
4090,3064052,0
4090,3065794,0
4090,3067514,0
4090,3069263,0
4090,3071016,0
4090,3072751,0
4090,3074492,0
4090,3076214,0
4090,3077953,0
4090,3079695,0
4090,3081427,0
4090,3083162,0
4090,3084904,0
4090,3086655,0
4090,3088376,0
4090,3090105,0
4090,3091840,0
4090,3093584,0
4090,3095334,0
4090,3097067,0
4090,3098797,0
4090,3100529,0
4090,3102282,0
4090,3104027,0
4090,3105767,0
4090,3107508,0
4090,3109244,0
4090,3110979,0
4090,3112700,0
4090,3114445,0
4090,3116179,0
4090,3117924,0
4090,3119676,0
4090,3121398,0
4090,3123140,0
4090,3124863,0
4090,3126607,0
4090,3128349,0
4090,3130087,0
4090,3131828,0
4090,3133551,0
4090,3135301,0
4090,3137046,0
4090,3138779,0
4090,3140514,0
4090,3142256,0
4090,3144008,0
4090,3145740,0
4090,3147461,0
4090,3149196,0
4090,3150941,0
4090,3152691,0
4090,3154424,0
4090,3156157,0
4090,3157879,0
4090,3159627,0
4090,3161370,0
4090,3163111,0
4090,3164854,0
4090,3166589,0
4090,3168319,0
4090,3170043,0
4090,3171785,0
4090,3173518,0
4090,3175264,0
4090,3177016,0
4090,3178740,0
4090,3180482,0
4090,3182202,0
4090,3183947,0
4090,3185690,0
4090,3187431,0
4090,3189174,0
4090,3190894,0
4090,3192642,0
4090,3194385,0
4090,3196119,0
4090,3197852,0
4090,3199597,0
4090,3201351,0
4090,3203071,0
4090,3204802,0
4090,3206536,0
4090,3208280,0
4090,3210031,0
4090,3211764,0
4090,3213496,0
4090,3215217,0
4090,3216969,0
4090,3218713,0
4090,3220456,0
4090,3222201,0
4090,3223935,0
4090,3225668,0
4090,3227419,0
4090,3229159,0
4090,3230901,0
4090,3232636,0
4090,3234383,0
4090,3236135,0
4090,3237858,0
4090,3239592,0
4090,3241332,0
4090,3243084,0
4090,3244826,0
4090,3246566,0
4090,3248296,0
4090,3250033,0
4090,3251785,0
4090,3253527,0
4090,3255260,0
4090,3256995,0
4090,3258734,0
4090,3260475,0
4090,3262198,0
4090,3263941,0
4090,3265676,0
4090,3267421,0
4090,3269173,0
4090,3270894,0
4090,3272639,0
4090,3274361,0
4090,3276106,0
4090,3277849,0
4090,3279581,0
4090,3281312,0
4090,3283038,0
4090,3284789,0
4090,3286524,0
4090,3288265,0
4090,3289996,0
4090,3291734,0
4090,3293483,0
4090,3295206,0
4090,3296937,0
4090,3298678,0
4090,3300429,0
4090,3302170,0
4090,3303911,0
4090,3305640,0
4090,3307376,0
4090,3309125,0
4090,3310869,0
4090,3312602,0
4090,3314336,0
4090,3316080,0
4090,3317819,0
4090,3319542,0
4090,3321286,0
4090,3323020,0
4090,3324762,0
4090,3326514,0
4090,3328237,0
4090,3329978,0
4090,3331699,0
4090,3333450,0
4090,3335191,0
4090,3336924,0
4090,3338658,0
4090,3340390,0
4090,3342141,0
4090,3343885,0
4090,3345618,0
4090,3347352,0
4090,3349096,0
4090,3350848,0
4090,3352568,0
4090,3354298,0
4090,3356032,0
4090,3357776,0
4090,3359525,0
4090,3361258,0
4090,3362990,0
4090,3364721,0
4090,3366472,0
4090,3368213,0
4090,3369946,0
4090,3371679,0
4090,3373421,0
4090,3375161,0
4090,3376884,0
4090,3378625,0
4090,3380357,0
4090,3382101,0
4090,3383852,0
4090,3385572,0
4090,3387317,0
4090,3389041,0
4090,3390793,0
4090,3392535,0
4090,3394267,0
4090,3396001,0
4090,3397732,0
4090,3399484,0
4090,3401226,0
4090,3402959,0
4090,3404693,0
4090,3406433,0
4090,3408184,0
4090,3409904,0
4090,3411636,0
4090,3413370,0
4090,3415115,0
4090,3416857,0
4090,3418600,0
4090,3420332,0
4090,3422066,0
4090,3423818,0
4090,3425563,0
4090,3427304,0
4090,3429048,0
4090,3430780,0
4090,3432510,0
4090,3434230,0
4090,3435975,0
4090,3437710,0
4090,3439455,0
4090,3441207,0
4090,3442928,0
4090,3444672,0
4090,3446391,0
4090,3448138,0
4090,3449880,0
4090,3451612,0
4090,3453347,0
4090,3455074,0
4090,3456827,0
4090,3458559,0
4090,3460301,0
4090,3462035,0
4090,3463779,0
4090,3465531,0
4090,3467252,0
4090,3468984,0
4090,3470715,0
4090,3472463,0
4090,3474212,0
4090,3475948,0
4090,3477678,0
4090,3479410,0
4090,3481160,0
4090,3482903,0
4090,3484647,0
4090,3486389,0
4090,3488123,0
4090,3489857,0
4090,3491580,0
4090,3493324,0
4090,3495056,0
4090,3496800,0
4090,3498552,0
4090,3500273,0
4090,3502016,0
4090,3503736,0
4090,3505486,0
4090,3507238,0
4090,3508971,0
4090,3510715,0
4090,3512435,0
4090,3514177,0
4090,3515920,0
4090,3517656,0
4090,3519391,0
4090,3521131,0
4090,3522883,0
4090,3524606,0
4090,3526337,0
4090,3528072,0
4090,3529816,0
4090,3531567,0
4090,3533303,0
4090,3535032,0
4090,3536755,0
4090,3538506,0
4090,3540248,0
4090,3541991,0
4090,3543734,0
4090,3545466,0
4090,3547198,0
4090,3548919,0
4090,3550661,0
4090,3552396,0
4090,3554136,0
4090,3555888,0
4090,3557609,0
4090,3559351,0
4090,3561074,0
4090,3562826,0
4090,3564568,0
4090,3566301,0
4090,3568036,0
4090,3569763,0
4090,3571513,0
4090,3573246,0
4090,3574989,0
4090,3576724,0
4090,3578469,0
4090,3580219,0
4090,3581940,0
4090,3583670,0
4090,3585405,0
4090,3587146,0
4090,3588890,0
4090,3590631,0
4090,3592360,0
4090,3594097,0
4090,3595849,0
4090,3597591,0
4090,3599325,0
4090,3601060,0
4090,3602802,0
4090,3604541,0
4090,3606264,0
4090,3608005,0
4090,3609739,0
4090,3611482,0
4090,3613234,0
4090,3614957,0
4090,3616699,0
4090,3618422,0
4090,3620174,0
4090,3621925,0
4090,3623658,0
4090,3625403,0
4090,3627125,0
4090,3628869,0
4090,3630613,0
4090,3632346,0
4090,3634081,0
4090,3635825,0
4090,3637577,0
4090,3639307,0
4090,3641030,0
4090,3642765,0
4090,3644510,0
4090,3646259,0
4090,3647992,0
4090,3649723,0
4090,3651445,0
4090,3653194,0
4090,3654936,0
4090,3656669,0
4090,3658401,0
4090,3660142,0
4090,3661883,0
4090,3663606,0
4090,3665348,0
4090,3667083,0
4090,3668825,0
4090,3670577,0
4090,3672301,0
4090,3674044,0
4090,3675766,0
4090,3677518,0
4090,3679271,0
4090,3681005,0
4090,3682749,0
4090,3684469,0
4090,3686214,0
4090,3687957,0
4090,3689690,0
4090,3691423,0
4090,3693165,0
4090,3694917,0
4090,3696638,0
4090,3698370,0
4090,3700104,0
4090,3701849,0
4090,3703600,0
4090,3705333,0
4090,3707064,0
4090,3708786,0
4090,3710538,0
4090,3712283,0
4090,3714023,0
4090,3715765,0
4090,3717499,0
4090,3719234,0
4090,3720957,0
4090,3722699,0
4090,3724431,0
4090,3726176,0
4090,3727926,0
4090,3729647,0
4090,3731388,0
4090,3733108,0
4090,3734863,0
4090,3736615,0
4090,3738351,0
4090,3740093,0
4090,3741813,0
4090,3743558,0
4090,3745301,0
4090,3747036,0
4090,3748769,0
4090,3750514,0
4090,3752266,0
4090,3753996,0
4090,3755717,0
4090,3757453,0
4090,3759198,0
4090,3760951,0
4090,3762687,0
4090,3764417,0
4090,3766137,0
4090,3767887,0
4090,3769637,0
4090,3771370,0
4090,3773112,0
4090,3774845,0
4090,3776575,0
4090,3778298,0
4090,3780040,0
4090,3781774,0
4090,3783519,0
4090,3785272,0
4090,3786993,0
4090,3788736,0
4090,3790457,0
4090,3792206,0
4090,3793958,0
4090,3795691,0
4090,3797433,0
4090,3799156,0
4090,3800899,0
4090,3802641,0
4090,3804374,0
4090,3806109,0
4090,3807849,0
4090,3809602,0
4090,3811322,0
4090,3813055,0
4090,3814787,0
4090,3816532,0
4090,3818284,0
4090,3820018,0
4090,3821750,0
4090,3823476,0
4090,3825228,0
4090,3826981,0
4090,3828715,0
4090,3830458,0
4090,3832191,0
4090,3833924,0
4090,3835645,0
4090,3837388,0
4090,3839124,0
4090,3840870,0
4090,3842619,0
4090,3844342,0
4090,3846086,0
4090,3847808,0
4090,3849552,0
4090,3851302,0
4090,3853038,0
4090,3854779,0
4090,3856502,0
4090,3858241,0
4090,3859982,0
4090,3861716,0
4090,3863450,0
4090,3865195,0
4090,3866945,0
4090,3868666,0
4090,3870398,0
4090,3872134,0
4090,3873873,0
4090,3875622,0
4090,3877356,0
4090,3879086,0
4090,3880818,0
4090,3882568,0
4090,3884310,0
4090,3886044,0
4090,3887779,0
4090,3889524,0
4090,3891264,0
4090,3892984,0
4090,3894726,0
4090,3896460,0
4090,3898204,0
4090,3899957,0
4090,3901678,0
4090,3903423,0
4090,3905148,0
4090,3906890,0
4090,3908632,0
4090,3910376,0
4090,3912121,0
4090,3913844,0
4090,3915586,0
4090,3917329,0
4090,3919062,0
4090,3920797,0
4090,3922542,0
4090,3924292,0
4090,3926013,0
4090,3927744,0
4090,3929479,0
4090,3931224,0
4090,3932977,0
4090,3934710,0
4090,3936442,0
4090,3938164,0
4090,3939916,0
4090,3941670,0
4090,3943406,0
4090,3945148,0
4090,3946882,0
4090,3948614,0
4090,3950367,0
4090,3952103,0
4090,3953845,0
4090,3955580,0
4090,3957327,0
4090,3959079,0
4090,3960803,0
4090,3962537,0
4090,3964279,0
4090,3966027,0
4090,3967769,0
4090,3969503,0
4090,3971226,0
4090,3972955,1
4090,3974707,1
4090,3976440,1
4092,3978182,1
4095,3979917,1
0,3981662,1
1,3983185,1
4,3984722,1
7,3986257,1
10,3987790,1
11,3989366,1
13,3990965,1
16,3992547,1
18,3994145,1
20,3995724,1
24,3997322,1
29,3998913,1
33,4000495,1
35,4002094,1
37,4003669,1
42,4005265,1
46,4006851,1
52,4008431,1
56,4010019,1
60,4011597,1
62,4013196,1
69,4014787,1
77,4016356,1
80,4017955,1
83,4019546,1
90,4021141,1
100,4022732,1
103,4024390,1
106,4026047,1
115,4027718,1
124,4029387,1
127,4031059,1
134,4032724,1
145,4034382,1
150,4036052,1
156,4037723,1
165,4039400,1
173,4041062,1
180,4042729,1
188,4044397,1
196,4046077,1
205,4047756,1
213,4049406,1
221,4051073,1
230,4052730,1
238,4054409,1
247,4056090,1
255,4057767,1
264,4059447,1
272,4061105,1
279,4062772,1
288,4064442,1
296,4066112,1
304,4067785,1
313,4069442,1
321,4071100,1
330,4072771,1
338,4074441,1
347,4076112,1
356,4077778,1
363,4079437,1
371,4081107,1
379,4082779,1
388,4084457,1
397,4086119,1
405,4087787,1
413,4089454,1
421,4091134,1
430,4092813,1
439,4094475,1
447,4096137,1
454,4097804,1
462,4099472,1
471,4101152,1
480,4102823,1
488,4104502,1
496,4106159,1
504,4107827,1
513,4109498,1
522,4111169,1
530,4112841,1
538,4114499,1
545,4116155,1
554,4117824,1
562,4119493,1
570,4121144,1
579,4122802,1
587,4124465,1
595,4126134,1
604,4127805,1
612,4129477,1
621,4131148,1
628,4132806,1
636,4134466,1
645,4136138,1
653,4137808,1
661,4139485,1
670,4141143,1
678,4142822,1
687,4144501,1
695,4146186,1
703,4147856,1
711,4149536,1
719,4151196,1
728,4152878,1
735,4154550,1
744,4156221,1
752,4157891,1
760,4159550,1
769,4161208,1
777,4162878,1
785,4164547,1
793,4166199,1
801,4167856,1
809,4169521,1
817,4171193,1
825,4172864,1
834,4174533,1
842,4176204,1
851,4177860,1
859,4179516,1
867,4181188,1
875,4182859,1
882,4184509,1
891,4186168,1
899,4187827,1
907,4189500,1
915,4191170,1
924,4192841,1
933,4194499,1
941,4196157,1
949,4197830,1
957,4199501,1
965,4201181,1
973,4202849,1
981,4204516,1
989,4206184,1
998,4207864,1
1006,4209545,1
1015,4211284,1
1024,4213035,1
1032,4214758,1
1040,4216490,1
1048,4218234,1
1058,4219979,1
1066,4221721,1
1074,4223463,1
1082,4225194,1
1091,4226930,1
1100,4228682,1
1108,4230426,1
1116,4232166,1
1125,4233905,1
1133,4235642,1
1142,4237374,1
1150,4239095,1
1158,4240840,1
1168,4242573,1
1176,4244315,1
1184,4246067,1
1193,4247788,1
1201,4249531,1
1209,4251253,1
1217,4253002,1
1226,4254744,1
1235,4256487,1
1242,4258228,1
1250,4259951,1
1259,4261697,1
1268,4263439,1
1276,4265172,1
1284,4266906,1
1292,4268645,1
1301,4270397,1
1310,4272117,1
1317,4273849,1
1325,4275581,1
1333,4277322,1
1342,4279066,1
1351,4280807,1
1358,4282536,1
1366,4284273,1
1375,4286024,1
1383,4287766,1
1391,4289512,1
1399,4291257,1
1408,4292991,1
1416,4294723,1
1424,4296446,1
1432,4298190,1
1440,4299925,1
1448,4301670,1
1456,4303421,1
1464,4305142,1
1473,4306883,1
1481,4308602,1
1489,4310346,1
1496,4312089,1
1505,4313831,1
1513,4315573,1
1521,4317296,1
1529,4319046,1
1537,4320788,1
1546,4322521,1
1554,4324253,1
1562,4325995,1
1570,4327747,1
1579,4329468,1
1587,4331201,1
1594,4332933,1
1602,4334677,1
1611,4336427,1
1619,4338162,1
1627,4339891,1
1635,4341618,1
1643,4343368,1
1651,4345109,1
1659,4346842,1
1668,4348577,1
1675,4350319,1
1684,4352059,1
1692,4353779,1
1700,4355520,1
1708,4357254,1
1717,4358996,1
1725,4360743,1
1733,4362466,1
1741,4364207,1
1749,4365936,1
1758,4367688,1
1766,4369432,1
1773,4371165,1
1782,4372900,1
1791,4374627,1
1799,4376380,1
1807,4378124,1
1815,4379857,1
1825,4381592,1
1832,4383332,1
1840,4385084,1
1848,4386808,1
1857,4388537,1
1866,4390271,1
1874,4392014,1
1882,4393766,1
1891,4395502,1
1899,4397233,1
1907,4398963,1
1915,4400715,1
1924,4402458,1
1932,4404199,1
1940,4405940,1
1949,4407674,1
1957,4409407,1
1966,4411130,1
1974,4412872,1
1983,4414607,1
1992,4416349,1
2000,4418101,1
2008,4419822,1
2016,4421566,1
2025,4423291,1
2034,4425038,1
2042,4426790,1
2050,4428526,1
2058,4430268,1
2068,4431990,1
2076,4433730,1
2084,4435473,1
2092,4437205,1
2100,4438940,1
2110,4440680,1
2118,4442432,1
2126,4444156,1
2134,4445886,1
2143,4447621,1
2152,4449366,1
2160,4451118,1
2168,4452852,1
2177,4454582,1
2185,4456307,1
2194,4458059,1
2202,4459801,1
2211,4461543,1
2219,4463285,1
2227,4465021,1
2236,4466751,1
2245,4468475,1
2253,4470217,1
2261,4471950,1
2269,4473695,1
2279,4475448,1
2287,4477169,1
2295,4478912,1
2303,4480633,1
2311,4482382,1
2321,4484134,1
2328,4485870,1
2336,4487612,1
2345,4489335,1
2354,4491074,1
2362,4492817,1
2370,4494550,1
2378,4496285,1
2387,4498027,1
2395,4499779,1
2404,4501504,1
2412,4503228,1
2420,4504960,1
2428,4506705,1
2437,4508454,1
2445,4510187,1
2453,4511919,1
2462,4513650,1
2470,4515401,1
2478,4517146,1
2487,4518886,1
2495,4520628,1
2503,4522363,1
2511,4524098,1
2520,4525822,1
2529,4527564,1
2536,4529297,1
2544,4531041,1
2552,4532794,1
2562,4534516,1
2570,4536258,1
2577,4537980,1
2586,4539722,1
2594,4541464,1
2603,4543207,1
2611,4544949,1
2619,4546672,1
2627,4548421,1
2636,4550163,1
2644,4551899,1
2652,4553633,1
2660,4555373,1
2669,4557125,1
2677,4558857,1
2685,4560578,1
2693,4562312,1
2702,4564055,1
2710,4565807,1
2718,4567543,1
2727,4569273,1
2734,4570996,1
2743,4572748,1
2751,4574503,1
2759,4576237,1
2769,4577982,1
2776,4579717,1
2784,4581445,1
2792,4583198,1
2802,4584937,1
2810,4586679,1
2817,4588415,1
2826,4590159,1
2835,4591901,1
2843,4593628,1
2851,4595347,1
2859,4597092,1
2867,4598842,1
2876,4600576,1
2885,4602312,1
2893,4604032,1
2900,4605762,1
2909,4607504,1
2917,4609239,1
2926,4610970,1
2934,4612712,1
2942,4614464,1
2951,4616184,1
2959,4617916,1
2968,4619651,1
2976,4621395,1
2985,4623148,1
2993,4624881,1
3001,4626613,1
3009,4628338,1
3018,4630088,1
3026,4631830,1
3034,4633577,1
3042,4635320,1
3052,4637052,1
3060,4638782,1
3068,4640506,1
3076,4642247,1
3084,4643982,1
3093,4645726,1
3101,4647479,1
3109,4649201,1
3118,4650943,1
3127,4652665,1
3135,4654410,1
3143,4656153,1
3151,4657896,1
3160,4659642,1
3168,4661364,1
3176,4663109,1
3184,4664855,1
3193,4666589,1
3201,4668324,1
3209,4670063,1
3218,4671815,1
3226,4673546,1
3234,4675266,1
3242,4677000,1
3251,4678744,1
3260,4680494,1
3267,4682226,1
3276,4683956,1
3283,4685682,1
3292,4687433,1
3301,4689175,1
3308,4690909,1
3316,4692643,1
3324,4694383,1
3334,4696124,1
3342,4697845,1
3349,4699590,1
3357,4701325,1
3366,4703068,1
3375,4704818,1
3383,4706539,1
3390,4708285,1
3398,4710008,1
3407,4711756,1
3415,4713511,1
3423,4715247,1
3431,4716992,1
3439,4718715,1
3448,4720450,1
3456,4722192,1
3464,4723926,1
3472,4725661,1
3480,4727404,1
3488,4729154,1
3497,4730875,1
3505,4732606,1
3513,4734342,1
3521,4736083,1
3529,4737829,1
3538,4739562,1
3545,4741295,1
3553,4743027,1
3561,4744780,1
3570,4746535,1
3578,4748269,1
3586,4750012,1
3594,4751748,1
3603,4753481,1
3611,4755231,1
3619,4756967,1
3627,4758709,1
3636,4760444,1
3643,4762168,1
3652,4763891,1
3660,4765634,1
3667,4767354,1
3677,4769099,1
3684,4770842,1
3693,4772583,1
3701,4774326,1
3709,4776047,1
3717,4777794,1
3725,4779537,1
3734,4781271,1
3742,4783007,1
3750,4784748,1
3758,4786498,1
3766,4788220,1
3775,4789953,1
3784,4791689,1
3792,4793435,1
3800,4795188,1
3808,4796923,1
3817,4798654,1
3825,4800378,1
3833,4802122,1
3841,4803865,1
3850,4805607,1
3859,4807349,1
3867,4809084,1
3875,4810814,1
3883,4812535,1
3892,4814280,1
3901,4816014,1
3909,4817753,1
3917,4819506,1
3926,4821227,1
3934,4822970,1
3943,4824692,1
3951,4826445,1
3960,4828197,1
3969,4829930,1
3977,4831676,1
3986,4833399,1
3995,4835142,1
4003,4836885,1
4011,4838620,1
4020,4840354,1
4029,4842098,1
4037,4843850,1
4045,4845583,1
4054,4847303,1
4062,4849039,1
4072,4850783,1
4079,4852534,1
4088,4854267,1
0,4855997,1
9,4857504,1
17,4859028,1
23,4860617,1
32,4862186,1
39,4863806,1
47,4865397,1
56,4866993,1
63,4868576,1
71,4870154,1
79,4871750,1
87,4873359,1
95,4874950,1
103,4876517,1
111,4878196,1
120,4879885,1
128,4881555,1
137,4883234,1
145,4884884,1
153,4886547,1
161,4888225,1
170,4889906,1
178,4891575,1
187,4893227,1
195,4894885,1
203,4896561,1
211,4898233,1
220,4899905,1
228,4901575,1
235,4903228,1
243,4904888,1
251,4906547,1
258,4908220,1
267,4909892,1
274,4911563,1
279,4913223,1
287,4914904,1
294,4916577,1
298,4918256,1
306,4919937,1
314,4921618,1
316,4923278,1
322,4924959,1
330,4926631,1
335,4928312,1
337,4929981,1
344,4931637,1
353,4933297,1
355,4934970,1
355,4936640,1
362,4938310,1
369,4939968,1
372,4941627,1
372,4943296,1
376,4944968,1
382,4946639,1
384,4948311,1
387,4949976,1
391,4951636,1
394,4953316,1
395,4954996,1
396,4956657,1
399,4958323,1
401,4959994,1
402,4961673,1
404,4963354,1
407,4965031,1
408,4966712,1
408,4968369,1
410,4970035,1
411,4971707,1
410,4973378,1
411,4975048,1
415,4976707,1
414,4978364,1
410,4980035,1
412,4981707,1
415,4983379,1
412,4985044,1
411,4986703,1
414,4988373,1
414,4990044,1
411,4991722,1
412,4993385,1
414,4995053,1
413,4996719,1
411,4998399,1
412,5000078,1
414,5001740,1
412,5003397,1
411,5005055,1
413,5006733,1
414,5008412,1
412,5010087,1
412,5011768,1
414,5013426,1
413,5015090,1
411,5016760,1
413,5018432,1
414,5020104,1
412,5021763,1
412,5023423,1
413,5025095,1
413,5026765,1
412,5028436,1
412,5030104,1
413,5031763,1
412,5033438,1
412,5035110,1
413,5036792,1
413,5038474,1
412,5040141,1
412,5041798,1
413,5043477,1
413,5045147,1
412,5046823,1
413,5048483,1
413,5050152,1
412,5051822,1
412,5053499,1
413,5055169,1
413,5056842,1
412,5058502,1
412,5060159,1
413,5061831,1
413,5063503,1
412,5065181,1
413,5066841,1
413,5068522,1
412,5070201,1
412,5071883,1
413,5073556,1
413,5075236,1
412,5076894,1
412,5078575,1
413,5080246,1
412,5081915,1
412,5083585,1
413,5085244,1
413,5086905,1
412,5088574,1
412,5090246,1
413,5091896,1
412,5093556,1
412,5095219,1
412,5096889,1
413,5098560,1
412,5100231,1
412,5101883,1
413,5103542,1
413,5105204,1
412,5106874,1
412,5108547,1
413,5110218,1
412,5111875,1
412,5113534,1
412,5115204,1
413,5116875,1
412,5118547,1
412,5120217,1
413,5121894,1
413,5123573,1
412,5125253,1
412,5126934,1
413,5128605,1
412,5130273,1
412,5131935,1
413,5133611,1
413,5135280,1
412,5136936,1
412,5138593,1
413,5140259,1
412,5141931,1
412,5143612,1
413,5145284,1
413,5146955,1
412,5148612,1
412,5150270,1
412,5151943,1
412,5153615,1
412,5155294,1
412,5156950,1
413,5158630,1
412,5160306,1
412,5161995,1
413,5163664,1
412,5165342,1
412,5167005,1
412,5168686,1
413,5170355,1
412,5172026,1
412,5173695,1
412,5175352,1
413,5177012,1
412,5178683,1
412,5180353,1
412,5182024,1
412,5183682,1
412,5185340,1
413,5187010,1
412,5188678,1
412,5190351,1
412,5192022,1
413,5193690,1
413,5195371,1
412,5197051,1
412,5198729,1
413,5200380,1
412,5202046,1
412,5203705,1
413,5205386,1
412,5207067,1
412,5208744,1
412,5210423,1
413,5212083,1
413,5213746,1
412,5215416,1
412,5217088,1
412,5218758,1
412,5220417,1
412,5222077,1
413,5223749,1
412,5225421,1
412,5227092,1
412,5228760,1
412,5230419,1
412,5232094,1
412,5233762,1
412,5235439,1
412,5237101,1
412,5238767,1
413,5240433,1
413,5242122,1
412,5243795,1
412,5245451,1
413,5247110,1
412,5248779,1
412,5250447,1
412,5252127,1
412,5253799,1
412,5255479,1
412,5257139,1
412,5258802,1
412,5260471,1
412,5262139,1
412,5263808,1
412,5265467,1
412,5267126,1
412,5268797,1
412,5270467,1
413,5272137,1
412,5273795,1
412,5275452,1
412,5277124,1
412,5278795,1
412,5280464,1
412,5282135,1
412,5283802,1
412,5285460,1
412,5287139,1
412,5288817,1
412,5290476,1
412,5292145,1
413,5293817,1
412,5295498,1
412,5297179,1
412,5298856,1
412,5300535,1
412,5302194,1
412,5303858,1
412,5305528,1
412,5307199,1
412,5308869,1
412,5310527,1
412,5312187,1
412,5313858,1
412,5315527,1
412,5317198,1
413,5318866,1
412,5320524,1
412,5322194,1
412,5323863,1
412,5325543,1
412,5327204,1
412,5328870,1
412,5330538,1
412,5332217,1
413,5333895,1
413,5335545,1
412,5337214,1
412,5338873,1
412,5340554,1
412,5342235,1
412,5343913,1
412,5345594,1
412,5347252,1
412,5348915,1
413,5350587,1
412,5352257,1
413,5353926,1
413,5355583,1
412,5357242,1
412,5358913,1
412,5360583,1
412,5362232,1
412,5363892,1
413,5365556,1
412,5367226,1
412,5368896,1
412,5370566,1
412,5372234,1
412,5373892,1
412,5375551,1
412,5377222,1
412,5378890,1
412,5380539,1
412,5382198,1
412,5383857,1
412,5385530,1
412,5387200,1
412,5388871,1
412,5390527,1
412,5392186,1
412,5393855,1
412,5395526,1
412,5397196,1
412,5398847,1
412,5400505,1
413,5402166,1
413,5403835,1
412,5405504,1
412,5407177,1
412,5408836,1
412,5410494,1
412,5412165,1
412,5413834,1
412,5415505,1
412,5417173,1
412,5418831,1
413,5420509,1
413,5422180,1
412,5423857,1
412,5425517,1
412,5427182,1
412,5428849,1
412,5430537,1
412,5432209,1
412,5433871,1
412,5435528,1
412,5437197,1
412,5438867,1
412,5440548,1
412,5442217,1
412,5443898,1
412,5445555,1
412,5447218,1
412,5448888,1
412,5450558,1
412,5452230,1
412,5453889,1
412,5455546,1
412,5457216,1
412,5458888,1
412,5460559,1
412,5462224,1
412,5463883,1
412,5465553,1
412,5467225,1
412,5468904,1
412,5470563,1
412,5472230,1
412,5473899,1
412,5475579,1
412,5477257,1
412,5478908,1
412,5480574,1
412,5482234,1
412,5483913,1
412,5485591,1
412,5487272,1
412,5488953,1
412,5490613,1
412,5492274,1
412,5493944,1
413,5495615,1
412,5497285,1
412,5498944,1
412,5500603,1
413,5502272,1
412,5503945,1
412,5505615,1
412,5507272,1
412,5508931,1
412,5510603,1
412,5512274,1
412,5513951,1
412,5515623,1
412,5517291,1
412,5518959,1
412,5520649,1
412,5522318,1
412,5523978,1
412,5525636,1
412,5527305,1
412,5528975,1
412,5530657,1
412,5532328,1
412,5534007,1
412,5535667,1
412,5537331,1
412,5539003,1
412,5540674,1
412,5542344,1
412,5544004,1
412,5545663,1
412,5547334,1
412,5549005,1
412,5550676,1
412,5552344,1
412,5554025,1
412,5555705,1
412,5557384,1
413,5559065,1
412,5560736,1
412,5562405,1
412,5564062,1
412,5565744,1
412,5567414,1
412,5569067,1
412,5570725,1
412,5572403,1
412,5574072,1
412,5575741,1
412,5577413,1
412,5579085,1
412,5580743,1
412,5582402,1
412,5584074,1
413,5585745,1
412,5587422,1
412,5589081,1
412,5590761,1
413,5592441,1
413,5594127,1
413,5595797,1
413,5597478,1
412,5599136,1
412,5600818,1
412,5602490,1
412,5604161,1
412,5605830,1
412,5607490,1
412,5609149,1
412,5610820,1
412,5612490,1
412,5614161,1
412,5615826,1
412,5617485,1
412,5619155,1
412,5620827,1
412,5622506,1
412,5624166,1
412,5625833,1
413,5627500,1
413,5629180,1
412,5630859,1
412,5632522,1
412,5634179,1
413,5635838,1
413,5637517,1
413,5639198,1
412,5640873,1
412,5642554,1
412,5644211,1
412,5645874,1
412,5647544,1
412,5649215,1
412,5650885,1
412,5652541,1
412,5654200,1
412,5655871,1
412,5657541,1
412,5659191,1
412,5660849,1
412,5662514,1
412,5664187,1
412,5665854,1
412,5667524,1
412,5669195,1
412,5670855,1
412,5672514,1
412,5674186,1
412,5675858,1
413,5677535,1
412,5679194,1
412,5680875,1
412,5682556,1
412,5684235,1
412,5685905,1
412,5687581,1
412,5689244,1
412,5690923,1
412,5692595,1
413,5694269,1
412,5695941,1
412,5697601,1
412,5699258,1
412,5700929,1
412,5702599,1
412,5704270,1
412,5705928,1
412,5707586,1
412,5709257,1
413,5710928,1
413,5712606,1
412,5714277,1
412,5715945,1
412,5717612,1
412,5719293,1
412,5720974,1
412,5722622,1
412,5724289,1
412,5725947,1
412,5727626,1
412,5729308,1
412,5730983,1
412,5732665,1
412,5734326,1
412,5735989,1
412,5737661,1
412,5739332,1
412,5741002,1
412,5742660,1
412,5744340,1
412,5746009,1
413,5747685,1
413,5749361,1
412,5751029,1
412,5752708,1
412,5754390,1
412,5756060,1
412,5757742,1
412,5759412,1
412,5761072,1
412,5762731,1
412,5764411,1
412,5766080,1
412,5767751,1
412,5769410,1
412,5771069,1
412,5772738,1
412,5774410,1
412,5776079,1
412,5777728,1
412,5779385,1
412,5781046,1
412,5782717,1
412,5784389,1
412,5786058,1
412,5787717,1
412,5789374,1
413,5791043,1
412,5792715,1
412,5794386,1
413,5796051,1
412,5797709,1
412,5799379,1
412,5801048,1
412,5802724,1
412,5804384,1
413,5806052,1
413,5807724,1
412,5809404,1
412,5811082,1
412,5812745,1
412,5814405,1
412,5816074,1
412,5817744,1
412,5819425,1
412,5821097,1
412,5822778,1
412,5824436,1
412,5826097,1
412,5827767,1
412,5829438,1
412,5831110,1
412,5832768,1
412,5834425,1
412,5836096,1
412,5837769,1
412,5839438,1
412,5841105,1
412,5842764,1
412,5844446,1
412,5846117,1
412,5847797,1
412,5849476,1
412,5851134,1
412,5852801,1
412,5854482,1
412,5856152,1
412,5857830,1
412,5859488,1
412,5861154,1
412,5862827,1
412,5864503,1
412,5866172,1
412,5867844,1
412,5869501,1
413,5871163,1
412,5872834,1
413,5874505,1
413,5876156,1
412,5877813,1
413,5879471,1
413,5881148,1
413,5882820,1
412,5884470,1
412,5886129,1
412,5887796,1
412,5889468,1
412,5891139,1
412,5892809,1
412,5894460,1
412,5896118,1
412,5897779,1
412,5899449,1
413,5901120,1
412,5902792,1
412,5904451,1
412,5906108,1
412,5907779,1
412,5909452,1
413,5911123,1
413,5912786,1
412,5914445,1
412,5916115,1
412,5917786,1
412,5919466,1
412,5921126,1
412,5922793,1
412,5924462,1
413,5926142,1
413,5927821,1
412,5929483,1
412,5931141,1
412,5932810,1
412,5934479,1
412,5936161,1
412,5937833,1
412,5939515,1
412,5941172,1
412,5942833,1
412,5944503,1
412,5946171,1
412,5947841,1
412,5949500,1
412,5951157,1
412,5952829,1
412,5954498,1
412,5956167,1
412,5957824,1
412,5959483,1
412,5961153,1
412,5962825,1
412,5964494,1
412,5966166,1
412,5967833,1
412,5969490,1
412,5971168,1
412,5972840,1
412,5974520,1
412,5976189,1
412,5977849,1
412,5979528,1
413,5981205,1
413,5982877,1
412,5984553,1
412,5986214,1
412,5987890,1
412,5989560,1
412,5991232,1
412,5992902,1
412,5994561,1
412,5996221,1
412,5997893,1
412,5999563,1
413,6001235,1
413,6002903,1
412,6004562,1
412,6006242,1
412,6007923,1
412,6009610,1
412,6011279,1
412,6012944,1
413,6014624,1
413,6016306,1
413,6017975,1
413,6019627,1
413,6021285,1
413,6022963,1
412,6024633,1
412,6026305,1
412,6027975,1
412,6029627,1
412,6031285,1
412,6032947,1
412,6034619,1
412,6036288,1
412,6037961,1
412,6039619,1
412,6041277,1
412,6042949,1
412,6044621,1
412,6046293,1
412,6047959,1
412,6049618,1
412,6051296,1
412,6052967,1
412,6054647,1
412,6056326,1
412,6057984,1
412,6059647,1
412,6061324,1
412,6062995,1
412,6064677,1
412,6066334,1
412,6068001,1
412,6069670,1
412,6071352,1
412,6073023,1
412,6074695,1
412,6076355,1
413,6078015,1
413,6079686,1
412,6081358,1
412,6083038,1
412,6084697,1
413,6086374,1
412,6088051,1
412,6089739,1
412,6091412,1
412,6093094,1
412,6094754,1
412,6096435,1
413,6098105,1
412,6099776,1
412,6101447,1
412,6103106,1
412,6104766,1
412,6106435,1
412,6108108,1
412,6109780,1
413,6111448,1
412,6113105,1
412,6114783,1
412,6116455,1
412,6118136,1
412,6119816,1
412,6121485,1
412,6123146,1
412,6124826,1
412,6126503,1
413,6128165,1
413,6129826,1
413,6131508,1
412,6133179,1
412,6134848,1
412,6136519,1
412,6138172,1
412,6139833,1
412,6141496,1
412,6143169,1
412,6144843,1
412,6146495,1
412,6148153,1
412,6149810,1
412,6151484,1
412,6153153,1
412,6154825,1
413,6156485,1
413,6158143,1
412,6159813,1
412,6161484,1
412,6163154,1
412,6164826,1
412,6166493,1
412,6168168,1
412,6169848,1
412,6171526,1
412,6173179,1
412,6174845,1
412,6176505,1
412,6178186,1
412,6179867,1
413,6181544,1
413,6183223,1
412,6184881,1
412,6186547,1
412,6188217,1
412,6189889,1
412,6191561,1
412,6193218,1
412,6194876,1
412,6196548,1
412,6198218,1
412,6199890,1
412,6201555,1
412,6203215,1
412,6204895,1
412,6206566,1
412,6208246,1
412,6209924,1
412,6211582,1
412,6213251,1
412,6214930,1
412,6216600,1
412,6218279,1
412,6219937,1
413,6221604,1
412,6223274,1
412,6224956,1
412,6226627,1
412,6228298,1
412,6229958,1
412,6231618,1
412,6233288,1
412,6234959,1
412,6236637,1
412,6238294,1
412,6239975,1
412,6241655,1
412,6243338,1
413,6245008,1
412,6246690,1
412,6248347,1
412,6250027,1
412,6251700,1
412,6253371,1
413,6255041,1
412,6256700,1
412,6258357,1
412,6260029,1
412,6261698,1
412,6263351,1
412,6265009,1
412,6266675,1
412,6268346,1
412,6270017,1
412,6271688,1
412,6273340,1
412,6274998,1
412,6276659,1
412,6278332,1
412,6280003,1
413,6281675,1
413,6283334,1
412,6284992,1
412,6286663,1
412,6288333,1
412,6290004,1
412,6291672,1
412,6293354,1
412,6295034,1
412,6296714,1
412,6298396,1
412,6300052,1
412,6301717,1
412,6303392,1
412,6305074,1
413,6306747,1
412,6308397,1
412,6310055,1
412,6311732,1
413,6313405,1
412,6315077,1
412,6316748,1
412,6318401,1
412,6320059,1
412,6321721,1
412,6323391,1
412,6325062,1
412,6326733,1
412,6328392,1
412,6330070,1
412,6331742,1
412,6333423,1
412,6335105,1
412,6336788,1
412,6338448,1
413,6340128,1
413,6341801,1
412,6343480,1
412,6345151,1
412,6346811,1
412,6348472,1
412,6350145,1
412,6351817,1
412,6353487,1
412,6355155,1
412,6356815,1
412,6358492,1
412,6360164,1
412,6361842,1
412,6363504,1
412,6365172,1
412,6366839,1
412,6368524,1
412,6370194,1
412,6371876,1
413,6373535,1
412,6375205,1
412,6376875,1
412,6378557,1
412,6380228,1
412,6381900,1
412,6383571,1
412,6385232,1
412,6386910,1
413,6388583,1
412,6390261,1
412,6391928,1
412,6393594,1
413,6395275,1
413,6396954,1
412,6398633,1
412,6400316,1
412,6401973,1
412,6403633,1
412,6405302,1
413,6406972,1
413,6408641,1
413,6410297,1
412,6411953,1
412,6413627,1
412,6415296,1
412,6416967,1
412,6418626,1
412,6420284,1
412,6421954,1
412,6423622,1
412,6425292,1
412,6426944,1
412,6428601,1
412,6430260,1
412,6431930,1
412,6433601,1
412,6435272,1
412,6436931,1
412,6438588,1
412,6440259,1
412,6441931,1
412,6443602,1
412,6445266,1
412,6446925,1
412,6448595,1
412,6450266,1
412,6451946,1
412,6453605,1
413,6455272,1
413,6456941,1
412,6458621,1
412,6460299,1
413,6461961,1
413,6463619,1
412,6465279,1
412,6466958,1
412,6468639,1
413,6470312,1
412,6471989,1
412,6473646,1
413,6475314,1
412,6476984,1
412,6478655,1
412,6480325,1
412,6481983,1
412,6483642,1
413,6485313,1
412,6486983,1
412,6488655,1
412,6490312,1
412,6491971,1
412,6493642,1
412,6495313,1
412,6496991,1
412,6498662,1
412,6500329,1
413,6501998,1
412,6503679,1
412,6505361,1
412,6507017,1
412,6508678,1
412,6510345,1
412,6512015,1
412,6513697,1
412,6515369,1
412,6517050,1
412,6518708,1
412,6520370,1
412,6522040,1
412,6523711,1
413,6525382,1
413,6527042,1
413,6528700,1
413,6530371,1
412,6532041,1
412,6533712,1
412,6535378,1
412,6537037,1
412,6538707,1
412,6540379,1
412,6542060,1
412,6543722,1
412,6545390,1
412,6547057,1
412,6548747,1
412,6550420,1
412,6552077,1
412,6553736,1
412,6555403,1
412,6557074,1
412,6558755,1
412,6560426,1
412,6562106,1
413,6563765,1
413,6565425,1
412,6567094,1
412,6568764,1
412,6570433,1
412,6572091,1
412,6573748,1
412,6575418,1
412,6577087,1
412,6578755,1
412,6580412,1
412,6582070,1
412,6583739,1
412,6585410,1
412,6587082,1
413,6588733,1
413,6590391,1
412,6592052,1
412,6593721,1
412,6595391,1
412,6597060,1
412,6598718,1
412,6600375,1
412,6602046,1
412,6603715,1
412,6605386,1
413,6607045,1
413,6608703,1
412,6610374,1
412,6612045,1
413,6613714,1
412,6615382,1
412,6617047,1
413,6618708,1
412,6620387,1
412,6622065,1
412,6623726,1
412,6625392,1
413,6627069,1
412,6628748,1
413,6630429,1
412,6632103,1
412,6633783,1
412,6635441,1
412,6637107,1
412,6638779,1
412,6640450,1
412,6642119,1
412,6643775,1
412,6645435,1
412,6647106,1
413,6648775,1
413,6650446,1
412,6652114,1
412,6653773,1
413,6655442,1
413,6657115,1
412,6658793,1
412,6660452,1
412,6662116,1
412,6663784,1
412,6665463,1
413,6667144,1
412,6668796,1
412,6670463,1
412,6672125,1
412,6673802,1
412,6675478,1
412,6677148,1
412,6678828,1
413,6680488,1
412,6682163,1
412,6683834,1
413,6685505,1
412,6687175,1
412,6688831,1
412,6690490,1
412,6692161,1
412,6693832,1
412,6695503,1
412,6697161,1
412,6698819,1
412,6700489,1
412,6702157,1
412,6703827,1
412,6705498,1
413,6707166,1
413,6708843,1
413,6710522,1
413,6712201,1
412,6713849,1
412,6715515,1
412,6717178,1
412,6718857,1
412,6720538,1
412,6722215,1
412,6723895,1
412,6725554,1
412,6727218,1
413,6728887,1
413,6730554,1
413,6732224,1
412,6733883,1
412,6735542,1
412,6737213,1
412,6738882,1
412,6740553,1
412,6742210,1
412,6743869,1
412,6745539,1
413,6747210,1
412,6748880,1
412,6750528,1
412,6752186,1
412,6753844,1
412,6755513,1
412,6757185,1
412,6758855,1
413,6760513,1
413,6762172,1
412,6763843,1
412,6765512,1
412,6767183,1
412,6768850,1
412,6770508,1
412,6772190,1
412,6773861,1
412,6775540,1
412,6777202,1
412,6778870,1
412,6780537,1
412,6782223,1
412,6783893,1
412,6785575,1
412,6787232,1
412,6788897,1
412,6790569,1
413,6792250,1
413,6793919,1
412,6795591,1
412,6797251,1
412,6798910,1
412,6800582,1
412,6802250,1
412,6803900,1
412,6805559,1
412,6807218,1
412,6808891,1
412,6810563,1
412,6812234,1
412,6813891,1
412,6815547,1
412,6817219,1
412,6818890,1
412,6820559,1
412,6822230,1
412,6823895,1
412,6825551,1
412,6827229,1
413,6828900,1
413,6830577,1
412,6832243,1
413,6833913,1
413,6835595,1
412,6837273,1
412,6838951,1
412,6840632,1
413,6842290,1
412,6843953,1
412,6845623,1
412,6847294,1
412,6848964,1
412,6850623,1
412,6852282,1
412,6853953,1
412,6855623,1
412,6857295,1
412,6858953,1
412,6860612,1
413,6862282,1
413,6863953,1
412,6865631,1
413,6867302,1
413,6868969,1
413,6870635,1
413,6872316,1
413,6873995,1
413,6875645,1
412,6877312,1
412,6878970,1
412,6880649,1
412,6882330,1
412,6884007,1
412,6885687,1
412,6887344,1
412,6889010,1
412,6890679,1
412,6892350,1
412,6894022,1
413,6895681,1
413,6897341,1
412,6899012,1
412,6900682,1
412,6902353,1
412,6904021,1
412,6905677,1
412,6907347,1
412,6909018,1
412,6910698,1
412,6912359,1
412,6914026,1
412,6915694,1
412,6917374,1
412,6919052,1
413,6920702,1
412,6922369,1
412,6924026,1
412,6925706,1
412,6927387,1
412,6929064,1
412,6930742,1
412,6932403,1
412,6934066,1
412,6935736,1
412,6937408,1
412,6939078,1
413,6940738,1
412,6942398,1
412,6944067,1
412,6945737,1
413,6947405,1
413,6949063,1
412,6950722,1
412,6952392,1
413,6954063,1
413,6955741,1
412,6957410,1
412,6959079,1
412,6960746,1
412,6962423,1
413,6964105,1
413,6965752,1
412,6967418,1
413,6969085,1
413,6970764,1
412,6972445,1
412,6974120,1
412,6975796,1
412,6977454,1
412,6979122,1
412,6980792,1
413,6982463,1
412,6984133,1
412,6985789,1
412,6987448,1
413,6989120,1
413,6990789,1
412,6992441,1
411,6994098,1
409,6995762,1
409,6997431,1
408,6999104,1
405,7000774,1
402,7002426,1
401,7004086,1
399,7005747,1
395,7007418,1
393,7009090,1
392,7010760,1
390,7012420,1
386,7014100,1
381,7015770,1
377,7017450,1
374,7019129,1
371,7020816,1
368,7022476,1
363,7024153,1
357,7025833,1
353,7027515,1
350,7029186,1
346,7030845,1
338,7032506,1
331,7034175,1
329,7035848,1
325,7037520,1
317,7039186,1
309,7040846,1
307,7042526,1
302,7044197,1
291,7045877,1
284,7047536,1
281,7049204,1
273,7050872,1
264,7052558,1
258,7054229,1
251,7055910,1
243,7057568,1
235,7059237,1
228,7060906,1
220,7062585,1
211,7064257,1
202,7065929,1
194,7067585,1
186,7069244,1
178,7070913,1
169,7072582,1
160,7074251,1
152,7075910,1
145,7077588,1
136,7079259,1
128,7080939,1
119,7082621,1
110,7084278,1
102,7085958,1
94,7087640,1
85,7089229,1
77,7090817,1
69,7092392,1
62,7093976,1
53,7095566,1
46,7097158,1
37,7098747,1
29,7100329,1
21,7101913,1
14,7103504,1
5,7105096,1
4093,7106610,1
4085,7108333,1
4076,7110075,1
4067,7111811,1
4059,7113557,1
4050,7115310,1
4040,7117032,1
4032,7118775,1
4023,7120498,1
4015,7122250,1
4006,7123992,1
3997,7125726,1
3988,7127462,1
3980,7129195,1
3972,7130949,1
3962,7132691,1
3954,7134426,1
3945,7136159,1
3937,7137904,1
3928,7139657,1
3919,7141390,1
3911,7143137,1
3902,7144883,1
3893,7146618,1
3884,7148364,1
3876,7150119,1
3867,7151841,1
3859,7153584,1
3850,7155315,1
3842,7157066,1
3833,7158809,1
3824,7160543,1
3816,7162279,1
3808,7164011,1
3800,7165762,1
3790,7167499,1
3783,7169238,1
3775,7170973,1
3766,7172718,1
3757,7174470,1
3749,7176192,1
3741,7177918,1
3733,7179654,1
3724,7181397,1
3715,7183149,1
3708,7184884,1
3700,7186614,1
3691,7188339,1
3683,7190092,1
3674,7191847,1
3666,7193581,1
3657,7195325,1
3650,7197058,1
3641,7198791,1
3633,7200542,1
3624,7202280,1
3616,7204024,1
3609,7205759,1
3600,7207504,1
3591,7209257,1
3583,7210978,1
3575,7212712,1
3568,7214452,1
3558,7216204,1
3550,7217958,1
3543,7219694,1
3535,7221424,1
3526,7223153,1
3517,7224905,1
3509,7226648,1
3501,7228381,1
3493,7230116,1
3485,7231861,1
3476,7233599,1
3469,7235323,1
3460,7237065,1
3452,7238800,1
3444,7240539,1
3436,7242291,1
3427,7244012,1
3419,7245757,1
3411,7247482,1
3403,7249226,1
3395,7250969,1
3386,7252712,1
3378,7254457,1
3370,7256180,1
3362,7257922,1
3352,7259664,1
3344,7261400,1
3336,7263135,1
3329,7264878,1
3319,7266628,1
3311,7268349,1
3303,7270082,1
3296,7271817,1
3287,7273562,1
3278,7275311,1
3270,7277045,1
3262,7278778,1
3254,7280500,1
3245,7282252,1
3236,7284006,1
3228,7285742,1
3219,7287484,1
3212,7289219,1
3204,7290949,1
3195,7292701,1
3186,7294440,1
3178,7296186,1
3170,7297920,1
3162,7299640,1
3153,7301362,1
3144,7303105,1
3136,7304825,1
3128,7306575,1
3120,7308325,1
3110,7310059,1
3102,7311803,1
3094,7313524,1
3086,7315267,1
3077,7317012,1
3068,7318746,1
3060,7320481,1
3052,7322221,1
3043,7323974,1
3035,7325707,1
3027,7327432,1
3019,7329167,1
3009,7330913,1
3001,7332666,1
2993,7334400,1
2985,7336124,1
2977,7337846,1
2968,7339599,1
2960,7341352,1
2951,7343086,1
2943,7344829,1
2934,7346564,1
2926,7348298,1
2918,7350049,1
2909,7351785,1
2900,7353529,1
2892,7355264,1
2884,7356985,1
2876,7358707,1
2866,7360451,1
2858,7362173,1
2850,7363916,1
2842,7365659,1
2833,7367400,1
2825,7369145,1
2817,7370868,1
2809,7372614,1
2801,7374357,1
2792,7376090,1
2783,7377824,1
2775,7379569,1
2766,7381321,1
2758,7383051,1
2749,7384774,1
2741,7386506,1
2733,7388251,1
2724,7390000,1
2717,7391736,1
2708,7393467,1
2700,7395189,1
2691,7396939,1
2683,7398682,1
2675,7400422,1
2666,7402161,1
2657,7403898,1
2650,7405633,1
2642,7407357,1
2634,7409099,1
2625,7410832,1
2616,7412577,1
2608,7414329,1
2600,7416051,1
2592,7417793,1
2582,7419515,1
2575,7421263,1
2567,7423015,1
2559,7424750,1
2550,7426492,1
2541,7428215,1
2533,7429957,1
2525,7431703,1
2517,7433436,1
2508,7435170,1
2500,7436910,1
2492,7438662,1
2483,7440393,1
2475,7442116,1
2467,7443851,1
2459,7445591,1
2451,7447344,1
2441,7449078,1
2434,7450811,1
2426,7452533,1
2417,7454286,1
2408,7456039,1
2400,7457771,1
2393,7459513,1
2384,7461249,1
2375,7462982,1
2367,7464735,1
2358,7466472,1
2351,7468217,1
2341,7469953,1
2333,7471696,1
2325,7473449,1
2317,7475171,1
2308,7476907,1
2299,7478650,1
2291,7480395,1
2283,7482137,1
2274,7483881,1
2266,7485611,1
2257,7487346,1
2249,7489097,1
2240,7490839,1
2232,7492573,1
2224,7494308,1
2215,7496052,1
2206,7497794,1
2198,7499515,1
2190,7501261,1
2182,7502997,1
2172,7504742,1
2164,7506495,1
2156,7508240,1
2148,7509962,1
2138,7511686,1
2130,7513429,1
2122,7515183,1
2113,7516920,1
2105,7518663,1
2096,7520386,1
2088,7522119,1
2080,7523861,1
2070,7525597,1
2063,7527333,1
2054,7529076,1
2045,7530826,1
2037,7532557,1
2028,7534279,1
2020,7536014,1
2012,7537754,1
2004,7539507,1
1994,7541243,1
1986,7542973,1
1979,7544696,1
1970,7546446,1
1960,7548199,1
1952,7549932,1
1944,7551678,1
1936,7553414,1
1926,7555147,1
1919,7556900,1
1911,7558634,1
1903,7560377,1
1894,7562112,1
1885,7563857,1
1877,7565608,1
1869,7567329,1
1860,7569067,1
1852,7570812,1
1843,7572555,1
1836,7574311,1
1826,7576046,1
1819,7577776,1
1811,7579506,1
1802,7581258,1
1793,7583001,1
1785,7584745,1
1778,7586487,1
1769,7588222,1
1760,7589952,1
1752,7591673,1
1744,7593417,1
1737,7595152,1
1727,7596894,1
1719,7598646,1
1711,7600368,1
1703,7602110,1
1696,7603831,1
1686,7605583,1
1679,7607333,1
1671,7609067,1
1662,7610810,1
1654,7612533,1
1646,7614278,1
1638,7616021,1
1630,7617754,1
1621,7619489,1
1614,7621234,1
1605,7622986,1
1598,7624716,1
1589,7626438,1
1581,7628171,1
1573,7629916,1
1565,7631669,1
1556,7633404,1
1548,7635135,1
1541,7636856,1
1533,7638603,1
1523,7640359,1
1516,7642093,1
1508,7643838,1
1500,7645574,1
1491,7647308,1
1483,7649061,1
1475,7650795,1
1467,7652538,1
1459,7654271,1
1451,7656017,1
1443,7657767,1
1435,7659489,1
1426,7661228,1
1418,7662971,1
1410,7664719,1
1402,7666469,1
1393,7668204,1
1385,7669935,1
1378,7671668,1
1369,7673421,1
1360,7675165,1
1352,7676904,1
1344,7678648,1
1337,7680382,1
1327,7682114,1
1319,7683834,1
1311,7685576,1
1303,7687308,1
1294,7689052,1
1286,7690804,1
1278,7692527,1
1270,7694270,1
1262,7695992,1
1253,7697743,1
1244,7699496,1
1236,7701229,1
1228,7702974,1
1219,7704694,1
1211,7706434,1
1203,7708176,1
1195,7709911,1
1186,7711644,1
1178,7713389,1
1170,7715141,1
1161,7716875,1
1152,7718598,1
1144,7720333,1
1136,7722078,1
1128,7723830,1
1118,7725564,1
1110,7727295,1
1102,7729015,1
1094,7730763,1
1084,7732506,1
1076,7734247,1
1067,7735989,1
1059,7737725,1
1051,7739455,1
1042,7741179,1
1033,7742922,1
1025,7744654,1
1017,7746398,1
1008,7748151,1
999,7749873,1
991,7751552,1
983,7753235,1
975,7754908,1
967,7756587,1
958,7758258,1
950,7759921,1
943,7761582,1
934,7763259,1
926,7764932,1
917,7766583,1
909,7768241,1
901,7769908,1
892,7771579,1
884,7773248,1
876,7774919,1
868,7776572,1
861,7778233,1
852,7779893,1
844,7781563,1
835,7783236,1
827,7784908,1
819,7786565,1
810,7788244,1
802,7789916,1
794,7791596,1
785,7793276,1
777,7794935,1
770,7796614,1
762,7798296,1
754,7799977,1
745,7801660,1
737,7803330,1
728,7804990,1
720,7806648,1
712,7808320,1
703,7809989,1
695,7811661,1
687,7813319,1
679,7814978,1
672,7816649,1
663,7818320,1
655,7819998,1
647,7821670,1
638,7823338,1
630,7825009,1
621,7826698,1
614,7828369,1
605,7830051,1
597,7831710,1
589,7833380,1
580,7835054,1
572,7836731,1
564,7838402,1
556,7840071,1
549,7841729,1
540,7843388,1
532,7845059,1
524,7846731,1
515,7848381,1
507,7850041,1
498,7851701,1
490,7853371,1
483,7855045,1
475,7856697,1
467,7858355,1
458,7860020,1
450,7861693,1
442,7863363,1
434,7865034,1
426,7866685,1
417,7868343,1
410,7870002,1
402,7871672,1
393,7873344,1
385,7875014,1
377,7876673,1
368,7878331,1
360,7880003,1
352,7881672,1
344,7883343,1
335,7885009,1
328,7886667,1
319,7888337,1
311,7890008,1
303,7891687,1
294,7893347,1
285,7895015,1
277,7896684,1
269,7898362,1
261,7900043,1
252,7901706,1
243,7903364,1
236,7905022,1
228,7906701,1
219,7908382,1
211,7910055,1
202,7911737,1
194,7913398,1
186,7915060,1
178,7916730,1
169,7918402,1
161,7920072,1
154,7921731,1
146,7923389,1
139,7925060,1
134,7926731,1
126,7928402,1
117,7930067,1
113,7931727,1
106,7933397,1
98,7935070,1
94,7936670,1
91,7938249,1
83,7939818,1
75,7941418,1
73,7943008,1
70,7944607,1
61,7946184,1
55,7947754,1
55,7949352,1
53,7950941,1
45,7952528,1
38,7954106,1
36,7955688,1
37,7957286,1
32,7958875,1
27,7960462,1
23,7962054,1
21,7963632,1
18,7965250,1
15,7966827,1
14,7968426,1
13,7970017,1
10,7971607,1
7,7973206,1
5,7974730,1
3,7976258,1
2,7977787,1
4095,7979313,1
4094,7981035,1
4094,7982765,1
4092,7984508,1
4091,7986252,1
4092,7988007,1
4091,7989740,1
4088,7991471,1
4090,7993204,1
4092,7994957,1
4089,7996700,1
4088,7998441,1
4091,8000184,1
4091,8001915,1
4088,8003650,1
4089,8005373,1
4091,8007114,1
4089,8008849,1
4088,8010591,1
4091,8012342,1
4090,8014064,1
4089,8015808,1
4090,8017533,1
4091,8019275,1
4090,8021017,1
4089,8022761,1
4090,8024503,1
4090,8026225,1
4089,8027970,1
4090,8029707,1
4091,8031443,1
4089,8033177,1
4089,8034922,1
4090,8036674,1
4090,8038395,1
4089,8040128,1
4090,8041862,1
4090,8043606,1
4089,8045358,1
4089,8047091,1
4090,8048821,1
4090,8050545,1
4089,8052297,1
4090,8054039,1
4090,8055773,1
4090,8057508,1
4089,8059248,1
4090,8060988,1
4090,8062709,1
4089,8064452,1
4090,8066186,1
4090,8067930,1
4090,8069680,1
4089,8071401,1
4090,8073143,1
4090,8074865,1
4089,8076618,1
4090,8078360,1
4090,8080094,1
4089,8081828,1
4089,8083555,1
4090,8085308,1
4090,8087052,1
4089,8088786,1
4090,8090521,1
4090,8092265,1
4089,8094017,1
4089,8095741,1
4090,8097471,1
4090,8099203,1
4089,8100947,1
4090,8102695,1
4090,8104430,1
4089,8106161,1
4089,8107891,1
4090,8109644,1
4090,8111399,1
4089,8113133,1
4090,8114877,1
4090,8116613,1
4089,8118341,1
4090,8120062,1
4090,8121804,1
4090,8123539,1
4089,8125282,1
4090,8127034,1
4090,8128756,1
4089,8130499,1
4090,8132221,1
4090,8133966,1
4090,8135719,1
4089,8137453,1
4090,8139198,1
4090,8140922,1
4089,8142661,1
4090,8144406,1
4090,8146140,1
4089,8147872,1
4089,8149617,1
4090,8151370,1
4090,8153103,1
4089,8154847,1
4090,8156580,1
4090,8158326,1
4090,8160079,1
4090,8161828,1
4090,8163550,1
4090,8165288,1
4089,8167028,1
4090,8168783,1
4090,8170536,1
4089,8172270,1
4090,8174012,1
4090,8175736,1
4090,8177479,1
4090,8179222,1
4090,8180955,1
4090,8182691,1
4089,8184437,1
4090,8186187,1
4090,8187918,1
4090,8189643,1
4090,8191378,1
4090,8193125,1
4089,8194876,1
4089,8196608,1
4090,8198333,1
4090,8200055,1
4090,8201805,1
4090,8203546,1
4090,8205286,1
4090,8207024,1
4089,8208763,1
4090,8210497,1
4090,8212219,1
4090,8213963,1
4090,8215695,1
4090,8217436,1
4090,8219188,1
4090,8220909,1
4090,8222653,1
4090,8224372,1
4089,8226121,1
4089,8227862,1
4090,8229607,1
4090,8231348,1
4090,8233071,1
4090,8234817,1
4090,8236559,1
4090,8238292,1
4090,8240026,1
4090,8241767,1
4090,8243519,1
4090,8245239,1
4090,8246968,1
4090,8248702,1
4089,8250446,1
4089,8252197,1
4090,8253930,1
4090,8255660,1
4089,8257394,1
4089,8259143,1
4089,8260887,1
4089,8262620,1
4089,8264354,1
4090,8266098,1
4090,8267837,1
4090,8269561,1
4090,8271303,1
4090,8273037,1
4090,8274780,1
4090,8276531,1
4090,8278252,1
4090,8279994,1
4090,8281719,1
4090,8283466,1
4090,8285208,1
4090,8286951,1
4090,8288693,1
4090,8290415,1
4090,8292162,1
4090,8293903,1
4090,8295640,1
4090,8297374,1
4089,8299118,1
4089,8300868,1
4090,8302588,1
4090,8304320,1
4090,8306052,1
4090,8307794,1
4090,8309544,1
4090,8311280,1
4090,8313010,1
4090,8314738,1
4090,8316490,1
4090,8318233,1
4090,8319976,1
4090,8321720,1
4090,8323451,1
4090,8325185,1
4090,8326908,1
4090,8328651,1
4090,8330385,1
4090,8332125,1
4090,8333877,1
4090,8335598,1
4090,8337340,1
4089,8339064,1
4090,8340811,1
4090,8342552,1
4090,8344295,1
4090,8346038,1
4089,8347757,1
4089,8349509,1
4089,8351251,1
4090,8352987,1
4090,8354721,1
4090,8356465,1
4089,8358217,1
4089,8359947,1
4090,8361670,1
4090,8363401,1
4089,8365144,1
4090,8366895,1
4089,8368631,1
4089,8370361,1
4090,8372083,1
4090,8373832,1
4090,8375576,1
4090,8377310,1
4089,8379042,1
4090,8380786,1
4090,8382527,1
4090,8384248,1
4090,8385991,1
4090,8387724,1
4090,8389468,1
4090,8391218,1
4090,8392939,1
4090,8394681,1
4090,8396404,1
4090,8398156,1
4090,8399898,1
4090,8401639,1
4090,8403380,1
4090,8405102,1
4090,8406854,1
4090,8408598,1
4090,8410331,1
4090,8412065,1
4090,8413805,1
4090,8415557,1
4090,8417278,1
4090,8419008,1
4090,8420742,1
4090,8422485,1
4090,8424236,1
4090,8425969,1
4090,8427701,1
4090,8429425,1
4090,8431178,1
4090,8432920,1
4090,8434653,1
4090,8436388,1
4090,8438131,1
4089,8439871,1
4090,8441592,1
4090,8443334,1
4090,8445069,1
4090,8446814,1
4090,8448567,1
4090,8450287,1
4090,8452028,1
4090,8453749,1
4089,8455501,1
4090,8457254,1
4090,8458987,1
4090,8460731,1
4090,8462454,1
4090,8464193,1
4090,8465935,1
4090,8467668,1
4090,8469402,1
4090,8471144,1
4090,8472897,1
4089,8474621,1
4090,8476353,1
4090,8478085,1
4090,8479830,1
4089,8481580,1
4089,8483313,1
4090,8485045,1
4090,8486769,1
4090,8488521,1
4090,8490263,1
4090,8492006,1
4090,8493745,1
4090,8495483,1
4090,8497218,1
4089,8498941,1
4089,8500684,1
4090,8502416,1
4090,8504157,1
4090,8505910,1
4089,8507633,1
4090,8509376,1
4090,8511096,1
4090,8512846,1
4090,8514598,1
4090,8516334,1
4090,8518076,1
4090,8519799,1
4090,8521541,1
4089,8523283,1
4090,8525016,1
4090,8526749,1
4090,8528491,1
4090,8530243,1
4090,8531963,1
4090,8533695,1
4090,8535430,1
4090,8537170,1
4090,8538920,1
4090,8540653,1
4089,8542383,1
4090,8544116,1
4090,8545867,1
4090,8547609,1
4090,8549350,1
4090,8551090,1
4090,8552827,1
4090,8554562,1
4090,8556285,1
4090,8558027,1
4090,8559760,1
4090,8561505,1
4090,8563257,1
4090,8564978,1
4090,8566722,1
4090,8568444,1
4090,8570186,1
4090,8571929,1
4090,8573672,1
4090,8575417,1
4090,8577140,1
4089,8578885,1
4089,8580627,1
4089,8582362,1
4090,8584097,1
4090,8585842,1
4089,8587594,1
4089,8589324,1
4090,8591045,1
4090,8592780,1
4090,8594522,1
4089,8596275,1
4090,8598009,1
4090,8599742,1
4090,8601465,1
4090,8603215,1
4090,8604964,1
4090,8606699,1
4090,8608441,1
4090,8610175,1
4090,8611908,1
4090,8613628,1
4090,8615370,1
4090,8617102,1
4090,8618847,1
4090,8620597,1
4090,8622319,1
4090,8624061,1
4090,8625783,1
4090,8627530,1
4090,8629272,1
4090,8631015,1
4090,8632758,1
4090,8634481,1
4090,8636226,1
4090,8637968,1
4089,8639702,1
4089,8641438,1
4089,8643182,1
4090,8644934,1
4090,8646655,1
4089,8648387,1
4090,8650119,1
4090,8651861,1
4090,8653611,1
4090,8655344,1
4090,8657074,1
4090,8658801,1
4090,8660553,1
4090,8662295,1
4090,8664029,1
4090,8665763,1
4090,8667502,1
4090,8669243,1
4089,8670966,1
4089,8672709,1
4090,8674443,1
4090,8676188,1
4090,8677938,1
4090,8679660,1
4090,8681402,1
4090,8683125,1
4089,8684875,1
4090,8686617,1
4090,8688360,1
4090,8690105,1
4090,8691825,1
4090,8693570,1
4089,8695313,1
4089,8697046,1
4090,8698781,1
4090,8700526,1
4090,8702279,1
4090,8704010,1
4090,8705730,1
4090,8707464,1
4090,8709203,1
4090,8710955,1
4090,8712688,1
4090,8714421,1
4090,8716145,1
4090,8717897,1
4090,8719642,1
4090,8721383,1
4090,8723125,1
4090,8724858,1
4089,8726590,1
4090,8728310,1
4090,8730055,1
4090,8731790,1
4090,8733535,1
4090,8735287,1
4090,8737008,1
4090,8738753,1
4090,8740478,1
4089,8742223,1
4089,8743973,1
4090,8745707,1
4089,8747449,1
4090,8749172,1
4090,8750914,1
4090,8752657,1
4090,8754390,1
4090,8756126,1
4090,8757871,1
4090,8759623,1
4090,8761354,1
4090,8763078,1
4090,8764813,1
4090,8766558,1
4090,8768311,1
4090,8770046,1
4090,8771776,1
4090,8773499,1
4090,8775246,1
4090,8776999,1
4090,8778732,1
4090,8780475,1
4089,8782211,1
4089,8783938,1
4090,8785660,1
4090,8787403,1
4090,8789135,1
4090,8790881,1
4089,8792633,1
4089,8794358,1
4090,8796101,1
4090,8797826,1
4090,8799572,1
4090,8801325,1
4090,8803059,1
4090,8804801,1
4090,8806524,1
4090,8808257,1
4090,8809999,1
4089,8811732,1
4090,8813464,1
4090,8815209,1
4089,8816958,1
4090,8818679,1
4090,8820412,1
4090,8822147,1
4090,8823891,1
4090,8825644,1
4089,8827377,1
4090,8829107,1
4090,8830835,1
4090,8832588,1
4090,8834342,1
4090,8836078,1
4090,8837820,1
4090,8839555,1
4090,8841288,1
4090,8843038,1
4090,8844777,1
4090,8846520,1
4090,8848252,1
4090,8849975,1
4090,8851695,1
4089,8853440,1
4090,8855162,1
4090,8856907,1
4090,8858649,1
4090,8860392,1
4090,8862137,1
4090,8863859,1
4090,8865602,1
4090,8867344,1
4090,8869080,1
4090,8870814,1
4090,8872559,1
4090,8874311,1
4089,8876042,1
4089,8877763,1
4090,8879496,1
4089,8881241,1
4090,8882993,1
4090,8884727,1
4089,8886457,1
4089,8888179,1
4090,8889934,1
4090,8891686,1
4090,8893422,1
4090,8895165,1
4090,8896898,1
4090,8898630,1
4090,8900380,1
4090,8902119,1
4089,8903862,1
4089,8905594,1
4089,8907321,1
4089,8909042,1
4089,8910787,1
4090,8912509,1
4090,8914254,1
4090,8916006,1
4090,8917742,1
4090,8919485,1
4089,8921208,1
4090,8922946,1
4090,8924689,1
4090,8926423,1
4090,8928155,1
4090,8929900,1
4090,8931653,1
4090,8933375,1
4090,8935105,1
4090,8936840,1
4090,8938585,1
4090,8940338,1
4090,8942074,1
4090,8943805,1
4090,8945529,1
4090,8947279,1
4090,8949029,1
4090,8950763,1
4090,8952506,1
4090,8954239,1
4090,8955973,1
4090,8957727,1
4090,8959464,1
4090,8961208,1
4090,8962942,1
4090,8964665,1
4090,8966386,1
4090,8968131,1
4090,8969853,1
4090,8971595,1
4090,8973337,1
4090,8975078,1
4090,8976818,1
4090,8978543,1
4089,8980290,1
4090,8982033,1
4090,8983766,1
4090,8985501,1
4090,8987244,1
4090,8988996,1
4089,8990718,1
4090,8992449,1
4090,8994181,1
4090,8995926,1
4090,8997678,1
4090,8999412,1
4090,9001143,1
4090,9002868,1
4089,9004620,1
4090,9006363,1
4090,9008105,1
4090,9009848,1
4090,9011583,1
4090,9013315,1
4090,9015070,1
4089,9016808,1
4090,9018552,1
4090,9020284,1
4089,9022007,1
4090,9023728,1
4090,9025471,1
4090,9027193,1
4090,9028943,1
4089,9030695,1
4089,9032428,1
4090,9034170,1
4090,9035893,1
4090,9037638,1
4090,9039380,1
4090,9041116,1
4090,9042851,1
4089,9044596,1
4090,9046351,1
4090,9048089,1
4090,9049822,1
4090,9051557,1
4090,9053297,1
4090,9055049,1
4090,9056794,1
4090,9058523,1
4090,9060266,1
4090,9062001,1
4090,9063754,1
4090,9065499,1
4090,9067240,1
4090,9068985,1
4090,9070707,1
4089,9072450,1
4089,9074196,1
4090,9075929,1
4090,9077662,1
4090,9079407,1
4090,9081160,1
4090,9082893,1
4090,9084639,1
4090,9086375,1
4090,9088121,1
4090,9089870,1
4089,9091622,1
4090,9093346,1
4090,9095089,1
4090,9096818,1
4090,9098571,1
4090,9100315,1
4090,9102057,1
4090,9103800,1
4090,9105521,1
4090,9107266,1
4090,9109009,1
4090,9110743,1
4090,9112476,1
4089,9114221,1
4089,9115974,1
4090,9117705,1
4090,9119426,1
4090,9121159,1
4090,9122904,1
4090,9124657,1
4090,9126393,1
4090,9128124,1
4090,9129847,1
4090,9131599,1
4090,9133350,1
4090,9135087,1
4090,9136832,1
4090,9138567,1
4090,9140295,1
4089,9142045,1
4090,9143784,1
4090,9145530,1
4090,9147265,1
4090,9149011,1
4090,9150764,1
4090,9152486,1
4090,9154218,1
4089,9155964,1
4089,9157707,1
4089,9159450,1
4089,9161184,1
4090,9162907,1
4090,9164638,1
4090,9166389,1
4090,9168126,1
4090,9169868,1
4090,9171601,1
4090,9173342,1
4090,9175083,1
4090,9176806,1
4090,9178546,1
4090,9180283,1
4090,9182031,1
4090,9183784,1
4090,9185506,1
4090,9187248,1
4090,9188978,1
4090,9190731,1
4090,9192475,1
4090,9194217,1
4090,9195960,1
4090,9197681,1
4090,9199426,1
4090,9201169,1
4090,9202902,1
4090,9204635,1
4090,9206380,1
4090,9208133,1
4090,9209867,1
4090,9211590,1
4089,9213326,1
4089,9215069,1
4090,9216823,1
4090,9218558,1
4090,9220287,1
4090,9222009,1
4090,9223758,1
4090,9225510,1
4089,9227246,1
4089,9228988,1
4089,9230722,1
4089,9232454,1
4090,9234204,1
4090,9235944,1
4090,9237687,1
4090,9239422,1
4090,9241145,1
4090,9242866,1
4090,9244608,1
4090,9246331,1
4090,9248078,1
4090,9249830,1
4090,9251563,1
4090,9253306,1
4090,9255029,1
4090,9256774,1
4089,9258519,1
4089,9260263,1
4090,9262005,1
4090,9263740,1
4090,9265482,1
4090,9267213,1
4090,9268933,1
4090,9270668,1
4090,9272412,1
4089,9274165,1
4090,9275898,1
4090,9277629,1
4090,9279351,1
4090,9281099,1
4090,9282854,1
4090,9284587,1
4090,9286331,1
4090,9288064,1
4090,9289796,1
4089,9291548,1
4090,9293286,1
4090,9295026,1
4090,9296763,1
4090,9298511,1
4090,9300263,1
4090,9301984,1
4090,9303722,1
4090,9305467,1
4090,9307215,1
4090,9308965,1
4089,9310698,1
4090,9312432,1
4090,9314162,1
4090,9315914,1
4089,9317657,1
4090,9319399,1
4090,9321141,1
4090,9322874,1
4090,9324607,1
4090,9326331,1
4090,9328073,1
4090,9329806,1
4090,9331551,1
4090,9333303,1
4090,9335025,1
4090,9336768,1
4090,9338491,1
4090,9340239,1
4090,9341989,1
4090,9343723,1
4089,9345467,1
4090,9347189,1
4090,9348934,1
4090,9350677,1
4090,9352413,1
4090,9354147,1
4090,9355893,1
4090,9357643,1
4090,9359373,1
4090,9361094,1
4090,9362827,1
4090,9364572,1
4090,9366324,1
4090,9368058,1
4090,9369788,1
4090,9371510,1
4090,9373263,1
4090,9375014,1
4089,9376748,1
4090,9378490,1
4090,9380223,1
4090,9381955,1
4089,9383711,1
4090,9385447,1
4090,9387189,1
4090,9388923,1
4090,9390671,1
4090,9392421,1
4090,9394143,1
4090,9395881,1
4090,9397626,1
4090,9399372,1
4090,9401127,1
4090,9402861,1
4090,9404592,1
4090,9406323,1
4090,9408076,1
4090,9409829,1
4090,9411563,1
4090,9413308,1
4090,9415043,1
4090,9416777,1
4089,9418528,1
4090,9420265,1
4090,9422009,1
4090,9423743,1
4090,9425488,1
4090,9427238,1
4090,9428962,1
4090,9430697,1
4090,9432440,1
4090,9434187,1
4090,9435930,1
4090,9437672,1
4090,9439405,1
4090,9441138,1
4089,9442889,1
4089,9444631,1
4090,9446377,1
4090,9448120,1
4090,9449853,1
4090,9451583,1
4090,9453307,1
4090,9455049,1
4090,9456782,1
4089,9458528,1
4089,9460281,1
4090,9462002,1
4090,9463747,1
4090,9465470,1
4090,9467216,1
4090,9468966,1
4090,9470703,1
4090,9472447,1
4090,9474169,1
4090,9475907,1
4089,9477652,1
4089,9479385,1
4089,9481118,1
4090,9482863,1
4090,9484616,1
4090,9486349,1
4090,9488096,1
4090,9489828,1
4090,9491573,1
4090,9493324,1
4090,9495079,1
4090,9496801,1
4090,9498544,1
4089,9500275,1
4089,9502028,1
4090,9503771,1
4090,9505513,1
4090,9507255,1
4090,9508978,1
4090,9510726,1
4090,9512471,1
4090,9514205,1
4090,9515940,1
4090,9517681,1
4090,9519432,1
4090,9521163,1
4090,9522887,1
4090,9524623,1
4089,9526365,1
4089,9528118,1
4090,9529851,1
4090,9531584,1
4089,9533307,1
4090,9535055,1
4090,9536806,1
4090,9538542,1
4089,9540285,1
4089,9542018,1
4090,9543751,1
4090,9545501,1
4090,9547240,1
4090,9548986,1
4089,9550720,1
4090,9552463,1
4090,9554206,1
4090,9555933,1
4090,9557673,1
4090,9559420,1
4090,9561163,1
4090,9562907,1
4090,9564648,1
4090,9566381,1
4090,9568115,1
4089,9569868,1
4090,9571611,1
4090,9573353,1
4090,9575096,1
4090,9576829,1
4090,9578563,1
4090,9580284,1
4090,9582028,1
4090,9583761,1
4090,9585505,1
4090,9587258,1
4089,9588982,1
4089,9590725,1
4090,9592451,1
4090,9594194,1
4090,9595948,1
4089,9597683,1
4090,9599426,1
4090,9601150,1
4090,9602882,1
4089,9604624,1
4089,9606360,1
4089,9608095,1
4090,9609834,1
4090,9611586,1
4089,9613308,1
4089,9615038,1
4089,9616773,1
4089,9618518,1
4090,9620271,1
4090,9622004,1
4090,9623735,1
4090,9625458,1
4090,9627209,1
4090,9628950,1
4089,9630696,1
4090,9632441,1
4090,9634176,1
4090,9635908,1
4090,9637629,1
4090,9639374,1
4090,9641109,1
4090,9642854,1
4090,9644607,1
4090,9646352,1
4090,9648076,1
4090,9649801,1
4090,9651541,1
4090,9653293,1
4090,9655029,1
4090,9656773,1
4090,9658496,1
4090,9660226,1
4090,9661969,1
4090,9663703,1
4090,9665436,1
4090,9667176,1
4090,9668929,1
4089,9670650,1
4089,9672383,1
4090,9674117,1
4089,9675863,1
4090,9677615,1
4089,9679351,1
4089,9681082,1
4090,9682804,1
4090,9684556,1
4090,9686309,1
4090,9688043,1
4090,9689785,1
4090,9691519,1
4090,9693253,1
4090,9695006,1
4090,9696745,1
4090,9698487,1
4090,9700222,1
4089,9701968,1
4090,9703721,1
4090,9705443,1
4090,9707178,1
4090,9708924,1
4090,9710666,1
4090,9712409,1
4089,9714143,1
4089,9715864,1
4090,9717597,1
4090,9719351,1
4090,9721085,1
4090,9722828,1
4090,9724564,1
4090,9726308,1
4090,9728049,1
4090,9729770,1
4090,9731512,1
4090,9733244,1
4090,9734987,1
4090,9736729,1
4090,9738458,1
4089,9740201,1
4090,9741938,1
4090,9743691,1
4090,9745434,1
4090,9747176,1
4090,9748919,1
4090,9750642,1
4090,9752390,1
4090,9754135,1
4090,9755879,1
4090,9757622,1
4090,9759355,1
4090,9761103,1
4090,9762841,1
4090,9764575,1
4090,9766310,1
4090,9768050,1
4090,9769800,1
4090,9771543,1
4090,9773277,1
4090,9775017,1
4090,9776755,1
4089,9778506,1
4090,9780249,1
4090,9781982,1
4089,9783718,1
4089,9785451,1
4089,9787204,1
4089,9788947,1
4090,9790683,1
4090,9792419,1
4089,9794161,1
4090,9795911,1
4090,9797642,1
4090,9799364,1
4090,9801097,1
4089,9802842,1
4089,9804595,1
4090,9806329,1
4090,9808060,1
4090,9809783,1
4090,9811531,1
4090,9813274,1
4090,9815016,1
4090,9816763,1
4090,9818496,1
4090,9820224,1
4090,9821949,1
4090,9823692,1
4090,9825428,1
4090,9827174,1
4090,9828928,1
4090,9830671,1
4090,9832392,1
4090,9834114,1
4090,9835856,1
4090,9837606,1
4090,9839339,1
4090,9841084,1
4090,9842806,1
4090,9844545,1
4090,9846287,1
4090,9848023,1
4090,9849757,1
4090,9851502,1
4090,9853252,1
4090,9854974,1
4090,9856704,1
4089,9858438,1
4089,9860180,1
4090,9861932,1
4090,9863665,1
4090,9865398,1
4090,9867123,1
4090,9868875,1
4090,9870617,1
4090,9872361,1
4090,9874103,1
4090,9875837,1
4090,9877570,1
4090,9879294,1
4090,9881039,1
4090,9882775,1
4090,9884519,1
4090,9886272,1
4089,9888014,1
4089,9889735,1
4090,9891459,1
4090,9893199,1
4090,9894949,1
4090,9896683,1
4090,9898425,1
4089,9900148,1
4090,9901891,1
4090,9903637,1
4090,9905371,1
4090,9907107,1
4090,9908850,1
4090,9910603,1
4090,9912333,1
4090,9914054,1
4090,9915787,1
4089,9917532,1
4090,9919285,1
4090,9921022,1
4090,9922752,1
4090,9924472,1
4090,9926219,1
4090,9927962,1
4090,9929703,1
4090,9931445,1
4090,9933178,1
4090,9934911,1
4090,9936634,1
4090,9938377,1
4089,9940112,1
4090,9941857,1
4090,9943607,1
4090,9945328,1
4090,9947071,1
4090,9948794,1
4090,9950539,1
4090,9952282,1
4090,9954023,1
4090,9955766,1
4090,9957486,1
4090,9959234,1
4090,9960977,1
4090,9962710,1
4090,9964445,1
4090,9966190,1
4090,9967943,1
4090,9969674,1
4090,9971398,1
4090,9973134,1
4090,9974877,1
4090,9976627,1
4089,9978361,1
4090,9980092,1
4090,9981815,1
4090,9983563,1
4090,9985320,1
4090,9987054,1
4090,9988796,1
4090,9990532,1
4090,9992265,1
4090,9994018,1
4090,9995754,1
4090,9997497,1
4089,9999232,1
4090,10000977,1
4090,10002790,1
4090,10004613,1
4090,10006425,0
4090,10008247,0
4090,10010064,0
4090,10011879,0
4090,10013715,0
4090,10015541,0
4090,10017347,0
4090,10019152,0
4090,10020954,0
4090,10022789,0
4090,10024616,0
4090,10026442,0
4090,10028257,0
4090,10030074,0
4090,10031909,0
4090,10033716,0
4090,10035525,0
4090,10037318,0
4090,10039133,0
4090,10040969,0
4090,10042796,0
4090,10044618,0
4090,10046436,0
4090,10048270,0
4090,10050078,0
4090,10051908,0
4090,10053702,0
4090,10055495,0
4090,10057301,0
4090,10059136,0
4090,10060965,0
4090,10062792,0
4090,10064607,0
4090,10066405,0
4090,10068237,0
4090,10070050,0
4090,10071869,0
4090,10073675,0
4090,10075481,0
4090,10077314,0
4090,10079137,0
4090,10080966,0
4090,10082783,0
4090,10084588,0
4090,10086422,0
4090,10088249,0
4090,10090054,0
4090,10091862,0
4090,10093697,0
4090,10095520,0
4090,10097348,0
4090,10099166,0
4090,10100972,0
4090,10102806,0
4090,10104634,0
4090,10106440,0
4090,10108249,0
4090,10110084,0
4090,10111907,0
4090,10113737,0
4090,10115555,0
4090,10117392,0
4090,10119205,0
4090,10121017,0
4090,10122823,0
4090,10124629,0
4090,10126463,0
4090,10128286,0
4090,10130113,0
4090,10131931,0
4090,10133738,0
4090,10135573,0
4090,10137404,0
4090,10139211,0
4090,10141019,0
4090,10142855,0
4090,10144678,0
4090,10146500,0
4090,10148319,0
4090,10150125,0
4090,10151962,0
4090,10153788,0
4090,10155594,0
4090,10157404,0
4090,10159241,0
4090,10161064,0
4090,10162891,0
4090,10164709,0
4090,10166543,0
4090,10168356,0
4090,10170171,0
4090,10171977,0
4090,10173784,0
4090,10175617,0
4090,10177446,0
4090,10179268,0
4090,10181086,0
4090,10182892,0
4090,10184726,0
4090,10186554,0
4090,10188361,0
4090,10190170,0
4090,10192005,0
4090,10193830,0
4090,10195654,0
4090,10197469,0
4090,10199273,0
4090,10201108,0
4090,10202939,0
4090,10204747,0
4090,10206556,0
4090,10208392,0
4090,10210220,0
4090,10212046,0
4090,10213864,0
4090,10215702,0
4090,10217528,0
4090,10219322,0
4090,10221129,0
4090,10222938,0
4090,10224774,0
4090,10226602,0
4090,10228431,0
4090,10230247,0
4090,10232082,0
4090,10233896,0
4090,10235712,0
4090,10237522,0
4090,10239356,0
4090,10241184,0
4090,10243005,0
4090,10244821,0
4090,10246637,0
4090,10248470,0
4090,10250282,0
4090,10252095,0
4090,10253900,0
4090,10255737,0
4090,10257569,0
4090,10259393,0
4090,10261210,0
4090,10263024,0
4090,10264858,0
4090,10266678,0
4090,10268489,0
4090,10270296,0
4090,10272131,0
4090,10273955,0
4090,10275782,0
4090,10277597,0
4090,10279415,0
4090,10281248,0
4090,10283063,0
4090,10284855,0
4090,10286660,0
4090,10288465,0
4090,10290297,0
4090,10292125,0
4090,10293951,0
4090,10295768,0
4090,10297574,0
4090,10299408,0
4090,10301242,0
4090,10303051,0
4090,10304859,0
4090,10306691,0
4090,10308518,0
4090,10310340,0
4090,10312158,0
4090,10313963,0
4090,10315799,0
4090,10317627,0
4090,10319433,0
4090,10321239,0
4090,10323074,0
4090,10324899,0
4090,10326726,0
4090,10328543,0
4090,10330348,0
4090,10332181,0
4090,10334011,0
4090,10335819,0
4090,10337628,0
4090,10339462,0
4090,10341289,0
4090,10343114,0
4090,10344931,0
4090,10346765,0
4090,10348578,0
4090,10350395,0
4090,10352201,0
4090,10354006,0
4090,10355841,0
4090,10357663,0
4090,10359491,0
4090,10361309,0
4090,10363112,0
4090,10364947,0
4090,10366779,0
4090,10368585,0
4090,10370390,0
4090,10372225,0
4090,10374052,0
4090,10375879,0
4090,10377697,0
4090,10379502,0
4090,10381336,0
4090,10383162,0
4090,10384968,0
4090,10386773,0
4090,10388608,0
4090,10390436,0
4090,10392258,0
4090,10394076,0
4090,10395882,0
4090,10397716,0
4090,10399546,0
4090,10401352,0
4090,10403160,0
4090,10404993,0
4090,10406820,0
4090,10408644,0
4090,10410461,0
4090,10412266,0
4090,10414100,0
4090,10415929,0
4090,10417735,0
4090,10419541,0
4090,10421375,0
4090,10423200,0
4090,10425028,0
4090,10426845,0
4090,10428648,0
4090,10430482,0
4090,10432315,0
4090,10434123,0
4090,10435931,0
4090,10437763,0
4090,10439591,0
4090,10441419,0
4090,10443237,0
4090,10445071,0
4090,10446883,0
4090,10448697,0
4090,10450502,0
4090,10452308,0
4090,10454143,0
4090,10455970,0
4090,10457798,0
4090,10459615,0
4090,10461421,0
4090,10463255,0
4090,10465083,0
4090,10466891,0
4090,10468699,0
4090,10470534,0
4090,10472361,0
4090,10474189,0
4090,10476004,0
4090,10477838,0
4090,10479651,0
4090,10481467,0
4090,10483273,0
4090,10485078,0
4090,10486914,0
4090,10488738,0
4090,10490564,0
4090,10492381,0
4090,10494186,0
4090,10496022,0
4090,10497848,0
4090,10499652,0
4090,10501459,0
4090,10503288,0
4090,10505117,0
4090,10506944,0
4090,10508760,0
4090,10510565,0
4090,10512398,0
4090,10514212,0
4090,10516039,0
4090,10517844,0
4090,10519679,0
4090,10521506,0
4090,10523334,0
4090,10525151,0
4090,10526956,0
4090,10528789,0
4090,10530618,0
4090,10532426,0
4090,10534231,0
4090,10536066,0
4090,10537890,0
4090,10539717,0
4090,10541532,0
4090,10543337,0
4090,10545171,0
4090,10547004,0
4090,10548810,0
4090,10550614,0
4090,10552449,0
4090,10554275,0
4090,10556097,0
4090,10557915,0
4090,10559720,0
4090,10561555,0
4090,10563387,0
4090,10565192,0
4090,10566997,0
4090,10568831,0
4090,10570655,0
4090,10572482,0
4090,10574298,0
4090,10576103,0
4090,10577936,0
4090,10579770,0
4090,10581575,0
4090,10583381,0
4090,10585215,0
4090,10587040,0
4090,10588867,0
4090,10590683,0
4090,10592489,0
4090,10594322,0
4090,10596154,0
4090,10597959,0
4090,10599765,0
4090,10601599,0
4090,10603424,0
4090,10605252,0
4090,10607069,0
4090,10608872,0
4090,10610708,0
4090,10612538,0
4090,10614343,0
4090,10616148,0
4090,10617983,0
4090,10619806,0
4090,10621633,0
4090,10623451,0
4090,10625254,0
4090,10627090,0
4090,10628922,0
4090,10630730,0
4090,10632535,0
4090,10634370,0
4090,10636195,0
4090,10638022,0
4090,10639840,0
4090,10641645,0
4090,10643481,0
4090,10645306,0
4090,10647111,0
4090,10648917,0
4090,10650753,0
4090,10652579,0
4090,10654401,0
4090,10656217,0
4090,10658021,0
4090,10659854,0
4090,10661690,0
4090,10663495,0
4090,10665300,0
4090,10667134,0
4090,10668962,0
4090,10670786,0
4090,10672603,0
4090,10674408,0
4090,10676242,0
4090,10678073,0
4090,10679879,0
4090,10681684,0
4090,10683518,0
4090,10685346,0
4090,10687171,0
4090,10688986,0
4090,10690790,0
4090,10692624,0
4090,10694458,0
4090,10696263,0
4090,10698068,0
4090,10699903,0
4090,10701730,0
4090,10703557,0
4090,10705372,0
4090,10707177,0
4090,10709012,0
4090,10710841,0
4090,10712647,0
4090,10714452,0
4090,10716287,0
4090,10718112,0
4090,10719940,0
4090,10721758,0
4090,10723563,0
4090,10725397,0
4090,10727227,0
4090,10729032,0
4090,10730840,0
4090,10732672,0
4090,10734500,0
4090,10736324,0
4090,10738141,0
4090,10739947,0
4090,10741783,0
4090,10743610,0
4090,10745416,0
4090,10747222,0
4090,10749054,0
4090,10750882,0
4090,10752710,0
4090,10754527,0
4090,10756331,0
4090,10758165,0
4090,10759994,0
4090,10761800,0
4090,10763605,0
4090,10765439,0
4090,10767266,0
4090,10769094,0
4090,10770908,0
4090,10772713,0
4090,10774547,0
4090,10776379,0
4090,10778184,0
4090,10779992,0
4090,10781827,0
4090,10783655,0
4090,10785480,0
4090,10787294,0
4090,10789099,0
4090,10790933,0
4090,10792763,0
4090,10794569,0
4090,10796374,0
4090,10798210,0
4090,10800035,0
4090,10801862,0
4090,10803679,0
4090,10805484,0
4090,10807317,0
4090,10809147,0
4090,10810953,0
4090,10812759,0
4090,10814594,0
4090,10816419,0
4090,10818245,0
4090,10820062,0
4090,10821866,0
4090,10823700,0
4090,10825529,0
4090,10827334,0
4090,10829142,0
4090,10830976,0
4090,10832804,0
4090,10834626,0
4090,10836443,0
4090,10838245,0
4090,10840082,0
4090,10841914,0
4090,10843719,0
4090,10845525,0
4090,10847360,0
4090,10849187,0
4090,10851010,0
4090,10852828,0
4090,10854633,0
4090,10856466,0
4090,10858298,0
4090,10860103,0
4090,10861908,0
4090,10863743,0
4090,10865568,0
4090,10867396,0
4090,10869213,0
4090,10871015,0
4090,10872852,0
4090,10874682,0
4090,10876491,0
4090,10878299,0
4090,10880131,0
4090,10881957,0
4090,10883779,0
4090,10885596,0
4090,10887401,0
4090,10889234,0
4090,10891066,0
4090,10892871,0
4090,10894676,0
4090,10896511,0
4090,10898332,0
4090,10900157,0
4090,10901955,0
4090,10903760,0
4090,10905564,0
4090,10907390,0
4090,10909223,0
4090,10911031,0
4090,10912837,0
4090,10914642,0
4090,10916474,0
4090,10918281,0
4090,10920092,0
4090,10921906,0
4090,10923716,0
4090,10925534,0
4090,10927351,0
4090,10929188,0
4090,10931016,0
4090,10932822,0
4090,10934634,0
4090,10936457,0
4090,10938272,0
4090,10940094,0
4090,10941912,0
4090,10943730,0
4090,10945564,0
4090,10947394,0
4090,10949199,0
4090,10951013,0
4090,10952836,0
4090,10954649,0
4090,10956471,0
4090,10958290,0
4090,10960107,0
4090,10961940,0
4090,10963767,0
4090,10965572,0
4090,10967381,0
4090,10969184,0
4090,10971019,0
4090,10972844,0
4090,10974667,0
4090,10976485,0
4090,10978318,0
4090,10980146,0
4090,10981951,0
4090,10983757,0
4090,10985550,0
4090,10987385,0
4090,10989213,0
4090,10991040,0
4090,10992858,0
4090,10994673,0
4090,10996509,0
4090,10998320,0
4090,11000126,0
4090,11001920,0
4090,11003713,0
4090,11005519,0
4090,11007325,0
4090,11009159,0
4090,11010984,0
4090,11012811,0
4090,11014629,0
4090,11016462,0
4090,11018278,0
4090,11020092,0
4090,11021898,0
4090,11023704,0
4090,11025539,0
4090,11027364,0
4090,11029187,0
4090,11031004,0
4090,11032810,0
4090,11034645,0
4090,11036475,0
4090,11038283,0
4090,11040090,0
4090,11041924,0
4090,11043749,0
4090,11045577,0
4090,11047395,0
4090,11049231,0
4090,11051044,0
4090,11052860,0
4090,11054665,0
4090,11056471,0
4090,11058307,0
4090,11060135,0
4090,11061962,0
4090,11063779,0
4090,11065613,0
4090,11067425,0
4090,11069243,0
4090,11071049,0
4090,11072854,0
4090,11074689,0
4090,11076511,0
4090,11078339,0
4090,11080157,0
4090,11081959,0
4090,11083796,0
4090,11085627,0
4090,11087434,0
4090,11089243,0
4090,11091078,0
4090,11092906,0
4090,11094734,0
4090,11096552,0
4090,11098386,0
4090,11100200,0
4090,11102012,0
4090,11103818,0
4090,11105625,0
4090,11107457,0
4090,11109285,0
4090,11111110,0
4090,11112928,0
4090,11114732,0
4090,11116566,0
4090,11118394,0
4090,11120204,0
4090,11122010,0
4090,11123845,0
4090,11125670,0
4090,11127498,0
4090,11129316,0
4090,11131151,0
4090,11132965,0
4090,11134778,0
4090,11136584,0
4090,11138393,0
4090,11140229,0
4090,11142054,0
4090,11143877,0
4090,11145694,0
4090,11147499,0
4090,11149333,0
4090,11151164,0
4090,11152970,0
4090,11154775,0
4090,11156611,0
4090,11158439,0
4090,11160266,0
4090,11162084,0
4090,11163918,0
4090,11165731,0
4090,11167546,0
4090,11169355,0
4090,11171163,0
4090,11172996,0
4090,11174819,0
4090,11176646,0
4090,11178464,0
4090,11180270,0
4090,11182105,0
4090,11183930,0
4090,11185736,0
4090,11187545,0
4090,11189380,0
4090,11191208,0
4090,11193036,0
4090,11194854,0
4090,11196686,0
4090,11198502,0
4090,11200318,0
4090,11202123,0
4090,11203961,0
4090,11205793,0
4090,11207618,0
4090,11209435,0
4090,11211253,0
4090,11213087,0
4090,11214902,0
4090,11216695,0
4090,11218500,0
4090,11220306,0
4090,11222141,0
4090,11223966,0
4090,11225789,0
4090,11227586,0
4090,11229392,0
4090,11231197,0
4090,11233020,0
4090,11234857,0
4090,11236663,0
4090,11238468,0
4090,11240273,0
4090,11242106,0
4090,11243914,0
4090,11245727,0
4090,11247537,0
4090,11249350,0
4090,11251168,0
4090,11252984,0
4090,11254818,0
4090,11256646,0
4090,11258454,0
4090,11260270,0
4090,11262094,0
4090,11263907,0
4090,11265734,0
4090,11267548,0
4090,11269365,0
4090,11271201,0
4090,11273028,0
4090,11274835,0
4090,11276646,0
4090,11278468,0
4090,11280281,0
4090,11282107,0
4090,11283924,0
4090,11285742,0
4090,11287575,0
4090,11289410,0
4090,11291216,0
4090,11293029,0
4090,11294852,0
4090,11296666,0
4090,11298493,0
4090,11300308,0
4090,11302126,0
4090,11303960,0
4090,11305785,0
4090,11307593,0
4090,11309398,0
4090,11311221,0
4090,11313049,0
4090,11314876,0
4090,11316695,0
4090,11318512,0
4090,11320346,0
4090,11322178,0
4090,11323983,0
4090,11325797,0
4090,11327620,0
4090,11329435,0
4090,11331262,0
4090,11333079,0
4090,11334895,0
4090,11336731,0
4090,11338564,0
4090,11340369,0
4090,11342185,0
4090,11344008,0
4090,11345820,0
4090,11347648,0
4090,11349466,0
4090,11351284,0
4090,11353118,0
4090,11354949,0
4090,11356755,0
4090,11358566,0
4090,11360390,0
4090,11362205,0
4090,11364032,0
4090,11365850,0
4090,11367668,0
4090,11369504,0
4090,11371332,0
4090,11373138,0
4090,11374951,0
4090,11376774,0
4090,11378589,0
4090,11380414,0
4090,11382230,0
4090,11384048,0
4090,11385884,0
4090,11387715,0
4090,11389521,0
4090,11391334,0
4090,11393158,0
4090,11394973,0
4090,11396800,0
4090,11398617,0
4090,11400435,0
4090,11402269,0
4090,11404098,0
4090,11405904,0
4090,11407718,0
4090,11409541,0
4090,11411356,0
4090,11413184,0
4090,11415002,0
4090,11416818,0
4090,11418652,0
4090,11420482,0
4090,11422288,0
4090,11424102,0
4090,11425925,0
4090,11427737,0
4090,11429563,0
4090,11431381,0
4090,11433196,0
4090,11435033,0
4090,11436868,0
4090,11438676,0
4090,11440492,0
4090,11442315,0
4090,11444129,0
4090,11445954,0
4090,11447770,0
4090,11449588,0
4090,11451425,0
4090,11453251,0
4090,11455060,0
4090,11456877,0
4090,11458700,0
4090,11460516,0
4090,11462341,0
4090,11464160,0
4090,11465975,0
4090,11467813,0
4090,11469639,0
4090,11471444,0
4090,11473259,0
4090,11475082,0
4090,11476897,0
4090,11478721,0
4090,11480539,0
4090,11482356,0
4090,11484192,0
4090,11486019,0
4090,11487828,0
4090,11489644,0
4090,11491466,0
4090,11493281,0
4090,11495108,0
4090,11496926,0
4090,11498741,0
4090,11500578,0
4090,11502403,0
4090,11504209,0
4090,11506022,0
4090,11507845,0
4090,11509660,0
4090,11511486,0
4090,11513304,0
4090,11515122,0
4090,11516956,0
4090,11518787,0
4090,11520597,0
4090,11522411,0
4090,11524233,0
4090,11526048,0
4090,11527870,0
4090,11529687,0
4090,11531501,0
4090,11533335,0
4090,11535160,0
4090,11536965,0
4090,11538770,0
4090,11540571,0
4090,11542406,0
4090,11544233,0
4090,11546060,0
4090,11547877,0
4090,11549709,0
4090,11551534,0
4090,11553342,0
4090,11555150,0
4090,11556944,0
4090,11558776,0
4090,11560608,0
4090,11562431,0
4090,11564248,0
4090,11566065,0
4090,11567902,0
4090,11569713,0
4090,11571519,0
4090,11573312,0
4090,11575108,0
4090,11576913,0
4090,11578746,0
4090,11580573,0
4090,11582401,0
4090,11584218,0
4090,11586035,0
4090,11587869,0
4090,11589687,0
4090,11591482,0
4090,11593291,0
4090,11595099,0
4090,11596932,0
4090,11598759,0
4090,11600587,0
4090,11602404,0
4090,11604237,0
4090,11606050,0
4090,11607868,0
4090,11609674,0
4090,11611479,0
4090,11613315,0
4090,11615140,0
4090,11616965,0
4090,11618780,0
4090,11620586,0
4090,11622420,0
4090,11624249,0
4090,11626054,0
4090,11627860,0
4090,11629695,0
4090,11631521,0
4090,11633344,0
4090,11635139,0
4090,11636945,0
4090,11638750,0
4090,11640573,0
4090,11642407,0
4090,11644215,0
4090,11646020,0
4090,11647826,0
4090,11649660,0
4090,11651465,0
4090,11653280,0
4090,11655095,0
4090,11656900,0
4090,11658717,0
4090,11660533,0
4090,11662370,0
4090,11664198,0
4090,11666003,0
4090,11667814,0
4090,11669637,0
4090,11671453,0
4090,11673281,0
4090,11675099,0
4090,11676917,0
4090,11678751,0
4090,11680578,0
4090,11682383,0
4090,11684196,0
4090,11686016,0
4090,11687829,0
4090,11689651,0
4090,11691468,0
4090,11693284,0
4090,11695118,0
4090,11696946,0
4090,11698752,0
4090,11700558,0
4090,11702361,0
4090,11704197,0
4090,11706025,0
4090,11707850,0
4090,11709666,0
4090,11711481,0
4090,11713318,0
4090,11715127,0
4090,11716935,0
4090,11718732,0
4090,11720567,0
4090,11722397,0
4090,11724225,0
4090,11726043,0
4090,11727860,0
4090,11729697,0
4090,11731505,0
4090,11733314,0
4090,11735111,0
4090,11736924,0
4090,11738760,0
4090,11740585,0
4090,11742411,0
4090,11744226,0
4090,11746063,0
4090,11747869,0
4090,11749699,0
4090,11751496,0
4090,11753310,0
4090,11755143,0
4090,11756967,0
4090,11758792,0
4090,11760608,0
4090,11762424,0
4090,11764235,0
4090,11766061,0
4090,11767875,0
4090,11769671,0
4090,11771480,0
4090,11773316,0
4090,11775145,0
4090,11776974,0
4090,11778791,0
4090,11780600,0
4090,11782436,0
4090,11784249,0
4090,11786042,0
4090,11787848,0
4090,11789654,0
4090,11791489,0
4090,11793317,0
4090,11795143,0
4090,11796961,0
4090,11798797,0
4090,11800610,0
4090,11802428,0
4090,11804233,0
4090,11806041,0
4090,11807876,0
4090,11809704,0
4090,11811531,0
4090,11813348,0
4090,11815182,0
4090,11816998,0
4090,11818813,0
4090,11820619,0
4090,11822425,0
4090,11824257,0
4090,11826085,0
4090,11827912,0
4090,11829730,0
4090,11831567,0
4090,11833380,0
4090,11835196,0
4090,11837003,0
4090,11838811,0
4090,11840647,0
4090,11842471,0
4090,11844298,0
4090,11846113,0
4090,11847918,0
4090,11849752,0
4090,11851580,0
4090,11853386,0
4090,11855191,0
4090,11857027,0
4090,11858855,0
4090,11860680,0
4090,11862495,0
4090,11864301,0
4090,11866135,0
4090,11867963,0
4090,11869772,0
4090,11871580,0
4090,11873416,0
4090,11875244,0
4090,11877069,0
4090,11878887,0
4090,11880720,0
4090,11882535,0
4090,11884348,0
4090,11886155,0
4090,11887993,0
4090,11889826,0
4090,11891653,0
4090,11893471,0
4090,11895286,0
4090,11897122,0
4090,11898936,0
4090,11900729,0
4090,11902535,0
4090,11904341,0
4090,11906173,0
4090,11907998,0
4090,11909821,0
4090,11911616,0
4090,11913422,0
4090,11915228,0
4090,11917053,0
4090,11918887,0
4090,11920696,0
4090,11922503,0
4090,11924309,0
4090,11926142,0
4090,11927951,0
4090,11929767,0
4090,11931589,0
4090,11933391,0
4090,11935210,0
4090,11937046,0
4090,11938871,0
4090,11940678,0
4090,11942484,0
4090,11944294,0
4090,11946117,0
4090,11947930,0
4090,11949759,0
4090,11951577,0
4090,11953396,0
4090,11955233,0
4090,11957061,0
4090,11958867,0
4090,11960684,0
4090,11962506,0
4090,11964319,0
4090,11966142,0
4090,11967958,0
4090,11969777,0
4090,11971611,0
4090,11973443,0
4090,11975252,0
4090,11977068,0
4090,11978891,0
4090,11980704,0
4090,11982531,0
4090,11984349,0
4090,11986166,0
4090,11988003,0
4090,11989828,0
4090,11991634,0
4090,11993448,0
4090,11995269,0
4090,11997082,0
4090,11998908,0
4090,12000726,0
4090,12002544,0
4090,12004380,0
4090,12006210,0
4090,12008016,0
4090,12009829,0
4090,12011651,0
4090,12013466,0
4090,12015294,0
4090,12017112,0
4090,12018930,0
4090,12020764,0
4090,12022595,0
4090,12024401,0
4090,12026214,0
4090,12028037,0
4090,12029853,0
4090,12031681,0
4090,12033500,0
4090,12035317,0
4090,12037151,0
4090,12038979,0
4090,12040785,0
4090,12042598,0
4090,12044421,0
4090,12046233,0
4090,12048058,0
4090,12049873,0
4090,12051690,0
4090,12053524,0
4090,12055352,0
4090,12057161,0
4090,12058970,0
4090,12060793,0
4090,12062613,0
4090,12064439,0
4090,12066257,0
4090,12068072,0
4090,12069908,0
4090,12071734,0
4090,12073540,0
4090,12075347,0
4090,12077151,0
4090,12078987,0
4090,12080815,0
4090,12082638,0
4090,12084456,0
4090,12086292,0
4090,12088117,0
4090,12089923,0
4090,12091729,0
4090,12093530,0
4090,12095365,0
4090,12097193,0
4090,12099018,0
4090,12100834,0
4090,12102670,0
4090,12104498,0
4090,12106307,0
4090,12108113,0
4090,12109914,0
4090,12111748,0
4090,12113571,0
4090,12115395,0
4090,12117213,0
4090,12119029,0
4090,12120864,0
4090,12122673,0
4090,12124480,0
4090,12126275,0
4090,12128094,0
4090,12129929,0
4090,12131756,0
4090,12133582,0
4090,12135400,0
4090,12137237,0
4090,12139043,0
4090,12140868,0
4090,12142662,0
4090,12144478,0
4090,12146314,0
4090,12148140,0
4090,12149965,0
4090,12151783,0
4090,12153618,0
4090,12155424,0
4090,12157252,0
4090,12159047,0
4090,12160884,0
4090,12162716,0
4090,12164543,0
4090,12166361,0
4090,12168179,0
4090,12170015,0
4090,12171823,0
4090,12173629,0
4090,12175422,0
4090,12177218,0
4090,12179024,0
4090,12180857,0
4090,12182685,0
4090,12184513,0
4090,12186331,0
4090,12188148,0
4090,12189983,0
4090,12191798,0
4090,12193595,0
4090,12195404,0
4090,12197212,0
4090,12199047,0
4090,12200873,0
4090,12202701,0
4090,12204519,0
4090,12206354,0
4090,12208167,0
4090,12209979,0
4090,12211785,0
4090,12213591,0
4090,12215425,0
4090,12217248,0
4090,12219076,0
4090,12220894,0
4090,12222700,0
4090,12224535,0
4090,12226362,0
4090,12228171,0
4090,12229979,0
4090,12231815,0
4090,12233641,0
4090,12235466,0
4090,12237285,0
4090,12239119,0
4090,12240933,0
4090,12242746,0
4090,12244552,0
4090,12246358,0
4090,12248192,0
4090,12250017,0
4090,12251840,0
4090,12253658,0
4090,12255464,0
4090,12257302,0
4090,12259130,0
4090,12260937,0
4090,12262746,0
4090,12264581,0
4090,12266409,0
4090,12268237,0
4090,12270055,0
4090,12271891,0
4090,12273705,0
4090,12275521,0
4090,12277327,0
4090,12279161,0
4090,12280995,0
4090,12282818,0
4090,12284637,0
4090,12286437,0
4090,12288273,0
4090,12290087,0
4090,12291898,0
4090,12293703,0
4090,12295508,0
4090,12297343,0
4090,12299170,0
4090,12300995,0
4090,12302810,0
4090,12304615,0
4090,12306449,0
4090,12308283,0
4090,12310089,0
4090,12311894,0
4090,12313730,0
4090,12315552,0
4090,12317379,0
4090,12319197,0
4090,12321001,0
4090,12322837,0
4090,12324667,0
4090,12326474,0
4090,12328282,0
4090,12330117,0
4090,12331944,0
4090,12333767,0
4090,12335584,0
4090,12337390,0
4090,12339224,0
4090,12341051,0
4090,12342859,0
4090,12344667,0
4090,12346499,0
4090,12348327,0
4090,12350152,0
4090,12351967,0
4090,12353774,0
4090,12355607,0
4090,12357435,0
4090,12359241,0
4090,12361047,0
4090,12362882,0
4090,12364704,0
4090,12366532,0
4090,12368350,0
4090,12370156,0
4090,12371989,0
4090,12373820,0
4090,12375626,0
4090,12377432,0
4090,12379265,0
4090,12381088,0
4090,12382916,0
4090,12384734,0
4090,12386540,0
4090,12388374,0
4090,12390202,0
4090,12392011,0
4090,12393817,0
4090,12395652,0
4090,12397475,0
4090,12399302,0
4090,12401121,0
4090,12402926,0
4090,12404760,0
4090,12406588,0
4090,12408394,0
4090,12410199,0
4090,12412035,0
4090,12413863,0
4090,12415691,0
4090,12417509,0
4090,12419343,0
4090,12421156,0
4090,12422971,0
4090,12424776,0
4090,12426582,0
4090,12428415,0
4090,12430243,0
4090,12432071,0
4090,12433888,0
4090,12435692,0
4090,12437526,0
4090,12439354,0
4090,12441161,0
4090,12442970,0
4090,12444805,0
4090,12446629,0
4090,12448458,0
4090,12450275,0
4090,12452110,0
4090,12453922,0
4090,12455737,0
4090,12457543,0
4090,12459349,0
4090,12461185,0
4090,12463013,0
4090,12464841,0
4090,12466658,0
4090,12468495,0
4090,12470310,0
4090,12472126,0
4090,12473932,0
4090,12475738,0
4090,12477571,0
4090,12479399,0
4090,12481227,0
4090,12483045,0
4090,12484878,0
4090,12486693,0
4090,12488508,0
4090,12490314,0
4090,12492120,0
4090,12493956,0
4090,12495783,0
4090,12497605,0
4090,12499422,0
4090,12501225,0
4090,12503058,0
4090,12504891,0
4090,12506699,0
4090,12508507,0
4090,12510342,0
4090,12512170,0
4090,12513998,0
4090,12515815,0
4090,12517650,0
4090,12519463,0
4090,12521276,0
4090,12523084,0
4090,12524890,0
4090,12526725,0
4090,12528548,0
4090,12530376,0
4090,12532194,0
4090,12534031,0
4090,12535844,0
4090,12537660,0
4090,12539465,0
4090,12541271,0
4090,12543107,0
4090,12544936,0
4090,12546761,0
4090,12548578,0
4090,12550415,0
4090,12552227,0
4090,12554042,0
4090,12555848,0
4090,12557654,0
4090,12559487,0
4090,12561314,0
4090,12563142,0
4090,12564960,0
4090,12566763,0
4090,12568600,0
4090,12570427,0
4090,12572233,0
4090,12574039,0
4090,12575875,0
4090,12577703,0
4090,12579531,0
4090,12581349,0
4090,12583183,0
4090,12584996,0
4090,12586811,0
4090,12588618,0
4090,12590424,0
4090,12592257,0
4090,12594085,0
4090,12595913,0
4090,12597731,0
4090,12599566,0
4090,12601379,0
4090,12603195,0
4090,12605002,0
4090,12606808,0
4090,12608641,0
4090,12610468,0
4090,12612294,0
4090,12614112,0
4090,12615916,0
4090,12617750,0
4090,12619578,0
4090,12621384,0
4090,12623190,0
4090,12625023,0
4090,12626846,0
4090,12628674,0
4090,12630493,0
4090,12632298,0
4090,12634136,0
4090,12635964,0
4090,12637771,0
4090,12639580,0
4090,12641416,0
4090,12643244,0
4090,12645069,0
4090,12646887,0
4090,12648721,0
4090,12650536,0
4090,12652352,0
4090,12654158,0
4090,12655994,0
4090,12657823,0
4090,12659651,0
4090,12661469,0
4090,12663287,0
4090,12665121,0
4090,12666935,0
4090,12668731,0
4090,12670540,0
4090,12672347,0
4090,12674182,0
4090,12676010,0
4090,12677838,0
4090,12679656,0
4090,12681494,0
4090,12683320,0
4090,12685114,0
4090,12686920,0
4090,12688729,0
4090,12690565,0
4090,12692390,0
4090,12694214,0
4090,12696033,0
4090,12697871,0
4090,12699686,0
4090,12701501,0
4090,12703307,0
4090,12705113,0
4090,12706949,0
4090,12708775,0
4090,12710598,0
4090,12712413,0
4090,12714219,0
4090,12716057,0
4090,12717883,0
4090,12719692,0
4090,12721499,0
4090,12723335,0
4090,12725162,0
4090,12726990,0
4090,12728806,0
4090,12730638,0
4090,12732454,0
4090,12734270,0
4090,12736077,0
4090,12737913,0
4090,12739746,0
4090,12741570,0
4090,12743386,0
4090,12745201,0
4090,12747036,0
4090,12748855,0
4090,12750648,0
4090,12752455,0
4090,12754261,0
4090,12756097,0
4090,12757925,0
4090,12759754,0
4090,12761570,0
4090,12763408,0
4090,12765222,0
4090,12767038,0
4090,12768848,0
4090,12770681,0
4090,12772515,0
4090,12774338,0
4090,12776158,0
4090,12777957,0
4090,12779790,0
4090,12781606,0
4090,12783422,0
4090,12785231,0
4090,12787064,0
4090,12788898,0
4090,12790726,0
4090,12792545,0
4090,12794344,0
4090,12796179,0
4090,12797993,0
4090,12799810,0
4090,12801619,0
4090,12803447,0
4090,12805276,0
4090,12807099,0
4090,12808916,0
4090,12810733,0
4090,12812566,0
4090,12814378,0
4090,12816190,0
4090,12817995,0
4090,12819800,0
4090,12821634,0
4090,12823461,0
4090,12825283,0
4090,12827100,0
4090,12828905,0
4090,12830738,0
4090,12832569,0
4090,12834374,0
4090,12836180,0
4090,12838014,0
4090,12839841,0
4090,12841663,0
4090,12843460,0
4090,12845266,0
4090,12847070,0
4090,12848893,0
4090,12850728,0
4090,12852553,0
4090,12854358,0
4090,12856194,0
4090,12858021,0
4090,12859829,0
4090,12861634,0
4090,12863436,0
4090,12865244,0
4090,12867061,0
4090,12868894,0
4090,12870723,0
4090,12872531,0
4090,12874361,0
4090,12876173,0
4090,12877989,0
4090,12879814,0
4090,12881619,0
4090,12883433,0
4090,12885267,0
4090,12887092,0
4090,12888900,0
4090,12890705,0
4090,12892519,0
4090,12894341,0
4090,12896157,0
4090,12897984,0
4090,12899799,0
4090,12901617,0
4090,12903451,0
4090,12905283,0
4090,12907090,0
4090,12908904,0
4090,12910726,0
4090,12912538,0
4090,12914366,0
4090,12916183,0
4090,12918001,0
4090,12919837,0
4090,12921667,0
4090,12923475,0
4090,12925286,0
4090,12927109,0
4090,12928922,0
4090,12930746,0
4090,12932564,0
4090,12934381,0
4090,12936218,0
4090,12938050,0
4090,12939856,0
4090,12941670,0
4090,12943493,0
4090,12945305,0
4090,12947127,0
4090,12948945,0
4090,12950762,0
4090,12952599,0
4090,12954424,0
4090,12956229,0
4090,12958037,0
4090,12959860,0
4090,12961686,0
4090,12963512,0
4090,12965330,0
4090,12967147,0
4090,12968981,0
4090,12970808,0
4090,12972614,0
4090,12974420,0
4090,12976221,0
4090,12978055,0
4090,12979883,0
4090,12981710,0
4090,12983528,0
4090,12985363,0
4090,12987190,0
4090,12988996,0
4090,12990802,0
4090,12992603,0
4090,12994438,0
4090,12996266,0
4090,12998091,0
4090,12999908,0
4090,13001743,0
4090,13003568,0
4090,13005377,0
4090,13007185,0
4090,13008986,0
4090,13010819,0
4090,13012646,0
4090,13014474,0
4090,13016292,0
4090,13018126,0
4090,13019954,0
4090,13021760,0
4090,13023569,0
4090,13025371,0
4090,13027206,0
4090,13029033,0
4090,13030861,0
4090,13032679,0
4090,13034507,0
4090,13036333,0
4090,13038139,0
4090,13039945,0
4090,13041740,0
4090,13043575,0
4090,13045405,0
4090,13047229,0
4090,13049044,0
4090,13050862,0
4090,13052697,0
4090,13054513,0
4090,13056321,0
4090,13058114,0
4090,13059909,0
4090,13061718,0
4090,13063553,0
4090,13065379,0
4090,13067205,0
4090,13069019,0
4090,13070837,0
4090,13072671,0
4090,13074487,0
4090,13076283,0
4090,13078092,0
4090,13079900,0
4090,13081736,0
4090,13083564,0
4090,13085389,0
4090,13087208,0
4090,13089042,0
4090,13090855,0
4090,13092668,0
4090,13094475,0
4090,13096281,0
4090,13098114,0
4090,13099937,0
4090,13101761,0
4090,13103577,0
4090,13105381,0
4090,13107216,0
4090,13109050,0
4090,13110854,0
4090,13112662,0
4090,13114493,0
4090,13116317,0
4090,13118145,0
4090,13119940,0
4090,13121745,0
4090,13123549,0
4090,13125370,0
4090,13127206,0
4090,13129030,0
4090,13130834,0
4090,13132668,0
4090,13134493,0
4090,13136300,0
4090,13138112,0
4090,13139916,0
4090,13141723,0
4090,13143538,0
4090,13145374,0
4090,13147204,0
4090,13149011,0
4090,13150840,0
4090,13152652,0
4090,13154462,0
4090,13156274,0
4090,13158086,0
4090,13159900,0
4090,13161717,0
4090,13163550,0
4090,13165379,0
4090,13167187,0
4090,13168998,0
4090,13170820,0
4090,13172634,0
4090,13174461,0
4090,13176276,0
4090,13178093,0
4090,13179926,0
4090,13181751,0
4090,13183557,0
4090,13185363,0
4090,13187161,0
4090,13188996,0
4090,13190823,0
4090,13192650,0
4090,13194466,0
4090,13196302,0
4090,13198129,0
4090,13199934,0
4090,13201740,0
4090,13203545,0
4090,13205380,0
4090,13207202,0
4090,13209028,0
4090,13210846,0
4090,13212662,0
4090,13214498,0
4090,13216303,0
4090,13218108,0
4090,13219900,0
4090,13221695,0
4090,13223500,0
4090,13225306,0
4090,13227140,0
4090,13228968,0
4090,13230795,0
4090,13232612,0
4090,13234446,0
4090,13236261,0
4090,13238073,0
4090,13239878,0
4090,13241684,0
4090,13243518,0
4090,13245346,0
4090,13247173,0
4090,13248991,0
4090,13250793,0
4090,13252627,0
4090,13254459,0
4090,13256264,0
4090,13258072,0
4090,13259904,0
4090,13261732,0
4090,13263560,0
4090,13265374,0
4090,13267180,0
4090,13269014,0
4090,13270842,0
4090,13272647,0
4090,13274452,0
4090,13276287,0
4090,13278109,0
4090,13279936,0
4090,13281733,0
4090,13283537,0
4090,13285342,0
4090,13287164,0
4090,13288997,0
4090,13290822,0
4090,13292627,0
4090,13294457,0
4090,13296289,0
4090,13298094,0
4090,13299904,0
4090,13301709,0
4090,13303514,0
4090,13305332,0
4090,13307167,0
4090,13308995,0
4090,13310800,0
4090,13312634,0
4090,13314441,0
4090,13316255,0
4090,13318067,0
4090,13319876,0
4090,13321693,0
4090,13323509,0
4090,13325345,0
4090,13327170,0
4090,13328975,0
4090,13330787,0
4090,13332610,0
4090,13334422,0
4090,13336248,0
4090,13338063,0
4090,13339880,0
4090,13341716,0
4090,13343540,0
4090,13345346,0
4090,13347153,0
4090,13348955,0
4090,13350790,0
4090,13352617,0
4090,13354442,0
4090,13356256,0
4090,13358092,0
4090,13359917,0
4090,13361723,0
4090,13363528,0
4090,13365320,0
4090,13367133,0
4090,13368968,0
4090,13370789,0
4090,13372614,0
4090,13374432,0
4090,13376249,0
4090,13378062,0
4090,13379887,0
4090,13381699,0
4090,13383494,0
4090,13385300,0
4090,13387135,0
4090,13388963,0
4090,13390787,0
4090,13392604,0
4090,13394419,0
4090,13396255,0
4090,13398070,0
4090,13399864,0
4090,13401673,0
4090,13403480,0
4090,13405315,0
4090,13407143,0
4090,13408968,0
4090,13410783,0
4090,13412589,0
4090,13414423,0
4090