=~=~=~=~=~=~=~=~=~=~=~= PuTTY log 2024.06.04 15:33:58 =~=~=~=~=~=~=~=~=~=~=~=
---------
Raw Input, Time, Started
4084,2700727,0
4083,2702463,0
4083,2704207,0
4083,2705958,0
4084,2707679,0
4083,2709423,0
4083,2711153,0
4083,2712905,0
4083,2714648,0
4083,2716391,0
4083,2718133,0
4083,2719855,0
4083,2721603,0
4083,2723346,0
4083,2725082,0
4083,2726814,0
4083,2728558,0
4083,2730309,0
4083,2732030,0
4083,2733760,0
4083,2735495,0
4083,2737237,0
4083,2738989,0
4083,2740726,0
4083,2742455,0
4083,2744177,0
4084,2745930,0
4083,2747671,0
4083,2749415,0
4083,2751157,0
4084,2752893,0
4084,2754622,0
4083,2756343,0
4083,2758087,0
4083,2759822,0
4083,2761567,0
4083,2763319,0
4083,2765041,0
4083,2766782,0
4083,2768507,0
4083,2770254,0
4083,2771995,0
4083,2773737,0
4084,2775479,0
4083,2777202,0
4083,2778949,0
4083,2780694,0
4083,2782428,0
4083,2784160,0
4083,2785904,0
4083,2787656,0
4083,2789389,0
4083,2791112,0
4083,2792845,0
4083,2794589,0
4083,2796339,0
4083,2798072,0
4083,2799803,0
4083,2801525,0
4083,2803278,0
4083,2805029,0
4083,2806763,0
4083,2808507,0
4083,2810241,0
4083,2811974,0
4083,2813727,0
4083,2815463,0
4083,2817206,0
4083,2818940,0
4083,2820682,0
4083,2822424,0
4083,2824154,0
4083,2825876,0
4083,2827621,0
4083,2829373,0
4083,2831115,0
4083,2832848,0
4083,2834570,0
4083,2836302,0
4083,2838055,0
4083,2839788,0
4084,2841531,0
4084,2843264,0
4083,2845008,0
4083,2846746,0
4084,2848479,0
4083,2850213,0
4083,2851953,0
4083,2853705,0
4083,2855450,0
4083,2857179,0
4083,2858922,0
4083,2860657,0
4083,2862410,0
4083,2864155,0
4083,2865896,0
4083,2867642,0
4083,2869363,0
4083,2871105,0
4083,2872847,0
4083,2874580,0
4083,2876315,0
4084,2878057,0
4083,2879809,0
4083,2881531,0
4083,2883263,0
4083,2884997,0
4083,2886738,0
4083,2888487,0
4083,2890220,0
4083,2891950,0
4084,2893682,0
4083,2895434,0
4083,2897178,0
4083,2898919,0
4083,2900661,0
4083,2902396,0
4083,2904127,0
4083,2905850,0
4083,2907592,0
4083,2909327,0
4083,2911069,0
4083,2912821,0
4083,2914545,0
4084,2916287,0
4084,2918010,0
4083,2919755,0
4083,2921497,0
4083,2923230,0
4083,2924965,0
4083,2926695,0
4083,2928447,0
4083,2930192,0
4083,2931926,0
4083,2933658,0
4083,2935403,0
4083,2937156,0
4083,2938877,0
4083,2940608,0
4083,2942343,0
4083,2944089,0
4083,2945840,0
4083,2947574,0
4083,2949304,0
4083,2951026,0
4083,2952778,0
4083,2954523,0
4083,2956263,0
4083,2958005,0
4083,2959738,0
4083,2961470,0
4083,2963190,0
4084,2964935,0
4083,2966669,0
4083,2968413,0
4083,2970165,0
4083,2971888,0
4083,2973632,0
4084,2975351,0
4084,2977103,0
4083,2978854,0
4083,2980590,0
4083,2982331,0
4083,2984054,0
4083,2985793,0
4083,2987535,0
4084,2989268,0
4084,2991000,0
4083,2992745,0
4083,2994494,0
4083,2996217,0
4083,2997946,0
4083,2999681,0
4083,3001420,0
4083,3003162,0
4083,3004903,0
4083,3006633,0
4083,3008371,0
4083,3010122,0
4083,3011864,0
4084,3013607,0
4084,3015349,0
4083,3017084,0
4083,3018814,0
4083,3020535,0
4083,3022278,0
4083,3024012,0
4083,3025754,0
4083,3027506,0
4084,3029230,0
4083,3030973,0
4083,3032696,0
4083,3034443,0
4084,3036185,0
4084,3037928,0
4084,3039670,0
4084,3041391,0
4083,3043138,0
4083,3044880,0
4083,3046615,0
4083,3048347,0
4084,3050089,0
4083,3051841,0
4083,3053564,0
4083,3055294,0
4083,3057029,0
4084,3058773,0
4084,3060524,0
4083,3062257,0
4083,3063990,0
4083,3065715,0
4083,3067468,0
4083,3069210,0
4083,3070952,0
4083,3072698,0
4083,3074431,0
4083,3076163,0
4083,3077917,0
4083,3079655,0
4083,3081397,0
4083,3083131,0
4083,3084878,0
4083,3086629,0
4083,3088350,0
4083,3090089,0
4083,3091830,0
4083,3093583,0
4083,3095335,0
4083,3097071,0
4083,3098801,0
4083,3100530,0
4084,3102280,0
4083,3104022,0
4084,3105754,0
4083,3107489,0
4083,3109231,0
4083,3110971,0
4083,3112692,0
4083,3114437,0
4083,3116172,0
4083,3117916,0
4083,3119669,0
4083,3121390,0
4083,3123135,0
4084,3124857,0
4083,3126601,0
4083,3128345,0
4083,3130086,0
4083,3131825,0
4083,3133550,0
4083,3135297,0
4083,3137040,0
4083,3138775,0
4083,3140509,0
4083,3142254,0
4083,3144006,0
4084,3145726,0
4083,3147456,0
4083,3149191,0
4083,3150936,0
4083,3152686,0
4083,3154419,0
4083,3156151,0
4083,3157873,0
4083,3159626,0
4083,3161369,0
4083,3163112,0
4083,3164855,0
4083,3166590,0
4083,3168323,0
4083,3170043,0
4083,3171788,0
4084,3173523,0
4084,3175264,0
4083,3177016,0
4083,3178739,0
4084,3180481,0
4083,3182201,0
4083,3183951,0
4083,3185702,0
4084,3187435,0
4083,3189178,0
4083,3190901,0
4083,3192646,0
4083,3194391,0
4083,3196125,0
4083,3197860,0
4083,3199603,0
4083,3201356,0
4083,3203085,0
4083,3204807,0
4083,3206541,0
4083,3208284,0
4083,3210035,0
4083,3211768,0
4084,3213500,0
4083,3215219,0
4083,3216971,0
4083,3218712,0
4083,3220445,0
4083,3222179,0
4083,3223919,0
4083,3225659,0
4083,3227381,0
4083,3229125,0
4083,3230856,0
4083,3232598,0
4083,3234350,0
4083,3236071,0
4083,3237815,0
4083,3239537,0
4083,3241286,0
4083,3243027,0
4083,3244761,0
4083,3246496,0
4083,3248228,0
4083,3249979,0
4083,3251724,0
4083,3253457,0
4083,3255191,0
4084,3256936,0
4083,3258688,0
4083,3260409,0
4084,3262139,0
4084,3263873,0
4084,3265614,0
4083,3267355,0
4083,3269096,0
4083,3270829,0
4083,3272563,0
4083,3274315,0
4084,3276058,0
4084,3277799,0
4083,3279540,0
4083,3281273,0
4083,3283004,0
4083,3284726,0
4083,3286470,0
4083,3288203,0
4083,3289946,0
4083,3291696,0
4083,3293419,0
4083,3295163,0
4083,3296882,0
4083,3298633,0
4083,3300376,0
4083,3302118,0
4083,3303857,0
4083,3305581,0
4083,3307333,0
4083,3309077,0
4083,3310810,0
4083,3312541,0
4083,3314283,0
4083,3316034,0
4084,3317754,0
4083,3319487,0
4083,3321221,0
4083,3322965,0
4083,3324716,0
4083,3326449,0
4083,3328181,0
4083,3329904,0
4083,3331655,0
4083,3333396,0
4083,3335129,0
4083,3336862,0
4083,3338606,0
4083,3340342,0
4083,3342065,0
4083,3343806,0
4084,3345540,0
4084,3347284,0
4083,3349035,0
4083,3350756,0
4083,3352500,0
4083,3354224,0
4083,3355976,0
4083,3357721,0
4083,3359454,0
4083,3361188,0
4083,3362919,0
4083,3364670,0
4083,3366414,0
4083,3368148,0
4083,3369882,0
4083,3371625,0
4083,3373376,0
4083,3375097,0
4084,3376829,0
4083,3378560,0
4083,3380301,0
4083,3382042,0
4083,3383782,0
4083,3385509,0
4083,3387251,0
4083,3389002,0
4083,3390744,0
4083,3392476,0
4083,3394210,0
4084,3395954,0
4084,3397691,0
4083,3399411,0
4083,3401153,0
4083,3402887,0
4084,3404625,0
4084,3406377,0
4083,3408098,0
4083,3409839,0
4084,3411571,0
4084,3413322,0
4083,3415064,0
4083,3416797,0
4083,3418532,0
4083,3420264,0
4083,3422015,0
4083,3423757,0
4084,3425491,0
4084,3427222,0
4083,3428964,0
4083,3430715,0
4083,3432436,0
4083,3434168,0
4084,3435902,0
4083,3437647,0
4083,3439396,0
4083,3441132,0
4083,3442861,0
4083,3444593,0
4083,3446344,0
4083,3448086,0
4083,3449818,0
4084,3451552,0
4083,3453292,0
4083,3455031,0
4083,3456755,0
4083,3458496,0
4083,3460230,0
4083,3461974,0
4083,3463726,0
4084,3465446,0
4084,3467190,0
4083,3468915,0
4083,3470664,0
4083,3472409,0
4083,3474141,0
4083,3475875,0
4083,3477608,0
4084,3479360,0
4083,3481102,0
4083,3482838,0
4083,3484572,0
4083,3486316,0
4083,3488068,0
4083,3489790,0
4084,3491519,0
4084,3493253,0
4084,3494997,0
4083,3496747,0
4083,3498482,0
4083,3500212,0
4083,3501939,0
4083,3503689,0
4083,3505431,0
4083,3507164,0
4083,3508897,0
4083,3510641,0
4083,3512379,0
4083,3514099,0
4083,3515844,0
4083,3517576,0
4083,3519321,0
4083,3521074,0
4084,3522794,0
4084,3524538,0
4083,3526260,0
4083,3528014,0
4083,3529765,0
4083,3531497,0
4083,3533240,0
4083,3534959,0
4083,3536706,0
4083,3538447,0
4084,3540180,0
4084,3541914,0
4083,3543654,0
4083,3545406,0
4083,3547127,0
4083,3548856,0
4083,3550590,0
4083,3552330,0
4083,3554072,0
4083,3555815,0
4083,3557545,0
4083,3559283,0
4083,3561035,0
4083,3562777,0
4083,3564520,0
4083,3566265,0
4083,3567999,0
4084,3569732,0
4083,3571453,0
4083,3573195,0
4084,3574928,0
4084,3576672,0
4083,3578422,0
4083,3580143,0
4083,3581889,0
4083,3583614,0
4084,3585357,0
4084,3587109,0
4083,3588842,0
4083,3590583,0
4083,3592305,0
4083,3594050,0
4083,3595792,0
4083,3597528,0
4083,3599262,0
4083,3601007,0
4083,3602756,0
4083,3604479,0
4083,3606212,0
4083,3607943,0
4083,3609685,0
4083,3611435,0
4083,3613171,0
4083,3614900,0
4083,3616626,0
4084,3618378,0
4083,3620122,0
4084,3621862,0
4083,3623601,0
4083,3625338,0
4083,3627070,0
4083,3628790,0
4084,3630535,0
4083,3632270,0
4083,3634014,0
4083,3635766,0
4083,3637489,0
4083,3639231,0
4083,3640955,0
4083,3642702,0
4083,3644454,0
4083,3646190,0
4083,3647932,0
4083,3649655,0
4083,3651393,0
4083,3653135,0
4083,3654868,0
4083,3656602,0
4083,3658344,0
4083,3660096,0
4083,3661817,0
4084,3663546,0
4083,3665281,0
4083,3667020,0
4083,3668775,0
4083,3670509,0
4083,3672241,0
4083,3673971,0
4083,3675723,0
4084,3677466,0
4084,3679206,0
4083,3680946,0
4083,3682683,0
4083,3684418,0
4083,3686141,0
4083,3687884,0
4083,3689617,0
4084,3691358,0
4083,3693110,0
4083,3694831,0
4083,3696572,0
4083,3698292,0
4083,3700046,0
4083,3701797,0
4083,3703530,0
4083,3705272,0
4083,3706992,0
4083,3708742,0
4083,3710486,0
4083,3712219,0
4083,3713953,0
4084,3715697,0
4083,3717446,0
4083,3719167,0
4083,3720896,0
4083,3722631,0
4083,3724373,0
4083,3726125,0
4083,3727858,0
4084,3729590,0
4083,3731315,0
4083,3733067,0
4083,3734809,0
4083,3736552,0
4083,3738297,0
4084,3740031,0
4083,3741763,0
4084,3743486,0
4084,3745228,0
4084,3746963,0
4084,3748703,0
4083,3750455,0
4083,3752175,0
4083,3753920,0
4084,3755642,0
4084,3757387,0
4083,3759130,0
4083,3760871,0
4084,3762613,0
4084,3764336,0
4083,3766086,0
4083,3767828,0
4083,3769562,0
4084,3771296,0
4083,3773041,0
4083,3774790,0
4083,3776512,0
4083,3778237,0
4083,3779972,0
4083,3781717,0
4083,3783467,0
4084,3785200,0
4084,3786933,0
4083,3788658,0
4083,3790410,0
4084,3792152,0
4083,3793885,0
4083,3795620,0
4083,3797362,0
4083,3799102,0
4084,3800825,0
4084,3802567,0
4084,3804299,0
4083,3806041,0
4083,3807794,0
4083,3809516,0
4083,3811258,0
4083,3812980,0
4083,3814735,0
4083,3816487,0
4083,3818222,0
4083,3819965,0
4083,3821688,0
4083,3823430,0
4083,3825173,0
4083,3826909,0
4083,3828644,0
4084,3830384,0
4083,3832137,0
4083,3833868,0
4083,3835589,0
4083,3837324,0
4083,3839070,0
4083,3840824,0
4083,3842556,0
4083,3844286,0
4083,3846007,0
4083,3847754,0
4083,3849496,0
4083,3851229,0
4083,3852963,0
4083,3854701,0
4083,3856441,0
4083,3858161,0
4083,3859903,0
4084,3861637,0
4083,3863379,0
4083,3865126,0
4083,3866847,0
4083,3868589,0
4083,3870321,0
4083,3872073,0
4083,3873815,0
4083,3875548,0
4083,3877282,0
4083,3879012,0
4083,3880765,0
4084,3882507,0
4084,3884242,0
4084,3885974,0
4083,3887720,0
4083,3889472,0
4083,3891194,0
4083,3892925,0
4083,3894659,0
4083,3896403,0
4083,3898149,0
4083,3899882,0
4083,3901615,0
4083,3903347,0
4083,3905099,0
4083,3906841,0
4083,3908582,0
4083,3910322,0
4084,3912059,0
4083,3913794,0
4083,3915517,0
4083,3917260,0
4083,3918992,0
4083,3920738,0
4084,3922490,0
4084,3924211,0
4083,3925955,0
4083,3927678,0
4083,3929419,0
4083,3931161,0
4083,3932895,0
4084,3934627,0
4084,3936354,0
4083,3938106,0
4083,3939838,0
4083,3941583,0
4083,3943318,0
4083,3945062,0
4083,3946814,0
4083,3948535,0
4083,3950267,0
4083,3951999,0
4083,3953744,0
4083,3955494,0
4083,3957227,0
4083,3958959,0
4083,3960691,0
4083,3962443,0
4083,3964185,0
4083,3965926,0
4083,3967666,0
4083,3969404,0
4083,3971138,0
4083,3972862,0
4083,3974604,0
4083,3976335,0
4083,3978077,0
4083,3979829,0
4083,3981550,0
4083,3983293,0
4083,3985015,0
4083,3986762,0
4083,3988504,0
4083,3990247,0
4084,3991990,0
4084,3993711,0
4083,3995458,0
4084,3997200,0
4083,3998935,0
4083,4000668,0
4083,4002411,0
4083,4004162,0
4083,4005882,0
4083,4007612,0
4083,4009346,0
4084,4011085,0
4084,4012838,0
4083,4014570,0
4083,4016302,0
4084,4018034,0
4084,4019785,0
4083,4021527,0
4083,4023272,0
4083,4025016,0
4083,4026748,0
4083,4028478,0
4083,4030199,0
4083,4031943,0
4083,4033679,0
4083,4035420,0
4083,4037172,0
4083,4038893,0
4083,4040637,0
4083,4042359,0
4083,4044106,0
4083,4045848,0
4083,4047591,0
4083,4049333,0
4083,4051055,0
4083,4052803,0
4083,4054544,0
4083,4056280,0
4083,4058014,0
4084,4059758,0
4083,4061511,0
4083,4063243,0
4083,4064967,0
4083,4066699,0
4083,4068443,0
4083,4070193,0
4083,4071927,0
4084,4073659,0
4083,4075381,0
4083,4077134,0
4083,4078886,0
4084,4080622,0
4083,4082364,0
4083,4084099,0
4083,4085829,0
4083,4087581,0
4083,4089320,0
4083,4091065,0
4083,4092800,0
4083,4094544,0
4083,4096296,0
4083,4098015,0
4083,4099752,0
4083,4101491,0
4084,4103239,0
4084,4104980,0
4083,4106712,0
4083,4108433,0
4083,4110164,0
4083,4111915,0
4083,4113648,0
4083,4115392,0
4084,4117125,0
4083,4118869,0
4083,4120608,0
4084,4122333,0
4083,4124066,0
4083,4125810,0
4083,4127559,0
4083,4129303,0
4083,4131023,0
4083,4132742,0
4083,4134486,0
4083,4136237,0
4083,4137970,0
4083,4139711,0
4084,4141445,0
4083,4143172,0
4083,4144924,0
4083,4146661,0
4083,4148401,0
4083,4150137,0
4083,4151886,0
4083,4153638,0
4083,4155358,0
4083,4157098,0
4083,4158842,0
4084,4160586,0
4084,4162327,0
4083,4164059,0
4083,4165781,0
4084,4167509,0
4083,4169261,0
4083,4170993,0
4083,4172735,0
4083,4174470,0
4083,4176211,0
4083,4177950,0
4083,4179677,0
4084,4181408,0
4083,4183150,0
4083,4184902,0
4083,4186643,0
4083,4188366,0
4083,4190087,0
4083,4191829,0
4083,4193581,0
4083,4195314,0
4083,4197058,0
4083,4198793,0
4083,4200524,0
4083,4202275,0
4083,4204007,0
4083,4205748,0
4083,4207483,0
4083,4209229,0
4083,4210971,0
4083,4212699,0
4083,4214441,0
4083,4216179,0
4083,4217934,0
4083,4219675,0
4083,4221416,0
4083,4223148,0
4083,4224883,0
4083,4226634,0
4083,4228377,0
4084,4230118,0
4084,4231857,0
4083,4233594,0
4083,4235326,0
4083,4237049,0
4083,4238791,0
4083,4240525,0
4083,4242269,0
4083,4244021,0
4083,4245741,0
4083,4247485,0
4083,4249207,0
4084,4250954,0
4083,4252696,0
4083,4254439,0
4083,4256181,0
4083,4257902,0
4083,4259649,0
4083,4261391,0
4083,4263127,0
4083,4264858,0
4083,4266597,0
4083,4268349,0
4083,4270069,0
4084,4271801,0
4084,4273536,0
4083,4275280,0
4083,4277029,0
4083,4278762,0
4083,4280494,0
4083,4282225,0
4083,4283977,0
4083,4285719,0
4083,4287462,0
4083,4289202,0
4083,4290938,0
4083,4292670,0
4083,4294391,0
4083,4296136,0
4083,4297870,0
4083,4299615,0
4083,4301367,0
4083,4303087,0
4083,4304829,0
4083,4306550,0
4083,4308302,0
4083,4310043,0
4084,4311784,0
4083,4313529,0
4083,4315249,0
4083,4316993,0
4083,4318735,0
4083,4320468,0
4083,4322200,0
4083,4323941,0
4084,4325693,0
4083,4327414,0
4083,4329145,0
4083,4330879,0
4083,4332624,0
4083,4334374,0
4084,4336107,0
4084,4337837,0
4083,4339571,0
4083,4341323,0
4083,4343066,0
4083,4344806,0
4083,4346545,0
4083,4348282,0
4084,4350014,0
4083,4351735,0
4083,4353479,0
4083,4355210,0
4083,4356951,0
4083,4358703,0
4084,4360424,0
4083,4362168,0
4083,4363890,0
4083,4365642,0
4083,4367383,0
4083,4369126,0
4083,4370865,0
4083,4372590,0
4084,4374337,0
4084,4376079,0
4083,4377815,0
4083,4379547,0
4083,4381289,0
4083,4383041,0
4083,4384764,0
4083,4386493,0
4083,4388227,0
4083,4389967,0
4083,4391719,0
4083,4393452,0
4083,4395182,0
4083,4396915,0
4083,4398667,0
4083,4400409,0
4084,4402150,0
4083,4403890,0
4083,4405626,0
4083,4407358,0
4083,4409079,0
4083,4410823,0
4083,4412558,0
4084,4414303,0
4084,4416055,0
4084,4417775,0
4083,4419517,0
4083,4421239,0
4083,4422986,0
4084,4424728,0
4083,4426471,0
4083,4428213,0
4083,4429935,0
4083,4431682,0
4084,4433423,0
4083,4435159,0
4083,4436894,0
4084,4438639,0
4084,4440391,0
4083,4442121,0
4083,4443842,0
4083,4445576,0
4083,4447316,0
4083,4449068,0
4083,4450804,0
4083,4452534,0
4083,4454259,0
4083,4456011,0
4084,4457753,0
4084,4459496,0
4084,4461241,0
4083,4462976,0
4083,4464709,0
4083,4466429,0
4083,4468171,0
4083,4469903,0
4083,4471645,0
4083,4473395,0
4083,4475117,0
4083,4476860,0
4083,4478582,0
4083,4480335,0
4083,4482083,0
4083,4483818,0
4083,4485563,0
4084,4487285,0
4084,4489029,0
4084,4490770,0
4083,4492506,0
4083,4494238,0
4083,4495983,0
4083,4497733,0
4083,4499454,0
4084,4501184,0
4084,4502918,0
4084,4504658,0
4083,4506408,0
4083,4508143,0
4084,4509875,0
4083,4511602,0
4083,4513354,0
4083,4515098,0
4083,4516838,0
4083,4518580,0
4083,4520314,0
4083,4522046,0
4083,4523766,0
4083,4525511,0
4083,4527246,0
4083,4528991,0
4083,4530740,0
4083,4532463,0
4083,4534205,0
4083,4535925,0
4083,4537675,0
4084,4539417,0
4083,4541160,0
4083,4542905,0
4083,4544628,0
4083,4546370,0
4083,4548112,0
4084,4549845,0
4083,4551580,0
4083,4553325,0
4083,4555077,0
4083,4556799,0
4083,4558529,0
4084,4560264,0
4084,4562008,0
4083,4563757,0
4083,4565493,0
4083,4567223,0
4083,4568945,0
4083,4570697,0
4083,4572439,0
4083,4574173,0
4083,4575908,0
4083,4577651,0
4083,4579391,0
4083,4581112,0
4083,4582855,0
4084,4584589,0
4083,4586332,0
4083,4588082,0
4084,4589802,0
4084,4591544,0
4083,4593266,0
4083,4595018,0
4083,4596761,0
4083,4598494,0
4083,4600228,0
4083,4601956,0
4083,4603708,0
4083,4605453,0
4083,4607186,0
4083,4608920,0
4083,4610658,0
4083,4612407,0
4083,4614130,0
4083,4615859,0
4083,4617595,0
4084,4619343,0
4084,4621092,0
4084,4622827,0
4083,4624557,0
4083,4626289,0
4083,4628041,0
4083,4629782,0
4083,4631528,0
4083,4633270,0
4083,4635002,0
4083,4636734,0
4083,4638455,0
4083,4640197,0
4083,4641931,0
4083,4643675,0
4083,4645427,0
4083,4647150,0
4083,4648892,0
4083,4650614,0
4083,4652366,0
4083,4654118,0
4083,4655853,0
4083,4657596,0
4083,4659319,0
4083,4661058,0
4083,4662800,0
4083,4664535,0
4083,4666267,0
4083,4668011,0
4083,4669763,0
4083,4671486,0
4084,4673216,0
4084,4674950,0
4084,4676692,0
4083,4678444,0
4083,4680177,0
4083,4681909,0
4083,4683633,0
4083,4685386,0
4083,4687130,0
4083,4688871,0
4083,4690613,0
4083,4692347,0
4083,4694082,0
4083,4695803,0
4083,4697548,0
4083,4699284,0
4083,4701023,0
4083,4702776,0
4083,4704497,0
4083,4706239,0
4083,4707962,0
4083,4709707,0
4083,4711450,0
4083,4713191,0
4083,4714933,0
4083,4716656,0
4083,4718406,0
4083,4720150,1
4084,4721883,1
4088,4723618,1
4094,4725357,1
4094,4727110,1
4093,4728832,1
1,4730555,1
6,4732074,1
7,4733602,1
8,4735118,1
11,4736635,1
15,4738228,1
16,4739810,1
17,4741410,1
20,4742987,1
25,4744595,1
29,4746186,1
32,4747768,1
35,4749354,1
38,4750933,1
42,4752532,1
46,4754123,1
53,4755690,1
58,4757287,1
60,4758876,1
63,4760473,1
71,4762062,1
77,4763631,1
80,4765216,1
82,4766807,1
91,4768405,1
100,4769984,1
102,4771643,1
105,4773313,1
115,4774984,1
124,4776654,1
126,4778306,1
134,4779964,1
144,4781624,1
149,4783297,1
154,4784966,1
164,4786619,1
172,4788279,1
179,4789936,1
188,4791613,1
196,4793286,1
204,4794958,1
212,4796626,1
220,4798285,1
229,4799966,1
237,4801639,1
245,4803318,1
253,4804977,1
262,4806644,1
271,4808310,1
278,4809999,1
287,4811669,1
295,4813350,1
304,4815008,1
313,4816674,1
320,4818344,1
329,4820020,1
336,4821689,1
345,4823360,1
354,4825018,1
361,4826674,1
370,4828344,1
378,4830015,1
386,4831685,1
395,4833345,1
403,4835005,1
410,4836676,1
418,4838346,1
427,4840018,1
436,4841682,1
444,4843340,1
452,4845020,1
460,4846692,1
469,4848372,1
477,4850031,1
485,4851699,1
494,4853368,1
502,4855055,1
511,4856725,1
520,4858406,1
526,4860064,1
535,4861733,1
543,4863404,1
551,4865082,1
560,4866752,1
568,4868423,1
576,4870081,1
584,4871739,1
593,4873412,1
602,4875084,1
608,4876735,1
617,4878395,1
625,4880056,1
633,4881727,1
642,4883399,1
650,4885048,1
659,4886708,1
667,4888370,1
674,4890042,1
683,4891711,1
690,4893384,1
699,4895034,1
707,4896692,1
715,4898356,1
724,4900026,1
732,4901698,1
740,4903368,1
748,4905028,1
757,4906708,1
764,4908378,1
772,4910059,1
780,4911739,1
789,4913424,1
797,4915083,1
806,4916767,1
814,4918438,1
822,4920119,1
830,4921790,1
838,4923449,1
847,4925106,1
856,4926780,1
864,4928449,1
871,4930117,1
879,4931775,1
888,4933433,1
896,4935103,1
904,4936775,1
913,4938447,1
921,4940096,1
930,4941757,1
938,4943416,1
945,4945086,1
954,4946757,1
961,4948410,1
970,4950069,1
979,4951728,1
987,4953404,1
995,4955075,1
1003,4956727,1
1012,4958448,1
1020,4960190,1
1028,4961914,1
1038,4963659,1
1046,4965401,1
1055,4967144,1
1063,4968888,1
1072,4970607,1
1081,4972354,1
1089,4974096,1
1097,4975829,1
1105,4977564,1
1115,4979309,1
1123,4981061,1
1131,4982782,1
1140,4984512,1
1149,4986247,1
1157,4987989,1
1165,4989742,1
1174,4991476,1
1184,4993209,1
1192,4994931,1
1200,4996684,1
1208,4998426,1
1217,5000166,1
1226,5001905,1
1233,5003643,1
1242,5005378,1
1251,5007101,1
1259,5008844,1
1268,5010576,1
1276,5012321,1
1285,5014071,1
1292,5015792,1
1301,5017535,1
1309,5019258,1
1317,5021002,1
1327,5022744,1
1334,5024487,1
1343,5026229,1
1351,5027952,1
1360,5029702,1
1368,5031446,1
1375,5033180,1
1384,5034915,1
1393,5036661,1
1401,5038411,1
1409,5040141,1
1417,5041862,1
1426,5043597,1
1434,5045336,1
1442,5047089,1
1450,5048825,1
1458,5050555,1
1467,5052277,1
1474,5054027,1
1482,5055770,1
1491,5057512,1
1499,5059258,1
1508,5060992,1
1515,5062723,1
1524,5064447,1
1532,5066189,1
1540,5067925,1
1549,5069670,1
1556,5071423,1
1565,5073166,1
1573,5074890,1
1581,5076613,1
1590,5078359,1
1598,5080113,1
1606,5081847,1
1613,5083588,1
1622,5085311,1
1631,5087046,1
1639,5088788,1
1647,5090524,1
1654,5092259,1
1664,5094004,1
1672,5095759,1
1679,5097497,1
1687,5099231,1
1696,5100967,1
1704,5102711,1
1712,5104459,1
1720,5106215,1
1729,5107937,1
1737,5109680,1
1745,5111411,1
1753,5113164,1
1762,5114908,1
1770,5116647,1
1778,5118390,1
1787,5120115,1
1795,5121861,1
1803,5123602,1
1811,5125334,1
1819,5127067,1
1829,5128811,1
1836,5130562,1
1844,5132283,1
1852,5134014,1
1860,5135746,1
1870,5137488,1
1878,5139237,1
1886,5140970,1
1894,5142699,1
1903,5144434,1
1912,5146186,1
1919,5147930,1
1928,5149671,1
1936,5151413,1
1944,5153148,1
1953,5154882,1
1961,5156603,1
1970,5158345,1
1978,5160080,1
1986,5161824,1
1994,5163575,1
2003,5165296,1
2011,5167040,1
2019,5168762,1
2027,5170506,1
2037,5172248,1
2044,5173991,1
2053,5175733,1
2060,5177456,1
2070,5179205,1
2078,5180950,1
2086,5182683,1
2094,5184418,1
2103,5186159,1
2111,5187911,1
2119,5189641,1
2127,5191362,1
2135,5193097,1
2144,5194839,1
2153,5196592,1
2161,5198326,1
2169,5200059,1
2178,5201780,1
2186,5203533,1
2194,5205274,1
2202,5207016,1
2211,5208761,1
2219,5210496,1
2227,5212224,1
2236,5213944,1
2245,5215690,1
2252,5217424,1
2260,5219164,1
2268,5220917,1
2278,5222641,1
2286,5224382,1
2294,5226104,1
2302,5227854,1
2310,5229606,1
2320,5231339,1
2327,5233082,1
2334,5234802,1
2342,5236550,1
2352,5238293,1
2360,5240029,1
2368,5241764,1
2376,5243507,1
2385,5245259,1
2393,5246991,1
2402,5248712,1
2409,5250443,1
2418,5252186,1
2426,5253935,1
2434,5255667,1
2442,5257400,1
2450,5259121,1
2459,5260873,1
2467,5262614,1
2475,5264347,1
2484,5266081,1
2492,5267820,1
2500,5269560,1
2508,5271280,1
2516,5273025,1
2525,5274760,1
2533,5276504,1
2541,5278256,1
2549,5279978,1
2559,5281723,1
2567,5283445,1
2574,5285194,1
2583,5286937,1
2591,5288679,1
2600,5290421,1
2608,5292142,1
2616,5293894,1
2625,5295639,1
2633,5297372,1
2641,5299106,1
2649,5300846,1
2658,5302597,1
2666,5304317,1
2674,5306050,1
2682,5307784,1
2690,5309529,1
2699,5311278,1
2707,5313014,1
2715,5314744,1
2724,5316466,1
2732,5318216,1
2741,5319958,1
2748,5321704,1
2757,5323449,1
2766,5325184,1
2774,5326915,1
2782,5328638,1
2790,5330382,1
2800,5332114,1
2808,5333855,1
2816,5335607,1
2824,5337327,1
2833,5339072,1
2841,5340794,1
2850,5342538,1
2857,5344281,1
2867,5346023,1
2874,5347765,1
2883,5349487,1
2892,5351237,1
2900,5352978,1
2909,5354713,1
2917,5356446,1
2925,5358190,1
2933,5359940,1
2942,5361662,1
2951,5363391,1
2959,5365126,1
2967,5366870,1
2977,5368622,1
2985,5370355,1
2993,5372088,1
3001,5373810,1
3010,5375560,1
3019,5377304,1
3027,5379037,1
3035,5380771,1
3044,5382514,1
3053,5384253,1
3061,5385976,1
3069,5387719,1
3077,5389451,1
3086,5391195,1
3095,5392948,1
3103,5394669,1
3111,5396414,1
3120,5398140,1
3128,5399882,1
3137,5401625,1
3145,5403368,1
3154,5405113,1
3162,5406836,1
3170,5408578,1
3179,5410320,1
3188,5412054,1
3196,5413788,1
3204,5415529,1
3212,5417280,1
3222,5419000,1
3230,5420732,1
3238,5422465,1
3246,5424209,1
3254,5425958,1
3264,5427691,1
3271,5429420,1
3279,5431155,1
3288,5432907,1
3297,5434649,1
3305,5436392,1
3313,5438137,1
3321,5439872,1
3330,5441605,1
3339,5443325,1
3347,5445066,1
3355,5446801,1
3364,5448543,1
3372,5450294,1
3381,5452014,1
3389,5453756,1
3396,5455475,1
3405,5457227,1
3413,5458969,1
3422,5460710,1
3430,5462450,1
3438,5464175,1
3446,5465922,1
3455,5467664,1
3463,5469400,1
3472,5471134,1
3479,5472880,1
3487,5474632,1
3495,5476362,1
3505,5478083,1
3512,5479818,1
3520,5481563,1
3528,5483316,1
3537,5485049,1
3546,5486781,1
3553,5488504,1
3561,5490251,1
3569,5491993,1
3577,5493734,1
3586,5495475,1
3593,5497212,1
3601,5498943,1
3610,5500666,1
3618,5502409,1
3627,5504143,1
3634,5505885,1
3643,5507637,1
3651,5509359,1
3659,5511101,1
3667,5512824,1
3675,5514571,1
3683,5516314,1
3691,5518055,1
3699,5519798,1
3709,5521521,1
3716,5523266,1
3724,5525009,1
3732,5526742,1
3741,5528478,1
3749,5530223,1
3757,5531975,1
3765,5533706,1
3773,5535430,1
3782,5537162,1
3790,5538907,1
3798,5540660,1
3807,5542396,1
3815,5544127,1
3823,5545850,1
3831,5547595,1
3838,5549339,1
3848,5551081,1
3855,5552823,1
3864,5554558,1
3872,5556288,1
3880,5558012,1
3889,5559754,1
3897,5561487,1
3905,5563233,1
3914,5564985,1
3922,5566710,1
3930,5568456,1
3938,5570178,1
3948,5571923,1
3955,5573676,1
3963,5575409,1
3971,5577152,1
3980,5578875,1
3989,5580610,1
3996,5582356,1
4004,5584093,1
4013,5585827,1
4022,5587571,1
4031,5589326,1
4038,5591066,1
4047,5592799,1
4055,5594532,1
4063,5596277,1
4072,5598027,1
4080,5599770,1
4089,5601499,1
1,5603242,1
8,5604761,1
17,5606284,1
24,5607876,1
32,5609442,1
39,5611032,1
47,5612631,1
55,5614230,1
62,5615804,1
69,5617373,1
78,5618963,1
85,5620555,1
93,5622143,1
101,5623722,1
109,5625394,1
117,5627064,1
125,5628735,1
134,5630406,1
142,5632065,1
150,5633722,1
159,5635392,1
165,5637061,1
174,5638713,1
183,5640370,1
191,5642033,1
199,5643703,1
207,5645374,1
215,5647043,1
224,5648712,1
231,5650369,1
238,5652028,1
246,5653698,1
252,5655368,1
261,5657021,1
268,5658677,1
273,5660337,1
281,5662010,1
288,5663680,1
292,5665351,1
299,5667009,1
307,5668668,1
310,5670340,1
315,5672010,1
323,5673680,1
328,5675350,1
330,5677016,1
337,5678674,1
346,5680352,1
348,5682023,1
349,5683703,1
355,5685369,1
362,5687034,1
365,5688713,1
365,5690392,1
370,5692062,1
374,5693741,1
377,5695399,1
381,5697075,1
386,5698745,1
388,5700414,1
389,5702084,1
391,5703743,1
393,5705403,1
395,5707075,1
396,5708745,1
399,5710415,1
401,5712081,1
402,5713737,1
403,5715407,1
405,5717078,1
405,5718757,1
404,5720416,1
406,5722084,1
409,5723753,1
408,5725433,1
405,5727115,1
407,5728764,1
409,5730431,1
406,5732094,1
406,5733776,1
409,5735453,1
408,5737127,1
406,5738807,1
407,5740465,1
409,5742131,1
407,5743803,1
406,5745474,1
408,5747144,1
409,5748803,1
407,5750460,1
407,5752131,1
409,5753803,1
408,5755474,1
407,5757140,1
408,5758799,1
408,5760469,1
407,5762139,1
407,5763815,1
408,5765474,1
408,5767141,1
407,5768809,1
408,5770488,1
408,5772166,1
407,5773818,1
407,5775484,1
408,5777149,1
408,5778827,1
407,5780505,1
407,5782184,1
408,5783860,1
407,5785520,1
407,5787187,1
408,5788859,1
407,5790529,1
407,5792199,1
407,5793855,1
407,5795514,1
407,5797186,1
407,5798855,1
407,5800526,1
407,5802193,1
407,5803852,1
407,5805535,1
407,5807206,1
407,5808885,1
407,5810564,1
407,5812219,1
407,5813887,1
407,5815568,1
407,5817239,1
407,5818920,1
407,5820577,1
407,5822243,1
407,5823913,1
407,5825593,1
406,5827263,1
407,5828933,1
407,5830593,1
407,5832249,1
406,5833919,1
407,5835591,1
407,5837242,1
406,5838900,1
406,5840557,1
406,5842236,1
406,5843905,1
406,5845576,1
406,5847237,1
406,5848895,1
406,5850565,1
406,5852236,1
406,5853905,1
406,5855575,1
406,5857243,1
406,5858922,1
406,5860599,1
406,5862280,1
405,5863934,1
405,5865603,1
405,5867260,1
405,5868941,1
405,5870622,1
405,5872297,1
405,5873979,1
405,5875637,1
405,5877298,1
405,5878968,1
405,5880640,1
405,5882310,1
405,5883969,1
404,5885630,1
405,5887299,1
405,5888973,1
405,5890643,1
405,5892311,1
404,5893970,1
404,5895647,1
404,5897319,1
404,5898999,1
404,5900677,1
404,5902346,1
404,5904004,1
404,5905684,1
404,5907356,1
404,5909017,1
404,5910675,1
404,5912344,1
405,5914014,1
405,5915694,1
405,5917364,1
404,5919036,1
404,5920694,1
404,5922354,1
404,5924027,1
404,5925697,1
404,5927367,1
404,5929026,1
404,5930685,1
404,5932356,1
404,5934026,1
404,5935698,1
404,5937363,1
404,5939022,1
404,5940693,1
404,5942364,1
404,5944043,1
404,5945702,1
404,5947369,1
404,5949035,1
404,5950713,1
404,5952394,1
404,5954042,1
404,5955711,1
404,5957373,1
404,5959052,1
404,5960733,1
405,5962408,1
404,5964083,1
405,5965741,1
405,5967410,1
405,5969079,1
404,5970751,1
404,5972421,1
404,5974080,1
404,5975738,1
404,5977409,1
404,5979080,1
404,5980752,1
405,5982417,1
405,5984076,1
405,5985758,1
405,5987429,1
405,5989109,1
405,5990771,1
405,5992439,1
405,5994105,1
405,5995791,1
405,5997462,1
405,5999143,1
405,6000801,1
405,6002464,1
405,6004137,1
405,6005815,1
405,6007485,1
405,6009154,1
405,6010814,1
405,6012471,1
405,6014141,1
405,6015813,1
405,6017484,1
405,6019143,1
405,6020821,1
405,6022492,1
405,6024171,1
405,6025850,1
405,6027510,1
405,6029192,1
405,6030873,1
405,6032543,1
405,6034225,1
405,6035895,1
405,6037555,1
405,6039213,1
405,6040892,1
405,6042565,1
405,6044233,1
406,6045891,1
406,6047550,1
405,6049220,1
405,6050891,1
406,6052561,1
406,6054233,1
406,6055901,1
406,6057578,1
406,6059256,1
406,6060936,1
406,6062589,1
406,6064258,1
406,6065918,1
406,6067598,1
406,6069279,1
406,6070951,1
406,6072633,1
406,6074294,1
406,6075955,1
406,6077626,1
406,6079298,1
406,6080968,1
406,6082627,1
406,6084284,1
406,6085955,1
406,6087627,1
406,6089299,1
406,6090964,1
406,6092623,1
406,6094293,1
406,6095964,1
406,6097645,1
406,6099307,1
406,6100972,1
406,6102641,1
406,6104330,1
406,6106002,1
406,6107664,1
406,6109322,1
406,6110991,1
406,6112664,1
406,6114340,1
406,6116013,1
406,6117692,1
406,6119351,1
406,6121013,1
406,6122683,1
406,6124354,1
406,6126025,1
406,6127685,1
406,6129365,1
406,6131037,1
406,6132718,1
406,6134400,1
406,6136081,1
406,6137740,1
406,6139422,1
406,6141098,1
406,6142780,1
406,6144452,1
406,6146110,1
406,6147766,1
406,6149434,1
406,6151104,1
406,6152775,1
406,6154435,1
406,6156093,1
406,6157763,1
406,6159434,1
406,6161103,1
406,6162774,1
406,6164442,1
406,6166101,1
406,6167780,1
406,6169459,1
406,6171117,1
406,6172784,1
406,6174461,1
406,6176140,1
406,6177821,1
406,6179495,1
406,6181177,1
406,6182834,1
406,6184498,1
406,6186168,1
406,6187839,1
406,6189509,1
406,6191168,1
406,6192826,1
406,6194497,1
406,6196170,1
406,6197841,1
406,6199506,1
406,6201165,1
405,6202835,1
405,6204506,1
406,6206187,1
406,6207846,1
406,6209514,1
405,6211183,1
405,6212864,1
405,6214536,1
406,6216189,1
405,6217856,1
405,6219514,1
405,6221193,1
406,6222875,1
406,6224553,1
405,6226234,1
405,6227892,1
405,6229556,1
405,6231226,1
405,6232897,1
405,6234567,1
405,6236226,1
405,6237886,1
405,6239555,1
405,6241228,1
405,6242897,1
405,6244562,1
405,6246221,1
405,6247891,1
405,6249562,1
405,6251242,1
405,6252901,1
405,6254568,1
405,6256234,1
405,6257912,1
405,6259593,1
405,6261241,1
405,6262910,1
405,6264570,1
405,6266249,1
405,6267931,1
405,6269608,1
405,6271287,1
405,6272947,1
405,6274611,1
405,6276283,1
405,6277954,1
405,6279624,1
405,6281283,1
405,6282940,1
405,6284612,1
405,6286282,1
405,6287953,1
405,6289619,1
405,6291278,1
405,6292948,1
405,6294619,1
405,6296299,1
405,6297959,1
405,6299624,1
405,6301293,1
405,6302971,1
405,6304653,1
405,6306303,1
405,6307970,1
405,6309630,1
405,6311309,1
405,6312991,1
405,6314663,1
405,6316346,1
405,6318004,1
405,6319669,1
405,6321339,1
405,6323008,1
405,6324682,1
405,6326341,1
405,6327999,1
405,6329672,1
405,6331341,1
405,6333013,1
405,6334679,1
405,6336362,1
405,6338041,1
405,6339723,1
405,6341402,1
405,6343061,1
405,6344731,1
405,6346401,1
405,6348078,1
405,6349751,1
405,6351404,1
405,6353061,1
405,6354738,1
405,6356411,1
405,6358082,1
405,6359753,1
405,6361405,1
405,6363064,1
406,6364723,1
406,6366396,1
405,6368069,1
405,6369738,1
405,6371398,1
406,6373056,1
406,6374728,1
405,6376400,1
405,6378069,1
405,6379738,1
405,6381417,1
405,6383096,1
405,6384776,1
406,6386458,1
405,6388117,1
406,6389784,1
406,6391454,1
406,6393136,1
406,6394810,1
406,6396482,1
406,6398140,1
405,6399800,1
405,6401475,1
406,6403145,1
406,6404816,1
405,6406486,1
405,6408153,1
406,6409833,1
406,6411512,1
406,6413191,1
406,6414838,1
405,6416506,1
405,6418173,1
406,6419851,1
406,6421529,1
406,6423209,1
406,6424887,1
406,6426544,1
405,6428210,1
406,6429879,1
406,6431550,1
406,6433222,1
406,6434881,1
406,6436537,1
406,6438208,1
406,6439878,1
406,6441549,1
406,6443207,1
406,6444865,1
406,6446536,1
406,6448207,1
406,6449884,1
406,6451556,1
405,6453223,1
406,6454888,1
406,6456567,1
406,6458248,1
405,6459900,1
405,6461567,1
406,6463229,1
406,6464908,1
406,6466589,1
406,6468263,1
406,6469944,1
406,6471601,1
406,6473268,1
406,6474938,1
406,6476609,1
406,6478281,1
406,6479940,1
406,6481600,1
406,6483270,1
406,6484940,1
406,6486608,1
406,6488273,1
406,6489932,1
406,6491614,1
406,6493285,1
406,6494965,1
406,6496626,1
406,6498291,1
406,6499960,1
406,6501646,1
406,6503316,1
406,6504998,1
406,6506655,1
406,6508321,1
406,6509994,1
406,6511671,1
405,6513344,1
406,6515015,1
406,6516673,1
406,6518335,1
406,6520005,1
406,6521676,1
405,6523327,1
405,6524986,1
406,6526643,1
406,6528315,1
406,6529985,1
406,6531656,1
405,6533314,1
405,6534973,1
406,6536643,1
405,6538314,1
405,6539984,1
406,6541656,1
406,6543324,1
406,6545004,1
406,6546684,1
406,6548363,1
405,6550025,1
405,6551686,1
406,6553353,1
405,6555024,1
406,6556702,1
406,6558376,1
406,6560052,1
406,6561707,1
405,6563377,1
406,6565045,1
406,6566715,1
405,6568384,1
405,6570039,1
405,6571695,1
406,6573371,1
405,6575043,1
405,6576713,1
405,6578372,1
405,6580030,1
405,6581699,1
405,6583369,1
406,6585040,1
405,6586711,1
405,6588378,1
405,6590058,1
405,6591738,1
405,6593419,1
406,6595066,1
406,6596732,1
405,6598396,1
405,6600075,1
405,6601750,1
405,6603419,1
405,6605095,1
405,6606751,1
405,6608429,1
405,6610098,1
405,6611770,1
405,6613439,1
405,6615096,1
405,6616755,1
405,6618428,1
406,6620097,1
406,6621765,1
405,6623422,1
405,6625081,1
405,6626750,1
405,6628418,1
405,6630088,1
405,6631739,1
405,6633397,1
405,6635058,1
405,6636728,1
405,6638399,1
405,6640068,1
405,6641724,1
405,6643380,1
405,6645051,1
405,6646720,1
405,6648390,1
405,6650048,1
405,6651706,1
405,6653375,1
405,6655044,1
405,6656717,1
406,6658365,1
405,6660022,1
405,6661682,1
405,6663350,1
405,6665018,1
405,6666687,1
405,6668343,1
405,6669999,1
405,6671675,1
406,6673347,1
405,6674998,1
405,6676656,1
406,6678321,1
405,6679990,1
405,6681662,1
405,6683332,1
405,6685003,1
406,6686660,1
405,6688321,1
405,6689989,1
405,6691660,1
405,6693342,1
405,6695000,1
405,6696680,1
405,6698361,1
405,6700046,1
405,6701716,1
405,6703392,1
405,6705052,1
405,6706733,1
405,6708403,1
405,6710074,1
405,6711743,1
405,6713400,1
405,6715060,1
405,6716731,1
405,6718402,1
406,6720072,1
406,6721728,1
406,6723386,1
406,6725054,1
406,6726725,1
406,6728394,1
405,6730045,1
405,6731702,1
405,6733362,1
405,6735031,1
405,6736702,1
405,6738374,1
406,6740033,1
406,6741689,1
405,6743360,1
405,6745029,1
406,6746681,1
406,6748341,1
406,6750001,1
406,6751671,1
405,6753343,1
405,6755012,1
405,6756683,1
406,6758343,1
406,6760000,1
405,6761669,1
405,6763339,1
406,6764989,1
406,6766647,1
405,6768303,1
405,6769979,1
406,6771648,1
406,6773319,1
406,6774976,1
405,6776635,1
406,6778304,1
406,6779975,1
406,6781648,1
406,6783319,1
406,6784987,1
406,6786664,1
406,6788343,1
406,6790024,1
406,6791677,1
406,6793343,1
406,6795006,1
405,6796687,1
405,6798368,1
405,6800041,1
405,6801720,1
406,6803377,1
406,6805042,1
406,6806714,1
406,6808385,1
406,6810054,1
405,6811712,1
406,6813369,1
406,6815040,1
406,6816709,1
406,6818360,1
406,6820018,1
406,6821683,1
406,6823352,1
405,6825021,1
406,6826690,1
406,6828361,1
406,6830021,1
406,6831678,1
406,6833350,1
406,6835019,1
406,6836670,1
406,6838326,1
406,6839986,1
406,6841661,1
406,6843330,1
406,6845001,1
406,6846661,1
406,6848319,1
406,6849989,1
406,6851660,1
406,6853329,1
406,6854998,1
406,6856663,1
406,6858319,1
406,6859997,1
406,6861669,1
406,6863348,1
405,6865015,1
405,6866682,1
405,6868360,1
406,6870036,1
406,6871709,1
406,6873390,1
406,6875048,1
406,6876722,1
406,6878392,1
406,6880064,1
406,6881736,1
406,6883394,1
406,6885053,1
406,6886724,1
405,6888393,1
405,6890063,1
405,6891728,1
406,6893386,1
405,6895055,1
406,6896724,1
406,6898401,1
406,6900062,1
406,6901729,1
405,6903403,1
405,6905083,1
406,6906762,1
406,6908415,1
405,6910081,1
405,6911741,1
406,6913421,1
405,6915100,1
405,6916777,1
406,6918458,1
406,6920115,1
406,6921778,1
405,6923448,1
405,6925119,1
406,6926791,1
405,6928449,1
405,6930109,1
405,6931779,1
405,6933452,1
405,6935120,1
405,6936785,1
405,6938444,1
405,6940114,1
405,6941783,1
405,6943463,1
405,6945125,1
405,6946792,1
405,6948461,1
405,6950138,1
405,6951820,1
405,6953468,1
406,6955135,1
406,6956798,1
405,6958480,1
405,6960162,1
405,6961831,1
405,6963513,1
405,6965173,1
405,6966833,1
405,6968502,1
405,6970170,1
405,6971840,1
406,6973498,1
406,6975158,1
405,6976829,1
405,6978498,1
405,6980169,1
405,6981829,1
405,6983487,1
405,6985157,1
405,6986828,1
405,6988510,1
405,6990181,1
405,6991849,1
405,6993515,1
405,6995195,1
405,6996875,1
405,6998537,1
405,7000197,1
405,7001866,1
405,7003539,1
405,7005220,1
405,7006890,1
405,7008571,1
405,7010229,1
405,7011890,1
406,7013560,1
406,7015232,1
406,7016902,1
405,7018561,1
405,7020218,1
405,7021890,1
405,7023560,1
406,7025232,1
406,7026897,1
406,7028556,1
406,7030226,1
406,7031898,1
406,7033579,1
406,7035240,1
405,7036908,1
406,7038574,1
406,7040255,1
406,7041936,1
405,7043597,1
406,7045255,1
406,7046911,1
406,7048592,1
406,7050273,1
406,7051944,1
406,7053623,1
406,7055283,1
405,7056947,1
405,7058619,1
406,7060290,1
406,7061959,1
406,7063619,1
406,7065276,1
405,7066948,1
405,7068617,1
405,7070288,1
406,7071954,1
406,7073613,1
406,7075282,1
406,7076953,1
406,7078633,1
406,7080295,1
406,7081962,1
405,7083628,1
406,7085306,1
406,7086985,1
406,7088635,1
406,7090302,1
406,7091962,1
406,7093641,1
405,7095320,1
405,7096990,1
406,7098668,1
406,7100329,1
406,7102003,1
406,7103676,1
406,7105345,1
406,7107015,1
406,7108675,1
406,7110332,1
406,7112005,1
406,7113674,1
406,7115346,1
406,7117012,1
406,7118671,1
406,7120351,1
406,7122022,1
406,7123702,1
406,7125381,1
406,7127051,1
406,7128710,1
406,7130392,1
406,7132072,1
405,7133732,1
406,7135390,1
406,7137060,1
406,7138732,1
406,7140409,1
406,7142081,1
406,7143751,1
406,7145411,1
406,7147071,1
406,7148742,1
406,7150414,1
406,7152064,1
406,7153724,1
406,7155384,1
406,7157053,1
406,7158727,1
406,7160398,1
406,7162057,1
406,7163716,1
406,7165387,1
405,7167057,1
406,7168736,1
406,7170397,1
405,7172065,1
405,7173738,1
406,7175418,1
406,7177099,1
406,7178747,1
406,7180416,1
406,7182074,1
406,7183753,1
406,7185435,1
406,7187112,1
405,7188792,1
405,7190450,1
406,7192114,1
406,7193784,1
406,7195455,1
405,7197125,1
405,7198785,1
406,7200442,1
406,7202113,1
405,7203782,1
405,7205432,1
406,7207090,1
406,7208754,1
405,7210426,1
406,7212094,1
405,7213763,1
405,7215431,1
405,7217089,1
405,7218747,1
406,7220417,1
406,7222087,1
406,7223756,1
405,7225415,1
405,7227095,1
406,7228766,1
405,7230446,1
405,7232124,1
405,7233781,1
406,7235459,1
406,7237140,1
406,7238809,1
405,7240490,1
405,7242159,1
406,7243823,1
406,7245483,1
406,7247164,1
406,7248836,1
406,7250488,1
405,7252145,1
406,7253811,1
406,7255481,1
405,7257152,1
406,7258822,1
406,7260474,1
406,7262132,1
405,7263796,1
406,7265466,1
405,7267137,1
405,7268808,1
405,7270467,1
406,7272126,1
406,7273796,1
405,7275466,1
406,7277137,1
405,7278805,1
405,7280461,1
405,7282141,1
405,7283810,1
406,7285487,1
405,7287149,1
405,7288814,1
405,7290480,1
405,7292158,1
405,7293839,1
405,7295501,1
405,7297162,1
405,7298828,1
405,7300500,1
405,7302181,1
405,7303851,1
406,7305532,1
406,7307192,1
406,7308852,1
406,7310521,1
405,7312190,1
405,7313862,1
405,7315522,1
405,7317182,1
405,7318853,1
405,7320523,1
406,7322195,1
405,7323858,1
406,7325517,1
406,7327187,1
406,7328859,1
405,7330538,1
406,7332198,1
406,7333864,1
405,7335533,1
405,7337213,1
406,7338892,1
406,7340543,1
405,7342210,1
405,7343870,1
406,7345553,1
405,7347232,1
406,7348904,1
405,7350583,1
405,7352242,1
406,7353906,1
405,7355577,1
405,7357249,1
406,7358922,1
406,7360582,1
405,7362239,1
406,7363911,1
406,7365581,1
406,7367253,1
406,7368921,1
406,7370600,1
405,7372280,1
405,7373960,1
405,7375640,1
406,7377310,1
405,7378973,1
405,7380638,1
406,7382319,1
406,7383989,1
406,7385641,1
406,7387298,1
406,7388966,1
406,7390635,1
405,7392317,1
406,7393989,1
406,7395660,1
406,7397318,1
406,7398977,1
406,7400646,1
406,7402317,1
406,7403997,1
406,7405654,1
406,7407331,1
406,7409010,1
406,7410699,1
406,7412369,1
406,7414051,1
406,7415709,1
406,7417390,1
406,7419060,1
406,7420732,1
406,7422402,1
406,7424061,1
406,7425718,1
406,7427389,1
406,7429058,1
406,7430730,1
406,7432387,1
406,7434046,1
406,7435718,1
406,7437390,1
406,7439070,1
406,7440739,1
406,7442406,1
406,7444074,1
406,7445754,1
405,7447436,1
405,7449087,1
405,7450754,1
406,7452414,1
406,7454093,1
406,7455774,1
406,7457449,1
406,7459130,1
406,7460788,1
406,7462452,1
406,7464121,1
406,7465793,1
406,7467465,1
406,7469124,1
406,7470804,1
406,7472473,1
406,7474153,1
406,7475833,1
406,7477519,1
406,7479177,1
406,7480859,1
406,7482536,1
406,7484215,1
406,7485885,1
405,7487545,1
405,7489203,1
406,7490876,1
406,7492546,1
406,7494198,1
406,7495859,1
405,7497523,1
405,7499193,1
405,7500866,1
406,7502535,1
406,7504187,1
405,7505845,1
405,7507507,1
406,7509180,1
406,7510850,1
406,7512520,1
405,7514180,1
405,7515861,1
405,7517533,1
405,7519214,1
405,7520896,1
405,7522575,1
406,7524235,1
406,7525914,1
405,7527593,1
405,7529275,1
406,7530945,1
406,7532605,1
406,7534265,1
405,7535937,1
405,7537608,1
405,7539279,1
405,7540944,1
406,7542603,1
406,7544273,1
405,7545945,1
405,7547622,1
406,7549285,1
406,7550953,1
406,7552620,1
405,7554297,1
405,7555979,1
406,7557641,1
406,7559299,1
405,7560957,1
405,7562636,1
406,7564315,1
406,7565993,1
406,7567675,1
406,7569333,1
406,7570995,1
406,7572668,1
405,7574340,1
405,7576011,1
405,7577670,1
406,7579347,1
406,7581019,1
406,7582699,1
406,7584378,1
406,7586038,1
406,7587720,1
406,7589399,1
405,7591069,1
406,7592751,1
406,7594421,1
405,7596081,1
405,7597739,1
405,7599416,1
405,7601087,1
405,7602758,1
405,7604417,1
405,7606076,1
405,7607746,1
406,7609418,1
406,7611088,1
406,7612760,1
406,7614429,1
405,7616106,1
405,7617783,1
406,7619462,1
406,7621115,1
406,7622785,1
406,7624442,1
406,7626121,1
406,7627798,1
406,7629469,1
405,7631150,1
406,7632808,1
406,7634482,1
406,7636152,1
406,7637824,1
405,7639497,1
405,7641154,1
405,7642813,1
405,7644484,1
406,7646154,1
405,7647826,1
405,7649493,1
405,7651150,1
405,7652831,1
405,7654503,1
406,7656180,1
405,7657843,1
405,7659511,1
406,7661181,1
406,7662861,1
405,7664531,1
405,7666213,1
405,7667872,1
405,7669539,1
406,7671210,1
406,7672892,1
406,7674566,1
405,7676219,1
405,7677878,1
405,7679540,1
406,7681213,1
406,7682883,1
405,7684555,1
405,7686213,1
406,7687871,1
406,7689542,1
406,7691214,1
406,7692885,1
406,7694552,1
406,7696233,1
406,7697913,1
406,7699592,1
406,7701274,1
406,7702931,1
406,7704600,1
406,7706270,1
406,7707951,1
406,7709621,1
406,7711273,1
406,7712931,1
406,7714599,1
406,7716269,1
406,7717948,1
406,7719618,1
406,7721290,1
406,7722947,1
406,7724606,1
406,7726278,1
406,7727947,1
406,7729601,1
406,7731260,1
406,7732917,1
406,7734588,1
406,7736258,1
406,7737930,1
406,7739587,1
405,7741247,1
403,7742917,1
402,7744589,1
401,7746268,1
398,7747940,1
396,7749608,1
395,7751277,1
393,7752958,1
390,7754638,1
388,7756300,1
387,7757959,1
384,7759629,1
380,7761302,1
376,7762981,1
372,7764652,1
369,7766331,1
366,7767993,1
363,7769652,1
359,7771322,1
352,7772994,1
348,7774665,1
345,7776325,1
341,7777983,1
333,7779655,1
327,7781325,1
324,7782998,1
320,7784665,1
313,7786321,1
305,7787999,1
302,7789671,1
297,7791351,1
287,7793033,1
280,7794700,1
277,7796358,1
269,7798040,1
259,7799710,1
255,7801373,1
248,7803036,1
239,7804703,1
232,7806376,1
225,7808056,1
217,7809725,1
209,7811394,1
200,7813054,1
193,7814711,1
184,7816381,1
176,7818053,1
168,7819706,1
160,7821366,1
151,7823023,1
143,7824701,1
135,7826371,1
127,7828023,1
117,7829684,1
109,7831348,1
101,7833021,1
93,7834693,1
86,7836283,1
76,7837865,1
69,7839449,1
61,7841040,1
53,7842629,1
45,7844218,1
38,7845797,1
29,7847386,1
22,7848976,1
14,7850565,1
7,7852142,1
4094,7853679,1
4085,7855432,1
4077,7857175,1
4069,7858909,1
4059,7860645,1
4050,7862373,1
4042,7864126,1
4034,7865869,1
4025,7867602,1
4016,7869337,1
4007,7871079,1
3999,7872832,1
3990,7874553,1
3982,7876286,1
3974,7878021,1
3964,7879767,1
3955,7881519,1
3947,7883254,1
3939,7884984,1
3931,7886706,1
3921,7888458,1
3913,7890203,1
3905,7891944,1
3897,7893689,1
3887,7895424,1
3879,7897152,1
3871,7898873,1
3863,7900616,1
3855,7902349,1
3845,7904095,1
3837,7905847,1
3829,7907568,1
3821,7909311,1
3812,7911035,1
3803,7912783,1
3795,7914534,1
3788,7916268,1
3779,7918011,1
3771,7919735,1
3762,7921479,1
3755,7923222,1
3746,7924955,1
3738,7926691,1
3730,7928437,1
3722,7930187,1
3713,7931918,1
3705,7933643,1
3698,7935379,1
3690,7937125,1
3680,7938877,1
3673,7940622,1
3665,7942344,1
3657,7944068,1
3649,7945813,1
3640,7947566,1
3632,7949299,1
3624,7951041,1
3617,7952777,1
3607,7954510,1
3599,7956263,1
3592,7957999,1
3584,7959743,1
3575,7961478,1
3567,7963224,1
3559,7964977,1
3551,7966701,1
3542,7968435,1
3535,7970172,1
3526,7971915,1
3518,7973658,1
3509,7975400,1
3502,7977134,1
3494,7978867,1
3485,7980620,1
3477,7982376,1
3469,7984111,1
3461,7985854,1
3453,7987590,1
3444,7989323,1
3436,7991075,1
3428,7992810,1
3420,7994552,1
3411,7996285,1
3402,7998031,1
3394,7999782,1
3386,8001504,1
3377,8003241,1
3369,8004982,1
3360,8006734,1
3352,8008485,1
3343,8010218,1
3336,8011948,1
3327,8013683,1
3318,8015435,1
3310,8017177,1
3302,8018921,1
3294,8020663,1
3285,8022398,1
3276,8024131,1
3268,8025851,1
3260,8027596,1
3252,8029328,1
3242,8031073,1
3234,8032822,1
3226,8034543,1
3217,8036285,1
3209,8038004,1
3200,8039758,1
3191,8041510,1
3183,8043244,1
3174,8044987,1
3166,8046707,1
3157,8048455,1
3149,8050197,1
3141,8051931,1
3132,8053666,1
3123,8055412,1
3115,8057167,1
3105,8058905,1
3097,8060639,1
3089,8062375,1
3081,8064120,1
3071,8065870,1
3063,8067622,1
3055,8069343,1
3046,8071086,1
3037,8072818,1
3028,8074570,1
3020,8076313,1
3012,8078047,1
3004,8079780,1
2994,8081513,1
2986,8083266,1
2978,8085010,1
2969,8086744,1
2960,8088476,1
2951,8090221,1
2943,8091973,1
2935,8093695,1
2926,8095425,1
2918,8097159,1
2909,8098902,1
2901,8100652,1
2892,8102385,1
2884,8104118,1
2876,8105843,1
2867,8107596,1
2858,8109339,1
2849,8111081,1
2842,8112823,1
2833,8114558,1
2824,8116289,1
2816,8118012,1
2808,8119755,1
2799,8121487,1
2790,8123233,1
2781,8124985,1
2773,8126710,1
2765,8128453,1
2757,8130178,1
2748,8131918,1
2739,8133661,1
2732,8135399,1
2724,8137142,1
2715,8138865,1
2706,8140611,1
2698,8142357,1
2690,8144093,1
2681,8145828,1
2673,8147568,1
2665,8149321,1
2656,8151052,1
2647,8152775,1
2639,8154510,1
2632,8156253,1
2623,8158003,1
2614,8159737,1
2606,8161469,1
2598,8163188,1
2590,8164941,1
2582,8166694,1
2573,8168427,1
2565,8170169,1
2557,8171904,1
2549,8173633,1
2539,8175357,1
2531,8177103,1
2523,8178839,1
2515,8180585,1
2506,8182336,1
2498,8184080,1
2490,8185801,1
2482,8187527,1
2473,8189270,1
2465,8191024,1
2457,8192762,1
2449,8194503,1
2440,8196224,1
2432,8197953,1
2423,8199696,1
2415,8201428,1
2408,8203160,1
2399,8204901,1
2391,8206652,1
2382,8208373,1
2374,8210104,1
2366,8211838,1
2357,8213578,1
2349,8215320,1
2341,8217063,1
2331,8218793,1
2324,8220530,1
2316,8222281,1
2308,8224023,1
2299,8225755,1
2290,8227487,1
2282,8229229,1
2274,8230968,1
2266,8232688,1
2256,8234433,1
2248,8236164,1
2241,8237905,1
2232,8239657,1
2223,8241379,1
2215,8243121,1
2207,8244851,1
2199,8246602,1
2190,8248343,1
2182,8250086,1
2173,8251825,1
2165,8253550,1
2156,8255302,1
2148,8257047,1
2140,8258779,1
2131,8260513,1
2122,8262252,1
2114,8264004,1
2106,8265725,1
2098,8267456,1
2089,8269188,1
2080,8270932,1
2073,8272684,1
2065,8274417,1
2056,8276149,1
2047,8277873,1
2039,8279625,1
2031,8281367,1
2023,8283100,1
2013,8284835,1
2005,8286579,1
1997,8288316,1
1989,8290036,1
1981,8291778,1
1972,8293513,1
1963,8295258,1
1955,8297010,1
1946,8298733,1
1938,8300474,1
1930,8302196,1
1922,8303946,1
1914,8305688,1
1905,8307432,1
1897,8309176,1
1888,8310899,1
1880,8312641,1
1871,8314384,1
1863,8316120,1
1855,8317855,1
1846,8319595,1
1837,8321348,1
1829,8323068,1
1822,8324797,1
1814,8326532,1
1805,8328273,1
1796,8330022,1
1788,8331755,1
1781,8333487,1
1772,8335218,1
1763,8336970,1
1755,8338712,1
1747,8340445,1
1740,8342179,1
1730,8343922,1
1722,8345662,1
1714,8347381,1
1706,8349123,1
1698,8350857,1
1689,8352602,1
1681,8354353,1
1674,8356074,1
1665,8357815,1
1657,8359537,1
1649,8361286,1
1641,8363029,1
1633,8364765,1
1624,8366500,1
1616,8368231,1
1608,8369983,1
1600,8371724,1
1592,8373456,1
1584,8375191,1
1576,8376937,1
1568,8378689,1
1559,8380410,1
1551,8382140,1
1543,8383875,1
1536,8385620,1
1526,8387372,1
1518,8389105,1
1511,8390838,1
1503,8392563,1
1494,8394315,1
1486,8396058,1
1478,8397799,1
1470,8399541,1
1461,8401275,1
1453,8403009,1
1445,8404732,1
1437,8406474,1
1429,8408208,1
1421,8409952,1
1412,8411703,1
1404,8413424,1
1396,8415166,1
1387,8416889,1
1379,8418638,1
1371,8420389,1
1363,8422122,1
1354,8423867,1
1347,8425587,1
1339,8427334,1
1330,8429076,1
1321,8430809,1
1313,8432543,1
1305,8434286,1
1297,8436038,1
1288,8437770,1
1280,8439490,1
1272,8441224,1
1264,8442969,1
1256,8444718,1
1246,8446452,1
1238,8448185,1
1230,8449906,1
1222,8451658,1
1213,8453400,1
1204,8455142,1
1197,8456884,1
1189,8458619,1
1180,8460353,1
1171,8462077,1
1163,8463819,1
1155,8465554,1
1145,8467296,1
1137,8469048,1
1129,8470772,1
1120,8472514,1
1112,8474236,1
1103,8475979,1
1095,8477722,1
1087,8479463,1
1078,8481205,1
1069,8482927,1
1061,8484673,1
1053,8486415,1
1044,8488147,1
1034,8489882,1
1026,8491626,1
1018,8493378,1
1010,8495099,1
1000,8496831,1
992,8498566,1
984,8500247,1
975,8501916,1
967,8503595,1
960,8505256,1
951,8506930,1
943,8508600,1
935,8510272,1
927,8511945,1
918,8513603,1
910,8515260,1
902,8516932,1
893,8518602,1
885,8520273,1
876,8521938,1
869,8523596,1
861,8525278,1
853,8526949,1
845,8528629,1
836,8530288,1
827,8531955,1
819,8533624,1
811,8535308,1
803,8536978,1
794,8538637,1
785,8540295,1
778,8541961,1
770,8543631,1
762,8545313,1
754,8546983,1
745,8548665,1
737,8550323,1
729,8551987,1
721,8553658,1
712,8555329,1
704,8557002,1
696,8558658,1
687,8560319,1
680,8561990,1
672,8563662,1
663,8565331,1
655,8566994,1
647,8568652,1
639,8570322,1
631,8571994,1
622,8573675,1
614,8575335,1
606,8577001,1
598,8578667,1
590,8580347,1
582,8582026,1
573,8583680,1
565,8585340,1
557,8587002,1
549,8588682,1
540,8590364,1
532,8592042,1
524,8593723,1
516,8595381,1
508,8597042,1
499,8598715,1
492,8600385,1
484,8602055,1
475,8603713,1
467,8605373,1
459,8607044,1
450,8608714,1
442,8610384,1
434,8612050,1
426,8613708,1
418,8615390,1
409,8617061,1
401,8618741,1
394,8620401,1
386,8622069,1
377,8623736,1
368,8625420,1
360,8627090,1
352,8628750,1
344,8630408,1
336,8632076,1
327,8633746,1
319,8635427,1
310,8637098,1
302,8638780,1
295,8640441,1
285,8642102,1
277,8643774,1
269,8645442,1
262,8647112,1
253,8648771,1
244,8650428,1
236,8652099,1
227,8653769,1
219,8655440,1
212,8657104,1
203,8658763,1
194,8660433,1
186,8662104,1
179,8663784,1
170,8665443,1
161,8667111,1
154,8668780,1
147,8670460,1
139,8672139,1
133,8673801,1
126,8675459,1
118,8677119,1
113,8678798,1
107,8680480,1
99,8682152,1
94,8683726,1
91,8685295,1
83,8686911,1
76,8688500,1
73,8690099,1
71,8691670,1
62,8693239,1
56,8694857,1
55,8696445,1
54,8698022,1
46,8699608,1
38,8701198,1
36,8702791,1
36,8704381,1
32,8705956,1
26,8707545,1
23,8709134,1
21,8710722,1
18,8712298,1
15,8713897,1
14,8715488,1
13,8717078,1
10,8718666,1
7,8720243,1
5,8721775,1
3,8723311,1
2,8724846,1
4095,8726366,1
4094,8728119,1
4094,8729854,1
4092,8731596,1
4091,8733331,1
4092,8735071,1
4091,8736811,1
4088,8738531,1
4089,8740274,1
4091,8742011,1
4089,8743759,1
4088,8745511,1
4091,8747233,1
4090,8748977,1
4088,8750707,1
4089,8752457,1
4091,8754200,1
4089,8755934,1
4088,8757669,1
4090,8759399,1
4090,8761152,1
4089,8762894,1
4089,8764628,1
4091,8766363,1
4089,8768106,1
4089,8769857,1
4090,8771578,1
4090,8773308,1
4089,8775043,1
4090,8776785,1
4091,8778535,1
4089,8780269,1
4089,8782002,1
4090,8783729,1
4090,8785482,1
4089,8787225,1
4090,8788968,1
4090,8790713,1
4089,8792449,1
4089,8794182,1
4090,8795935,1
4090,8797672,1
4089,8799415,1
4090,8801150,1
4090,8802871,1
4089,8804593,1
4089,8806335,1
4090,8808056,1
4090,8809802,1
4089,8811544,1
4090,8813277,1
4090,8815011,1
4089,8816742,1
4089,8818491,1
4090,8820233,1
4090,8821967,1
4089,8823699,1
4090,8825444,1
4090,8827194,1
4089,8828915,1
4089,8830645,1
4090,8832380,1
4089,8834122,1
4089,8835864,1
4090,8837607,1
4090,8839337,1
4089,8841075,1
4089,8842827,1
4090,8844569,1
4090,8846313,1
4089,8848056,1
4090,8849789,1
4090,8851522,1
4089,8853245,1
4089,8854987,1
4090,8856721,1
4089,8858461,1
4089,8860213,1
4090,8861934,1
4090,8863679,1
4089,8865401,1
4089,8867146,1
4090,8868888,1
4089,8870631,1
4089,8872373,1
4089,8874096,1
4090,8875845,1
4089,8877591,1
4090,8879325,1
4090,8881060,1
4089,8882800,1
4089,8884552,1
4090,8886282,1
4090,8888003,1
4089,8889738,1
4090,8891480,1
4090,8893232,1
4089,8894966,1
4089,8896699,1
4090,8898421,1
4089,8900171,1
4089,8901913,1
4090,8903657,1
4089,8905400,1
4089,8907133,1
4089,8908866,1
4090,8910587,1
4089,8912329,1
4089,8914061,1
4090,8915806,1
4089,8917556,1
4089,8919278,1
4090,8921021,1
4090,8922741,1
4089,8924494,1
4090,8926236,1
4090,8927975,1
4089,8929719,1
4089,8931442,1
4090,8933186,1
4090,8934923,1
4089,8936659,1
4089,8938394,1
4090,8940134,1
4090,8941887,1
4089,8943609,1
4090,8945340,1
4090,8947072,1
4089,8948818,1
4090,8950568,1
4090,8952302,1
4090,8954036,1
4089,8955764,1
4090,8957517,1
4089,8959261,1
4089,8961001,1
4090,8962742,1
4090,8964477,1
4089,8966207,1
4089,8967930,1
4090,8969672,1
4089,8971407,1
4089,8973149,1
4089,8974901,1
4090,8976622,1
4089,8978364,1
4089,8980086,1
4090,8981838,1
4090,8983591,1
4090,8985327,1
4090,8987072,1
4090,8988795,1
4089,8990531,1
4089,8992276,1
4090,8994009,1
4089,8995741,1
4089,8997487,1
4089,8999239,1
4089,9000970,1
4089,9002690,1
4090,9004425,1
4090,9006171,1
4089,9007923,1
4089,9009658,1
4089,9011388,1
4089,9013110,1
4089,9014862,1
4089,9016614,1
4089,9018347,1
4089,9020091,1
4089,9021823,1
4089,9023556,1
4089,9025280,1
4090,9027017,1
4089,9028750,1
4089,9030494,1
4089,9032244,1
4090,9033965,1
4089,9035707,1
4089,9037427,1
4090,9039179,1
4089,9040924,1
4089,9042662,1
4089,9044402,1
4089,9046127,1
4089,9047874,1
4090,9049617,1
4090,9051350,1
4090,9053085,1
4089,9054827,1
4090,9056580,1
4090,9058303,1
4089,9060033,1
4090,9061765,1
4090,9063510,1
4090,9065263,1
4090,9066997,1
4090,9068727,1
4089,9070450,1
4089,9072202,1
4089,9073945,1
4089,9075688,1
4089,9077433,1
4089,9079168,1
4089,9080896,1
4089,9082617,1
4089,9084360,1
4089,9086095,1
4089,9087840,1
4089,9089594,1
4090,9091318,1
4089,9093060,1
4089,9094783,1
4090,9096523,1
4090,9098265,1
4089,9100008,1
4089,9101753,1
4089,9103476,1
4089,9105222,1
4090,9106967,1
4089,9108701,1
4089,9110436,1
4090,9112181,1
4090,9113932,1
4089,9115674,1
4089,9117408,1
4089,9119154,1
4089,9120892,1
4089,9122634,1
4090,9124376,1
4090,9126108,1
4089,9127851,1
4090,9129586,1
4089,9131339,1
4089,9133085,1
4089,9134824,1
4090,9136569,1
4090,9138292,1
4089,9140035,1
4090,9141780,1
4089,9143513,1
4089,9145246,1
4089,9146992,1
4089,9148744,1
4089,9150476,1
4090,9152197,1
4090,9153930,1
4090,9155675,1
4090,9157428,1
4090,9159165,1
4090,9160899,1
4089,9162621,1
4089,9164367,1
4089,9166118,1
4089,9167851,1
4090,9169594,1
4090,9171328,1
4090,9173056,1
4090,9174780,1
4089,9176524,1
4089,9178259,1
4089,9179998,1
4090,9181751,1
4090,9183475,1
4089,9185221,1
4089,9186944,1
4089,9188689,1
4089,9190439,1
4089,9192174,1
4089,9193917,1
4090,9195640,1
4089,9197382,1
4089,9199125,1
4090,9200859,1
4090,9202594,1
4089,9204337,1
4089,9206087,1
4089,9207808,1
4089,9209534,1
4089,9211270,1
4089,9213010,1
4090,9214761,1
4089,9216496,1
4090,9218224,1
4090,9219954,1
4090,9221706,1
4089,9223450,1
4089,9225190,1
4089,9226933,1
4089,9228667,1
4089,9230402,1
4089,9232125,1
4089,9233866,1
4089,9235601,1
4089,9237345,1
4089,9239098,1
4089,9240819,1
4089,9242563,1
4089,9244287,1
4089,9246032,1
4090,9247784,1
4089,9249518,1
4089,9251263,1
4089,9252985,1
4089,9254722,1
4089,9256464,1
4089,9258198,1
4089,9259933,1
4089,9261673,1
4089,9263425,1
4090,9265146,1
4089,9266876,1
4089,9268609,1
4089,9270354,1
4089,9272106,1
4089,9273840,1
4089,9275570,1
4089,9277297,1
4089,9279050,1
4090,9280793,1
4090,9282536,1
4090,9284281,1
4089,9286015,1
4089,9287747,1
4089,9289502,1
4089,9291240,1
4089,9292985,1
4089,9294719,1
4089,9296464,1
4089,9298214,1
4089,9299935,1
4089,9301674,1
4089,9303415,1
4089,9305162,1
4089,9306905,1
4089,9308648,1
4089,9310379,1
4089,9312114,1
4089,9313864,1
4090,9315606,1
4089,9317353,1
4089,9319096,1
4090,9320828,1
4090,9322558,1
4090,9324279,1
4090,9326022,1
4089,9327757,1
4089,9329503,1
4090,9331255,1
4089,9332976,1
4089,9334719,1
4089,9336442,1
4089,9338187,1
4089,9339930,1
4089,9341664,1
4089,9343396,1
4089,9345129,1
4089,9346881,1
4089,9348623,1
4089,9350359,1
4089,9352094,1
4090,9353836,1
4090,9355589,1
4089,9357311,1
4089,9359043,1
4090,9360779,1
4089,9362523,1
4089,9364273,1
4089,9366007,1
4089,9367740,1
4089,9369462,1
4089,9371215,1
4089,9372965,1
4089,9374698,1
4089,9376444,1
4089,9378178,1
4090,9379906,1
4090,9381627,1
4090,9383370,1
4089,9385105,1
4089,9386847,1
4089,9388598,1
4089,9390320,1
4090,9392063,1
4089,9393785,1
4089,9395531,1
4089,9397273,1
4089,9399015,1
4089,9400758,1
4090,9402481,1
4090,9404227,1
4090,9405972,1
4090,9407706,1
4090,9409442,1
4089,9411187,1
4089,9412943,1
4089,9414682,1
4089,9416416,1
4089,9418148,1
4090,9419894,1
4089,9421648,1
4090,9423397,1
4090,9425119,1
4089,9426864,1
4089,9428594,1
4089,9430346,1
4089,9432089,1
4089,9433823,1
4089,9435555,1
4089,9437288,1
4089,9439038,1
4089,9440784,1
4089,9442520,1
4089,9444255,1
4089,9446000,1
4090,9447753,1
4089,9449483,1
4089,9451204,1
4089,9452937,1
4089,9454682,1
4090,9456434,1
4089,9458168,1
4089,9459899,1
4089,9461622,1
4089,9463375,1
4089,9465127,1
4090,9466861,1
4090,9468607,1
4090,9470343,1
4090,9472077,1
4089,9473829,1
4089,9475565,1
4089,9477307,1
4089,9479040,1
4089,9480785,1
4089,9482535,1
4090,9484259,1
4090,9485994,1
4089,9487739,1
4090,9489487,1
4090,9491237,1
4089,9492971,1
4089,9494701,1
4089,9496435,1
4089,9498185,1
4090,9499928,1
4089,9501662,1
4089,9503395,1
4090,9505135,1
4089,9506876,1
4089,9508597,1
4089,9510342,1
4089,9512078,1
4089,9513823,1
4089,9515576,1
4089,9517298,1
4089,9519041,1
4089,9520761,1
4089,9522506,1
4090,9524249,1
4089,9525990,1
4089,9527730,1
4089,9529456,1
4089,9531206,1
4089,9532949,1
4090,9534685,1
4090,9536421,1
4090,9538163,1
4089,9539913,1
4089,9541644,1
4089,9543365,1
4089,9545098,1
4089,9546843,1
4089,9548596,1
4089,9550333,1
4090,9552066,1
4089,9553789,1
4089,9555532,1
4090,9557275,1
4089,9559017,1
4089,9560761,1
4089,9562496,1
4089,9564225,1
4090,9565948,1
4089,9567692,1
4089,9569427,1
4089,9571168,1
4089,9572921,1
4089,9574644,1
4089,9576386,1
4089,9578109,1
4089,9579855,1
4089,9581608,1
4089,9583342,1
4089,9585086,1
4089,9586809,1
4089,9588547,1
4089,9590292,1
4089,9592027,1
4089,9593762,1
4089,9595505,1
4089,9597256,1
4089,9598990,1
4089,9600713,1
4089,9602447,1
4089,9604191,1
4089,9605943,1
4090,9607679,1
4089,9609410,1
4089,9611132,1
4090,9612875,1
4089,9614617,1
4089,9616360,1
4089,9618105,1
4089,9619839,1
4089,9621573,1
4089,9623294,1
4089,9625037,1
4089,9626772,1
4089,9628517,1
4089,9630266,1
4089,9631988,1
4089,9633731,1
4090,9635455,1
4090,9637195,1
4090,9638938,1
4090,9640679,1
4090,9642421,1
4089,9644144,1
4089,9645894,1
4090,9647640,1
4090,9649383,1
4089,9651126,1
4089,9652859,1
4089,9654606,1
4090,9656346,1
4089,9658080,1
4089,9659812,1
4090,9661558,1
4089,9663311,1
4089,9665064,1
4089,9666785,1
4089,9668527,1
4090,9670257,1
4090,9672010,1
4089,9673752,1
4089,9675485,1
4089,9677221,1
4089,9678953,1
4090,9680703,1
4090,9682445,1
4089,9684181,1
4089,9685916,1
4089,9687661,1
4089,9689414,1
4090,9691147,1
4089,9692871,1
4089,9694605,1
4089,9696346,1
4090,9698098,1
4090,9699834,1
4089,9701565,1
4089,9703288,1
4089,9705038,1
4089,9706791,1
4089,9708525,1
4089,9710268,1
4089,9712003,1
4090,9713736,1
4090,9715489,1
4090,9717223,1
4090,9718966,1
4090,9720702,1
4089,9722447,1
4089,9724198,1
4089,9725920,1
4089,9727658,1
4090,9729405,1
4089,9731147,1
4089,9732890,1
4089,9734630,1
4089,9736361,1
4089,9738098,1
4089,9739851,1
4090,9741593,1
4090,9743337,1
4090,9745081,1
4089,9746816,1
4090,9748549,1
4090,9750270,1
4089,9752013,1
4089,9753748,1
4089,9755493,1
4089,9757243,1
4089,9758965,1
4090,9760707,1
4089,9762427,1
4089,9764174,1
4089,9765927,1
4089,9767663,1
4089,9769406,1
4089,9771128,1
4089,9772866,1
4090,9774611,1
4090,9776345,1
4089,9778078,1
4089,9779823,1
4090,9781576,1
4090,9783309,1
4090,9785031,1
4089,9786767,1
4089,9788512,1
4090,9790265,1
4090,9792011,1
4090,9793734,1
4089,9795457,1
4089,9797197,1
4089,9798940,1
4089,9800679,1
4090,9802422,1
4089,9804154,1
4089,9805888,1
4090,9807609,1
4090,9809355,1
4090,9811091,1
4090,9812836,1
4089,9814590,1
4089,9816333,1
4090,9818055,1
4089,9819775,1
4089,9821516,1
4089,9823260,1
4090,9824999,1
4090,9826743,1
4089,9828466,1
4089,9830215,1
4089,9831959,1
4089,9833702,1
4089,9835441,1
4089,9837179,1
4089,9838926,1
4089,9840666,1
4090,9842398,1
4090,9844133,1
4090,9845877,1
4090,9847627,1
4090,9849369,1
4090,9851101,1
4090,9852840,1
4089,9854577,1
4090,9856330,1
4090,9858071,1
4089,9859804,1
4089,9861536,1
4089,9863269,1
4089,9865018,1
4090,9866751,1
4090,9868494,1
4090,9870226,1
4089,9871971,1
4089,9873724,1
4090,9875445,1
4090,9877175,1
4090,9878909,1
4089,9880652,1
4090,9882394,1
4090,9884135,1
4089,9885866,1
4090,9887603,1
4089,9889355,1
4089,9891097,1
4089,9892839,1
4089,9894581,1
4089,9896315,1
4089,9898051,1
4089,9899772,1
4089,9901517,1
4090,9903253,1
4089,9904998,1
4089,9906751,1
4089,9908497,1
4090,9910218,1
4089,9911941,1
4089,9913685,1
4090,9915437,1
4090,9917171,1
4090,9918914,1
4089,9920635,1
4089,9922369,1
4089,9924112,1
4089,9925848,1
4089,9927582,1
4089,9929327,1
4089,9931080,1
4090,9932813,1
4089,9934535,1
4089,9936270,1
4089,9938012,1
4089,9939764,1
4089,9941497,1
4089,9943228,1
4089,9944950,1
4089,9946703,1
4089,9948455,1
4089,9950189,1
4089,9951934,1
4089,9953670,1
4089,9955403,1
4089,9957155,1
4089,9958889,1
4090,9960631,1
4089,9962366,1
4089,9964089,1
4089,9965810,1
4089,9967553,1
4089,9969274,1
4090,9971019,1
4090,9972762,1
4089,9974504,1
4089,9976249,1
4089,9977972,1
4089,9979715,1
4090,9981461,1
4090,9983197,1
4090,9984935,1
4090,9986674,1
4089,9988427,1
4089,9990157,1
4089,9991879,1
4090,9993614,1
4089,9995354,1
4089,9997107,1
4089,9998843,1
4089,10000573,1
4090,10002378,1
4089,10004183,1
4090,10006000,1
4090,10007836,1
4090,10009666,1
4090,10011471,1
4090,10013306,1
4089,10015115,1
4089,10016930,1
4089,10018743,1
4089,10020550,1
4090,10022365,1
4089,10024183,1
4089,10026019,1
4089,10027844,1
4090,10029652,1
4089,10031468,1
4089,10033292,1
4089,10035105,1
4090,10036928,1
4089,10038745,1
4089,10040563,1
4090,10042396,1
4090,10044226,1
4089,10046032,1
4089,10047845,1
4090,10049668,1
4090,10051481,1
4089,10053303,1
4089,10055121,1
4090,10056938,1
4089,10058772,1
4089,10060598,1
4090,10062406,1
4089,10064212,1
4089,10066015,1
4089,10067850,1
4089,10069672,1
4089,10071501,1
4089,10073319,1
4089,10075157,1
4089,10076985,1
4089,10078791,1
4089,10080599,1
4089,10082422,1
4089,10084244,1
4089,10086071,1
4089,10087889,1
4089,10089707,1
4089,10091543,1
4089,10093368,1
4090,10095176,1
4089,10096985,1
4089,10098807,1
4089,10100632,1
4089,10102460,1
4089,10104278,1
4090,10106096,1
4090,10107933,1
4089,10109764,1
4089,10111572,1
4089,10113389,1
4089,10115210,1
4089,10117025,1
4089,10118853,1
4090,10120671,1
4089,10122488,1
4089,10124322,1
4089,10126147,1
4089,10127953,1
4089,10129767,1
4089,10131588,1
4089,10133404,1
4089,10135227,1
4089,10137043,1
4089,10138861,1
4089,10140698,1
4089,10142531,1
4089,10144337,1
4089,10146150,1
4090,10147974,1
4089,10149789,1
4089,10151617,1
4089,10153436,1
4089,10155254,1
4089,10157092,1
4089,10158918,1
4089,10160724,1
4089,10162539,1
4089,10164363,1
4089,10166175,1
4089,10168001,1
4089,10169815,1
4089,10171633,1
4090,10173467,1
4089,10175300,1
4089,10177107,1
4089,10178918,1
4089,10180741,1
4090,10182556,1
4089,10184384,1
4089,10186202,1
4089,10188018,1
4090,10189852,1
4089,10191683,1
4089,10193489,1
4089,10195303,1
4089,10197123,1
4090,10198939,1
4089,10200768,1
4090,10202583,1
4089,10204398,1
4089,10206235,1
4089,10208069,1
4089,10209875,1
4090,10211688,1
4089,10213512,1
4089,10215328,1
4089,10217154,1
4089,10218972,1
4089,10220791,1
4089,10222626,1
4089,10224452,1
4089,10226258,1
4089,10228075,1
4089,10229899,1
4090,10231714,1
4089,10233543,1
4089,10235363,1
4089,10237198,1
4090,10239024,1
4089,10240835,1
4089,10242641,1
4089,10244453,1
4089,10246272,1
4090,10248083,1
4090,10249909,1
4089,10251726,1
4089,10253542,1
4089,10255375,1
4089,10257199,1
4089,10259007,1
4089,10260812,1
4089,10262604,1
4089,10264416,1
4090,10266250,1
4090,10268071,1
4090,10269896,1
4090,10271713,1
4090,10273549,1
4089,10275354,1
4089,10277186,1
4089,10278979,1
4089,10280772,1
4090,10282577,1
4089,10284412,1
4089,10286241,1
4089,10288065,1
4089,10289882,1
4089,10291699,1
4090,10293532,1
4090,10295352,1
4090,10297145,1
4089,10298950,1
4089,10300758,1
4089,10302593,1
4089,10304416,1
4090,10306242,1
4089,10308059,1
4089,10309864,1
4089,10311701,1
4089,10313530,1
4089,10315339,1
4090,10317147,1
4089,10318982,1
4089,10320809,1
4089,10322636,1
4089,10324453,1
4089,10326287,1
4090,10328099,1
4090,10329914,1
4089,10331719,1
4089,10333525,1
4089,10335359,1
4089,10337187,1
4090,10339015,1
4089,10340833,1
4090,10342635,1
4089,10344471,1
4089,10346298,1
4089,10348103,1
4089,10349908,1
4090,10351743,1
4089,10353568,1
4089,10355391,1
4089,10357189,1
4089,10358994,1
4089,10360799,1
4089,10362619,1
4089,10364453,1
4089,10366278,1
4089,10368087,1
4089,10369920,1
4089,10371744,1
4090,10373552,1
4089,10375363,1
4089,10377167,1
4089,10378970,1
4089,10380787,1
4089,10382621,1
4090,10384452,1
4089,10386259,1
4089,10388094,1
4089,10389902,1
4089,10391718,1
4089,10393541,1
4090,10395344,1
4090,10397162,1
4090,10398996,1
4089,10400824,1
4089,10402629,1
4089,10404434,1
4089,10406249,1
4089,10408071,1
4090,10409883,1
4090,10411710,1
4090,10413528,1
4089,10415343,1
4089,10417179,1
4089,10419012,1
4089,10420820,1
4089,10422635,1
4089,10424455,1
4089,10426270,1
4089,10428094,1
4089,10429909,1
4090,10431727,1
4090,10433561,1
4089,10435386,1
4089,10437194,1
4089,10439000,1
4089,10440823,1
4089,10442645,1
4089,10444467,1
4089,10446285,1
4089,10448102,1
4089,10449933,1
4089,10451757,1
4089,10453562,1
4089,10455368,1
4090,10457161,1
4089,10458975,1
4089,10460809,1
4090,10462634,1
4090,10464462,1
4089,10466279,1
4089,10468113,1
4089,10469918,1
4089,10471749,1
4089,10473542,1
4090,10475336,1
4089,10477142,1
4089,10478977,1
4089,10480805,1
4090,10482632,1
4089,10484447,1
4090,10486245,1
4089,10488055,1
4089,10489890,1
4090,10491706,1
4090,10493514,1
4090,10495319,1
4090,10497155,1
4090,10498981,1
4089,10500807,1
4089,10502621,1
4089,10504422,1
4089,10506255,1
4089,10508068,1
4089,10509892,1
4089,10511700,1
4089,10513534,1
4089,10515358,1
4089,10517185,1
4089,10518980,1
4090,10520785,1
4090,10522590,1
4089,10524412,1
4089,10526245,1
4089,10528072,1
4090,10529876,1
4090,10531710,1
4089,10533537,1
4089,10535340,1
4089,10537153,1
4089,10538957,1
4090,10540762,1
4090,10542579,1
4089,10544413,1
4089,10546242,1
4090,10548048,1
4090,10549860,1
4090,10551674,1
4090,10553492,1
4089,10555305,1
4089,10557125,1
4089,10558942,1
4089,10560757,1
4089,10562592,1
4089,10564418,1
4089,10566223,1
4089,10568038,1
4089,10569859,1
4089,10571673,1
4089,10573500,1
4089,10575317,1
4089,10577134,1
4089,10578967,1
4089,10580791,1
4089,10582599,1
4089,10584407,1
4089,10586229,1
4089,10588056,1
4089,10589878,1
4089,10591695,1
4090,10593512,1
4089,10595348,1
4090,10597173,1
4089,10598981,1
4089,10600786,1
4090,10602586,1
4090,10604421,1
4089,10606243,1
4089,10608070,1
4090,10609884,1
4089,10611701,1
4089,10613537,1
4089,10615345,1
4089,10617150,1
4089,10618944,1
4089,10620736,1
4089,10622542,1
4089,10624348,1
4089,10626182,1
4090,10628009,1
4090,10629833,1
4089,10631650,1
4089,10633486,1
4089,10635302,1
4089,10637117,1
4089,10638922,1
4090,10640728,1
4090,10642562,1
4089,10644384,1
4089,10646212,1
4089,10648029,1
4090,10649834,1
4090,10651667,1
4089,10653498,1
4089,10655305,1
4089,10657110,1
4089,10658944,1
4089,10660771,1
4089,10662598,1
4090,10664414,1
4089,10666218,1
4089,10668052,1
4089,10669881,1
4089,10671687,1
4089,10673494,1
4090,10675328,1
4089,10677152,1
4090,10678979,1
4089,10680794,1
4089,10682599,1
4090,10684432,1
4090,10686267,1
4089,10688072,1
4089,10689879,1
4089,10691714,1
4089,10693536,1
4090,10695363,1
4090,10697177,1
4090,10698982,1
4089,10700816,1
4089,10702649,1
4089,10704454,1
4090,10706259,1
4089,10708094,1
4089,10709921,1
4090,10711746,1
4090,10713561,1
4089,10715367,1
4089,10717200,1
4089,10719012,1
4089,10720840,1
4089,10722645,1
4089,10724479,1
4089,10726307,1
4090,10728135,1
4089,10729952,1
4089,10731757,1
4090,10733590,1
4090,10735418,1
4090,10737223,1
4089,10739029,1
4089,10740864,1
4089,10742691,1
4090,10744513,1
4090,10746331,1
4090,10748134,1
4090,10749970,1
4089,10751803,1
4089,10753611,0
4089,10755417,0
4089,10757251,0
4088,10759078,0
4086,10760900,0
4085,10762717,0
4083,10764522,0
4082,10766355,0
4081,10768187,0
4081,10769992,0
4081,10771797,0
4082,10773632,0
4082,10775457,0
4082,10777284,0
4082,10779101,0
4081,10780903,0
4082,10782740,0
4082,10784569,0
4082,10786374,0
4082,10788182,0
4082,10790016,0
4081,10791844,0
4081,10793669,0
4081,10795486,0
4082,10797291,0
4082,10799128,0
4082,10800955,0
4082,10802761,0
4082,10804566,0
4082,10806400,0
4082,10808227,0
4082,10810049,0
4082,10811866,0
4082,10813669,0
4081,10815505,0
4081,10817317,0
4082,10819144,0
4082,10820949,0
4082,10822783,0
4081,10824610,0
4081,10826434,0
4081,10828251,0
4082,10830054,0
4082,10831887,0
4082,10833700,0
4082,10835527,0
4082,10837332,0
4081,10839167,0
4081,10840992,0
4082,10842819,0
4082,10844636,0
4081,10846441,0
4081,10848275,0
4081,10850107,0
4081,10851915,0
4081,10853723,0
4081,10855558,0
4081,10857380,0
4082,10859207,0
4082,10861022,0
4082,10862826,0
4082,10864660,0
4081,10866489,0
4081,10868294,0
4081,10870102,0
4082,10871934,0
4082,10873762,0
4082,10875586,0
4081,10877404,0
4081,10879209,0
4081,10881043,0
4082,10882872,0
4082,10884679,0
4081,10886484,0
4082,10888318,0
4081,10890144,0
4081,10891972,0
4082,10893789,0
4082,10895591,0
4081,10897425,0
4081,10899259,0
4081,10901066,0
4081,10902871,0
4082,10904706,0
4082,10906528,0
4081,10908355,0
4081,10910169,0
4081,10911974,0
4081,10913808,0
4081,10915620,0
4081,10917445,0
4082,10919250,0
4082,10921084,0
4081,10922909,0
4081,10924736,0
4081,10926554,0
4081,10928359,0
4081,10930192,0
4082,10932005,0
4081,10933829,0
4081,10935635,0
4081,10937465,0
4081,10939297,0
4081,10941125,0
4081,10942939,0
4082,10944745,0
4082,10946578,0
4082,10948410,0
4082,10950218,0
4081,10952024,0
4081,10953856,0
4081,10955684,0
4081,10957509,0
4081,10959323,0
4081,10961129,0
4082,10962962,0
4082,10964794,0
4082,10966602,0
4082,10968408,0
4081,10970242,0
4081,10972067,0
4081,10973894,0
4081,10975712,0
4081,10977552,0
4082,10979364,0
4082,10981178,0
4082,10982986,0
4082,10984794,0
4082,10986629,0
4082,10988456,0
4081,10990279,0
4081,10992096,0
4082,10993901,0
4081,10995738,0
4081,10997563,0
4081,10999369,0
4081,11001175,0
4081,11003010,0
4082,11004835,0
4082,11006658,0
4082,11008476,0
4082,11010281,0
4082,11012115,0
4081,11013947,0
4081,11015753,0
4082,11017558,0
4082,11019394,0
4082,11021221,0
4082,11023046,0
4082,11024864,0
4081,11026669,0
4081,11028505,0
4081,11030330,0
4082,11032136,0
4082,11033944,0
4081,11035779,0
4081,11037607,0
4081,11039435,0
4082,11041253,0
4081,11043087,0
4082,11044900,0
4081,11046715,0
4081,11048520,0
4081,11050326,0
4081,11052161,0
4081,11053988,0
4082,11055814,0
4082,11057633,0
4082,11059469,0
4082,11061281,0
4081,11063098,0
4082,11064906,0
4082,11066711,0
4082,11068546,0
4082,11070374,0
4081,11072199,0
4082,11074013,0
4082,11075818,0
4082,11077652,0
4082,11079482,0
4081,11081291,0
4082,11083098,0
4082,11084931,0
4082,11086758,0
4081,11088580,0
4081,11090398,0
4082,11092203,0
4082,11094037,0
4082,11095868,0
4082,11097674,0
4082,11099480,0
4081,11101315,0
4082,11103143,0
4082,11104971,0
4082,11106789,0
4082,11108623,0
4082,11110436,0
4081,11112251,0
4082,11114057,0
4082,11115863,0
4082,11117698,0
4082,11119523,0
4081,11121347,0
4081,11123162,0
4082,11124968,0
4082,11126803,0
4082,11128635,0
4081,11130441,0
4082,11132248,0
4082,11134080,0
4082,11135908,0
4082,11137738,0
4082,11139553,0
4082,11141359,0
4081,11143195,0
4082,11145017,0
4082,11146823,0
4082,11148628,0
4082,11150464,0
4082,11152289,0
4082,11154116,0
4082,11155934,0
4082,11157739,0
4081,11159574,0
4082,11161402,0
4082,11163208,0
4082,11165016,0
4082,11166851,0
4082,11168678,0
4081,11170500,0
4081,11172318,0
4082,11174124,0
4082,11175958,0
4081,11177786,0
4082,11179592,0
4082,11181398,0
4082,11183234,0
4082,11185060,0
4082,11186882,0
4081,11188700,0
4081,11190506,0
4082,11192340,0
4082,11194170,0
4082,11195976,0
4081,11197782,0
4082,11199618,0
4082,11201442,0
4082,11203266,0
4081,11205083,0
4081,11206885,0
4082,11208721,0
4081,11210533,0
4081,11212361,0
4082,11214166,0
4082,11215998,0
4082,11217826,0
4082,11219651,0
4082,11221466,0
4082,11223272,0
4081,11225108,0
4081,11226938,0
4082,11228746,0
4082,11230552,0
4082,11232387,0
4082,11234214,0
4081,11236039,0
4081,11237857,0
4081,11239662,0
4082,11241496,0
4082,11243321,0
4082,11245127,0
4081,11246933,0
4081,11248768,0
4082,11250595,0
4082,11252418,0
4081,11254235,0
4081,11256041,0
4082,11257875,0
4082,11259708,0
4082,11261514,0
4081,11263321,0
4081,11265157,0
4081,11266984,0
4081,11268811,0
4082,11270625,0
4082,11272452,0
4082,11274266,0
4081,11276091,0
4082,11277898,0
4082,11279704,0
4082,11281538,0
4082,11283363,0
4082,11285185,0
4082,11287002,0
4082,11288807,0
4082,11290640,0
4082,11292475,0
4081,11294283,0
4082,11296091,0
4082,11297922,0
4082,11299747,0
4081,11301574,0
4081,11303392,0
4082,11305229,0
4082,11307041,0
4081,11308858,0
4082,11310663,0
4082,11312468,0
4082,11314303,0
4082,11316126,0
4081,11317953,0
4082,11319770,0
4082,11321573,0
4082,11323410,0
4082,11325243,0
4082,11327051,0
4082,11328859,0
4081,11330693,0
4081,11332520,0
4082,11334343,0
4082,11336161,0
4082,11337997,0
4082,11339810,0
4081,11341628,0
4082,11343433,0
4081,11345239,0
4081,11347074,0
4082,11348900,0
4082,11350722,0
4082,11352540,0
4082,11354346,0
4082,11356180,0
4082,11358010,0
4081,11359816,0
4082,11361622,0
4082,11363457,0
4082,11365285,0
4082,11367112,0
4082,11368929,0
4081,11370765,0
4081,11372578,0
4081,11374393,0
4082,11376200,0
4082,11378005,0
4082,11379840,0
4082,11381667,0
4082,11383490,0
4082,11385305,0
4082,11387111,0
4082,11388946,0
4081,11390779,0
4081,11392587,0
4082,11394395,0
4082,11396230,0
4082,11398057,0
4082,11399883,0
4082,11401698,0
4082,11403534,0
4082,11405347,0
4081,11407162,0
4081,11408968,0
4082,11410776,0
4082,11412611,0
4082,11414439,0
4082,11416266,0
4082,11418084,0
4082,11419918,0
4081,11421731,0
4081,11423547,0
4081,11425355,0
4081,11427161,0
4081,11428997,0
4082,11430825,0
4082,11432650,0
4082,11434468,0
4082,11436302,0
4082,11438118,0
4082,11439934,0
4081,11441741,0
4081,11443576,0
4081,11445409,0
4082,11447234,0
4082,11449050,0
4081,11450865,0
4082,11452702,0
4081,11454521,0
4081,11456317,0
4081,11458126,0
4082,11459961,0
4082,11461789,0
4082,11463612,0
4081,11465431,0
4081,11467247,0
4081,11469082,0
4081,11470901,0
4082,11472713,0
4082,11474518,0
4081,11476353,0
4082,11478178,0
4082,11480005,0
4082,11481822,0
4082,11483639,0
4081,11485472,0
4082,11487288,0
4082,11489081,0
4082,11490886,0
4082,11492691,0
4082,11494521,0
4082,11496348,0
4082,11498175,0
4082,11499971,0
4081,11501774,0
4082,11503579,0
4082,11505405,0
4082,11507239,0
4081,11509047,0
4082,11510853,0
4082,11512659,0
4082,11514489,0
4081,11516302,0
4082,11518118,0
4082,11519942,0
4082,11521749,0
4082,11523563,0
4081,11525396,0
4081,11527223,0
4082,11529028,0
4081,11530835,0
4082,11532645,0
4082,11534468,0
4082,11536282,0
4082,11538106,0
4082,11539923,0
4082,11541741,0
4082,11543577,0
4082,11545402,0
4081,11547208,0
4081,11549013,0
4082,11550836,0
4082,11552660,0
4081,11554487,0
4081,11556301,0
4081,11558119,0
4082,11559953,0
4082,11561780,0
4082,11563585,0
4081,11565391,0
4081,11567194,0
4082,11569030,0
4082,11570857,0
4082,11572685,0
4082,11574502,0
4082,11576333,0
4082,11578157,0
4082,11579966,0
4081,11581771,0
4082,11583565,0
4082,11585400,0
4082,11587232,0
4082,11589054,0
4081,11590872,0
4081,11592690,0
4082,11594523,0
4082,11596336,0
4082,11598142,0
4082,11599935,0
4082,11601729,0
4082,11603534,0
4082,11605340,0
4082,11607175,0
4081,11609000,0
4082,11610827,0
4082,11612645,0
4082,11614479,0
4081,11616292,0
4082,11618106,0
4082,11619912,0
4082,11621718,0
4082,11623553,0
4081,11625381,0
4081,11627209,0
4082,11629026,0
4082,11630862,0
4081,11632678,0
4081,11634492,0
4081,11636298,0
4081,11638103,0
4081,11639938,0
4081,11641761,0
4082,11643583,0
4081,11645401,0
4081,11647204,0
4081,11649041,0
4081,11650873,0
4082,11652678,0
4082,11654484,0
4082,11656318,0
4082,11658146,0
4081,11659974,0
4081,11661792,0
4082,11663595,0
4082,11665431,0
4082,11667259,0
4082,11669065,0
4081,11670871,0
4082,11672706,0
4082,11674535,0
4082,11676362,0
4081,11678177,0
4082,11679982,0
4082,11681817,0
4082,11683641,0
4082,11685447,0
4081,11687252,0
4082,11689086,0
4082,11690913,0
4082,11692739,0
4081,11694555,0
4082,11696357,0
4082,11698194,0
4081,11700026,0
4081,11701834,0
4081,11703640,0
4082,11705473,0
4082,11707301,0
4082,11709129,0
4082,11710947,0
4082,11712784,0
4082,11714597,0
4082,11716409,0
4082,11718214,0
4081,11720021,0
4082,11721855,0
4082,11723680,0
4082,11725508,0
4082,11727325,0
4082,11729131,0
4082,11730965,0
4082,11732795,0
4082,11734601,0
4081,11736407,0
4082,11738242,0
4082,11740070,0
4081,11741893,0
4081,11743708,0
4081,11745512,0
4082,11747347,0
4082,11749180,0
4082,11750986,0
4082,11752793,0
4082,11754626,0
4082,11756452,0
4082,11758277,0
4081,11760093,0
4081,11761896,0
4081,11763734,0
4082,11765564,0
4082,11767371,0
4082,11769179,0
4081,11771015,0
4081,11772841,0
4081,11774666,0
4081,11776483,0
4082,11778316,0
4081,11780129,0
4081,11781947,0
4082,11783752,0
4082,11785558,0
4082,11787394,0
4082,11789222,0
4082,11791047,0
4082,11792865,0
4081,11794670,0
4082,11796505,0
4082,11798329,0
4081,11800135,0
4082,11801940,0
4082,11803774,0
4081,11805602,0
4082,11807429,0
4082,11809244,0
4081,11811049,0
4081,11812883,0
4081,11814715,0
4082,11816521,0
4082,11818326,0
4081,11820161,0
4082,11821983,0
4082,11823811,0
4081,11825629,0
4081,11827435,0
4082,11829271,0
4081,11831098,0
4082,11832907,0
4082,11834715,0
4082,11836551,0
4081,11838377,0
4082,11840202,0
4082,11842016,0
4082,11843831,0
4082,11845667,0
4082,11847482,0
4082,11849288,0
4081,11851093,0
4082,11852928,0
4082,11854752,0
4081,11856580,0
4081,11858397,0
4082,11860203,0
4082,11862037,0
4081,11863867,0
4081,11865676,0
4081,11867513,0
4082,11869346,0
4082,11871174,0
4081,11872993,0
4081,11874791,0
4081,11876628,0
4082,11878441,0
4082,11880255,0
4082,11882063,0
4081,11883868,0
4081,11885702,0
4081,11887524,0
4082,11889352,0
4081,11891167,0
4082,11892972,0
4082,11894806,0
4082,11896633,0
4082,11898439,0
4082,11900245,0
4082,11902080,0
4082,11903907,0
4082,11905733,0
4082,11907551,0
4081,11909356,0
4081,11911190,0
4081,11913018,0
4082,11914824,0
4081,11916630,0
4081,11918463,0
4082,11920286,0
4081,11922113,0
4081,11923930,0
4082,11925736,0
4082,11927573,0
4082,11929403,0
4082,11931210,0
4081,11933015,0
4081,11934850,0
4081,11936678,0
4082,11938503,0
4082,11940321,0
4081,11942126,0
4082,11943960,0
4081,11945788,0
4081,11947594,0
4081,11949400,0
4081,11951236,0
4082,11953059,0
4082,11954882,0
4082,11956698,0
4081,11958504,0
4082,11960339,0
4082,11962171,0
4082,11963977,0
4082,11965783,0
4082,11967618,0
4081,11969446,0
4082,11971274,0
4082,11973089,0
4082,11974895,0
4082,11976729,0
4082,11978554,0
4082,11980360,0
4081,11982169,0
4081,11984004,0
4081,11985826,0
4082,11987654,0
4082,11989472,0
4081,11991275,0
4081,11993112,0
4082,11994941,0
4081,11996747,0
4081,11998553,0
4081,12000389,0
4082,12002214,0
4081,12004041,0
4082,12005858,0
4081,12007695,0
4082,12009509,0
4082,12011325,0
4081,12013130,0
4082,12014936,0
4082,12016771,0
4082,12018599,0
4081,12020424,0
4081,12022239,0
4082,12024045,0
4082,12025879,0
4082,12027706,0
4082,12029515,0
4081,12031324,0
4082,12033160,0
4082,12034988,0
4082,12036813,0
4082,12038630,0
4081,12040461,0
4081,12042274,0
4081,12044091,0
4081,12045899,0
4082,12047707,0
4082,12049539,0
4082,12051367,0
4082,12053194,0
4082,12055009,0
4082,12056815,0
4081,12058651,0
4082,12060474,0
4082,12062280,0
4082,12064086,0
4082,12065918,0
4082,12067746,0
4082,12069571,0
4082,12071387,0
4082,12073190,0
4082,12075027,0
4082,12076860,0
4082,12078666,0
4082,12080472,0
4082,12082305,0
4082,12084128,0
4081,12085950,0
4082,12087748,0
4082,12089554,0
4081,12091359,0
4082,12093180,0
4082,12095014,0
4081,12096840,0
4081,12098645,0
4081,12100480,0
4081,12102302,0
4081,12104111,0
4081,12105921,0
4082,12107726,0
4081,12109532,0
4081,12111347,0
4082,12113185,0
4082,12115013,0
4082,12116819,0
4082,12118655,0
4082,12120461,0
4082,12122277,0
4082,12124100,0
4082,12125904,0
4082,12127719,0
4081,12129556,0
4081,12131384,0
4081,12133190,0
4082,12134996,0
4082,12136812,0
4082,12138635,0
4081,12140450,0
4081,12142278,0
4081,12144096,0
4081,12145911,0
4081,12147748,0
4082,12149576,0
4082,12151383,0
4082,12153199,0
4082,12155023,0
4081,12156839,0
4082,12158662,0
4082,12160478,0
4082,12162292,0
4081,12164126,0
4081,12165956,0
4082,12167761,0
4082,12169577,0
4081,12171400,0
4081,12173213,0
4081,12175035,0
4082,12176853,0
4082,12178670,0
4081,12180505,0
4081,12182329,0
4081,12184138,0
4082,12185947,0
4081,12187769,0
4082,12189589,0
4082,12191414,0
4081,12193230,0
4082,12195048,0
4082,12196882,0
4082,12198707,0
4082,12200515,0
4082,12202324,0
4081,12204127,0
4081,12205963,0
4082,12207792,0
4082,12209615,0
4082,12211432,0
4082,12213268,0
4082,12215094,0
4081,12216900,0
4081,12218705,0
4081,12220507,0
4082,12222340,0
4082,12224163,0
4081,12225986,0
4082,12227803,0
4081,12229621,0
4081,12231455,0
4082,12233264,0
4081,12235073,0
4082,12236868,0
4082,12238663,0
4082,12240469,0
4082,12242302,0
4081,12244130,0
4081,12245958,0
4081,12247776,0
4081,12249574,0
4082,12251409,0
4082,12253223,0
4082,12255036,0
4082,12256842,0
4081,12258651,0
4081,12260486,0
4082,12262309,0
4081,12264138,0
4081,12265953,0
4081,12267757,0
4081,12269592,0
4082,12271420,0
4082,12273227,0
4081,12275036,0
4081,12276872,0
4081,12278701,0
4082,12280527,0
4081,12282343,0
4082,12284178,0
4082,12285991,0
4081,12287805,0
4082,12289616,0
4081,12291447,0
4082,12293276,0
4082,12295103,0
4082,12296920,0
4082,12298737,0
4082,12300573,0
4082,12302390,0
4082,12304186,0
4082,12305991,0
4082,12307796,0
4082,12309631,0
4082,12311454,0
4082,12313281,0
4081,12315099,0
4081,12316902,0
4082,12318738,0
4082,12320570,0
4082,12322375,0
4081,12324180,0
4082,12326015,0
4081,12327842,0
4082,12329670,0
4082,12331484,0
4082,12333289,0
4082,12335123,0
4082,12336955,0
4082,12338761,0
4082,12340567,0
4081,12342401,0
4081,12344228,0
4081,12346053,0
4081,12347870,0
4082,12349676,0
4081,12351510,0
4081,12353340,0
4082,12355146,0
4082,12356952,0
4081,12358787,0
4082,12360615,0
4082,12362440,0
4082,12364257,0
4081,12366093,0
4081,12367906,0
4081,12369724,0
4082,12371530,0
4082,12373335,0
4082,12375171,0
4082,12376999,0
4082,12378827,0
4082,12380644,0
4082,12382478,0
4081,12384294,0
4081,12386109,0
4081,12387915,0
4082,12389721,0
4082,12391554,0
4081,12393377,0
4081,12395204,0
4082,12397022,0
4082,12398825,0
4081,12400662,0
4082,12402491,0
4082,12404297,0
4081,12406105,0
4081,12407940,0
4082,12409768,0
4082,12411595,0
4081,12413413,0
4081,12415247,0
4081,12417061,0
4082,12418873,0
4082,12420679,0
4081,12422484,0
4082,12424319,0
4082,12426146,0
4081,12427974,0
4081,12429792,0
4082,12431598,0
4082,12433432,0
4082,12435258,0
4082,12437064,0
4081,12438870,0
4081,12440703,0
4082,12442526,0
4082,12444353,0
4082,12446171,0
4082,12447977,0
4082,12449812,0
4082,12451642,0
4082,12453451,0
4081,12455259,0
4081,12457094,0
4082,12458921,0
4082,12460746,0
4082,12462564,0
4082,12464398,0
4082,12466214,0
4082,12468029,0
4082,12469834,0
4082,12471640,0
4082,12473476,0
4081,12475304,0
4081,12477129,0
4082,12478947,0
4081,12480781,0
4082,12482594,0
4082,12484411,0
4081,12486218,0
4082,12488027,0
4082,12489861,0
4082,12491689,0
4082,12493514,0
4082,12495328,0
4082,12497134,0
4082,12498967,0
4081,12500794,0
4081,12502602,0
4081,12504410,0
4081,12506243,0
4081,12508070,0
4082,12509892,0
4082,12511710,0
4081,12513516,0
4082,12515350,0
4082,12517178,0
4082,12518984,0
4082,12520789,0
4082,12522625,0
4081,12524452,0
4081,12526280,0
4082,12528098,0
4082,12529903,0
4082,12531737,0
4082,12533563,0
4082,12535372,0
4082,12537178,0
4082,12539013,0
4082,12540841,0
4081,12542666,0
4081,12544485,0
4082,12546318,0
4082,12548133,0
4081,12549948,0
4082,12551754,0
4082,12553560,0
4082,12555395,0
4082,12557223,0
4082,12559048,0
4082,12560866,0
4082,12562702,0
4081,12564515,0
4081,12566329,0
4082,12568135,0
4082,12569941,0
4082,12571776,0
4082,12573604,0
4081,12575429,0
4082,12577244,0
4082,12579050,0
4082,12580884,0
4081,12582714,0
4081,12584523,0
4082,12586331,0
4082,12588166,0
4081,12589989,0
4081,12591817,0
4082,12593636,0
4081,12595470,0
4081,12597286,0
4081,12599101,0
4081,12600907,0
4081,12602713,0
4081,12604548,0
4081,12606377,0
4082,12608205,0
4082,12610022,0
4081,12611854,0
4082,12613667,0
4082,12615482,0
4082,12617291,0
4082,12619097,0
4081,12620933,0
4081,12622757,0
4081,12624585,0
4081,12626403,0
4082,12628237,0
4082,12630050,0
4082,12631869,0
4081,12633675,0
4081,12635481,0
4081,12637314,0
4082,12639138,0
4082,12640961,0
4082,12642757,0
4082,12644560,0
4081,12646365,0
4081,12648189,0
4081,12650025,0
4081,12651831,0
4081,12653637,0
4082,12655446,0
4081,12657281,0
4082,12659084,0
4082,12660896,0
4081,12662706,0
4082,12664516,0
4082,12666334,0
4081,12668153,0
4081,12669987,0
4081,12671813,0
4082,12673621,0
4082,12675436,0
4082,12677260,0
4082,12679073,0
4082,12680898,0
4082,12682713,0
4082,12684532,0
4082,12686369,0
4082,12688197,0
4082,12690006,0
4082,12691822,0
4082,12693646,0
4082,12695462,0
4082,12697285,0
4081,12699101,0
4081,12700917,0
4082,12702753,0
4082,12704578,0
4082,12706384,0
4082,12708198,0
4081,12710021,0
4082,12711837,0
4081,12713665,0
4081,12715483,0
4081,12717302,0
4081,12719137,0
4082,12720965,0
4082,12722771,0
4082,12724582,0
4082,12726405,0
4081,12728220,0
4081,12730049,0
4081,12731867,0
4081,12733685,0
4082,12735519,0
4082,12737349,0
4082,12739155,0
4082,12740966,0
4081,12742790,0
4081,12744605,0
4081,12746433,0
4081,12748252,0
4081,12750070,0
4081,12751907,0
4081,12753734,0
4081,12755540,0
4081,12757354,0
4081,12759178,0
4081,12760992,0
4082,12762820,0
4082,12764638,0
4081,12766457,0
4081,12768292,0
4081,12770118,0
4081,12771924,0
4082,12773741,0
4082,12775565,0
4081,12777382,0
4081,12779205,0
4081,12781022,0
4081,12782837,0
4081,12784672,0
4081,12786500,0
4081,12788309,0
4081,12790125,0
4081,12791949,0
4081,12793766,0
4082,12795589,0
4082,12797408,0
4081,12799224,0
4081,12801060,0
4081,12802886,0
4081,12804693,0
4081,12806507,0
4082,12808326,0
4082,12810137,0
4082,12811961,0
4082,12813778,0
4082,12815592,0
4082,12817426,0
4082,12819252,0
4082,12821057,0
4081,12822864,0
4081,12824664,0
4082,12826499,0
4081,12828325,0
4081,12830146,0
4082,12831964,0
4082,12833781,0
4082,12835614,0
4082,12837424,0
4081,12839230,0
4082,12841025,0
4082,12842820,0
4081,12844625,0
4082,12846457,0
4082,12848289,0
4082,12850113,0
4082,12851930,0
4082,12853747,0
4082,12855581,0
4082,12857399,0
4082,12859195,0
4081,12861003,0
4081,12862811,0
4082,12864643,0
4082,12866469,0
4082,12868296,0
4082,12870110,0
4082,12871915,0
4082,12873749,0
4082,12875579,0
4081,12877384,0
4081,12879192,0
4081,12881027,0
4082,12882849,0
4082,12884676,0
4081,12886491,0
4081,12888296,0
4082,12890130,0
4082,12891963,0
4081,12893771,0
4081,12895579,0
4082,12897414,0
4081,12899236,0
4081,12901064,0
4082,12902879,0
4082,12904684,0
4081,12906517,0
4082,12908346,0
4082,12910154,0
4081,12911962,0
4081,12913795,0
4082,12915618,0
4082,12917445,0
4082,12919260,0
4082,12921065,0
4082,12922899,0
4081,12924731,0
4081,12926539,0
4082,12928347,0
4082,12930181,0
4081,12932009,0
4081,12933833,0
4082,12935650,0
4082,12937487,0
4082,12939300,0
4082,12941115,0
4082,12942921,0
4082,12944727,0
4082,12946561,0
4082,12948383,0
4082,12950211,0
4081,12952028,0
4081,12953831,0
4081,12955664,0
4082,12957477,0
4082,12959304,0
4082,12961110,0
4082,12962945,0
4082,12964772,0
4082,12966594,0
4082,12968411,0
4081,12970213,0
4082,12972047,0
4082,12973860,0
4082,12975685,0
4082,12977493,0
4081,12979326,0
4081,12981153,0
4082,12982978,0
4081,12984796,0
4081,12986601,0
4081,12988435,0
4081,12990267,0
4081,12992073,0
4082,12993878,0
4082,12995713,0
4082,12997536,0
4082,12999364,0
4081,13001181,0
4081,13002987,0
4082,13004821,0
4082,13006650,0
4082,13008458,0
4081,13010264,0
4081,13012098,0
4081,13013926,0
4081,13015751,0
4081,13017567,0
4081,13019373,0
4082,13021210,0
4081,13023035,0
4081,13024842,0
4081,13026647,0
4081,13028482,0
4081,13030309,0
4082,13032133,0
4082,13033951,0
4082,13035756,0
4082,13037593,0
4082,13039419,0
4082,13041225,0
4082,13043031,0
4081,13044867,0
4082,13046695,0
4081,13048522,0
4081,13050340,0
4082,13052175,0
4082,13053990,0
4081,13055806,0
4081,13057614,0
4082,13059449,0
4082,13061281,0
4081,13063108,0
4081,13064924,0
4081,13066741,0
4082,13068578,0
4082,13070391,0
4081,13072187,0
4081,13073993,0
4082,13075799,0
4082,13077635,0
4081,13079463,0
4082,13081291,0
4082,13083109,0
4082,13084943,0
4082,13086757,0
4081,13088572,0
4081,13090378,0
4081,13092184,0
4081,13094017,0
4081,13095845,0
4081,13097673,0
4081,13099491,0
4082,13101326,0
4082,13103143,0
4082,13104959,0
4082,13106766,0
4082,13108602,0
4082,13110428,0
4082,13112254,0
4082,13114071,0
4082,13115885,0
4081,13117719,0
4081,13119543,0
4081,13121336,0
4081,13123143,0
4081,13124947,0
4081,13126781,0
4081,13128608,0
4081,13130434,0
4081,13132250,0
4081,13134052,0
4082,13135885,0
4081,13137699,0
4081,13139523,0
4082,13141328,0
4082,13143162,0
4081,13144992,0
4081,13146818,0
4081,13148635,0
4081,13150440,0
4082,13152274,0
4082,13154105,0
4082,13155910,0
4082,13157717,0
4081,13159550,0
4082,13161377,0
4081,13163198,0
4081,13164996,0
4082,13166801,0
4082,13168605,0
4082,13170427,0
4082,13172260,0
4082,13174084,0
4082,13175891,0
4082,13177721,0
4082,13179548,0
4082,13181375,0
4082,13183178,0
4082,13184983,0
4082,13186787,0
4081,13188621,0
4081,13190445,0
4082,13192249,0
4082,13194057,0
4082,13195862,0
4082,13197677,0
4081,13199499,0
4082,13201314,0
4082,13203138,0
4081,13204955,0
4081,13206769,0
4081,13208603,0
4082,13210435,0
4081,13212239,0
4082,13214054,0
4081,13215876,0
4081,13217691,0
4082,13219517,0
4081,13221334,0
4081,13223151,0
4082,13224985,0
4082,13226808,0
4081,13228614,0
4081,13230420,0
4082,13232217,0
4082,13234049,0
4082,13235876,0
4082,13237700,0
4081,13239517,0
4081,13241332,0
4081,13243168,0
4082,13244976,0
4082,13246781,0
4082,13248577,0
4082,13250372,0
4082,13252178,0
4081,13254009,0
4081,13255836,0
4081,13257664,0
4082,13259478,0
4082,13261296,0
4082,13263129,0
4082,13264952,0
4082,13266745,0
4082,13268550,0
4082,13270358,0
4082,13272194,0
4082,13274016,0
4082,13275842,0
4081,13277660,0
4081,13279465,0
4081,13281301,0
4082,13283130,0
4082,13284935,0
4082,13286740,0
4082,13288574,0
4082,13290401,0
4082,13292225,0
4081,13294042,0
4082,13295847,0
4082,13297684,0
4082,13299514,0
4081,13301319,0
4082,13303125,0
4081,13304960,0
4082,13306787,0
4082,13308610,0
4081,13310428,0
4082,13312233,0
4082,13314069,0
4082,13315897,0
4082,13317702,0
4082,13319509,0
4082,13321341,0
4082,13323168,0
4082,13324995,0
4082,13326811,0
4081,13328616,0
4081,13330452,0
4081,13332281,0
4081,13334086,0
4081,13335891,0
4081,13337721,0
4081,13339552,0
4082,13341374,0
4082,13343172,0
4081,13344977,0
4082,13346781,0
4082,13348604,0
4082,13350437,0
4082,13352264,0
4081,13354069,0
4081,13355903,0
4081,13357731,0
4081,13359539,0
4081,13361346,0
4082,13363151,0
4082,13364954,0
4081,13366768,0
4081,13368601,0
4081,13370435,0
4081,13372243,0
4081,13374073,0
4081,13375886,0
4082,13377701,0
4082,13379525,0
4081,13381330,0
4081,13383147,0
4081,13384980,0
4081,13386807,0
4082,13388612,0
4082,13390418,0
4081,13392231,0
4081,13394054,0
4082,13395865,0
4082,13397692,0
4082,13399510,0
4082,13401326,0
4082,13403162,0
4082,13404995,0
4082,13406800,0
4082,13408613,0
4082,13410435,0
4081,13412250,0
4082,13414078,0
4082,13415896,0
4081,13417713,0
4081,13419549,0
4082,13421379,0
4082,13423187,0
4082,13424998,0
4081,13426821,0
4081,13428633,0
4082,13430459,0
4082,13432273,0
4082,13434091,0
4082,13435926,0
4082,13437750,0
4082,13439559,0
4082,13441367,0
4081,13443189,0
4081,13445016,0
4082,13446837,0
4081,13448654,0
4081,13450470,0
4081,13452301,0
4081,13454125,0
4081,13455930,0
4081,13457735,0
4082,13459531,0
4081,13461365,0
4081,13463197,0
4081,13465024,0
4082,13466841,0
4082,13468658,0
4081,13470491,0
4081,13472304,0
4082,13474109,0
4082,13475905,0
4082,13477700,0
4081,13479505,0
4081,13481337,0
4082,13483169,0
4082,13484994,0
4082,13486809,0
4082,13488626,0
4082,13490462,0
4082,13492279,0
4082,13494072,0
4081,13495880,0
4082,13497689,0
4081,13499523,0
4081,13501350,0
4081,13503173,0
4082,13504991,0
4082,13506796,0
4082,13508630,0
4081,13510460,0
4081,13512265,0
4082,13514071,0
4082,13515906,0
4082,13517732,0
4082,13519556,0
4082,13521374,0
4082,13