=~=~=~=~=~=~=~=~=~=~=~= PuTTY log 2024.06.02 16:40:11 =~=~=~=~=~=~=~=~=~=~=~=
182343888.00,---------
Raw Input, Angle, Time, Started
76,6.68,4149725.00,0
76,6.68,4151351.00,0
76,6.68,4152981.00,0
76,6.68,4154620.00,0
76,6.68,4156251.00,0
76,6.68,4157888.00,0
76,6.68,4159514.00,0
76,6.68,4161151.00,0
76,6.68,4162788.00,0
76,6.68,4164417.00,0
75,6.59,4166048.00,0
76,6.68,4167688.00,0
76,6.68,4169325.00,0
76,6.68,4170961.00,0
76,6.68,4172586.00,0
76,6.68,4174220.00,0
76,6.68,4175835.00,0
76,6.68,4177461.00,0
76,6.68,4179097.00,0
76,6.68,4180729.00,0
76,6.68,4182363.00,0
76,6.68,4183988.00,0
76,6.68,4185621.00,0
76,6.68,4187256.00,0
76,6.68,4188892.00,0
76,6.68,4190527.00,0
76,6.68,4192153.00,0
76,6.68,4193799.00,0
76,6.68,4195427.00,0
76,6.68,4197064.00,0
76,6.68,4198692.00,0
76,6.68,4200325.00,0
75,6.68,4201955.00,0
76,6.68,4203583.00,0
75,6.59,4205213.00,0
76,6.68,4206860.00,0
76,6.68,4208491.00,0
75,6.68,4210127.00,0
76,6.68,4211747.00,0
76,6.68,4213382.00,0
76,6.68,4215012.00,0
76,6.68,4216637.00,0
76,6.68,4218262.00,0
76,6.68,4219898.00,0
76,6.68,4221529.00,0
76,6.68,4223159.00,0
76,6.68,4224788.00,0
76,6.68,4226429.00,0
76,6.68,4228047.00,0
76,6.68,4229676.00,0
76,6.68,4231314.00,0
76,6.68,4232947.00,0
75,6.59,4234590.00,0
76,6.68,4236220.00,0
76,6.68,4237845.00,0
76,6.68,4239481.00,0
76,6.68,4241118.00,0
76,6.68,4242751.00,0
76,6.68,4244376.00,0
76,6.68,4246021.00,0
76,6.68,4247647.00,0
76,6.68,4249283.00,0
76,6.68,4250915.00,0
76,6.68,4252549.00,0
76,6.68,4254181.00,0
76,6.68,4255810.00,0
75,6.59,4257441.00,0
76,6.68,4259081.00,0
76,6.68,4260711.00,0
76,6.68,4262350.00,0
76,6.68,4263971.00,0
76,6.68,4265600.00,0
76,6.68,4267230.00,0
76,6.68,4268856.00,0
76,6.68,4270482.00,0
75,6.59,4272105.00,0
76,6.68,4273743.00,0
76,6.68,4275370.00,0
76,6.68,4277000.00,0
76,6.68,4278630.00,0
76,6.68,4280266.00,0
76,6.68,4281890.00,0
75,6.59,4283535.00,0
76,6.68,4285168.00,0
76,6.68,4286799.00,0
76,6.68,4288419.00,0
76,6.68,4290056.00,0
76,6.68,4291685.00,0
76,6.68,4293322.00,0
76,6.68,4294947.00,0
76,6.68,4296574.00,0
76,6.68,4298210.00,0
76,6.68,4299839.00,0
76,6.68,4301465.00,0
75,6.59,4303115.00,0
76,6.68,4304748.00,0
76,6.68,4306382.00,0
76,6.68,4308001.00,0
76,6.68,4309628.00,0
76,6.68,4311265.00,0
76,6.68,4312896.00,0
76,6.68,4314521.00,0
76,6.68,4316153.00,0
76,6.68,4317784.00,0
76,6.59,4319422.00,0
76,6.68,4321050.00,0
76,6.68,4322694.00,0
76,6.68,4324312.00,0
76,6.68,4325937.00,0
76,6.68,4327570.00,0
76,6.68,4329206.00,0
76,6.68,4330842.00,0
76,6.68,4332468.00,0
75,6.68,4334101.00,0
76,6.68,4335735.00,0
76,6.68,4337373.00,0
76,6.68,4339007.00,0
76,6.68,4340633.00,0
76,6.68,4342271.00,0
76,6.68,4343902.00,0
76,6.68,4345538.00,0
76,6.68,4347169.00,0
76,6.68,4348806.00,0
76,6.68,4350443.00,0
76,6.68,4352072.00,0
76,6.68,4353695.00,0
76,6.68,4355336.00,0
76,6.68,4356965.00,0
76,6.68,4358600.00,0
76,6.68,4360224.00,0
76,6.68,4361851.00,0
76,6.68,4363488.00,0
76,6.68,4365118.00,0
76,6.68,4366742.00,0
76,6.68,4368360.00,0
75,6.68,4369994.00,0
76,6.68,4371624.00,0
76,6.68,4373258.00,0
76,6.68,4374888.00,0
76,6.68,4376522.00,0
75,6.68,4378147.00,0
76,6.68,4379785.00,0
76,6.68,4381415.00,0
76,6.68,4383049.00,0
76,6.68,4384672.00,0
76,6.68,4386311.00,0
76,6.68,4387943.00,0
76,6.68,4389580.00,0
76,6.68,4391203.00,0
76,6.68,4392837.00,0
76,6.68,4394469.00,0
76,6.68,4396098.00,0
75,6.59,4397728.00,0
76,6.68,4399374.00,0
76,6.68,4401005.00,0
76,6.68,4402641.00,0
76,6.68,4404266.00,0
76,6.68,4405899.00,0
76,6.68,4407532.00,0
76,6.68,4409164.00,0
75,6.68,4410788.00,0
76,6.68,4412425.00,0
76,6.68,4414059.00,0
76,6.68,4415696.00,0
76,6.68,4417321.00,0
76,6.68,4418957.00,0
76,6.68,4420572.00,0
76,6.68,4422198.00,0
76,6.68,4423833.00,0
76,6.68,4425470.00,0
76,6.68,4427098.00,0
76,6.68,4428723.00,0
76,6.68,4430357.00,0
76,6.68,4431989.00,0
76,6.68,4433624.00,0
76,6.68,4435249.00,0
76,6.68,4436878.00,0
76,6.68,4438516.00,0
76,6.68,4440147.00,0
76,6.68,4441779.00,0
76,6.68,4443414.00,0
76,6.68,4445048.00,0
76,6.68,4446682.00,0
75,6.68,4448309.00,0
76,6.68,4449941.00,0
76,6.68,4451578.00,0
76,6.68,4453209.00,0
75,6.59,4454840.00,0
76,6.68,4456471.00,0
76,6.68,4458111.00,0
76,6.68,4459748.00,0
75,6.68,4461378.00,0
76,6.68,4463005.00,0
76,6.68,4464637.00,0
76,6.68,4466278.00,0
76,6.68,4467920.00,0
76,6.59,4469551.00,0
76,6.68,4471186.00,0
76,6.68,4472809.00,0
76,6.68,4474442.00,0
76,6.68,4476072.00,0
76,6.68,4477707.00,0
76,6.68,4479338.00,0
76,6.68,4480970.00,0
76,6.68,4482593.00,0
76,6.68,4484231.00,0
76,6.68,4485860.00,0
76,6.68,4487489.00,0
76,6.68,4489115.00,0
76,6.68,4490751.00,0
76,6.68,4492383.00,0
76,6.68,4494018.00,0
76,6.68,4495650.00,0
76,6.68,4497279.00,0
75,6.59,4498919.00,0
76,6.68,4500557.00,0
76,6.68,4502188.00,0
76,6.68,4503826.00,0
76,6.68,4505462.00,0
76,6.68,4507099.00,0
76,6.68,4508723.00,0
76,6.68,4510358.00,0
76,6.68,4512005.00,0
76,6.68,4513629.00,0
76,6.68,4515263.00,0
76,6.68,4516888.00,0
76,6.68,4518523.00,0
76,6.68,4520158.00,0
76,6.68,4521784.00,0
76,6.68,4523412.00,0
76,6.68,4525033.00,0
76,6.68,4526667.00,0
76,6.68,4528296.00,0
76,6.68,4529931.00,0
76,6.68,4531561.00,0
76,6.68,4533193.00,0
76,6.68,4534818.00,0
76,6.68,4536456.00,0
76,6.68,4538085.00,0
76,6.68,4539712.00,0
76,6.68,4541338.00,0
76,6.68,4542984.00,0
76,6.68,4544617.00,0
76,6.68,4546252.00,0
76,6.68,4547875.00,0
76,6.68,4549509.00,0
76,6.68,4551140.00,0
76,6.68,4552770.00,0
76,6.68,4554396.00,0
76,6.59,4556043.00,0
76,6.68,4557676.00,0
76,6.68,4559312.00,0
76,6.68,4560938.00,0
76,6.68,4562571.00,0
76,6.68,4564207.00,0
76,6.68,4565836.00,0
76,6.68,4567460.00,0
75,6.59,4569100.00,0
76,6.68,4570744.00,0
76,6.68,4572383.00,0
76,6.68,4574013.00,0
76,6.68,4575640.00,0
76,6.68,4577275.00,0
76,6.68,4578916.00,0
76,6.68,4580551.00,0
75,6.59,4582182.00,0
76,6.68,4583823.00,0
76,6.68,4585440.00,0
76,6.68,4587062.00,0
76,6.68,4588697.00,0
76,6.68,4590331.00,0
76,6.68,4591963.00,0
75,6.59,4593595.00,0
76,6.68,4595225.00,0
76,6.68,4596871.00,0
76,6.68,4598499.00,0
76,6.68,4600130.00,0
75,6.59,4601760.00,0
76,6.68,4603403.00,0
76,6.68,4605035.00,0
76,6.68,4606673.00,0
76,6.68,4608299.00,0
76,6.68,4609931.00,0
76,6.68,4611571.00,0
76,6.68,4613199.00,0
76,6.68,4614831.00,0
76,6.68,4616468.00,0
75,6.59,4618104.00,0
76,6.59,4619739.00,0
76,6.68,4621367.00,0
76,6.68,4622998.00,0
76,6.68,4624640.00,0
76,6.68,4626267.00,0
76,6.68,4627902.00,0
75,6.59,4629530.00,0
76,6.68,4631167.00,0
76,6.68,4632803.00,0
76,6.68,4634434.00,0
76,6.68,4636059.00,0
75,6.59,4637702.00,0
75,6.68,4639341.00,0
76,6.68,4640977.00,0
76,6.68,4642597.00,0
76,6.68,4644237.00,0
76,6.68,4645851.00,0
76,6.68,4647476.00,0
76,6.68,4649113.00,0
76,6.68,4650748.00,0
76,6.68,4652378.00,0
76,6.68,4654005.00,0
75,6.68,4655637.00,0
75,6.68,4657273.00,0
76,6.68,4658911.00,0
76,6.68,4660543.00,0
76,6.68,4662167.00,0
76,6.68,4663813.00,0
76,6.68,4665444.00,0
76,6.68,4667082.00,0
76,6.68,4668708.00,0
76,6.68,4670345.00,0
76,6.68,4671981.00,0
76,6.68,4673614.00,0
76,6.68,4675244.00,0
76,6.68,4676881.00,0
76,6.68,4678515.00,0
76,6.68,4680152.00,0
76,6.68,4681777.00,0
76,6.68,4683406.00,0
76,6.68,4685049.00,0
76,6.68,4686680.00,0
76,6.68,4688305.00,0
76,6.68,4689932.00,0
76,6.68,4691571.00,0
76,6.68,4693205.00,0
76,6.68,4694830.00,0
76,6.68,4696460.00,0
76,6.68,4698076.00,0
76,6.68,4699701.00,0
76,6.68,4701336.00,0
76,6.68,4702969.00,0
76,6.68,4704602.00,0
76,6.68,4706228.00,0
76,6.68,4707861.00,0
76,6.68,4709497.00,0
76,6.68,4711133.00,0
76,6.68,4712767.00,0
76,6.68,4714392.00,0
76,6.68,4716039.00,0
76,6.68,4717668.00,0
76,6.68,4719306.00,0
76,6.68,4720932.00,0
76,6.68,4722567.00,0
76,6.68,4724198.00,0
76,6.68,4725827.00,0
76,6.68,4727452.00,0
76,6.68,4729094.00,0
76,6.68,4730725.00,0
76,6.68,4732362.00,0
76,6.68,4733986.00,0
76,6.68,4735615.00,0
76,6.68,4737251.00,0
76,6.68,4738883.00,0
76,6.68,4740509.00,0
76,6.68,4742139.00,0
76,6.68,4743770.00,0
76,6.68,4745402.00,0
76,6.68,4747029.00,0
76,6.68,4748671.00,0
76,6.68,4750296.00,0
76,6.68,4751922.00,0
76,6.68,4753559.00,0
76,6.68,4755194.00,0
76,6.68,4756826.00,0
76,6.68,4758452.00,0
76,6.68,4760085.00,0
76,6.68,4761715.00,0
76,6.68,4763352.00,0
76,6.68,4764980.00,0
76,6.68,4766611.00,0
76,6.68,4768253.00,0
76,6.68,4769883.00,0
76,6.68,4771518.00,0
75,6.68,4773150.00,0
76,6.68,4774780.00,0
76,6.68,4776416.00,0
76,6.68,4778045.00,0
76,6.68,4779670.00,0
76,6.68,4781317.00,0
75,6.59,4782953.00,0
76,6.68,4784594.00,0
76,6.68,4786221.00,0
76,6.68,4787851.00,0
76,6.68,4789487.00,0
76,6.68,4791117.00,0
76,6.68,4792739.00,0
76,6.68,4794373.00,0
76,6.68,4796010.00,0
76,6.68,4797647.00,0
75,6.68,4799273.00,0
76,6.68,4800907.00,0
76,6.68,4802524.00,0
76,6.68,4804149.00,0
76,6.68,4805782.00,0
76,6.68,4807413.00,0
76,6.68,4809049.00,0
76,6.68,4810675.00,0
76,6.68,4812308.00,0
76,6.68,4813942.00,0
76,6.68,4815578.00,0
76,6.68,4817204.00,0
76,6.68,4818835.00,0
76,6.68,4820474.00,0
76,6.68,4822104.00,0
76,6.68,4823742.00,0
76,6.68,4825374.00,0
76,6.68,4827007.00,0
76,6.68,4828642.00,0
76,6.68,4830272.00,0
75,6.59,4831904.00,0
76,6.68,4833549.00,0
76,6.68,4835178.00,0
76,6.68,4836814.00,0
76,6.68,4838434.00,0
76,6.68,4840063.00,0
76,6.68,4841698.00,0
76,6.68,4843325.00,0
76,6.68,4844950.00,0
76,6.59,4846597.00,0
75,6.68,4848237.00,0
76,6.68,4849875.00,0
76,6.68,4851500.00,0
76,6.68,4853133.00,0
76,6.68,4854748.00,0
76,6.68,4856375.00,0
76,6.68,4858008.00,0
76,6.68,4859643.00,0
76,6.68,4861275.00,0
76,6.68,4862902.00,0
76,6.68,4864533.00,0
76,6.68,4866168.00,0
76,6.68,4867805.00,0
76,6.68,4869439.00,0
76,6.68,4871063.00,0
76,6.68,4872709.00,0
76,6.68,4874340.00,0
76,6.68,4875977.00,0
76,6.68,4877603.00,0
76,6.68,4879239.00,0
76,6.68,4880875.00,0
76,6.68,4882505.00,0
76,6.68,4884130.00,0
76,6.68,4885772.00,0
76,6.68,4887403.00,0
76,6.68,4889040.00,0
76,6.68,4890666.00,0
76,6.68,4892299.00,0
75,6.59,4893943.00,0
76,6.68,4895580.00,0
76,6.68,4897216.00,0
76,6.68,4898843.00,0
76,6.68,4900477.00,0
76,6.68,4902113.00,0
76,6.68,4903744.00,0
76,6.68,4905371.00,0
76,6.68,4907001.00,0
76,6.68,4908633.00,0
76,6.68,4910267.00,0
76,6.68,4911894.00,0
76,6.68,4913541.00,0
76,6.68,4915160.00,0
76,6.59,4916792.00,0
76,6.68,4918428.00,0
76,6.68,4920060.00,0
76,6.68,4921690.00,0
76,6.68,4923314.00,0
76,6.68,4924948.00,0
76,6.68,4926581.00,0
76,6.68,4928216.00,0
76,6.68,4929841.00,0
76,6.68,4931470.00,0
76,6.68,4933110.00,0
76,6.68,4934739.00,0
76,6.68,4936369.00,0
76,6.68,4938005.00,0
76,6.68,4939640.00,0
76,6.68,4941276.00,0
76,6.68,4942901.00,0
76,6.68,4944533.00,0
76,6.68,4946169.00,0
76,6.68,4947800.00,0
76,6.68,4949425.00,0
76,6.68,4951053.00,0
76,6.68,4952695.00,0
76,6.68,4954330.00,0
76,6.68,4955956.00,0
76,6.68,4957588.00,0
76,6.68,4959210.00,0
76,6.68,4960843.00,0
76,6.68,4962472.00,0
76,6.68,4964105.00,0
76,6.68,4965734.00,0
76,6.68,4967363.00,0
76,6.68,4968988.00,0
76,6.68,4970632.00,0
76,6.68,4972260.00,0
76,6.68,4973888.00,0
76,6.68,4975515.00,0
76,6.68,4977157.00,0
76,6.68,4978787.00,0
76,6.68,4980424.00,0
76,6.68,4982051.00,0
76,6.68,4983686.00,0
76,6.68,4985318.00,0
76,6.68,4986954.00,0
76,6.68,4988578.00,0
75,6.59,4990224.00,0
76,6.68,4991859.00,0
76,6.68,4993497.00,0
76,6.68,4995123.00,0
76,6.68,4996756.00,0
76,6.68,4998396.00,0
76,6.68,5000025.00,0
76,6.68,5001650.00,0
76,6.68,5003281.00,0
76,6.68,5004923.00,0
76,6.68,5006559.00,0
76,6.68,5008190.00,0
76,6.68,5009814.00,0
76,6.68,5011448.00,0
76,6.68,5013080.00,0
76,6.68,5014712.00,0
76,6.68,5016338.00,0
75,6.59,5017989.00,0
76,6.59,5019608.00,0
75,6.68,5021237.00,0
76,6.68,5022873.00,0
76,6.68,5024508.00,0
76,6.68,5026138.00,0
76,6.68,5027763.00,0
76,6.68,5029396.00,0
76,6.68,5031029.00,0
76,6.68,5032666.00,0
76,6.68,5034291.00,0
76,6.68,5035923.00,0
76,6.68,5037563.00,0
76,6.68,5039196.00,0
76,6.68,5040832.00,0
76,6.68,5042462.00,0
76,6.68,5044092.00,0
76,6.68,5045728.00,0
76,6.68,5047350.00,0
76,6.68,5048980.00,0
76,6.68,5050620.00,0
76,6.68,5052250.00,0
76,6.68,5053876.00,0
76,6.68,5055508.00,0
76,6.68,5057151.00,0
76,6.68,5058787.00,0
76,6.68,5060419.00,0
76,6.68,5062045.00,0
76,6.68,5063678.00,0
76,6.68,5065320.00,0
76,6.68,5066958.00,0
76,6.68,5068580.00,0
76,6.68,5070219.00,0
76,6.68,5071835.00,0
76,6.68,5073463.00,0
76,6.59,5075104.00,0
76,6.68,5076743.00,0
76,6.68,5078373.00,0
76,6.68,5080004.00,0
76,6.68,5081628.00,0
76,6.68,5083270.00,0
76,6.68,5084895.00,0
75,6.68,5086527.00,0
76,6.68,5088154.00,0
76,6.68,5089791.00,0
76,6.68,5091420.00,0
76,6.68,5093056.00,0
76,6.68,5094689.00,0
76,6.68,5096318.00,0
76,6.68,5097956.00,0
76,6.68,5099581.00,0
76,6.68,5101207.00,0
76,6.68,5102854.00,0
76,6.68,5104484.00,0
76,6.68,5106121.00,0
76,6.68,5107746.00,0
76,6.68,5109380.00,0
76,6.68,5111019.00,0
75,6.59,5112655.00,0
76,6.68,5114286.00,0
76,6.59,5115923.00,0
76,6.68,5117574.00,0
76,6.68,5119214.00,0
76,6.68,5120846.00,0
76,6.68,5122468.00,0
76,6.68,5124100.00,0
76,6.68,5125734.00,0
76,6.68,5127368.00,0
76,6.68,5128992.00,0
76,6.68,5130633.00,0
76,6.68,5132260.00,0
75,6.68,5133898.00,0
76,6.68,5135528.00,0
76,6.68,5137163.00,0
76,6.68,5138791.00,0
76,6.68,5140425.00,0
76,6.68,5142050.00,0
76,6.68,5143689.00,0
76,6.68,5145316.00,0
76,6.68,5146948.00,0
76,6.68,5148571.00,0
76,6.68,5150216.00,0
76,6.68,5151846.00,0
76,6.68,5153483.00,0
76,6.68,5155108.00,0
76,6.68,5156742.00,0
76,6.68,5158379.00,0
76,6.68,5160009.00,1
81,7.03,5161635.00,1
83,7.30,5163272.00,1
88,7.65,5164896.00,1
93,8.18,5166530.00,1
98,8.44,5168158.00,1
103,9.05,5169838.00,1
109,9.49,5171520.00,1
117,10.29,5173189.00,1
124,10.81,5174909.00,1
135,11.69,5176641.00,1
145,12.57,5178358.00,1
154,13.36,5180086.00,1
166,14.51,5181804.00,1
178,15.47,5183537.00,1
191,16.70,5185259.00,1
203,17.67,5186992.00,1
218,18.90,5188704.00,1
233,20.40,5190432.00,1
248,21.54,5192146.00,1
264,23.03,5193877.00,1
281,24.44,5195589.00,1
298,25.93,5197322.00,1
316,27.52,5199049.00,1
332,29.01,5200779.00,1
350,30.59,5202502.00,1
366,32.00,5204232.00,1
384,33.49,5205946.00,1
401,35.08,5207673.00,1
418,36.57,5209406.00,1
437,38.07,5211128.00,1
452,39.56,5212856.00,1
470,41.05,5214575.00,1
487,42.64,5216304.00,1
505,44.13,5218031.00,1
522,45.71,5219772.00,1
539,47.21,5221497.00,1
555,48.62,5223234.00,1
573,50.20,5224971.00,1
591,51.69,5226695.00,1
608,53.27,5228422.00,1
625,54.68,5230150.00,1
642,56.18,5231882.00,1
659,57.76,5233603.00,1
676,59.16,5235326.00,1
693,60.75,5237062.00,1
710,62.24,5238777.00,1
728,63.82,5240507.00,1
745,65.23,5242233.00,1
762,66.81,5243961.00,1
779,68.31,5245689.00,1
795,69.71,5247421.00,1
814,71.30,5249145.00,1
829,72.70,5250874.00,1
847,74.20,5252596.00,1
863,75.78,5254329.00,1
881,77.19,5256051.00,1
899,78.77,5257787.00,1
915,80.18,5259518.00,1
933,81.67,5261246.00,1
949,83.25,5262969.00,1
966,84.66,5264705.00,1
983,86.24,5266428.00,1
1000,87.74,5268210.00,1
1018,89.32,5269999.00,1
1035,90.81,5271792.00,1
1052,92.31,5273578.00,1
1070,93.89,5275369.00,1
1088,95.38,5277160.00,1
1106,96.97,5278953.00,1
1122,98.46,5280739.00,1
1140,100.04,5282532.00,1
1158,101.54,5284345.00,1
1175,103.12,5286174.00,1
1193,104.70,5287990.00,1
1210,106.20,5289824.00,1
1228,107.78,5291642.00,1
1245,109.27,5293465.00,1
1263,110.86,5295295.00,1
1280,112.35,5297126.00,1
1297,113.85,5298950.00,1
1315,115.52,5300781.00,1
1333,116.92,5302616.00,1
1351,118.59,5304438.00,1
1367,119.91,5306268.00,1
1385,121.58,5308087.00,1
1401,122.99,5309924.00,1
1419,124.57,5311750.00,1
1436,126.07,5313575.00,1
1452,127.47,5315408.00,1
1471,129.05,5317238.00,1
1486,130.46,5319053.00,1
1505,131.96,5320889.00,1
1521,133.54,5322723.00,1
1538,134.95,5324549.00,1
1555,136.53,5326384.00,1
1573,138.11,5328219.00,1
1590,139.60,5330041.00,1
1606,141.10,5331864.00,1
1624,142.59,5333683.00,1
1641,144.00,5335517.00,1
1658,145.58,5337336.00,1
1675,147.08,5339160.00,1
1691,148.48,5340985.00,1
1710,150.07,5342823.00,1
1726,151.56,5344651.00,1
1745,153.05,5346479.00,1
1760,154.64,5348292.00,1
1779,156.04,5350120.00,1
1795,157.71,5351941.00,1
1813,159.12,5353772.00,1
1831,160.79,5355579.00,1
1848,162.20,5357413.00,1
1866,163.87,5359231.00,1
1883,165.27,5361064.00,1
1901,166.95,5362900.00,1
1919,168.44,5364727.00,1
1935,169.93,5366558.00,1
1955,171.60,5368379.00,1
1971,173.10,5370210.00,1
1990,174.68,5372034.00,1
2006,176.18,5373854.00,1
2025,177.76,5375671.00,1
2042,179.43,5377513.00,1
2061,180.84,5379346.00,1
2079,182.59,5381170.00,1
2096,184.00,5383005.00,1
2114,185.67,5384826.00,1
2131,187.08,5386650.00,1
2149,188.75,5388475.00,1
2167,190.24,5390309.00,1
2184,191.82,5392136.00,1
2203,193.41,5393961.00,1
2219,194.90,5395797.00,1
2239,196.57,5397617.00,1
2255,198.07,5399448.00,1
2274,199.65,5401270.00,1
2290,201.23,5403110.00,1
2309,202.81,5404944.00,1
2327,204.40,5406771.00,1
2344,205.80,5408608.00,1
2363,207.38,5410427.00,1
2379,208.97,5412253.00,1
2398,210.55,5414073.00,1
2414,212.04,5415908.00,1
2431,213.54,5417726.00,1
2449,215.21,5419562.00,1
2467,216.62,5421401.00,1
2485,218.29,5423225.00,1
2501,219.60,5425063.00,1
2519,221.27,5426873.00,1
2537,222.77,5428714.00,1
2554,224.26,5430546.00,1
2572,225.85,5432371.00,1
2588,227.34,5434212.00,1
2607,229.01,5436037.00,1
2623,230.42,5437864.00,1
2642,232.09,5439698.00,1
2658,233.49,5441520.00,1
2676,235.08,5443349.00,1
2693,236.57,5445175.00,1
2710,238.07,5447017.00,1
2729,239.65,5448845.00,1
2745,241.14,5450668.00,1
2764,242.64,5452502.00,1
2780,244.22,5454329.00,1
2798,245.71,5456161.00,1
2815,247.38,5457977.00,1
2833,248.79,5459813.00,1
2850,250.37,5461636.00,1
2868,251.87,5463465.00,1
2886,253.54,5465299.00,1
2903,254.95,5467123.00,1
2920,256.53,5468957.00,1
2938,258.11,5470781.00,1
2955,259.60,5472621.00,1
2974,261.27,5474450.00,1
2990,262.68,5476278.00,1
3009,264.35,5478120.00,1
3026,265.76,5479951.00,1
3044,267.43,5481784.00,1
3062,269.01,5483620.00,1
3078,270.42,5485450.00,1
3097,272.09,5487284.00,1
3114,273.49,5489120.00,1
3132,275.16,5490952.00,1
3150,276.66,5492781.00,1
3167,278.24,5494625.00,1
3185,279.82,5496455.00,1
3201,281.23,5498280.00,1
3220,282.90,5500117.00,1
3236,284.31,5501937.00,1
3255,285.98,5503774.00,1
3272,287.38,5505599.00,1
3289,288.97,5507439.00,1
3307,290.46,5509268.00,1
3323,291.96,5511096.00,1
3342,293.54,5512934.00,1
3358,295.03,5514767.00,1
3376,296.53,5516595.00,1
3393,298.11,5518435.00,1
3410,299.60,5520269.00,1
3428,301.10,5522102.00,1
3444,302.59,5523940.00,1
3463,304.18,5525771.00,1
3478,305.58,5527604.00,1
3497,307.25,5529444.00,1
3512,308.66,5531273.00,1
3531,310.24,5533097.00,1
3548,311.65,5534938.00,1
3564,313.14,5536761.00,1
3583,314.73,5538603.00,1
3599,316.22,5540449.00,1
3618,317.89,5542286.00,1
3634,319.21,5544121.00,1
3651,320.79,5545959.00,1
3669,322.29,5547785.00,1
3686,323.87,5549626.00,1
3704,325.45,5551470.00,1
3720,326.86,5553300.00,1
3739,328.44,5555127.00,1
3755,329.85,5556968.00,1
3773,331.52,5558799.00,1
3790,333.01,5560636.00,1
3808,334.51,5562468.00,1
3826,336.18,5564302.00,1
3843,337.67,5566133.00,1
3862,339.34,5567978.00,1
3879,340.75,5569811.00,1
3897,342.42,5571639.00,1
3914,344.00,5573477.00,1
3932,345.49,5575291.00,1
3951,347.08,5577130.00,1
3967,348.57,5578949.00,1
3987,350.33,5580783.00,1
4004,351.74,5582620.00,1
4023,353.49,5584446.00,1
4041,354.99,5586284.00,1
4059,356.57,5588114.00,1
4077,358.15,5589942.00,1
4094,359.74,5591784.00,1
18,361.32,5593514.00,1
33,362.73,5595253.00,1
51,364.31,5596990.00,1
69,365.80,5598736.00,1
85,367.30,5600464.00,1
104,368.97,5602238.00,1
120,370.37,5604020.00,1
139,371.96,5605812.00,1
156,373.54,5607604.00,1
174,375.03,5609386.00,1
192,376.70,5611167.00,1
209,378.20,5612944.00,1
229,379.78,5614715.00,1
246,381.27,5616487.00,1
264,382.95,5618261.00,1
280,384.44,5620044.00,1
299,385.93,5621822.00,1
316,387.60,5623611.00,1
332,388.92,5625399.00,1
348,390.42,5627193.00,1
362,391.74,5628983.00,1
377,392.97,5630776.00,1
390,394.11,5632571.00,1
403,395.25,5634361.00,1
415,396.22,5636145.00,1
425,397.27,5637939.00,1
437,398.33,5639730.00,1
443,398.86,5641524.00,1
455,399.91,5643297.00,1
458,400.26,5645084.00,1
470,401.14,5646867.00,1
474,401.58,5648653.00,1
481,402.20,5650429.00,1
483,402.37,5652210.00,1
488,402.90,5653985.00,1
490,402.99,5655759.00,1
493,403.34,5657538.00,1
493,403.25,5659323.00,1
497,403.69,5661116.00,1
493,403.34,5662910.00,1
493,403.34,5664690.00,1
486,402.81,5666484.00,1
484,402.64,5668277.00,1
478,402.02,5670069.00,1
474,401.76,5671853.00,1
465,400.97,5673648.00,1
458,400.35,5675441.00,1
450,399.65,5677235.00,1
440,398.86,5679023.00,1
431,398.07,5680816.00,1
418,396.92,5682604.00,1
409,396.04,5684391.00,1
394,394.81,5686165.00,1
384,393.93,5687944.00,1
367,392.44,5689719.00,1
356,391.47,5691496.00,1
339,389.98,5693274.00,1
323,388.48,5695050.00,1
306,387.08,5696837.00,1
288,385.49,5698618.00,1
270,384.00,5700404.00,1
252,382.42,5702178.00,1
234,380.84,5703964.00,1
217,379.34,5705727.00,1
198,377.67,5707510.00,1
181,376.18,5709282.00,1
163,374.59,5711062.00,1
145,373.01,5712837.00,1
127,371.43,5714613.00,1
108,369.76,5716407.00,1
91,368.18,5718154.00,1
72,366.59,5719890.00,1
56,365.10,5721627.00,1
38,363.52,5723360.00,1
21,362.02,5725091.00,1
3,360.44,5726774.00,1
4081,358.95,5728614.00,1
4063,357.36,5730450.00,1
4045,355.78,5732279.00,1
4026,354.11,5734120.00,1
4007,352.62,5735950.00,1
3989,350.86,5737789.00,1
3971,349.36,5739624.00,1
3952,347.60,5741455.00,1
3935,346.11,5743285.00,1
3915,344.44,5745132.00,1
3898,342.86,5746962.00,1
3879,341.36,5748790.00,1
3863,339.78,5750632.00,1
3844,338.20,5752458.00,1
3827,336.62,5754283.00,1
3809,335.03,5756124.00,1
3791,333.45,5757947.00,1
3774,331.96,5759788.00,1
3755,330.37,5761633.00,1
3738,328.79,5763467.00,1
3720,327.38,5765299.00,1
3703,325.71,5767138.00,1
3686,324.22,5768966.00,1
3667,322.64,5770802.00,1
3651,321.14,5772638.00,1
3632,319.56,5774475.00,1
3616,318.07,5776307.00,1
3598,316.48,5778147.00,1
3581,314.99,5779976.00,1
3564,313.49,5781811.00,1
3546,312.00,5783618.00,1
3530,310.51,5785448.00,1
3511,308.92,5787285.00,1
3495,307.43,5789112.00,1
3477,305.93,5790956.00,1
3460,304.35,5792781.00,1
3443,302.86,5794616.00,1
3425,301.27,5796458.00,1
3408,299.78,5798287.00,1
3390,298.29,5800121.00,1
3373,296.70,5801959.00,1
3355,295.21,5803783.00,1
3338,293.63,5805619.00,1
3320,292.13,5807464.00,1
3304,290.55,5809299.00,1
3286,289.05,5811126.00,1
3267,287.47,5812967.00,1
3250,285.98,5814799.00,1
3232,284.40,5816634.00,1
3216,282.90,5818469.00,1
3198,281.32,5820297.00,1
3179,279.74,5822135.00,1
3162,278.24,5823979.00,1
3144,276.66,5825811.00,1
3128,275.16,5827640.00,1
3108,273.49,5829480.00,1
3092,272.00,5831304.00,1
3073,270.51,5833117.00,1
3056,268.84,5834946.00,1
3039,267.34,5836780.00,1
3021,265.76,5838615.00,1
3003,264.18,5840442.00,1
2984,262.59,5842284.00,1
2968,261.10,5844114.00,1
2949,259.52,5845939.00,1
2932,257.93,5847782.00,1
2914,256.35,5849615.00,1
2897,254.77,5851452.00,1
2879,253.27,5853287.00,1
2860,251.69,5855116.00,1
2843,250.11,5856949.00,1
2825,248.62,5858794.00,1
2808,247.03,5860626.00,1
2790,245.45,5862453.00,1
2772,243.87,5864295.00,1
2755,242.37,5866122.00,1
2736,240.79,5867949.00,1
2720,239.30,5869783.00,1
2701,237.71,5871607.00,1
2684,236.13,5873440.00,1
2666,234.73,5875266.00,1
2650,233.14,5877105.00,1
2632,231.56,5878940.00,1
2615,229.98,5880760.00,1
2597,228.48,5882601.00,1
2579,226.90,5884429.00,1
2562,225.41,5886253.00,1
2545,223.91,5888066.00,1
2527,222.33,5889902.00,1
2510,220.84,5891736.00,1
2492,219.16,5893563.00,1
2474,217.76,5895403.00,1
2456,216.09,5897229.00,1
2439,214.68,5899059.00,1
2421,213.10,5900901.00,1
2404,211.60,5902730.00,1
2387,210.02,5904552.00,1
2369,208.44,5906362.00,1
2352,206.95,5908203.00,1
2333,205.27,5910030.00,1
2316,203.78,5911866.00,1
2298,202.20,5913700.00,1
2281,200.70,5915527.00,1
2263,199.12,5917343.00,1
2245,197.54,5919162.00,1
2227,195.96,5921005.00,1
2209,194.46,5922828.00,1
2191,192.79,5924659.00,1
2173,191.30,5926500.00,1
2156,189.71,5928330.00,1
2138,188.22,5930162.00,1
2120,186.55,5931998.00,1
2102,184.97,5933820.00,1
2084,183.38,5935645.00,1
2067,181.98,5937470.00,1
2049,180.31,5939303.00,1
2031,178.73,5941132.00,1
2013,177.14,5942964.00,1
1995,175.56,5944807.00,1
1977,174.07,5946638.00,1
1959,172.40,5948460.00,1
1941,170.90,5950292.00,1
1924,169.32,5952116.00,1
1906,167.82,5953941.00,1
1889,166.24,5955771.00,1
1871,164.75,5957606.00,1
1854,163.16,5959431.00,1
1836,161.67,5961266.00,1
1820,160.18,5963101.00,1
1801,158.51,5964923.00,1
1784,157.01,5966759.00,1
1766,155.43,5968593.00,1
1749,154.02,5970419.00,1
1732,152.44,5972243.00,1
1715,150.95,5974069.00,1
1698,149.45,5975910.00,1
1679,147.87,5977735.00,1
1663,146.37,5979562.00,1
1646,144.97,5981398.00,1
1629,143.38,5983224.00,1
1612,141.89,5985056.00,1
1595,140.31,5986877.00,1
1577,138.90,5988716.00,1
1560,137.32,5990541.00,1
1543,135.82,5992371.00,1
1525,134.33,5994210.00,1
1509,132.84,5996039.00,1
1491,131.34,5997870.00,1
1474,129.76,5999676.00,1
1457,128.35,6001513.00,1
1440,126.77,6003340.00,1
1423,125.36,6005166.00,1
1406,123.78,6007002.00,1
1389,122.29,6008823.00,1
1372,120.79,6010654.00,1
1354,119.30,6012476.00,1
1338,117.80,6014313.00,1
1319,116.22,6016139.00,1
1302,114.64,6017964.00,1
1284,113.14,6019803.00,1
1268,111.65,6021627.00,1
1250,110.15,6023459.00,1
1232,108.48,6025272.00,1
1215,107.08,6027110.00,1
1197,105.41,6028926.00,1
1179,103.91,6030761.00,1
1162,102.33,6032598.00,1
1144,100.75,6034426.00,1
1126,99.25,6036256.00,1
1109,97.67,6038030.00,1
1092,96.18,6039815.00,1
1073,94.59,6041594.00,1
1056,93.10,6043375.00,1
1038,91.60,6045165.00,1
1021,90.02,6046957.00,1
1004,88.44,6048740.00,1
986,86.86,6050482.00,1
969,85.36,6052207.00,1
952,83.87,6053940.00,1
935,82.37,6055673.00,1
918,80.97,6057404.00,1
901,79.38,6059130.00,1
884,77.98,6060866.00,1
867,76.40,6062598.00,1
850,74.90,6064326.00,1
833,73.49,6066045.00,1
816,71.91,6067780.00,1
799,70.51,6069515.00,1
782,68.92,6071239.00,1
765,67.52,6072967.00,1
748,65.93,6074699.00,1
731,64.53,6076413.00,1
714,62.95,6078150.00,1
697,61.45,6079886.00,1
679,59.96,6081608.00,1
663,58.46,6083342.00,1
645,57.05,6085061.00,1
629,55.47,6086791.00,1
611,53.98,6088517.00,1
595,52.57,6090252.00,1
578,50.99,6091979.00,1
561,49.58,6093708.00,1
544,48.00,6095425.00,1
528,46.59,6097146.00,1
511,45.10,6098873.00,1
493,43.60,6100603.00,1
477,42.11,6102337.00,1
459,40.70,6104056.00,1
443,39.12,6105783.00,1
426,37.71,6107513.00,1
409,36.13,6109242.00,1
392,34.64,6110974.00,1
374,33.14,6112703.00,1
357,31.56,6114443.00,1
340,30.15,6116162.00,1
322,28.48,6117899.00,1
305,26.99,6119626.00,1
288,25.49,6121355.00,1
271,24.00,6123074.00,1
255,22.59,6124799.00,1
238,21.10,6126523.00,1
223,19.87,6128249.00,1
209,18.55,6129981.00,1
195,17.32,6131701.00,1
183,16.18,6133432.00,1
171,15.21,6135161.00,1
158,13.98,6136890.00,1
150,13.27,6138615.00,1
138,12.22,6140346.00,1
131,11.60,6142071.00,1
119,10.46,6143800.00,1
115,10.20,6145532.00,1
105,9.32,6147261.00,1
102,9.05,6148934.00,1
95,8.44,6150555.00,1
93,8.26,6152191.00,1
86,7.65,6153835.00,1
85,7.56,6155476.00,1
81,7.12,6157106.00,1
80,7.03,6158742.00,1
79,6.95,6160364.00,0
77,6.77,6162001.00,1
79,6.95,6163636.00,0
77,6.77,6165270.00,1
79,6.95,6166920.00,0
77,6.77,6168543.00,1
79,6.95,6170171.00,0
77,6.77,6171811.00,1
78,6.95,6173452.00,0
77,6.77,6175098.00,0
78,6.86,6176725.00,0
77,6.77,6178355.00,1
78,6.86,6179996.00,0
78,6.77,6181638.00,0
78,6.86,6183275.00,0
77,6.77,6184911.00,0
78,6.86,6186544.00,0
78,6.77,6188186.00,0
78,6.86,6189824.00,1
77,6.77,6191457.00,0
78,6.86,6193093.00,0
78,6.77,6194726.00,0
78,6.86,6196371.00,1
78,6.77,6198013.00,0
78,6.86,6199649.00,0
78,6.86,6201282.00,0
78,6.86,6202909.00,1
78,6.77,6204555.00,0
78,6.86,6206194.00,1
78,6.86,6207834.00,0
78,6.86,6209462.00,1
78,6.86,6211093.00,0
78,6.86,6212728.00,1
78,6.86,6214365.00,0
78,6.86,6215999.00,1
78,6.86,6217624.00,0
78,6.86,6219272.00,1
78,6.86,6220904.00,0
78,6.86,6222540.00,1
78,6.86,6224165.00,0
78,6.86,6225799.00,0
78,6.86,6227437.00,0
78,6.86,6229068.00,0
78,6.86,6230700.00,1
78,6.86,6232337.00,0
78,6.86,6233975.00,1
78,6.86,6235612.00,0
78,6.86,6237239.00,0
78,6.86,6238870.00,0
78,6.86,6240510.00,1
78,6.86,6242143.00,0
78,6.86,6243779.00,0
78,6.86,6245408.00,1
78,6.86,6247045.00,0
78,6.86,6248676.00,1
78,6.86,6250305.00,0
78,6.86,6251933.00,0
78,6.86,6253567.00,0
78,6.86,6255210.00,1
78,6.86,6256846.00,0
78,6.86,6258469.00,0
78,6.86,6260109.00,0
78,6.86,6261728.00,0
78,6.86,6263371.00,1
78,6.86,6265001.00,0
78,6.86,6266635.00,1
78,6.86,6268277.00,0
78,6.86,6269899.00,0
78,6.86,6271522.00,0
78,6.86,6273168.00,1
78,6.86,6274798.00,0
78,6.86,6276430.00,0
78,6.86,6278053.00,1
78,6.86,6279693.00,0
78,6.86,6281323.00,0
78,6.86,6282961.00,0
78,6.86,6284589.00,1
78,6.86,6286223.00,0
78,6.86,6287868.00,0
78,6.86,6289501.00,0
78,6.86,6291141.00,0
78,6.86,6292771.00,1
78,6.86,6294408.00,1
78,6.86,6296044.00,0
78,6.86,6297675.00,0
78,6.86,6299307.00,1
78,6.86,6300945.00,1
78,6.86,6302579.00,0
78,6.86,6304217.00,0
78,6.86,6305844.00,0
78,6.86,6307477.00,1
78,6.86,6309126.00,1
78,6.86,6310756.00,0
78,6.86,6312394.00,0
78,6.86,6314019.00,0
78,6.86,6315653.00,1
78,6.86,6317294.00,1
78,6.86,6318926.00,0
78,6.86,6320554.00,0
78,6.86,6322188.00,1
78,6.86,6323829.00,1
78,6.86,6325470.00,1
78,6.86,6327101.00,0
78,6.86,6328729.00,0
78,6.86,6330364.00,1
78,6.86,6332005.00,1
78,6.86,6333642.00,0
78,6.86,6335266.00,0
78,6.86,6336909.00,0
78,6.86,6338526.00,0
78,6.86,6340158.00,0
78,6.86,6341793.00,0
78,6.86,6343429.00,1
78,6.86,6345062.00,0
78,6.86,6346697.00,0
78,6.86,6348322.00,0
78,6.86,6349967.00,0
78,6.86,6351603.00,1
78,6.86,6353241.00,1
78,6.86,6354869.00,0
78,6.86,6356501.00,0
78,6.86,6358137.00,1
78,6.86,6359780.00,1
78,6.86,6361417.00,0
78,6.86,6363042.00,0
78,6.86,6364683.00,0
78,6.86,6366315.00,0
78,6.86,6367954.00,1
78,6.86,6369584.00,0
78,6.86,6371214.00,0
78,6.86,6372859.00,0
78,6.86,6374490.00,0
78,6.86,6376128.00,1
78,6.86,6377759.00,0
78,6.86,6379397.00,0
78,6.86,6381035.00,0
78,6.86,6382667.00,1
78,6.86,6384300.00,0
78,6.86,6385937.00,0
78,6.86,6387575.00,0
78,6.86,6389216.00,0
78,6.86,6390850.00,0
78,6.86,6392478.00,1
78,6.86,6394122.00,1
78,6.86,6395755.00,0
78,6.86,6397400.00,0
78,6.86,6399029.00,0
78,6.86,6400660.00,1
78,6.86,6402299.00,1
78,6.86,6403930.00,0
78,6.86,6405556.00,0
78,6.86,6407185.00,1
78,6.86,6408823.00,0
78,6.86,6410462.00,0
78,6.86,6412087.00,0
78,6.86,6413715.00,1
78,6.86,6415335.00,0
78,6.86,6416971.00,0
78,6.86,6418601.00,0
78,6.86,6420236.00,0
78,6.86,6421876.00,0
78,6.86,6423499.00,1
78,6.86,6425123.00,0
78,6.86,6426765.00,0
78,6.86,6428398.00,0
78,6.86,6430029.00,1
78,6.86,6431651.00,0
78,6.86,6433291.00,0
78,6.86,6434921.00,1
78,6.86,6436557.00,1
78,6.86,6438180.00,0
78,6.86,6439815.00,1
78,6.86,6441450.00,1
78,6.86,6443080.00,0
78,6.86,6444706.00,0
78,6.86,6446349.00,0
78,6.86,6447980.00,1
78,6.86,6449617.00,0
78,6.86,6451242.00,0
78,6.86,6452876.00,1
78,6.86,6454514.00,1
78,6.86,6456146.00,0
78,6.86,6457774.00,0
78,6.86,6459406.00,1
78,6.86,6461048.00,1
78,6.86,6462687.00,1
78,6.86,6464317.00,0
78,6.86,6465944.00,0
78,6.86,6467579.00,1
78,6.86,6469211.00,0
78,6.86,6470842.00,0
78,6.86,6472470.00,1
78,6.86,6474118.00,1
78,6.86,6475748.00,1
78,6.86,6477387.00,0
78,6.86,6479016.00,0
78,6.86,6480652.00,0
78,6.86,6482281.00,0
78,6.86,6483913.00,0
78,6.86,6485538.00,1
78,6.86,6487182.00,0
78,6.86,6488812.00,0
78,6.86,6490445.00,0
78,6.86,6492067.00,1
78,6.86,6493708.00,1
78,6.86,6495339.00,0
78,6.86,6496978.00,0
78,6.86,6498604.00,0
78,6.86,6500237.00,1
78,6.86,6501879.00,0
78,6.86,6503512.00,0
78,6.86,6505149.00,0
78,6.86,6506782.00,0
78,6.86,6508413.00,1
78,6.86,6510050.00,0
78,6.86,6511684.00,0
78,6.86,6513311.00,1
78,6.86,6514954.00,0
78,6.86,6516586.00,1
78,6.86,6518224.00,0
78,6.86,6519850.00,0
78,6.86,6521484.00,1
78,6.86,6523122.00,1
78,6.86,6524753.00,0
78,6.86,6526380.00,0
78,6.86,6528015.00,1
78,6.86,6529657.00,1
78,6.86,6531294.00,1
78,6.86,6532926.00,0
78,6.86,6534552.00,0
78,6.86,6536187.00,1
78,6.86,6537819.00,0
78,6.86,6539454.00,0
78,6.86,6541079.00,1
78,6.86,6542725.00,1
78,6.86,6544344.00,0
78,6.86,6545972.00,0
78,6.86,6547610.00,1
78,6.86,6549244.00,1
78,6.86,6550878.00,0
78,6.86,6552503.00,1
78,6.86,6554133.00,1
78,6.86,6555766.00,0
78,6.86,6557403.00,0
78,6.86,6559039.00,0
78,6.86,6560666.00,1
78,6.86,6562310.00,1
78,6.86,6563934.00,0
78,6.86,6565568.00,0
78,6.86,6567201.00,1
78,6.86,6568828.00,0
78,6.86,6570465.00,0
78,6.86,6572093.00,1
78,6.86,6573718.00,0
78,6.86,6575357.00,0
78,6.86,6576987.00,0
78,6.86,6578613.00,0
78,6.86,6580243.00,0
78,6.86,6581884.00,0
78,6.86,6583521.00,0
78,6.86,6585149.00,1
78,6.86,6586775.00,0
78,6.86,6588410.00,0
78,6.86,6590042.00,1
78,6.86,6591675.00,0
78,6.86,6593303.00,0
78,6.86,6594951.00,0
78,6.86,6596579.00,1
78,6.86,6598220.00,1
78,6.86,6599848.00,0
78,6.86,6601483.00,0
78,6.86,6603124.00,0
78,6.86,6604746.00,1
78,6.86,6606370.00,0
78,6.86,6608011.00,0
78,6.86,6609643.00,1
78,6.86,6611273.00,0
78,6.86,6612899.00,0
78,6.86,6614540.00,0
78,6.86,6616169.00,1
78,6.86,6617806.00,0
78,6.86,6619428.00,0
78,6.86,6621061.00,1
78,6.86,6622699.00,1
78,6.86,6624329.00,0
78,6.86,6625954.00,1
78,6.86,6627597.00,1
78,6.86,6629228.00,0
78,6.86,6630864.00,0
78,6.86,6632490.00,0
78,6.86,6634122.00,1
78,6.86,6635759.00,0
78,6.86,6637388.00,0
78,6.86,6639012.00,1
78,6.86,6640646.00,0
78,6.86,6642282.00,0
78,6.86,6643919.00,0
78,6.86,6645545.00,1
78,6.86,6647181.00,1
78,6.86,6648800.00,0
78,6.86,6650429.00,1
78,6.86,6652062.00,0
78,6.86,6653694.00,0
78,6.86,6655327.00,0
78,6.86,6656957.00,0
78,6.86,6658584.00,0
78,6.86,6660218.00,0
78,6.86,6661855.00,1
78,6.86,6663488.00,0
78,6.86,6665114.00,0
78,6.86,6666760.00,0
78,6.86,6668389.00,1
78,6.86,6670026.00,1
78,6.86,6671651.00,0
78,6.86,6673287.00,0
78,6.86,6674923.00,0
78,6.86,6676553.00,0
78,6.86,6678178.00,0
78,6.86,6679821.00,0
78,6.86,6681452.00,1
78,6.86,6683088.00,1
78,6.86,6684708.00,0
78,6.86,6686342.00,1
78,6.86,6687979.00,1
78,6.86,6689612.00,0
78,6.86,6691236.00,0
78,6.86,6692872.00,1
78,6.86,6694509.00,1
78,6.86,6696145.00,0
78,6.86,6697770.00,0
78,6.86,6699406.00,1
78,6.86,6701022.00,0
78,6.86,6702654.00,0
78,6.86,6704288.00,1
78,6.86,6705920.00,0
78,6.86,6707548.00,0
78,6.86,6709175.00,1
78,6.86,6710803.00,0
78,6.86,6712441.00,0
78,6.86,6714080.00,0
78,6.86,6715712.00,1
78,6.86,6717339.00,0
78,6.86,6718981.00,0
78,6.86,6720612.00,0
78,6.86,6722249.00,0
78,6.86,6723875.00,0
78,6.86,6725504.00,0
78,6.86,6727136.00,1
78,6.86,6728759.00,0
78,6.86,6730389.00,0
78,6.86,6732038.00,0
78,6.86,6733668.00,0
78,6.86,6735305.00,1
78,6.86,6736931.00,0
78,6.86,6738567.00,0
78,6.86,6740202.00,0
78,6.86,6741833.00,1
78,6.86,6743460.00,0
78,6.86,6745094.00,0
78,6.86,6746731.00,0
78,6.86,6748367.00,1
78,6.86,6749987.00,0
78,6.86,6751629.00,0
78,6.86,6753246.00,0
78,6.86,6754878.00,0
78,6.86,6756512.00,0
78,6.86,6758141.00,1
78,6.86,6759775.00,0
78,6.86,6761405.00,0
78,6.86,6763031.00,1
78,6.86,6764679.00,1
78,6.86,6766312.00,1
78,6.86,6767946.00,0
78,6.86,6769571.00,1
78,6.86,6771210.00,1
78,6.86,6772840.00,0
78,6.86,6774478.00,0
78,6.86,6776100.00,1
78,6.86,6777735.00,1
78,6.86,6779370.00,0
78,6.86,6781000.00,0
78,6.86,6782626.00,1
78,6.86,6784271.00,1
78,6.86,6785900.00,0
78,6.86,6787536.00,0
78,6.86,6789162.00,1
78,6.86,6790794.00,0
78,6.86,6792433.00,0
78,6.86,6794065.00,0
78,6.86,6795693.00,1
78,6.86,6797326.00,0
78,6.86,6798967.00,0
78,6.86,6800607.00,0
78,6.86,6802232.00,0
78,6.86,6803860.00,0
78,6.86,6805480.00,0
78,6.86,6807115.00,1
78,6.86,6808744.00,0
78,6.86,6810380.00,0
78,6.86,6812022.00,0
78,6.86,6813642.00,1
78,6.86,6815267.00,0
78,6.86,6816910.00,0
78,6.86,6818541.00,0
78,6.86,6820172.00,0
78,6.86,6821795.00,0
78,6.86,6823434.00,0
78,6.86,6825067.00,1
78,6.86,6826702.00,0
78,6.86,6828324.00,0
78,6.86,6829961.00,0
78,6.86,6831604.00,1
78,6.86,6833240.00,1
78,6.86,6834878.00,0
78,6.86,6836513.00,0
78,6.86,6838149.00,0
78,6.86,6839786.00,0
78,6.86,6841417.00,1
78,6.86,6843042.00,0
78,6.86,6844683.00,0
78,6.86,6846317.00,0
78,6.86,6847960.00,0
78,6.86,6849588.00,1
78,6.86,6851222.00,0
78,6.86,6852870.00,0
78,6.86,6854501.00,0
78,6.86,6856137.00,0
78,6.86,6857763.00,0
78,6.86,6859400.00,0
78,6.86,6861037.00,0
78,6.86,6862667.00,0
78,6.86,6864293.00,0
78,6.86,6865930.00,0
78,6.86,6867572.00,0
78,6.86,6869214.00,0
78,6.86,6870846.00,0
78,6.86,6872473.00,1
78,6.86,6874106.00,0
78,6.86,6875737.00,0
78,6.86,6877370.00,1
78,6.86,6878999.00,0
78,6.86,6880646.00,0
78,6.86,6882276.00,0
78,6.86,6883916.00,0
78,6.86,6885544.00,1
78,6.86,6887179.00,1
78,6.86,6888810.00,0
78,6.86,6890442.00,0
78,6.86,6892066.00,0
78,6.86,6893709.00,0
78,6.86,6895340.00,0
78,6.86,6896971.00,0
78,6.86,6898594.00,0
78,6.86,6900235.00,0
78,6.86,6901865.00,0
78,6.86,6903501.00,0
78,6.86,6905124.00,0
78,6.86,6906761.00,0
78,6.86,6908398.00,0
78,6.86,6910029.00,1
78,6.86,6911662.00,0
78,6.86,6913303.00,0
78,6.86,6914937.00,0
78,6.86,6916575.00,0
78,6.86,6918205.00,1
78,6.86,6919831.00,0
78,6.86,6921472.00,0
78,6.86,6923102.00,0
78,6.86,6924738.00,1
78,6.86,6926366.00,0
78,6.86,6927997.00,0
78,6.86,6929636.00,0
78,6.86,6931263.00,1
78,6.86,6932889.00,0
78,6.86,6934523.00,0
78,6.86,6936153.00,1
78,6.86,6937786.00,0
78,6.86,6939413.00,0
78,6.86,6941061.00,0
78,6.86,6942680.00,1
78,6.86,6944308.00,0
78,6.86,6945944.00,0
78,6.86,6947580.00,1
78,6.86,6949212.00,1
78,6.86,6950840.00,0
78,6.86,6952470.00,1
78,6.86,6954119.00,0
78,6.86,6955751.00,1
78,6.86,6957385.00,0
78,6.86,6959010.00,0
78,6.86,6960651.00,0
78,6.86,6962281.00,1
78,6.86,6963918.00,0
78,6.86,6965540.00,0
78,6.86,6967173.00,1
78,6.86,6968810.00,1
78,6.86,6970442.00,0
78,6.86,6972066.00,0
78,6.86,6973707.00,1
78,6.86,6975338.00,0
78,6.86,6976977.00,0
78,6.86,6978602.00,0
78,6.86,6980235.00,1
78,6.86,6981871.00,0
78,6.86,6983502.00,0
78,6.86,6985130.00,0
78,6.86,6986764.00,1
78,6.86,6988403.00,1
78,6.86,6990039.00,0
78,6.86,6991666.00,0
78,6.86,6993297.00,1
78,6.86,6994919.00,0
78,6.86,6996555.00,0
78,6.86,6998184.00,1
78,6.86,6999820.00,0
78,6.86,7001460.00,0
78,6.86,7003083.00,0
78,6.86,7004706.00,0
78,6.86,7006349.00,0
78,6.86,7007981.00,0
78,6.86,7009614.00,1
78,6.86,7011236.00,0
78,6.86,7012876.00,0
78,6.86,7014507.00,0
78,6.86,7016143.00,1
78,6.86,7017771.00,0
78,6.86,7019404.00,0
78,6.86,7021046.00,0
78,6.86,7022680.00,0
78,6.86,7024318.00,1
78,6.86,7025953.00,0
78,6.86,7027590.00,0
78,6.86,7029227.00,0
78,6.86,7030858.00,0
78,6.86,7032491.00,1
78,6.86,7034131.00,1
78,6.86,7035767.00,0
78,6.86,7037407.00,0
78,6.86,7039041.00,0
78,6.86,7040671.00,1
78,6.86,7042313.00,1
78,6.86,7043944.00,0
78,6.86,7045584.00,0
78,6.86,7047210.00,0
78,6.86,7048843.00,1
78,6.86,7050479.00,1
78,6.86,7052111.00,0
78,6.86,7053738.00,0
78,6.86,7055370.00,1
78,6.86,7057011.00,0
78,6.86,7058647.00,0
78,6.86,7060274.00,0
78,6.86,7061903.00,1
78,6.86,7063524.00,0
78,6.86,7065164.00,0
78,6.86,7066792.00,1
78,6.86,7068427.00,0
78,6.86,7070069.00,0
78,6.86,7071690.00,1
78,6.86,7073315.00,0
78,6.86,7074958.00,0
78,6.86,7076595.00,0
78,6.86,7078234.00,0
78,6.86,7079862.00,1
78,6.86,7081492.00,0
78,6.86,7083127.00,0
78,6.86,7084764.00,0
78,6.86,7086399.00,0
78,6.86,7088026.00,0
78,6.86,7089672.00,1
78,6.86,7091303.00,0
78,6.86,7092939.00,0
78,6.86,7094564.00,1
78,6.86,7096200.00,0
78,6.86,7097844.00,0
78,6.86,7099481.00,0
78,6.86,7101118.00,0
78,6.86,7102753.00,0
78,6.86,7104388.00,1
78,6.86,7106020.00,0
78,6.86,7107656.00,0
78,6.86,7109282.00,0
78,6.86,7110926.00,1
78,6.86,7112564.00,1
78,6.86,7114201.00,0
78,6.86,7115830.00,0
78,6.86,7117462.00,0
78,6.86,7119110.00,0
78,6.86,7120745.00,0
78,6.86,7122384.00,1
78,6.86,7124010.00,0
78,6.86,7125642.00,0
78,6.86,7127280.00,1
78,6.86,7128910.00,1
78,6.86,7130538.00,0
78,6.86,7132172.00,0
78,6.86,7133815.00,0
78,6.86,7135455.00,1
78,6.86,7137085.00,0
78,6.86,7138713.00,0
78,6.86,7140347.00,0
78,6.86,7141990.00,0
78,6.86,7143631.00,0
78,6.86,7145259.00,0
78,6.86,7146894.00,0
78,6.86,7148516.00,1
78,6.86,7150155.00,1
78,6.86,7151785.00,0
78,6.86,7153418.00,0
78,6.86,7155061.00,0
78,6.86,7156684.00,1
78,6.86,7158316.00,0
78,6.86,7159953.00,0
78,6.86,7161594.00,0
78,6.86,7163228.00,0
78,6.86,7164862.00,1
78,6.86,7166489.00,0
78,6.86,7168136.00,0
78,6.86,7169765.00,0
78,6.86,7171393.00,1
78,6.86,7173021.00,0
78,6.86,7174665.00,0
78,6.86,7176295.00,0
78,6.86,7177934.00,1
78,6.86,7179561.00,0
78,6.86,7181195.00,0
78,6.86,7182835.00,0
78,6.86,7184472.00,0
78,6.86,7186110.00,1
78,6.86,7187743.00,1
78,6.86,7189373.00,0
78,6.86,7191010.00,0
78,6.86,7192641.00,1
78,6.86,7194269.00,0
78,6.86,7195910.00,0
78,6.86,7197540.00,0
78,6.86,7199177.00,0
78,6.86,7200802.00,0
78,6.86,7202438.00,0
78,6.86,7204073.00,0
78,6.86,7205705.00,0
78,6.86,7207332.00,0
78,6.86,7208966.00,0
78,6.86,7210602.00,0
78,6.86,7212241.00,1
78,6.86,7213866.00,0
78,6.86,7215501.00,0
78,6.86,7217120.00,1
78,6.86,7218749.00,0
78,6.86,7220382.00,0
78,6.86,7222012.00,1
78,6.86,7223643.00,0
78,6.86,7225270.00,0
78,6.86,7226902.00,1
78,6.86,7228538.00,1
78,6.86,7230175.00,0
78,6.86,7231807.00,0
78,6.86,7233436.00,0
78,6.86,7235079.00,1
78,6.86,7236708.00,0
78,6.86,7238347.00,0
78,6.86,7239971.00,0
78,6.86,7241609.00,1
78,6.86,7243244.00,0
78,6.86,7244876.00,0
78,6.86,7246507.00,0
78,6.86,7248145.00,1
78,6.86,7249782.00,1
78,6.86,7251418.00,0
78,6.86,7253044.00,0
78,6.86,7254678.00,0
78,6.86,7256326.00,0
78,6.86,7257955.00,1
78,6.86,7259592.00,0
78,6.86,7261218.00,0
78,6.86,7262854.00,0
78,6.86,7264490.00,1
78,6.86,7266120.00,0
78,6.86,7267748.00,0
78,6.86,7269385.00,0
78,6.86,7271027.00,1
78,6.86,7272663.00,1
78,6.86,7274289.00,0
78,6.86,7275922.00,0
78,6.86,7277543.00,0
78,6.86,7279179.00,0
78,6.86,7280809.00,0
78,6.86,7282443.00,1
78,6.86,7284085.00,1
78,6.86,7285705.00,0
78,6.86,7287330.00,1
78,6.86,7288973.00,1
78,6.86,7290605.00,0
78,6.86,7292238.00,0
78,6.86,7293866.00,1
78,6.86,7295505.00,1
78,6.86,7297141.00,0
78,6.86,7298780.00,0
78,6.86,7300415.00,0
78,6.86,7302041.00,1
78,6.86,7303680.00,1
78,6.86,7305306.00,0
78,6.86,7306944.00,0
78,6.86,7308578.00,0
78,6.86,7310215.00,1
78,6.86,7311851.00,1
78,6.86,7313484.00,0
78,6.86,7315119.00,0
78,6.86,7316759.00,0
78,6.86,7318396.00,0
78,6.86,7320037.00,1
78,6.86,7321667.00,0
78,6.86,7323293.00,0
78,6.86,7324935.00,0
78,6.86,7326567.00,1
78,6.86,7328208.00,1
78,6.86,7329834.00,0
78,6.86,7331467.00,0
78,6.86,7333105.00,1
78,6.86,7334737.00,1
78,6.86,7336362.00,0
78,6.86,7337994.00,0
78,6.86,7339639.00,0
78,6.86,7341278.00,1
78,6.86,7342909.00,0
78,6.86,7344538.00,0
78,6.86,7346172.00,0
78,6.86,7347813.00,1
78,6.86,7349456.00,1
78,6.86,7351082.00,0
78,6.86,7352717.00,0
78,6.86,7354340.00,1
78,6.86,7355980.00,1
78,6.86,7357610.00,0
78,6.86,7359242.00,0
78,6.86,7360886.00,0
78,6.86,7362509.00,1
78,6.86,7364140.00,0
78,6.86,7365779.00,0
78,6.86,7367417.00,0
78,6.86,7369050.00,1
78,6.86,7370677.00,0
78,6.86,7372310.00,0
78,6.86,7373947.00,0
78,6.86,7375589.00,0
78,6.86,7377218.00,1
78,6.86,7378842.00,0
78,6.86,7380485.00,0
78,6.86,7382110.00,1
78,6.86,7383748.00,0
78,6.86,7385379.00,0
78,6.86,7387017.00,0
78,6.86,7388653.00,0
78,6.86,7390286.00,1
78,6.86,7391919.00,0
78,6.86,7393558.00,0
78,6.86,7395193.00,0
78,6.86,7396833.00,0
78,6.86,7398463.00,1
78,6.86,7400089.00,0
78,6.86,7401733.00,0
78,6.86,7403364.00,0
78,6.86,7405000.00,1
78,6.86,7406627.00,0
78,6.86,7408263.00,0
78,6.86,7409902.00,0
78,6.86,7411535.00,1
78,6.86,7413162.00,0
78,6.86,7414795.00,0
78,6.86,7416439.00,0
78,6.86,7418078.00,0
78,6.86,7419709.00,0
78,6.86,7421337.00,0
78,6.86,7422972.00,0
78,6.86,7424614.00,0
78,6.86,7426249.00,0
78,6.86,7427874.00,1
78,6.86,7429516.00,0
78,6.86,7431133.00,1
78,6.86,7432758.00,0
78,6.86,7434394.00,0
78,6.86,7436027.00,0
78,6.86,7437658.00,1
78,6.86,7439285.00,0
78,6.86,7440917.00,0
78,6.86,7442550.00,1
78,6.86,7444187.00,1
78,6.86,7445823.00,0
78,6.86,7447451.00,0
78,6.86,7449088.00,0
78,6.86,7450716.00,1
78,6.86,7452353.00,0
78,6.86,7453987.00,0
78,6.86,7455625.00,0
78,6.86,7457262.00,0
78,6.86,7458894.00,1
78,6.86,7460527.00,0
78,6.86,7462166.00,0
78,6.86,7463802.00,0
78,6.86,7465439.00,0
78,6.86,7467070.00,1
78,6.86,7468699.00,0
78,6.86,7470341.00,0
78,6.86,7471972.00,0
78,6.86,7473610.00,1
78,6.86,7475234.00,0
78,6.86,7476869.00,0
78,6.86,7478506.00,0
78,6.86,7480139.00,1
78,6.86,7481763.00,0
78,6.86,7483401.00,0
78,6.86,7485043.00,0
78,6.86,7486680.00,0
78,6.86,7488308.00,1
78,6.86,7489939.00,0
78,6.86,7491563.00,1
78,6.86,7493196.00,0
78,6.86,7494825.00,0
78,6.86,7496458.00,0
78,6.86,7498090.00,1
78,6.86,7499722.00,0
78,6.86,7501346.00,0
78,6.86,7502990.00,0
78,6.86,7504627.00,1
78,6.86,7506265.00,1
78,6.86,7507892.00,0
78,6.86,7509526.00,0
78,6.86,7511170.00,0
78,6.86,7512798.00,1
78,6.86,7514432.00,0
78,6.86,7516061.00,0
78,6.86,7517706.00,0
78,6.86,7519339.00,0
78,6.86,7520985.00,0
78,6.86,7522612.00,1
78,6.86,7524245.00,0
78,6.86,7525895.00,0
78,6.86,7527527.00,0
78,6.86,7529167.00,0
78,6.86,7530795.00,1
78,6.86,7532427.00,0
78,6.86,7534072.00,0
78,6.86,7535707.00,0
78,6.86,7537348.00,0
78,6.86,7538980.00,0
78,6.86,7540615.00,1
78,6.86,7542251.00,0
78,6.86,7543882.00,0
78,6.86,7545515.00,0
78,6.86,7547156.00,0
78,6.86,7548792.00,1
78,6.86,7550430.00,1
78,6.86,7552061.00,0
78,6.86,7553689.00,0
78,6.86,7555335.00,0
78,6.86,7556968.00,1
78,6.86,7558607.00,1
78,6.86,7560234.00,0
78,6.86,7561866.00,0
78,6.86,7563505.00,1
78,6.86,7565136.00,1
78,6.86,7566763.00,0
78,6.86,7568397.00,0
78,6.86,7570042.00,0
78,6.86,7571680.00,0
78,6.86,7573311.00,0
78,6.86,7574940.00,0
78,6.86,7576574.00,0
78,6.86,7578218.00,0
78,6.86,7579855.00,0
78,6.86,7581482.00,0
78,6.86,7583116.00,0
78,6.86,7584734.00,1
78,6.86,7586359.00,0
78,6.86,7587994.00,0
78,6.86,7589630.00,1
78,6.86,7591262.00,1
78,6.86,7592894.00,0
78,6.86,7594523.00,1
78,6.86,7596167.00,1
78,6.86,7597801.00,1
78,6.86,7599433.00,0
78,6.86,7601058.00,0
78,6.86,7602700.00,1
78,6.86,7604332.00,1
78,6.86,7605968.00,0
78,6.86,7607594.00,0
78,6.86,7609229.00,1
78,6.86,7610874.00,0
78,6.86,7612506.00,1
78,6.86,7614146.00,0
78,6.86,7615780.00,0
78,6.86,7617416.00,0
78,6.86,7619054.00,0
78,6.86,7620686.00,1
78,6.86,7622320.00,0
78,6.86,7623959.00,0
78,6.86,7625598.00,0
78,6.86,7627242.00,0
78,6.86,7628873.00,0
78,6.86,7630498.00,0
78,6.86,7632142.00,0
78,6.86,7633779.00,0
78,6.86,7635416.00,0
78,6.86,7637042.00,1
78,6.86,7638675.00,1
78,6.86,7640317.00,0
78,6.86,7641951.00,0
78,6.86,7643590.00,0
78,6.86,7645218.00,1
78,6.86,7646855.00,1
78,6.86,7648493.00,0
78,6.86,7650124.00,0
78,6.86,7651748.00,1
78,6.86,7653386.00,0
78,6.86,7655030.00,1
78,6.86,7656671.00,0
78,6.86,7658305.00,0
78,6.86,7659934.00,0
78,6.86,7661573.00,0
78,6.86,7663213.00,1
78,6.86,7664851.00,0
78,6.86,7666479.00,0
78,6.86,7668113.00,0
78,6.86,7669738.00,1
78,6.86,7671371.00,0
78,6.86,7673000.00,0
78,6.86,7674635.00,1
78,6.86,7676279.00,1
78,6.86,7677903.00,0
78,6.86,7679533.00,0
78,6.86,7681172.00,0
78,6.86,7682805.00,1
78,6.86,7684442.00,0
78,6.86,7686068.00,0
78,6.86,7687701.00,1
78,6.86,7689335.00,1
78,6.86,7690974.00,0
78,6.86,7692608.00,0
78,6.86,7694235.00,0
78,6.86,7695879.00,1
78,6.86,7697511.00,1
78,6.86,7699148.00,0
78,6.86,7700772.00,0
78,6.86,7702408.00,1
78,6.86,7704043.00,0
78,6.86,7705673.00,0
78,6.86,7707298.00,1
78,6.86,7708939.00,1
78,6.86,7710570.00,0
78,6.86,7712210.00,0
78,6.86,7713836.00,0
78,6.86,7715469.00,1
78,6.86,7717107.00,1
78,6.86,7718745.00,0
78,6.86,7720382.00,0
78,6.86,7722007.00,1
78,6.86,7723646.00,1
78,6.86,7725283.00,1
78,6.86,7726915.00,0
78,6.86,7728547.00,0
78,6.86,7730182.00,1
78,6.86,7731826.00,0
78,6.86,7733463.00,1
78,6.86,7735089.00,0
78,6.86,7736720.00,0
78,6.86,7738340.00,0
78,6.86,7739980.00,0
78,6.86,7741610.00,0
78,6.86,7743243.00,1
78,6.86,7744888.00,1
78,6.86,7746508.00,0
78,6.86,7748140.00,0
78,6.86,7749776.00,1
78,6.86,7751411.00,1
78,6.86,7753050.00,0
78,6.86,7754678.00,0
78,6.86,7756308.00,1
78,6.86,7757946.00,1
78,6.86,7759588.00,1
78,6.86,7761226.00,0
78,6.86,7762851.00,0
78,6.86,7764491.00,0
78,6.86,7766121.00,0
78,6.86,7767761.00,0
78,6.86,7769388.00,0
78,6.86,7771023.00,0
78,6.86,7772663.00,1
78,6.86,7774297.00,1
78,6.86,7775935.00,0
78,6.86,7777571.00,0
78,6.86,7779209.00,0
78,6.86,7780854.00,0
78,6.86,7782488.00,0
78,6.86,7784120.00,1
78,6.86,7785753.00,0
78,6.86,7787387.00,0
78,6.86,7789024.00,0
78,6.86,7790655.00,1
78,6.86,7792283.00,0
78,6.86,7793927.00,0
78,6.86,7795556.00,0
78,6.86,7797193.00,1
78,6.86,7798818.00,0
78,6.86,7800455.00,0
78,6.86,7802094.00,0
78,6.86,7803726.00,0
78,6.86,7805348.00,0
78,6.86,7806987.00,0
78,6.86,7808630.00,0
78,6.86,7810270.00,0
78,6.86,7811902.00,0
78,6.86,7813528.00,0
78,6.86,7815164.00,0
78,6.86,7816807.00,0
78,6.86,7818447.00,0
78,6.86,7820074.00,1
78,6.86,7821709.00,1
78,6.86,7823326.00,0
78,6.86,7824959.00,1
78,6.86,7826594.00,0
78,6.86,7828231.00,0
78,6.86,7829864.00,0
78,6.86,7831498.00,0
78,6.86,7833132.00,1
78,6.86,7834772.00,1
78,6.86,7836411.00,0
78,6.86,7838043.00,0
78,6.86,7839672.00,1
78,6.86,7841302.00,0
78,6.86,7842951.00,0
78,6.86,7844582.00,0
78,6.86,7846217.00,0
78,6.86,7847843.00,1
78,6.86,7849484.00,1
78,6.86,7851115.00,0
78,6.86,7852754.00,0
78,6.86,7854383.00,0
78,6.86,7856014.00,0
78,6.86,7857656.00,1
78,6.86,7859289.00,0
78,6.86,7860925.00,0
78,6.86,7862560.00,0
78,6.86,7864197.00,1
78,6.86,7865838.00,1
78,6.86,7867469.00,0
78,6.86,7869102.00,0
78,6.86,7870742.00,0
78,6.86,7872377.00,0
78,6.86,7874015.00,1
78,6.86,7875645.00,0
78,6.86,7877273.00,0
78,6.86,7878918.00,0
78,6.86,7880548.00,1
78,6.86,7882187.00,1
78,6.86,7883811.00,0
78,6.86,7885447.00,0
78,6.86,7887083.00,1
78,6.86,7888713.00,0
78,6.86,7890340.00,0
78,6.86,7891977.00,0
78,6.86,7893619.00,0
78,6.86,7895256.00,1
78,6.86,7896884.00,0
78,6.86,7898516.00,0
78,6.86,7900140.00,1
78,6.86,7901771.00,0
78,6.86,7903401.00,0
78,6.86,7905036.00,1
78,6.86,7906678.00,1
78,6.86,7908300.00,0
78,6.86,7909932.00,0
78,6.86,7911568.00,0
78,6.86,7913203.00,1
78,6.86,7914841.00,0
78,6.86,7916470.00,0
78,6.86,7918102.00,1
78,6.86,7919751.00,0
78,6.86,7921385.00,1
78,6.86,7923018.00,0
78,6.86,7924643.00,0
78,6.86,7926283.00,0
78,6.86,7927916.00,1
78,6.86,7929560.00,1
78,6.86,7931199.00,1
78,6.86,7932829.00,0
78,6.86,7934472.00,0
78,6.86,7936106.00,0
78,6.86,7937742.00,1
78,6.86,7939364.00,0
78,6.86,7940998.00,0
78,6.86,7942637.00,0
78,6.86,7944268.00,1
78,6.86,7945899.00,0
78,6.86,7947539.00,0
78,6.86,7949172.00,0
78,6.86,7950811.00,0
78,6.86,7952439.00,1
78,6.86,7954070.00,0
78,6.86,7955718.00,0
78,6.86,7957349.00,0
78,6.86,7958991.00,0
78,6.86,7960618.00,1
78,6.86,7962251.00,0
78,6.86,7963887.00,0
78,6.86,7965518.00,0
78,6.86,7967146.00,1
78,6.86,7968780.00,0
78,6.86,7970425.00,0
78,6.86,7972063.00,0
78,6.86,7973687.00,1
78,6.86,7975316.00,0
78,6.86,7976952.00,0
78,6.86,7978585.00,0
78,6.86,7980220.00,1
78,6.86,7981845.00,0
78,6.86,7983493.00,0
78,6.86,7985124.00,0
78,6.86,7986763.00,0
78,6.86,7988394.00,1
78,6.86,7990028.00,0
78,6.86,7991669.00,0
78,6.86,7993294.00,0
78,6.86,7994925.00,1
78,6.86,7996563.00,0
78,6.86,7998199.00,0
78,6.86,7999834.00,0
78,6.86,8001463.00,0
78,6.86,8003093.00,0
78,6.86,8004726.00,0
78,6.86,8006362.00,0
78,6.86,8007989.00,1
78,6.86,8009620.00,0
78,6.86,8011258.00,0
78,6.86,8012891.00,0
78,6.86,8014526.00,1
78,6.86,8016155.00,0
78,6.86,8017790.00,0
78,6.86,8019426.00,0
78,6.86,8021056.00,1
78,6.86,8022682.00,0
78,6.86,8024325.00,0
78,6.86,8025956.00,0
78,6.86,8027592.00,1
78,6.86,8029218.00,0
78,6.86,8030854.00,0
78,6.86,8032490.00,0
78,6.86,8034121.00,1
78,6.86,8035748.00,0
78,6.86,8037386.00,0
78,6.86,8039027.00,0
78,6.86,8040663.00,0
78,6.86,8042288.00,0
78,6.86,8043920.00,0
78,6.86,8045541.00,1
78,6.86,8047178.00,1
78,6.86,8048809.00,0
78,6.86,8050441.00,0
78,6.86,8052073.00,1
78,6.86,8053705.00,0
78,6.86,8055330.00,0
78,6.86,8056972.00,0
78,6.86,8058604.00,1
78,6.86,8060235.00,0
78,6.86,8061858.00,0
78,6.86,8063499.00,0
78,6.86,8065132.00,1
78,6.86,8066770.00,1
78,6.86,8068396.00,0
78,6.86,8070026.00,1
78,6.86,8071670.00,1
78,6.86,8073305.00,0
78,6.86,8074941.00,0
78,6.86,8076571.00,0
78,6.86,8078205.00,0
78,6.86,8079845.00,1
78,6.86,8081475.00,0
78,6.86,8083102.00,0
78,6.86,8084743.00,0
78,6.86,8086372.00,1
78,6.86,8088016.00,1
78,6.86,8089642.00,0
78,6.86,8091275.00,0
78,6.86,8092913.00,1
78,6.86,8094545.00,1
78,6.86,8096173.00,0
78,6.86,8097805.00,0
78,6.86,8099447.00,0
78,6.86,8101086.00,1
78,6.86,8102718.00,0
78,6.86,8104346.00,0
78,6.86,8105981.00,0
78,6.86,8107623.00,0
78,6.86,8109263.00,1
78,6.86,8110891.00,0
78,6.86,8112523.00,0
78,6.86,8114140.00,1
78,6.86,8115773.00,0
78,6.86,8117407.00,0
78,6.86,8119045.00,1
78,6.86,8120675.00,1
78,6.86,8122306.00,0
78,6.86,8123933.00,0
78,6.86,8125576.00,0
78,6.86,8127208.00,1
78,6.86,8128841.00,0
78,6.86,8130466.00,0
78,6.86,8132107.00,0
78,6.86,8133740.00,1
78,6.86,8135385.00,1
78,6.86,8137013.00,0
78,6.86,8138644.00,0
78,6.86,8140287.00,0
78,6.86,8141925.00,0
78,6.86,8143564.00,1
78,6.86,8145187.00,0
78,6.86,8146822.00,0
78,6.86,8148466.00,0
78,6.86,8150098.00,1
78,6.86,8151733.00,0
78,6.86,8153370.00,0
78,6.86,8155006.00,0
78,6.86,8156643.00,0
78,6.86,8158274.00,1
78,6.86,8159902.00,0
78,6.86,8161548.00,0
78,6.86,8163181.00,0
78,6.86,8164819.00,0
78,6.86,8166446.00,1
78,6.86,8168076.00,0
78,6.86,8169714.00,0
78,6.86,8171347.00,0
78,6.86,8172976.00,1
78,6.86,8174606.00,0
78,6.86,8176249.00,0
78,6.86,8177888.00,0
78,6.86,8179520.00,0
78,6.86,8181147.00,0
78,6.86,8182780.00,0
78,6.86,8184421.00,0
78,6.86,8186064.00,0
78,6.86,8187692.00,0
78,6.86,8189325.00,0
78,6.86,8190948.00,0
78,6.86,8192588.00,0
78,6.86,8194216.00,1
78,6.86,8195850.00,0
78,6.86,8197481.00,0
78,6.86,8199114.00,0
78,6.86,8200737.00,0
78,6.86,8202376.00,0
78,6.86,8204004.00,0
78,6.86,8205633.00,0
78,6.86,8207259.00,0
78,6.86,8208901.00,0
78,6.86,8210525.00,1
78,6.86,8212163.00,0
78,6.86,8213795.00,0
78,6.86,8215424.00,0
78,6.86,8217059.00,1
78,6.86,8218688.00,0
78,6.86,8220314.00,0
78,6.86,8221957.00,1
78,6.86,8223589.00,1
78,6.86,8225227.00,0
78,6.86,8226850.00,0
78,6.86,8228484.00,1
78,6.86,8230117.00,1
78,6.86,8231747.00,0
78,6.86,8233380.00,0
78,6.86,8235014.00,1
78,6.86,8236652.00,1
78,6.86,8238290.00,0
78,6.86,8239917.00,0
78,6.86,8241550.00,0
78,6.86,8243173.00,0
78,6.86,8244811.00,0
78,6.86,8246440.00,0
78,6.86,8248074.00,1
78,6.86,8249705.00,0
78,6.86,8251337.00,0
78,6.86,8252963.00,1
78,6.86,8254602.00,1
78,6.86,8256231.00,0
78,6.86,8257865.00,0
78,6.86,8259490.00,1
78,6.86,8261131.00,1
78,6.86,8262762.00,0
78,6.86,8264400.00,0
78,6.86,8266026.00,1
78,6.86,8267659.00,0
78,6.86,8269300.00,0
78,6.86,8270929.00,0
78,6.86,8272562.00,1
78,6.86,8274200.00,1
78,6.86,8275832.00,0
78,6.86,8277471.00,0
78,6.86,8279101.00,0
78,6.86,8280728.00,1
78,6.86,8282376.00,1
78,6.86,8284009.00,0
78,6.86,8285646.00,0
78,6.86,8287268.00,1
78,6.86,8288904.00,1
78,6.86,8290542.00,0
78,6.86,8292172.00,0
78,6.86,8293797.00,1
78,6.86,8295431.00,0
78,6.86,8297066.00,0
78,6.86,8298703.00,0
78,6.86,8300329.00,1
78,6.86,8301965.00,0
78,6.86,8303584.00,1
78,6.86,8305216.00,1
78,6.86,8306849.00,0
78,6.86,8308479.00,0
78,6.86,8310111.00,1
78,6.86,8311741.00,0
78,6.86,8313368.00,0
78,6.86,8315015.00,0
78,6.86,8316644.00,1
78,6.86,8318272.00,0
78,6.86,8319901.00,0
78,6.86,8321546.00,0
78,6.86,8323175.00,1
78,6.86,8324811.00,1
78,6.86,8326435.00,0
78,6.86,8328069.00,1
78,6.86,8329699.00,1
78,6.86,8331331.00,0
78,6.86,8332956.00,0
78,6.86,8334600.00,1
78,6.86,8336233.00,1
78,6.86,8337872.00,0
78,6.86,8339498.00,0
78,6.86,8341132.00,0
78,6.86,8342770.00,1
78,6.86,8344400.00,0
78,6.86,8346026.00,0
78,6.86,8347659.00,1
78,6.86,8349299.00,1
78,6.86,8350935.00,0
78,6.86,8352562.00,0
78,6.86,8354194.00,0
78,6.86,8355816.00,0
78,6.86,8357451.00,0
78,6.86,8359081.00,0
78,6.86,8360716.00,1
78,6.86,8362357.00,1
78,6.86,8363977.00,0
78,6.86,8365602.00,1
78,6.86,8367241.00,0
78,6.86,8368873.00,0
78,6.86,8370506.00,0
78,6.86,8372130.00,0
78,6.86,8373771.00,0
78,6.86,8375404.00,0
78,6.86,8377040.00,0
78,6.86,8378666.00,1
78,6.86,8380300.00,0
78,6.86,8381944.00,0
78,6.86,8383576.00,0
78,6.86,8385213.00,0
78,6.86,8386846.00,0
78,6.86,8388476.00,0
78,6.86,8390115.00,0
78,6.86,8391745.00,0
78,6.86,8393371.00,0
78,6.86,8395015.00,1
78,6.86,8396644.00,1
78,6.86,8398283.00,0
78,6.86,8399906.00,1
78,6.86,8401542.00,0
78,6.86,8403172.00,0
78,6.86,8404802.00,0
78,6.86,8406427.00,1
78,6.86,8408059.00,1
78,6.86,8409688.00,1
78,6.86,8411319.00,1
78,6.86,8412947.00,1
78,6.86,8414588.00,0
78,6.86,8416208.00,0
78,6.86,8417836.00,1
78,6.86,8419472.00,1
78,6.86,8421102.00,0
78,6.86,8422734.00,0
78,6.86,8424355.00,1
78,6.86,8425993.00,0
78,6.86,8427623.00,0
78,6.86,8429258.00,0
78,6.86,8430883.00,0
78,6.86,8432519.00,0
78,6.86,8434155.00,0
78,6.86,8435785.00,0
78,6.86,8437410.00,0
78,6.86,8439054.00,0
78,6.86,8440682.00,0
78,6.86,8442320.00,0
78,6.86,8443947.00,0
78,6.86,8445579.00,0
78,6.86,8447216.00,1
78,6.86,8448846.00,1
78,6.86,8450467.00,0
78,6.86,8452104.00,1
78,6.86,8453739.00,1
78,6.86,8455377.00,0
78,6.86,8457001.00,1
78,6.86,8458637.00,0
78,6.86,8460255.00,1
78,6.86,8461885.00,1
78,6.86,8463516.00,1
78,6.86,8465147.00,1
78,6.86,8466778.00,1
78,6.86,8468404.00,1
78,6.86,8470036.00,1
78,6.86,8471672.00,1
78,6.86,8473308.00,0
78,6.86,8474943.00,0
78,6.86,8476570.00,0
78,6.86,8478216.00,0
78,6.86,8479848.00,0
78,6.86,8481486.00,0
78,6.86,8483107.00,0
78,6.86,8484743.00,0
78,6.86,8486378.00,1
78,6.86,8488011.00,1
78,6.86,8489634.00,1
78,6.86,8491275.00,1
78,6.86,8492906.00,1
78,6.86,8494543.00,0
78,6.86,8496169.00,1
78,6.86,8497803.00,0
78,6.86,8499440.00,0
78,6.86,8501068.00,0
78,6.86,8502691.00,0
78,6.86,8504325.00,1
78,6.86,8505961.00,0
78,6.86,8507599.00,0
78,6.86,8509226.00,0
78,6.86,8510860.00,0
78,6.86,8512476.00,0
78,6.86,8514100.00,0
78,6.86,8515734.00,0
78,6.86,8517371.00,0
78,6.86,8519003.00,0
78,6.86,8520630.00,0
78,6.86,8522261.00,0
78,6.86,8523894.00,0
78,6.86,8525529.00,0
78,6.86,8527155.00,0
78,6.86,8528786.00,0
78,6.86,8530429.00,0
78,6.86,8532058.00,0
78,6.86,8533693.00,1
78,6.86,8535326.00,1
78,6.86,8536957.00,1
78,6.86,8538593.00,1
78,6.86,8540221.00,1
78,6.86,8541846.00,1
78,6.86,8543487.00,1
78,6.86,8545117.00,0
78,6.86,8546756.00,0
78,6.86,8548382.00,0
78,6.86,8550012.00,0
78,6.86,8551649.00,0
78,6.86,8553277.00,0
78,6.86,8554902.00,0
78,6.86,8556536.00,0
78,6.86,8558168.00,0
78,6.86,8559800.00,0
78,6.86,8561428.00,0
78,6.86,8563070.00,0
78,6.86,8564691.00,0
78,6.86,8566315.00,0
78,6.86,8567954.00,0
78,6.86,8569589.00,0
78,6.86,8571226.00,1
78,6.86,8572851.00,0
78,6.86,8574484.00,0
78,6.86,8576121.00,1
78,6.86,8577758.00,1
78,6.86,8579391.00,0
78,6.86,8581017.00,1
78,6.86,8582663.00,0
78,6.86,8584294.00,0
78,6.86,8585933.00,0
78,6.86,8587556.00,0
78,6.86,8589192.00,0
78,6.86,8590828.00,0
78,6.86,8592460.00,0
78,6.86,8594092.00,0
78,6.86,8595729.00,1
78,6.86,8597363.00,1
78,6.86,8599000.00,0
78,6.86,8600627.00,0
78,6.86,8602259.00,0
78,6.86,8603897.00,0
78,6.86,8605529.00,0
78,6.86,8607156.00,0
78,6.86,8608785.00,0
78,6.86,8610429.00,0
78,6.86,8612064.00,0
78,6.86,8613694.00,1
78,6.86,8615318.00,0
78,6.86,8616952.00,0
78,6.86,8618584.00,0
78,6.86,8620216.00,0
78,6.86,8621844.00,1
78,6.86,8623483.00,1
78,6.86,8625106.00,0
78,6.86,8626732.00,0
78,6.86,8628369.00,1
78,6.86,8630003.00,1
78,6.86,8631641.00,0
78,6.86,8633267.00,0
78,6.86,8634901.00,0
78,6.86,8636535.00,0
78,6.86,8638173.00,0
78,6.86,8639807.00,0
78,6.86,8641435.00,0
78,6.86,8643080.00,1
78,6.86,8644709.00,1
78,6.86,8646345.00,1
78,6.86,8647971.00,0
78,6.86,8649607.00,1
78,6.86,8651241.00,1
78,6.86,8652873.00,0
78,6.86,8654498.00,1
78,6.86,8656136.00,0
78,6.86,8657764.00,0
78,6.86,8659402.00,0
78,6.86,8661026.00,0
78,6.86,8662655.00,0
78,6.86,8664294.00,0
78,6.86,8665930.00,0
78,6.86,8667556.00,0
78,6.86,8669190.00,0
78,6.86,8670829.00,0
78,6.86,8672465.00,1
78,6.86,8674090.00,0
78,6.86,8675724.00,1
78,6.86,8677341.00,0
78,6.86,8678968.00,0
78,6.86,8680603.00,0
78,6.86,8682236.00,0
78,6.86,8683869.00,0
78,6.86,8685495.00,0
78,6.86,8687125.00,0
78,6.86,8688760.00,0
78,6.86,8690395.00,0
78,6.86,8692020.00,0
78,6.86,8693652.00,0
78,6.86,8695292.00,1
78,6.86,8696922.00,1
78,6.86,8698558.00,1
78,6.86,8700192.00,0
78,6.86,8701822.00,0
78,6.86,8703458.00,0
78,6.86,8705087.00,0
78,6.86,8706713.00,0
78,6.86,8708358.00,0
78,6.86,8709988.00,0
78,6.86,8711621.00,0
78,6.86,8713248.00,0
78,6.86,8714884.00,0
78,6.86,8716518.00,0
78,6.86,8718148.00,0
78,6.86,8719780.00,1
78,6.86,8721416.00,1
78,6.86,8723052.00,0
78,6.86,8724690.00,0
78,6.86,8726314.00,0
78,6.86,8727949.00,0
78,6.86,8729565.00,1
78,6.86,8731197.00,1
78,6.86,8732831.00,1
78,6.86,8734459.00,1
78,6.86,8736091.00,1
78,6.86,8737717.00,1
78,6.86,8739349.00,1
78,6.86,8740982.00,1
78,6.86,8742618.00,0
78,6.86,8744245.00,0
78,6.86,8745876.00,0
78,6.86,8747519.00,0
78,6.86,8749150.00,0
78,6.86,8750789.00,0
78,6.86,8752420.00,0
78,6.86,8754056.00,1
78,6.86,8755700.00,0
78,6.86,8757330.00,0
78,6.86,8758964.00,0
78,6.86,8760601.00,0
78,6.86,8762237.00,0
78,6.86,8763874.00,0
78,6.86,8765504.00,0
78,6.86,8767129.00,0
78,6.86,8768774.00,1
78,6.86,8770399.00,1
78,6.86,8772038.00,1
78,6.86,8773665.00,1
78,6.86,8775296.00,1
78,6.86,8776929.00,1
78,6.86,8778559.00,1
78,6.86,8780187.00,1
78,6.86,8781819.00,1
78,6.86,8783451.00,1
78,6.86,8785084.00,0
78,6.86,8786711.00,1
78,6.86,8788359.00,0
78,6.86,8789993.00,0
78,6.86,8791628.00,0
78,6.86,8793257.00,0
78,6.86,8794890.00,0
78,6.86,8796522.00,1
78,6.86,8798155.00,1
78,6.86,8799778.00,0
78,6.86,8801420.00,1
78,6.86,8803050.00,1
78,6.86,8804681.00,1
78,6.86,8806306.00,1
78,6.86,8807947.00,0
78,6.86,8809577.00,0
78,6.86,8811216.00,0
78,6.86,8812841.00,0
78,6.86,8814474.00,0
78,6.86,8816115.00,0
78,6.86,8817747.00,0
78,6.86,8819378.00,0
78,6.86,8821016.00,0
78,6.86,8822650.00,1
78,6.86,8824286.00,1
78,6.86,8825917.00,1
78,6.86,8827544.00,1
78,6.86,8829191.00,0
78,6.86,8830821.00,0
78,6.86,8832464.00,0
78,6.86,8834090.00,0
78,6.86,8835723.00,0
78,6.86,8837360.00,0
78,6.86,8838991.00,1
78,6.86,8840618.00,0
78,6.86,8842251.00,0
78,6.86,8843890.00,1
78,6.86,8845527.00,0
78,6.86,8847153.00,1
78,6.86,8848786.00,0
77,6.77,8850408.00,1
78,6.86,8852047.00,0
78,6.86,8853680.00,0
78,6.86,8855311.00,0
78,6.86,8856952.00,0
78,6.86,8858573.00,0
77,6.77,8860207.00,0
78,6.86,8861849.00,0
78,6.86,8863484.00,0
78,6.86,8865116.00,0
78,6.86,8866743.00,0
78,6.86,8868373.00,0
78,6.77,8870022.00,1
78,6.86,8871660.00,0
78,6.77,8873295.00,0
78,6.86,8874927.00,0
78,6.86,8876563.00,0
78,6.86,8878200.00,1
78,6.86,8879836.00,1
78,6.86,8881471.00,1
78,6.86,8883098.00,1
78,6.86,8884741.00,0
78,6.86,8886372.00,0
78,6.86,8888009.00,0
78,6.86,8889636.00,0
78,6.86,8891272.00,0
78,6.86,8892909.00,0
78,6.86,8894539.00,0
78,6.86,8896172.00,0
78,6.86,8897809.00,1
78,6.86,8899446.00,1
78,6.86,8901084.00,0
78,6.86,8902711.00,0
78,6.86,8904340.00,1
78,6.86,8905988.00,0
78,6.86,8907620.00,0
78,6.86,8909257.00,0
78,6.86,8910880.00,0
78,6.86,8912509.00,0
78,6.86,8914147.00,0
78,6.86,8915778.00,0
78,6.86,8917406.00,0
78,6.86,8919037.00,0
78,6.86,8920682.00,0
78,6.86,8922320.00,0
78,6.86,8923946.00,0
78,6.86,8925581.00,0
78,6.86,8927198.00,1
78,6.86,8928829.00,1
78,6.86,8930462.00,1
78,6.86,8932091.00,0
78,6.86,8933722.00,1
78,6.86,8935350.00,1
78,6.86,8936981.00,1
78,6.86,8938619.00,0
78,6.86,8940260.00,0
78,6.86,8941892.00,0
78,6.86,8943519.00,0
78,6.86,8945163.00,0
78,6.86,8946795.00,0
78,6.86,8948433.00,1
78,6.86,8950061.00,1
78,6.86,8951693.00,1
78,6.86,8953336.00,0
78,6.86,8954968.00,0
78,6.86,8956605.00,0
78,6.86,8958239.00,0
78,6.86,8959877.00,0
78,6.86,8961523.00,0
78,6.86,8963152.00,1
78,6.86,8964784.00,0
78,6.86,8966423.00,0
78,6.86,8968056.00,0
78,6.86,8969693.00,0
78,6.86,8971319.00,0
78,6.86,8972950.00,0
78,6.86,8974598.00,1
78,6.86,8976228.00,1
78,6.86,8977866.00,1
78,6.86,8979491.00,1
78,6.86,8981125.00,1
78,6.86,8982756.00,0
78,6.86,8984389.00,0
78,6.86,8986020.00,0
78,6.86,8987657.00,0
78,6.86,8989294.00,0
78,6.86,8990930.00,0
78,6.86,8992558.00,0
78,6.86,8994188.00,0
78,6.86,8995804.00,0
78,6.86,8997430.00,0
78,6.86,8999066.00,0
78,6.86,9000701.00,0
78,6.86,9002332.00,0
78,6.86,9003966.00,0
78,6.86,9005593.00,0
78,6.86,9007240.00,1
78,6.86,9008873.00,1
78,6.86,9010505.00,1
78,6.86,9012131.00,1
78,6.86,9013772.00,1
78,6.86,9015401.00,0
78,6.86,9017037.00,0
78,6.86,9018660.00,0
78,6.86,9020293.00,1
78,6.86,9021931.00,0
78,6.86,9023563.00,0
78,6.86,9025196.00,0
78,6.86,9026833.00,0
78,6.86,9028467.00,0
78,6.86,9030105.00,1
78,6.86,9031730.00,0
78,6.86,9033366.00,1
78,6.86,9035014.00,0
78,6.86,9036644.00,0
78,6.86,9038277.00,0
78,6.86,9039905.00,0
78,6.86,9041541.00,0
78,6.86,9043178.00,0
78,6.86,9044809.00,0
78,6.86,9046437.00,0
78,6.86,9048072.00,0
78,6.86,9049709.00,1
78,6.86,9051344.00,1
78,6.86,9052971.00,1
78,6.86,9054605.00,1
78,6.86,9056221.00,0
78,6.86,9057845.00,0
78,6.86,9059482.00,0
78,6.86,9061117.00,1
78,6.86,9062749.00,1
78,6.86,9064375.00,1
78,6.86,9066006.00,0
78,6.86,9067654.00,1
78,6.86,9069285.00,0
78,6.86,9070915.00,0
78,6.86,9072540.00,0
78,6.86,9074184.00,0
78,6.86,9075814.00,0
78,6.86,9077452.00,0
78,6.86,9079076.00,0
78,6.86,9080710.00,0
78,6.86,9082346.00,0
78,6.86,9083977.00,0
78,6.86,9085612.00,1
78,6.86,9087249.00,1
78,6.86,9088887.00,0
78,6.86,9090525.00,0
78,6.86,9092152.00,0
78,6.86,9093781.00,0
78,6.86,9095430.00,0
78,6.86,9097061.00,0
78,6.86,9098697.00,0
78,6.86,9100322.00,0
78,6.86,9101960.00,1
78,6.86,9103598.00,0
78,6.86,9105232.00,0
78,6.86,9106858.00,1
78,6.86,9108492.00,0
78,6.86,9110132.00,0
78,6.86,9111774.00,0
78,6.86,9113406.00,0
78,6.86,9115035.00,0
78,6.86,9116666.00,0
78,6.86,9118297.00,0
78,6.86,9119930.00,1
78,6.86,9121559.00,0
78,6.86,9123208.00,0
78,6.86,9124841.00,0
78,6.86,9126475.00,0
78,6.86,9128104.00,0
78,6.86,9129739.00,0
78,6.86,9131382.00,0
78,6.86,9133004.00,0
78,6.86,9134626.00,0
78,6.86,9136269.00,0
78,6.86,9137900.00,0
78,6.86,9139532.00,0
78,6.86,9141155.00,0
78,6.86,9142794.00,1
78,6.86,9144424.00,0
78,6.86,9146060.00,1
78,6.86,9147684.00,0
78,6.86,9149319.00,1
78,6.86,9150964.00,0
78,6.86,9152595.00,0
78,6.86,9154227.00,0
78,6.86,9155865.00,0
78,6.86,9157500.00,0
78,6.86,9159140.00,1
78,6.86,9160777.00,1
78,6.86,9162412.00,0
78,6.86,9164051.00,0
78,6.86,9165688.00,0
78,6.86,9167327.00,0
78,6.86,9168959.00,0
78,6.86,9170586.00,0
78,6.86,9172229.00,1
78,6.86,9173859.00,1
78,6.86,9175497.00,0
78,6.86,9177122.00,1
78,6.86,9178757.00,1
78,6.86,9180394.00,0
78,6.86,9182027.00,0
78,6.86,9183652.00,0
78,6.86,9185288.00,0
78,6.86,9186925.00,0
78,6.86,9188563.00,0
78,6.86,9190190.00,0
78,6.86,9191824.00,0
78,6.86,9193444.00,0
78,6.86,9195083.00,0
78,6.86,9196713.00,0
78,6.86,9198348.00,1
78,6.86,9199989.00,1
78,6.86,9201612.00,1
78,6.86,9203243.00,1
78,6.86,9204880.00,0
78,6.86,9206510.00,1
78,6.86,9208141.00,1
78,6.86,9209764.00,1
78,6.86,9211404.00,0
78,6.86,9213035.00,0
78,6.86,9214672.00,0
78,6.86,9216301.00,0
78,6.86,9217931.00,0
78,6.86,9219574.00,0
78,6.86,9221208.00,0
78,6.86,9222840.00,0
78,6.86,9224475.00,1
78,6.86,9226108.00,1
78,6.86,9227747.00,0
78,6.86,9229379.00,0
78,6.86,9231005.00,1
78,6.86,9232648.00,0
78,6.86,9234276.00,0
78,6.86,9235912.00,0
78,6.86,9237538.00,0
78,6.86,9239173.00,0
78,6.86,9240810.00,0
78,6.86,9242441.00,0
78,6.86,9244067.00,0
78,6.86,9245701.00,0
78,6.86,9247340.00,1
78,6.86,9248976.00,1
78,6.86,9250602.00,1
78,6.86,9252237.00,1
78,6.86,9253853.00,0
78,6.86,9255481.00,0
78,6.86,9257115.00,0
78,6.86,9258749.00,1
78,6.86,9260380.00,1
78,6.86,9262006.00,0
78,6.86,9263636.00,1
78,6.86,9265273.00,1
78,6.86,9266910.00,0
78,6.86,9268543.00,0
78,6.86,9270170.00,1
78,6.86,9271816.00,0
78,6.86,9273449.00,0
78,6.86,9275085.00,0
78,6.86,9276708.00,0
78,6.86,9278343.00,0
78,6.86,9279979.00,0
78,6.86,9281613.00,0
78,6.86,9283243.00,1
78,6.86,9284880.00,1
78,6.86,9286511.00,1
78,6.86,9288152.00,0
78,6.86,9289779.00,0
78,6.86,9291412.00,0
78,6.86,9293053.00,0
78,6.86,9294682.00,0
78,6.86,9296320.00,0
78,6.86,9297947.00,0
78,6.86,9299583.00,0
78,6.86,9301218.00,0
78,6.86,9302848.00,1
78,6.86,9304476.00,0
78,6.86,9306106.00,1
78,6.86,9307739.00,1
78,6.86,9309372.00,1
78,6.86,9311000.00,1
78,6.86,9312645.00,1
78,6.86,9314264.00,1
78,6.86,9315892.00,1
78,6.86,9317531.00,0
78,6.86,9319164.00,0
78,6.86,9320794.00,0
78,6.86,9322421.00,0
78,6.86,9324054.00,0
78,6.86,9325689.00,0
78,6.86,9327325.00,0
78,6.86,9328959.00,0
78,6.86,9330586.00,0
78,6.86,9332229.00,0
78,6.86,9333860.00,1
78,6.86,9335499.00,1
78,6.86,9337123.00,1
78,6.86,9338760.00,1
78,6.86,9340398.00,0
78,6.86,9342031.00,0
78,6.86,9343664.00,0
78,6.86,9345301.00,0
78,6.86,9346937.00,0
78,6.86,9348573.00,1
78,6.86,9350199.00,0
78,6.86,9351827.00,0
78,6.86,9353469.00,1
78,6.86,9355102.00,1
78,6.86,9356741.00,0
78,6.86,9358366.00,1
78,6.86,9359999.00,0
78,6.86,9361636.00,0
78,6.86,9363266.00,0
78,6.86,9364891.00,0
78,6.86,9366524.00,0
78,6.86,9368154.00,0
78,6.86,9369786.00,0
78,6.86,9371413.00,0
78,6.86,9373053.00,0
78,6.86,9374674.00,0
78,6.86,9376303.00,0
78,6.86,9377941.00,0
78,6.86,9379576.00,0
78,6.86,9381210.00,0
78,6.86,9382837.00,0
78,6.86,9384469.00,0
78,6.86,9386103.00,0
78,6.86,9387740.00,1
78,6.86,9389376.00,1
78,6.86,9391003.00,1
78,6.86,9392648.00,0
78,6.86,9394279.00,0
78,6.86,9395916.00,0
78,6.86,9397539.00,0
78,6.86,9399174.00,0
78,6.86,9400813.00,0
78,6.86,9402443.00,0
78,6.86,9404075.00,0
78,6.86,9405715.00,0
78,6.86,9407354.00,1
78,6.86,9408995.00,0
78,6.86,9410625.00,0
78,6.86,9412253.00,0
78,6.86,9413896.00,0
78,6.86,9415528.00,0
78,6.86,9417168.00,0
78,6.86,9418794.00,0
78,6.86,9420427.00,0
78,6.86,9422066.00,1
78,6.86,9423697.00,1
78,6.86,9425323.00,1
78,6.86,9426955.00,1
78,6.86,9428596.00,0
78,6.86,9430233.00,0
78,6.86,9431861.00,0
78,6.86,9433492.00,0
78,6.86,9435126.00,0
78,6.86,9436760.00,0
78,6.86,9438394.00,0
78,6.86,9440024.00,0
78,6.86,9441663.00,1
78,6.86,9443283.00,0
78,6.86,9444910.00,0
78,6.86,9446548.00,0
78,6.86,9448182.00,0
78,6.86,9449817.00,1
78,6.86,9451445.00,1
78,6.86,9453077.00,1
78,6.86,9454714.00,1
78,6.86,9456356.00,0
78,6.86,9457988.00,0
78,6.86,9459613.00,0
78,6.86,9461256.00,0
78,6.86,9462887.00,0
78,6.86,9464526.00,0
78,6.86,9466155.00,0
78,6.86,9467789.00,0
78,6.86,9469431.00,0
78,6.86,9471066.00,0
78,6.86,9472704.00,0
78,6.86,9474337.00,0
78,6.86,9475974.00,0
78,6.86,9477611.00,1
78,6.86,9479241.00,0
78,6.86,9480867.00,0
78,6.86,9482509.00,1
78,6.86,9484138.00,1
78,6.86,9485776.00,0
78,6.86,9487402.00,1
78,6.86,9489035.00,0
78,6.86,9490672.00,0
78,6.86,9492303.00,0
78,6.86,9493930.00,0
78,6.86,9495564.00,0
78,6.86,9497206.00,0
78,6.86,9498846.00,0
78,6.86,9500477.00,1
78,6.86,9502106.00,0
78,6.86,9503741.00,1
78,6.86,9505382.00,0
78,6.86,9507022.00,0
78,6.86,9508651.00,0
78,6.86,9510283.00,0
78,6.86,9511901.00,0
78,6.86,9513533.00,0
78,6.86,9515168.00,0
78,6.86,9516799.00,0
78,6.86,9518437.00,0
78,6.86,9520068.00,0
78,6.86,9521696.00,0
78,6.86,9523339.00,1
78,6.86,9524969.00,0
78,6.86,9526601.00,0
78,6.86,9528226.00,0
78,6.86,9529867.00,1
78,6.86,9531499.00,1
78,6.86,9533138.00,0
78,6.86,9534765.00,0
78,6.86,9536399.00,0
78,6.86,9538038.00,0
78,6.86,9539672.00,0
78,6.86,9541309.00,0
78,6.86,9542944.00,1
78,6.86,9544581.00,1
78,6.86,9546213.00,1
78,6.86,9547844.00,1
78,6.86,9549470.00,1
78,6.86,9551114.00,0
78,6.86,9552745.00,0
78,6.86,9554383.00,0
78,6.86,9556011.00,0
78,6.86,9557644.00,0
78,6.86,9559282.00,0
78,6.86,9560913.00,0
78,6.86,9562541.00,0
78,6.86,9564171.00,0
78,6.86,9565812.00,0
78,6.86,9567454.00,0
78,6.86,9569086.00,0
78,6.86,9570713.00,0
78,6.86,9572347.00,0
78,6.86,9573978.00,0
78,6.86,9575612.00,0
78,6.86,9577241.00,0
78,6.86,9578887.00,0
78,6.86,9580521.00,0
78,6.86,9582155.00,1
78,6.86,9583785.00,1
78,6.86,9585420.00,1
78,6.86,9587061.00,0
78,6.86,9588684.00,1
78,6.86,9590315.00,1
78,6.86,9591954.00,0
78,6.86,9593591.00,0
78,6.86,9595226.00,0
78,6.86,9596853.00,0
78,6.86,9598486.00,0
78,6.86,9600121.00,0
78,6.86,9601758.00,1
78,6.86,9603391.00,1
78,6.86,9605018.00,1
78,6.86,9606664.00,0
78,6.86,9608293.00,1
78,6.86,9609930.00,0
78,6.86,9611555.00,0
78,6.86,9613189.00,0
78,6.86,9614826.00,0
78,6.86,9616456.00,0
78,6.86,9618082.00,0
78,6.86,9619725.00,0
78,6.86,9621356.00,0
78,6.86,9622993.00,0
78,6.86,9624620.00,0
78,6.86,9626251.00,0
78,6.86,9627887.00,1
78,6.86,9629519.00,1
78,6.86,9631140.00,0
78,6.86,9632776.00,1
78,6.86,9634412.00,1
78,6.86,9636047.00,0
78,6.86,9637669.00,1
78,6.86,9639309.00,0
78,6.86,9640925.00,1
78,6.86,9642552.00,0
78,6.86,9644187.00,1
78,6.86,9645821.00,1
78,6.86,9647454.00,0
78,6.86,9649085.00,1
78,6.86,9650713.00,1
78,6.86,9652359.00,0
78,6.86,9653991.00,0
78,6.86,9655626.00,0
78,6.86,9657250.00,0
78,6.86,9658890.00,0
78,6.86,9660522.00,0
78,6.86,9662161.00,1
78,6.86,9663789.00,1
78,6.86,9665419.00,1
78,6.86,9667060.00,0
78,6.86,9668690.00,1
78,6.86,9670322.00,1
78,6.86,9671957.00,0
78,6.86,9673591.00,0
78,6.86,9675231.00,0
78,6.86,9676854.00,0
78,6.86,9678485.00,0
78,6.86,9680124.00,0
78,6.86,9681753.00,0
78,6.86,9683391.00,1
78,6.86,9685018.00,0
78,6.86,9686654.00,1
78,6.86,9688291.00,1
78,6.86,9689921.00,1
78,6.86,9691545.00,1
78,6.86,9693180.00,1
78,6.86,9694822.00,0
78,6.86,9696463.00,0
78,6.86,9698091.00,0
78,6.86,9699725.00,0
78,6.86,9701342.00,0
78,6.86,9702973.00,0
78,6.86,9704603.00,0
78,6.86,9706235.00,0
78,6.86,9707867.00,0
78,6.86,9709495.00,0
78,6.86,9711124.00,0
78,6.86,9712762.00,0
78,6.86,9714404.00,0
78,6.86,9716036.00,0
78,6.86,9717660.00,0
78,6.86,9719305.00,1
78,6.86,9720938.00,1
78,6.86,9722576.00,0
78,6.86,9724203.00,0
78,6.86,9725836.00,0
78,6.86,9727477.00,0
78,6.86,9729112.00,0
78,6.86,9730749.00,0
78,6.86,9732382.00,0
78,6.86,9734015.00,1
78,6.86,9735651.00,1
78,6.86,9737282.00,0
78,6.86,9738910.00,1
78,6.86,9740552.00,0
78,6.86,9742186.00,0
78,6.86,9743823.00,0
78,6.86,9745449.00,0
78,6.86,9747083.00,0
78,6.86,9748721.00,0
78,6.86,9750351.00,0
78,6.86,9751979.00,0
78,6.86,9753613.00,0
78,6.86,9755254.00,1
78,6.86,9756894.00,0
78,6.86,9758525.00,0
78,6.86,9760154.00,0
78,6.86,9761789.00,0
78,6.86,9763430.00,0
78,6.86,9765066.00,0
78,6.86,9766691.00,0
78,6.86,9768333.00,1
78,6.86,9769949.00,0
78,6.86,9771577.00,0
78,6.86,9773211.00,0
78,6.86,9774846.00,0
78,6.86,9776477.00,0
78,6.86,9778109.00,0
78,6.86,9779738.00,1
78,6.86,9781384.00,0
78,6.86,9783015.00,1
78,6.86,9784650.00,0
78,6.86,9786274.00,1
78,6.86,9787915.00,0
78,6.86,9789548.00,0
78,6.86,9791187.00,0
78,6.86,9792816.00,0
78,6.86,9794449.00,0
78,6.86,9796088.00,1
78,6.86,9797721.00,1
78,6.86,9799360.00,0
78,6.86,9800994.00,0
78,6.86,9802632.00,0
78,6.86,9804275.00,0
78,6.86,9805907.00,0
78,6.86,9807540.00,1
78,6.86,9809177.00,1
78,6.86,9810813.00,1
78,6.86,9812452.00,0
78,6.86,9814083.00,0
78,6.86,9815711.00,0
78,6.86,9817354.00,0
78,6.86,9818987.00,0
78,6.86,9820624.00,1
78,6.86,9822253.00,0
78,6.86,9823887.00,1
78,6.86,9825534.00,0
78,6.86,9827165.00,0
78,6.86,9828803.00,0
78,6.86,9830432.00,0
78,6.86,9832062.00,0
78,6.86,9833698.00,0
78,6.86,9835327.00,0
78,6.86,9836954.00,0
78,6.86,9838586.00,0
78,6.86,9840217.00,0
78,6.86,9841847.00,0
78,6.86,9843475.00,0
78,6.86,9845119.00,0
78,6.86,9846744.00,0
78,6.86,9848371.00,0
78,6.86,9850009.00,1
78,6.86,9851644.00,1
78,6.86,9853276.00,1
78,6.86,9854901.00,1
78,6.86,9856531.00,1
78,6.86,9858168.00,1
78,6.86,9859803.00,0
78,6.86,9861439.00,0
78,6.86,9863065.00,0
78,6.86,9864712.00,0
78,6.86,9866343.00,0
78,6.86,9867980.00,0
78,6.86,9869604.00,0
78,6.86,9871239.00,0
78,6.86,9872877.00,1
78,6.86,9874509.00,1
78,6.86,9876140.00,1
78,6.86,9877778.00,0
78,6.86,9879416.00,0
78,6.86,9881053.00,0
78,6.86,9882679.00,0
78,6.86,9884309.00,0
78,6.86,9885949.00,0
78,6.86,9887580.00,0
78,6.86,9889220.00,1
78,6.86,9890846.00,0
78,6.86,9892476.00,0
78,6.86,9894114.00,1
78,6.86,9895744.00,1
78,6.86,9897372.00,1
78,6.86,9899005.00,1
78,6.86,9900645.00,0
78,6.86,9902282.00,0
78,6.86,9903906.00,0
78,6.86,9905548.00,0
78,6.86,9907167.00,0
78,6.86,9908810.00,0
78,6.86,9910440.00,0
78,6.86,9912075.00,0
78,6.86,9913718.00,1
78,6.86,9915341.00,0
78,6.86,9916973.00,1
78,6.86,9918610.00,1
78,6.86,9920246.00,0
78,6.86,9921882.00,0
78,6.86,9923509.00,0
78,6.86,9925140.00,0
78,6.86,9926773.00,0
78,6.86,9928411.00,0
78,6.86,9930047.00,0
78,6.86,9931675.00,0
78,6.86,9933317.00,0
78,6.86,9934942.00,0
78,6.86,9936578.00,1
78,6.86,9938212.00,1
78,6.86,9939845.00,1
78,6.86,9941476.00,1
78,6.86,9943107.00,0
78,6.86,9944736.00,1
78,6.86,9946377.00,0
78,6.86,9948010.00,0
78,6.86,9949647.00,0
78,6.86,9951273.00,0
78,6.86,9952906.00,0
78,6.86,9954543.00,0
78,6.86,9956175.00,0
78,6.86,9957802.00,0
78,6.86,9959434.00,0
78,6.86,9961075.00,1
78,6.86,9962712.00,0
78,6.86,9964340.00,1
78,6.86,9965972.00,1
78,6.86,9967609.00,0
78,6.86,9969242.00,0
78,6.86,9970875.00,0
78,6.86,9972504.00,0
78,6.86,9974151.00,0
78,6.86,9975785.00,1
78,6.86,9977420.00,1
78,6.86,9979049.00,1
78,6.86,9980683.00,1
78,6.86,9982324.00,0
78,6.86,9983946.00,1
78,6.86,9985580.00,1
78,6.86,9987218.00,0
78,6.86,9988854.00,0
78,6.86,9990490.00,0
78,6.86,9992117.00,0
78,6.86,9993748.00,0
78,6.86,9995382.00,0
78,6.86,9997021.00,0
78,6.86,9998656.00,1
78,6.86,10000283.00,1
78,6.86,10001964.00,0
78,6.86,10003655.00,0
78,6.86,10005328.00,0
78,6.86,10007009.00,0
78,6.86,10008694.00,1
78,6.86,10010386.00,0
78,6.86,10012068.00,0
78,6.86,10013747.00,0
78,6.86,10015427.00,0
78,6.86,10017102.00,0
78,6.86,10018777.00,0
78,6.86,10020461.00,1
78,6.86,10022151.00,0
78,6.86,10023829.00,0
78,6.86,10025506.00,0
78,6.86,10027192.00,0
78,6.86,10028867.00,0
78,6.86,10030546.00,1
78,6.86,10032220.00,0
78,6.86,10033910.00,0
78,6.86,10035601.00,0
78,6.86,10037281.00,0
78,6.86,10038966.00,1
78,6.86,10040639.00,1
78,6.86,10042313.00,1
78,6.86,10043993.00,1
78,6.86,10045680.00,0
78,6.86,10047357.00,0
78,6.86,10049045.00,0
78,6.86,10050728.00,1
78,6.86,10052408.00,1
78,6.86,10054089.00,0
78,6.86,10055768.00,0
78,6.86,10057452.00,0
78,6.86,10059141.00,0
78,6.86,10060823.00,0
78,6.86,10062507.00,0
78,6.86,10064191.00,0
78,6.86,10065865.00,0
78,6.86,10067545.00,0
78,6.86,10069228.00,1
78,6.86,10070908.00,1
78,6.86,10072595.00,0
78,6.86,10074280.00,0
78,6.86,10075960.00,0
78,6.86,10077646.00,1
78,6.86,10079320.00,1
78,6.86,10081006.00,0
78,6.86,10082697.00,0
78,6.86,10084377.00,0
78,6.86,10086063.00,1
78,6.86,10087747.00,0
78,6.86,10089423.00,0
78,6.86,10091099.00,0
78,6.86,10092782.00,0
78,6.86,10094463.00,0
78,6.86,10096149.00,1
78,6.86,10097832.00,0
78,6.86,10099512.00,0
78,6.86,10101189.00,0
78,6.86,10102866.00,0
78,6.86,10104551.00,0
78,6.86,10106246.00,0
78,6.86,10107927.00,0
78,6.86,10109611.00,0
78,6.86,10111295.00,0
78,6.86,10112971.00,0
78,6.86,10114644.00,1
78,6.86,10116323.00,1
78,6.86,10118009.00,1
78,6.86,10119701.00,0
78,6.86,10121384.00,0
78,6.86,10123069.00,1
78,6.86,10124752.00,0
78,6.86,10126428.00,0
78,6.86,10128115.00,0
78,6.86,10129805.00,1
78,6.86,10131486.00,1
78,6.86,10133172.00,0
78,6.86,10134847.00,0
78,6.86,10136521.00,0
78,6.86,10138200.00,0
78,6.86,10139882.00,0
78,6.86,10141565.00,1
78,6.86,10143254.00,0
78,6.86,10144937.00,0
78,6.86,10146622.00,0
78,6.86,10148303.00,0
78,6.86,10149980.00,0
78,6.86,10151673.00,0
78,6.86,10153363.00,0
78,6.86,10155043.00,0
78,6.86,10156733.00,0
78,6.86,10158410.00,0
78,6.86,10160088.00,0
78,6.86,10161773.00,0
78,6.86,10163463.00,1
78,6.86,10165142.00,1
78,6.86,10166829.00,0
78,6.86,10168518.00,0
78,6.86,10170191.00,0
78,6.86,10171874.00,1
78,6.86,10173557.00,0
78,6.86,10175252.00,0
78,6.86,10176931.00,0
78,6.86,10178610.00,0
78,6.86,10180299.00,1
78,6.86,10181977.00,0
78,6.86,10183657.00,0
77,6.86,10185340.00,0
78,6.86,10187032.00,1
78,6.86,10188713.00,1
78,6.86,10190399.00,0
78,6.86,10192080.00,0
78,6.86,10193754.00,0
78,6.86,10195443.00,0
78,6.86,10197136.00,0
78,6.86,10198818.00,0
78,6.86,10200499.00,0
78,6.86,10202186.00,1
78,6.86,10203866.00,1
78,6.86,10205545.00,0
78,6.86,10207228.00,0
78,6.86,10208918.00,0
78,6.86,10210596.00,0
78,6.86,10212276.00,1
78,6.86,10213949.00,1
78,6.86,10215633.00,0
78,6.86,10217310.00,0
78,6.86,10219003.00,0
78,6.86,10220698.00,1
78,6.86,10222378.00,0
78,6.86,10224071.00,0
78,6.86,10225752.00,0
78,6.86,10227442.00,0
78,6.86,10229133.00,0
78,6.86,10230816.00,0
78,6.86,10232503.00,1
78,6.86,10234178.00,1
78,6.86,10235856.00,0
78,6.86,10237542.00,0
78,6.86,10239237.00,0
78,6.86,10240921.00,1
78,6.86,10242603.00,0
78,6.86,10244291.00,0
78,6.86,10245965.00,0
78,6.86,10247643.00,0
78,6.86,10249320.00,0
78,6.86,10251003.00,1
78,6.86,10252691.00,0
78,6.86,10254369.00,0
78,6.86,10256054.00,0
78,6.86,10257727.00,0
78,6.86,10259401.00,0
78,6.86,10261075.00,0
78,6.86,10262756.00,0
78,6.86,10264441.00,1
78,6.86,10266133.00,0
78,6.86,10267816.00,0
78,6.86,10269496.00,0
78,6.86,10271176.00,1
78,6.86,10272849.00,1
78,6.86,10274532.00,1
78,6.86,10276224.00,0
78,6.86,10277907.00,0
78,6.86,10279586.00,0
78,6.86,10281264.00,1
78,6.86,10282946.00,1
78,6.86,10284621.00,1
78,6.86,10286302.00,0
78,6.86,10287981.00,0
78,6.86,10289671.00,0
78,6.86,10291356.00,1
78,6.86,10293034.00,1
78,6.86,10294725.00,0
78,6.86,10296399.00,0
78,6.86,10298077.00,0
78,6.86,10299765.00,0
78,6.86,10301451.00,0
78,6.86,10303129.00,0
78,6.86,10304805.00,0
78,6.86,10306481.00,0
78,6.86,10308171.00,0
78,6.86,10309855.00,1
78,6.86,10311539.00,1
78,6.86,10313235.00,0
78,6.86,10314918.00,0
78,6.86,10316599.00,1
78,6.86,10318279.00,0
78,6.86,10319953.00,1
78,6.86,10321639.00,0
78,6.86,10323336.00,1
78,6.86,10325014.00,1
78,6.86,10326690.00,1
78,6.86,10328369.00,0
78,6.86,10330058.00,0
78,6.86,10331730.00,0
78,6.86,10333410.00,0
78,6.86,10335092.00,0
78,6.86,10336788.00,0
78,6.86,10338472.00,0
78,6.86,10340153.00,0
78,6.86,10341829.00,0
78,6.86,10343503.00,0
78,6.86,10345187.00,1
77,6.86,10346878.00,0
78,6.86,10348564.00,0
78,6.86,10350242.00,0
78,6.86,10351919.00,0
78,6.86,10353603.00,1
78,6.86,10355277.00,1
78,6.86,10356958.00,1
78,6.86,10358635.00,0
78,6.86,10360320.00,0
78,6.86,10362010.00,0
78,6.86,10363690.00,1
78,6.86,10365381.00,0
78,6.86,10367056.00,0
78,6.86,10368740.00,0
78,6.86,10370426.00,0
78,6.86,10372111.00,1
78,6.86,10373791.00,0
78,6.86,10375471.00,0
78,6.86,10377154.00,0
78,6.86,10378829.00,0
78,6.86,10380511.00,0
78,6.86,10382190.00,1
78,6.86,10383881.00,0
78,6.86,10385564.00,0
78,6.86,10387245.00,0
78,6.86,10388935.00,1
78,6.86,10390611.00,1
78,6.86,10392298.00,0
78,6.86,10393991.00,0
78,6.86,10395672.00,1
78,6.86,10397358.00,1
78,6.86,10399042.00,0
78,6.86,10400716.00,0
78,6.86,10402392.00,0
78,6.86,10404077.00,0
78,6.86,10405757.00,0
78,6.86,10407445.00,1
78,6.86,10409128.00,0
78,6.86,10410806.00,0
78,6.86,10412486.00,0
78,6.86,10414159.00,0
78,6.86,10415844.00,0
78,6.86,10417534.00,0
78,6.86,10419220.00,0
78,6.86,10420898.00,0
78,6.86,10422576.00,0
78,6.86,10424259.00,0
78,6.86,10425933.00,0
78,6.86,10427615.00,1
78,6.86,10429291.00,1
78,6.86,10430984.00,0
78,6.86,10432671.00,0
78,6.86,10434350.00,0
78,6.86,10436039.00,0
78,6.86,10437714.00,0
78,6.86,10439399.00,0
78,6.86,10441095.00,1
78,6.86,10442772.00,1
78,6.86,10444451.00,1
78,6.86,10446129.00,0
78,6.86,10447817.00,0
78,6.86,10449490.00,0
78,6.86,10451172.00,0
78,6.86,10452857.00,0
78,6.86,10454547.00,0
78,6.86,10456233.00,0
78,6.86,10457912.00,0
78,6.86,10459591.00,0
78,6.86,10461265.00,0
78,6.86,10462948.00,1
78,6.86,10464637.00,0
78,6.86,10466323.00,0
78,6.86,10468002.00,0
78,6.86,10469682.00,0
78,6.86,10471370.00,1
78,6.86,10473048.00,0
78,6.86,10474730.00,0
78,6.86,10476413.00,0
78,6.86,10478101.00,1
78,6.86,10479785.00,1
78,6.86,10481469.00,0
78,6.86,10483151.00,0
78,6.86,10484826.00,0
78,6.86,10486515.00,1
78,6.86,10488204.00,0
78,6.86,10489883.00,0
78,6.86,10491569.00,0
78,6.86,10493251.00,0
78,6.86,10494927.00,1
78,6.86,10496601.00,0
78,6.86,10498283.00,1
78,6.86,10499963.00,0
78,6.86,10501653.00,0
78,6.86,10503336.00,0
78,6.86,10505014.00,0
78,6.86,10506692.00,0
78,6.86,10508366.00,1
78,6.86,10510047.00,1
78,6.86,10511738.00,0
78,6.86,10513427.00,0
78,6.86,10515107.00,1
78,6.86,10516787.00,1
78,6.86,10518474.00,0
78,6.86,10520146.00,0
78,6.86,10521825.00,0
78,6.86,10523506.00,0
78,6.86,10525202.00,1
78,6.86,10526884.00,0
78,6.86,10528561.00,0
78,6.86,10530249.00,0
78,6.86,10531921.00,0
78,6.86,10533599.00,0
78,6.86,10535288.00,1
78,6.86,10536977.00,0
78,6.86,10538654.00,0
78,6.86,10540333.00,0
78,6.86,10542019.00,0
78,6.86,10543694.00,1
78,6.86,10545375.00,1
78,6.86,10547054.00,1
78,6.86,10548746.00,0
78,6.86,10550431.00,0
78,6.86,10552109.00,0
78,6.86,10553798.00,0
78,6.86,10555473.00,0
78,6.86,10557156.00,0
78,6.86,10558845.00,0
78,6.86,10560530.00,1
78,6.86,10562208.00,1
78,6.86,10563887.00,0
78,6.86,10565571.00,0
78,6.86,10567245.00,0
78,6.86,10568927.00,0
78,6.86,10570606.00,0
78,6.86,10572293.00,1
78,6.86,10573978.00,0
78,6.86,10575651.00,0
78,6.86,10577329.00,0
78,6.86,10579018.00,0
78,6.86,10580698.00,0
78,6.86,10582375.00,0
78,6.86,10584057.00,1
78,6.86,10585747.00,0
78,6.86,10587427.00,0
78,6.86,10589106.00,0
78,6.86,10590795.00,1
78,6.86,10592478.00,1
78,6.86,10594156.00,0
78,6.86,10595848.00,0
78,6.86,10597534.00,0
78,6.86,10599213.00,1
78,6.86,10600904.00,0
78,6.86,10602576.00,0
78,6.86,10604260.00,0
78,6.86,10605947.00,0
78,6.86,10607634.00,0
78,6.86,10609314.00,0
78,6.86,10610993.00,0
78,6.86,10612681.00,0
78,6.86,10614355.00,0
78,6.86,10616034.00,1
78,6.86,10617716.00,1
78,6.86,10619409.00,0
78,6.86,10621095.00,0
78,6.86,10622774.00,0
78,6.86,10624454.00,1
78,6.86,10626126.00,1
78,6.86,10627805.00,1
78,6.86,10629492.00,0
78,6.86,10631182.00,0
78,6.86,10632861.00,0
78,6.86,10634538.00,1
78,6.86,10636222.00,1
78,6.86,10637899.00,1
78,6.86,10639582.00,0
78,6.86,10641260.00,0
78,6.86,10642949.00,0
78,6.86,10644636.00,1
78,6.86,10646313.00,1
78,6.86,10648003.00,0
78,6.86,10649676.00,0
78,6.86,10651352.00,0
78,6.86,10653029.00,0
78,6.86,10654714.00,0
78,6.86,10656405.00,0
78,6.86,10658084.00,0
78,6.86,10659761.00,0
78,6.86,10661452.00,0
78,6.86,10663135.00,1
78,6.86,10664813.00,1
78,6.86,10666504.00,0
78,6.86,10668190.00,0
78,6.86,10669867.00,0
78,6.86,10671555.00,1
78,6.86,10673228.00,1
78,6.86,10674907.00,0
78,6.86,10676586.00,0
78,6.86,10678267.00,0
78,6.86,10679955.00,0
78,6.86,10681635.00,1
78,6.86,10683313.00,1
78,6.86,10685004.00,0
78,6.86,10686686.00,0
78,6.86,10688364.00,0
78,6.86,10690053.00,1
78,6.86,10691736.00,0
78,6.86,10693411.00,0
78,6.86,10695091.00,0
78,6.86,10696777.00,0
78,6.86,10698459.00,0
78,6.86,10700137.00,1
78,6.86,10701821.00,0
78,6.86,10703510.00,0
78,6.86,10705188.00,0
78,6.86,10706867.00,0
78,6.86,10708555.00,1
78,6.86,10710238.00,1
78,6.86,10711917.00,0
78,6.86,10713609.00,0
78,6.86,10715293.00,1
78,6.86,10716972.00,1
78,6.86,10718661.00,0
78,6.86,10720337.00,0
78,6.86,10722021.00,0
78,6.86,10723708.00,1
78,6.86,10725396.00,0
78,6.86,10727074.00,0
78,6.86,10728754.00,0
78,6.86,10730442.00,0
78,6.86,10732120.00,0
78,6.86,10733806.00,0
78,6.86,10735485.00,0
78,6.86,10737173.00,0
78,6.86,10738856.00,0
78,6.86,10740535.00,1
78,6.86,10742217.00,1
78,6.86,10743890.00,1
78,6.86,10745573.00,0
78,6.86,10747264.00,0
78,6.86,10748949.00,1
78,6.86,10750626.00,1
78,6.86,10752306.00,1
78,6.86,10753987.00,0
78,6.86,10755659.00,1
78,6.86,10757342.00,0
78,6.86,10759022.00,0
78,6.86,10760709.00,0
78,6.86,10762394.00,1
78,6.86,10764068.00,1
78,6.86,10765748.00,0
78,6.86,10767433.00,0
78,6.86,10769112.00,0
78,6.86,10770790.00,0
78,6.86,10772472.00,0
78,6.86,10774166.00,0
78,6.86,10775844.00,0
78,6.86,10777524.00,0
78,6.86,10779200.00,0
78,6.86,10780881.00,0
78,6.86,10782556.00,0
78,6.86,10784243.00,1
78,6.86,10785938.00,0
78,6.86,10787617.00,0
78,6.86,10789297.00,0
78,6.86,10790980.00,1
78,6.86,10792664.00,0
78,6.86,10794345.00,0
78,6.86,10796030.00,0
78,6.86,10797717.00,1
78,6.86,10799395.00,1
78,6.86,10801075.00,1
78,6.86,10802763.00,0
78,6.86,10804447.00,0
78,6.86,10806123.00,0
78,6.86,10807816.00,1
78,6.86,10809499.00,0
78,6.86,10811177.00,0
78,6.86,10812868.00,0
78,6.86,10814544.00,1
78,6.86,10816227.00,1
78,6.86,10817912.00,0
78,6.86,10819598.00,0
78,6.86,10821276.00,0
78,6.86,10822955.00,0
78,6.86,10824637.00,1
78,6.86,10826315.00,1
78,6.86,10827998.00,0
78,6.86,10829677.00,0
78,6.86,10831365.00,0
78,6.86,10833050.00,1
78,6.86,10834722.00,0
78,6.86,10836400.00,1
78,6.86,10838084.00,0
78,6.86,10839768.00,0
78,6.86,10841447.00,0
78,6.86,10843129.00,0
78,6.86,10844822.00,1
78,6.86,10846499.00,0
78,6.86,10848179.00,0
78,6.86,10849867.00,0
78,6.86,10851551.00,1
78,6.86,10853229.00,1
78,6.86,10854919.00,0
78,6.86,10856605.00,0
78,6.86,10858282.00,0
78,6.86,10859970.00,1
78,6.86,10861645.00,1
78,6.86,10863326.00,1
78,6.86,10865018.00,0
78,6.86,10866707.00,1
78,6.86,10868386.00,1
78,6.86,10870064.00,1
78,6.86,10871747.00,0
78,6.86,10873421.00,0
78,6.86,10875104.00,0
78,6.86,10876790.00,0
78,6.86,10878486.00,0
78,6.86,10880169.00,0
78,6.86,10881846.00,0
78,6.86,10883526.00,0
78,6.86,10885198.00,0
78,6.86,10886876.00,0
78,6.86,10888554.00,0
78,6.86,10890237.00,1
78,6.86,10891926.00,0
78,6.86,10893603.00,0
78,6.86,10895281.00,0
78,6.86,10896972.00,1
78,6.86,10898654.00,1
78,6.86,10900331.00,0
78,6.86,10902024.00,0
78,6.86,10903710.00,0
78,6.86,10905391.00,1
78,6.86,10907077.00,0
78,6.86,10908752.00,0
78,6.86,10910436.00,0
78,6.86,10912123.00,0
78,6.86,10913810.00,1
78,6.86,10915489.00,0
78,6.86,10917169.00,0
78,6.86,10918851.00,0
78,6.86,10920526.00,0
78,6.86,10922206.00,0
78,6.86,10923883.00,0
78,6.86,10925576.00,1
78,6.86,10927259.00,0
78,6.86,10928937.00,0
78,6.86,10930626.00,0
78,6.86,10932299.00,0
78,6.86,10933980.00,1
78,6.86,10935658.00,1
78,6.86,10937341.00,0
78,6.86,10939028.00,0
78,6.86,10940707.00,0
78,6.86,10942388.00,0
78,6.86,10944062.00,0
78,6.86,10945744.00,1
78,6.86,10947417.00,1
78,6.86,10949107.00,0
78,6.86,10950804.00,0
78,6.86,10952480.00,0
78,6.86,10954160.00,1
78,6.86,10955843.00,0
78,6.86,10957528.00,0
78,6.86,10959203.00,0
78,6.86,10960889.00,0
78,6.86,10962581.00,1
78,6.86,10964260.00,0
78,6.86,10965939.00,0
78,6.86,10967627.00,0
78,6.86,10969306.00,0
78,6.86,10970985.00,0
78,6.86,10972677.00,0
78,6.86,10974363.00,0
78,6.86,10976042.00,0
78,6.86,10977730.00,1
78,6.86,10979402.00,1
78,6.86,10981081.00,1
78,6.86,10982760.00,0
78,6.86,10984440.00,0
78,6.86,10986131.00,0
78,6.86,10987812.00,0
78,6.86,10989493.00,1
78,6.86,10991157.00,0
78,6.86,10992840.00,1
78,6.86,10994514.00,1
78,6.86,10996194.00,1
78,6.86,10997875.00,0
78,6.86,10999567.00,0
78,6.86,11001252.00,1
78,6.86,11002932.00,1
78,6.86,11004611.00,0
78,6.86,11006298.00,0
78,6.86,11007977.00,0
78,6.86,11009660.00,0
78,6.86,11011354.00,0
78,6.86,11013035.00,0
78,6.86,11014719.00,0
78,6.86,11016399.00,0
78,6.86,11018073.00,0
78,6.86,11019764.00,1
78,6.86,11021460.00,0
78,6.86,11023139.00,0
78,6.86,11024818.00,0
78,6.86,11026506.00,1
78,6.86,11028188.00,0
78,6.86,11029878.00,0
78,6.86,11031568.00,1
78,6.86,11033249.00,0
78,6.86,11034930.00,0
78,6.86,11036618.00,0
78,6.86,11038296.00,0
78,6.86,11039981.00,1
78,6.86,11041663.00,0
78,6.86,11043349.00,0
78,6.86,11045032.00,0
78,6.86,11046712.00,0
78,6.86,11048392.00,1
78,6.86,11050065.00,1
78,6.86,11051748.00,1
78,6.86,11053437.00,0
78,6.86,11055124.00,0
78,6.86,11056812.00,1
78,6.86,11058496.00,0
78,6.86,11060170.00,0
78,6.86,11061842.00,0
78,6.86,11063521.00,0
78,6.86,11065204.00,0
78,6.86,11066896.00,1
78,6.86,11068580.00,0
78,6.86,11070260.00,0
78,6.86,11071939.00,0
78,6.86,11073614.00,0
78,6.86,11075292.00,0
78,6.86,11076984.00,1
78,6.86,11078670.00,0
78,6.86,11080350.00,0
78,6.86,11082029.00,0
78,6.86,11083712.00,0
78,6.86,11085388.00,0
78,6.86,11087071.00,1
78,6.86,11088749.00,1
78,6.86,11090440.00,0
78,6.86,11092126.00,0
78,6.86,11093806.00,0
78,6.86,11095495.00,0
78,6.86,11097176.00,0
78,6.86,11098861.00,0
78,6.86,11100552.00,1
78,6.86,11102233.00,1
78,6.86,11103921.00,0
78,6.86,11105610.00,0
78,6.86,11107288.00,0
78,6.86,11108979.00,0
78,6.86,11110675.00,0
78,6.86,11112355.00,0
78,6.86,11114035.00,1
78,6.86,11115716.00,1
78,6.86,11117390.00,0
78,6.86,11119071.00,0
78,6.86,11120754.00,0
78,6.86,11122450.00,1
78,6.86,11124131.00,1
78,6.86,11125811.00,0
78,6.86,11127503.00,0
78,6.86,11129180.00,0
78,6.86,11130862.00,1
78,6.86,11132556.00,0
78,6.86,11134244.00,0
78,6.86,11135926.00,1
78,6.86,11137611.00,1
78,6.86,11139294.00,0
78,6.86,11140973.00,0
78,6.86,11142665.00,0
78,6.86,11144351.00,1
78,6.86,11146030.00,0
78,6.86,11147719.00,0
78,6.86,11149393.00,0
78,6.86,11151076.00,0
78,6.86,11152767.00,1
78,6.86,11154450.00,0
78,6.86,11156130.00,0
78,6.86,11157808.00,0
78,6.86,11159497.00,1
78,6.86,11161176.00,1
78,6.86,11162861.00,0
78,6.86,11164538.00,0
78,6.86,11166228.00,0
78,6.86,11167912.00,1
78,6.86,11169591.00,1
78,6.86,11171271.00,1
78,6.86,11172944.00,1
78,6.86,11174628.00,0
78,6.86,11176317.00,0
78,6.86,11178004.00,1
78,6.86,11179682.00,1
78,6.86,11181363.00,0
78,6.86,11183049.00,0
78,6.86,11184728.00,0
78,6.86,11186410.00,0
78,6.86,11188093.00,1
78,6.86,11189782.00,0
78,6.86,11191464.00,0
78,6.86,11193143.00,0
78,6.86,11194826.00,0
78,6.86,11196504.00,1
78,6.86,11198189.00,1
78,6.86,11199880.00,0
78,6.86,11201563.00,0
78,6.86,11203247.00,1
78,6.86,11204929.00,0
78,6.86,11206605.00,1
78,6.86,11208281.00,0
78,6.86,11209967.00,0
78,6.86,11211644.00,0
78,6.86,11213334.00,1
78,6.86,11215016.00,1
78,6.86,11216694.00,0
78,6.86,11218373.00,0
78,6.86,11220047.00,0
78,6.86,11221732.00,0
78,6.86,11223422.00,1
78,6.86,11225108.00,1
78,6.86,11226787.00,0
78,6.86,11228466.00,0
78,6.86,11230153.00,0
78,6.86,11231833.00,0
78,6.86,11233518.00,1
78,6.86,11235198.00,0
78,6.86,11236885.00,0
78,6.86,11238568.00,0
78,6.86,11240248.00,1
78,6.86,11241926.00,1
78,6.86,11243602.00,1
78,6.86,11245287.00,0
78,6.86,11246980.00,0
78,6.86,11248657.00,0
78,6.86,11250335.00,0
78,6.86,11252014.00,1
78,6.86,11253700.00,0
78,6.86,11255375.00,0
78,6.86,11257058.00,0
78,6.86,11258741.00,0
78,6.86,11260438.00,1
78,6.86,11262120.00,0
78,6.86,11263799.00,0
78,6.86,11265486.00,0
78,6.86,11267161.00,0
78,6.86,11268844.00,1
78,6.86,11270533.00,1
78,6.86,11272213.00,0
78,6.86,11273890.00,0
78,6.86,11275568.00,0
78,6.86,11277251.00,0
78,6.86,11278926.00,0
78,6.86,11280606.00,1
78,6.86,11282284.00,1
78,6.86,11283973.00,0
78,6.86,11285660.00,0
78,6.86,11287338.00,0
78,6.86,11289027.00,0
78,6.86,11290700.00,1
78,6.86,11292382.00,0
78,6.86,11294071.00,0
78,6.86,11295760.00,1
78,6.86,11297439.00,1
78,6.86,11299119.00,0
78,6.86,11300803.00,0
78,6.86,11302478.00,0
78,6.86,11304158.00,0
78,6.86,11305837.00,0
78,6.86,11307527.00,1
78,6.86,11309213.00,0
78,6.86,11310890.00,0
78,6.86,11312579.00,0
78,6.86,11314253.00,0
78,6.86,11315932.00,1
78,6.86,11317621.00,0
78,6.86,11319307.00,0
78,6.86,11320988.00,0
78,6.86,11322666.00,0
78,6.86,11324349.00,0
78,6.86,11326027.00,1
78,6.86,11327710.00,1
78,6.86,11329388.00,0
78,6.86,11331080.00,0
78,6.86,11332765.00,1
78,6.86,11334446.00,1
78,6.86,11336137.00,0
78,6.86,11337810.00,0
78,6.86,11339495.00,0
78,6.86,11341189.00,1
78,6.86,11342869.00,0
78,6.86,11344556.00,0
78,6.86,11346241.00,0
78,6.86,11347914.00,0
78,6.86,11349593.00,1
78,6.86,11351278.00,1
78,6.86,11352957.00,0
78,6.86,11354645.00,0
78,6.86,11356328.00,0
78,6.86,11358008.00,1
78,6.86,11359690.00,1
78,6.86,11361368.00,0
78,6.86,11363054.00,0
78,6.86,11364744.00,0
78,6.86,11366424.00,1
78,6.86,11368107.00,1
78,6.86,11369791.00,0
78,6.86,11371464.00,0
78,6.86,11373144.00,0
78,6.86,11374830.00,0
78,6.86,11376511.00,1
78,6.86,11378196.00,1
78,6.86,11379881.00,0
78,6.86,11381560.00,0
78,6.86,11383237.00,0
78,6.86,11384914.00,0
78,6.86,11386598.00,0
78,6.86,11388292.00,0
78,6.86,11389973.00,0
78,6.86,11391659.00,0
78,6.86,11393345.00,1
78,6.86,11395020.00,1
78,6.86,11396696.00,1
78,6.86,11398382.00,0
78,6.86,11400060.00,0
78,6.86,11401749.00,0
78,6.86,11403432.00,1
78,6.86,11405112.00,1
78,6.86,11406794.00,0
78,6.86,11408472.00,0
78,6.86,11410158.00,0
78,6.86,11411848.00,1
78,6.86,11413529.00,1
78,6.86,11415215.00,0
78,6.86,11416900.00,0
78,6.86,11418574.00,0
78,6.86,11420248.00,0
78,6.86,11421934.00,1
78,6.86,11423612.00,1
78,6.86,11425300.00,0
78,6.86,11426984.00,0
78,6.86,11428670.00,0
78,6.86,11430352.00,1
78,6.86,11432028.00,1
78,6.86,11433720.00,0
78,6.86,11435410.00,0
78,6.86,11437088.00,1
78,6.86,11438774.00,0
78,6.86,11440451.00,0
78,6.86,11442125.00,0
78,6.86,11443801.00,0
78,6.86,11445486.00,0
78,6.86,11447168.00,0
78,6.86,11448853.00,1
78,6.86,11450536.00,1
78,6.86,11452221.00,0
78,6.86,11453904.00,0
78,6.86,11455580.00,0
78,6.86,11457270.00,1
78,6.86,11458961.00,0
78,6.86,11460642.00,0
78,6.86,11462333.00,1
78,6.86,11464010.00,1
78,6.86,11465688.00,0
78,6.86,11467373.00,0
78,6.86,11469073.00,1
78,6.86,11470751.00,1
78,6.86,11472429.00,1
78,6.86,11474119.00,0
78,6.86,11475792.00,0
78,6.86,11477471.00,0
78,6.86,11479149.00,0
78,6.86,11480838.00,1
78,6.86,11482518.00,1
78,6.86,11484193.00,0
78,6.86,11485879.00,0
78,6.86,11487555.00,0
78,6.86,11489229.00,0
78,6.86,11490904.00,0
78,6.86,11492586.00,0
78,6.86,11494268.00,0
78,6.86,11495957.00,1
78,6.86,11497640.00,0
78,6.86,11499319.00,0
78,6.86,11501001.00,0
78,6.86,11502680.00,0
78,6.86,11504371.00,1
78,6.86,11506061.00,0
78,6.86,11507742.00,0
78,6.86,11509428.00,1
78,6.86,11511104.00,1
78,6.86,11512780.00,1
78,6.86,11514457.00,1
78,6.86,11516143.00,0
78,6.86,11517821.00,0
78,6.86,11519510.00,0
78,6.86,11521193.00,1
78,6.86,11522871.00,1
78,6.86,11524549.00,0
78,6.86,11526221.00,1
78,6.86,11527903.00,0
78,6.86,11529591.00,0
78,6.86,11531277.00,1
78,6.86,11532956.00,1
78,6.86,11534635.00,1
78,6.86,11536317.00,0
78,6.86,11537994.00,0
78,6.86,11539678.00,0
78,6.86,11541356.00,0
78,6.86,11543045.00,1
78,6.86,11544728.00,0
78,6.86,11546404.00,0
78,6.86,11548082.00,0
78,6.86,11549770.00,0
78,6.86,11551452.00,1
78,6.86,11553141.00,0
78,6.86,11554827.00,0
78,6.86,11556505.00,0
78,6.86,11558180.00,0
78,6.86,11559858.00,0
78,6.86,11561548.00,1
78,6.86,11563231.00,0
78,6.86,11564909.00,0
78,6.86,11566592.00,0
78,6.86,11568282.00,0
78,6.86,11569957.00,1
78,6.86,11571646.00,0
78,6.86,11573320.00,0
78,6.86,11575002.00,0
78,6.86,11576681.00,0
78,6.86,11578361.00,0
78,6.86,11580054.00,1
78,6.86,11581732.00,1
78,6.86,11583411.00,0
78,6.86,11585086.00,0
78,6.86,11586767.00,0
78,6.86,11588443.00,0
78,6.86,11590135.00,1
78,6.86,11591831.00,0
78,6.86,11593506.00,0
78,6.86,11595187.00,0
--