0,40.52,2025.96,1,24,1,24.68,21
2,86.83,2315.38,1,11,3,11.52,43
4,116.30,1473.42,1,8,5,8.60,65
7,150.06,1688.39,1,6,8,6.66,87
11,185.79,1786.36,1,5,12,5.38,109
15,215.68,1494.66,1,4,16,4.64,131
20,248.04,1617.66,1,4,21,4.03,153
26,282.00,1698.37,1,3,27,3.55,175
32,312.30,1514.76,1,3,33,3.20,197
39,344.29,1599.59,1,2,40,2.90,219
47,377.55,1662.87,1,2,48,2.65,241
55,408.10,1527.81,1,2,56,2.45,263
64,439.95,1592.32,1,2,65,2.27,285
73,469.64,1484.60,1,2,74,2.13,307
84,503.56,1695.91,1,1,85,1.99,329
95,535.33,1588.67,1,1,96,1.87,351
107,567.97,1631.92,1,1,108,1.76,373
119,598.84,1543.11,1,1,120,1.67,395
132,630.57,1586.59,1,1,133,1.59,417
145,660.78,1510.48,1,1,146,1.51,439
159,691.84,1552.99,1,1,160,1.45,461
173,721.56,1486.21,1,1,174,1.39,483
189,754.10,1626.86,1,1,190,1.33,505
204,783.38,1463.85,1,1,205,1.28,527
221,815.29,1595.54,1,1,222,1.23,549
238,845.99,1535.40,1,1,239,1.18,571
256,877.34,1567.18,1,1,257,1.14,593
274,907.60,1513.10,1,1,275,1.10,615
293,938.48,1544.26,1,1,294,1.07,637
312,968.39,1495.02,1,1,313,1.03,659
333,1000.39,1600.44,1,0,334,1.00,681
354,1031.41,1550.79,1,0,355,0.97,704
375,1061.52,1505.50,1,0,376,0.94,726
397,1092.17,1532.69,1,0,398,0.92,748
419,1121.99,1490.84,1,0,420,0.89,770
443,1153.64,1582.43,1,0,444,0.87,792
466,1183.18,1476.79,1,0,467,0.85,814
491,1214.47,1564.50,1,0,492,0.82,836
515,1243.76,1464.89,1,0,516,0.80,858
541,1274.74,1548.98,1,0,542,0.78,880
566,1303.84,1454.71,1,0,567,0.77,902
593,1334.55,1535.47,1,0,594,0.75,924
620,1364.56,1500.92,1,0,621,0.73,946
650,1397.16,1629.91,1,0,651,0.72,969
678,1426.92,1487.63,1,0,679,0.70,991
708,1458.12,1560.24,1,0,709,0.69,1013
737,1487.66,1477.09,1,0,738,0.67,1035
768,1518.61,1547.23,1,0,769,0.66,1057
798,1547.96,1467.85,1,0,799,0.65,1079
830,1578.68,1535.63,1,0,831,0.63,1101
861,1607.87,1459.72,1,0,862,0.62,1123
894,1638.38,1525.30,1,0,895,0.61,1145
926,1667.43,1452.44,1,0,927,0.60,1167
961,1698.63,1560.11,1,0,962,0.59,1189
996,1729.27,1531.99,1,0,997,0.58,1212
1032,1760.23,1547.96,1,0,1033,0.57,1234
1068,1790.65,1521.20,1,0,1069,0.56,1257
1105,1821.39,1537.00,1,0,1106,0.55,1280
1144,1853.24,1592.46,1,0,1145,0.54,1303
1182,1883.76,1525.77,1,0,1183,0.53,1326
1223,1916.13,1618.93,1,0,1224,0.52,1349
1262,1946.43,1515.04,1,0,1263,0.51,1372
1304,1978.55,1605.59,1,0,1305,0.51,1395
1345,2009.40,1542.58,1,0,1346,0.50,1418
1388,2041.25,1592.80,1,0,1389,0.49,1441
1430,2071.90,1532.11,1,0,1431,0.48,1464
1474,2103.52,1581.13,1,0,1475,0.48,1487
1517,2133.97,1522.56,1,0,1518,0.47,1510
1563,2166.07,1605.10,1,0,1564,0.46,1533
1609,2197.70,1581.64,1,0,1610,0.46,1557
1654,2228.22,1525.54,1,0,1655,0.45,1580
1702,2260.31,1604.53,1,0,1703,0.44,1603
1748,2290.64,1516.61,1,0,1749,0.44,1626
1797,2322.51,1593.73,1,0,1798,0.43,1649
1844,2352.68,1508.39,1,0,1845,0.43,1672
1894,2384.36,1583.73,1,0,1895,0.42,1695
1943,2414.99,1531.91,1,0,1944,0.41,1718
1994,2446.47,1574.06,1,0,1995,0.41,1741
2044,2476.95,1523.74,1,0,2045,0.40,1764
2097,2508.85,1595.02,1,0,2098,0.40,1787
2148,2539.17,1515.88,1,0,2149,0.39,1810
2202,2570.88,1585.51,1,0,2203,0.39,1833
2257,2602.78,1595.09,1,0,2258,0.38,1857
2310,2633.16,1518.79,1,0,2311,0.38,1880
2366,2664.87,1585.93,1,0,2367,0.38,1903
2420,2695.11,1511.65,1,0,2421,0.37,1926
2477,2726.66,1577.42,1,0,2478,0.37,1949
2533,2757.30,1532.18,1,0,2534,0.36,1972
2591,2788.68,1569.17,1,0,2592,0.36,1995
2647,2818.65,1498.45,1,0,2648,0.35,2018
2707,2850.41,1588.05,1,0,2708,0.35,2041
2765,2880.78,1518.43,1,0,2766,0.35,2064
2826,2912.38,1579.91,1,0,2827,0.34,2087
2885,2942.62,1511.93,1,0,2886,0.34,2110
2947,2974.06,1572.20,1,0,2948,0.34,2134
3010,3005.68,1580.82,1,0,3011,0.33,2157
3071,3035.98,1514.90,1,0,3072,0.33,2180
3135,3067.44,1573.35,1,0,3136,0.33,2203
3197,3097.62,1508.95,1,0,3198,0.32,2226
3262,3068.91,-1435.61,1,0,-3138,0.33,2249
3323,3038.94,-1498.50,1,0,-3077,0.33,2272
3386,3007.67,-1563.31,1,0,-3014,0.33,2295
3447,2977.09,-1529.31,1,0,-2953,0.34,2318
3509,2945.68,-1570.62,1,0,-2891,0.34,2341
3568,2915.47,-1510.31,1,0,-2832,0.34,2364
3629,2883.90,-1578.23,1,0,-2771,0.35,2387
3689,2852.52,-1569.38,1,0,-2711,0.35,2411
3747,2821.84,-1533.67,1,0,-2653,0.35,2434
3806,2790.30,-1577.38,1,0,-2594,0.36,2457
3861,2760.56,-1486.68,1,0,-2539,0.36,2480
3919,2728.86,-1585.31,1,0,-2481,0.37,2503
3974,2698.45,-1520.52,1,0,-2426,0.37,2526
4031,2666.56,-1594.13,1,0,-2369,0.38,2549
4084,2636.57,-1499.54,1,0,-2316,0.38,2572
4140,2604.51,-1603.17,1,0,-2260,0.38,2595
4192,2574.38,-1506.54,1,0,-2208,0.39,2618
4246,2542.71,-1583.35,1,0,-2154,0.39,2641
4297,2512.44,-1513.76,1,0,-2103,0.40,2664
4350,2480.58,-1592.70,1,0,-2050,0.40,2688
4402,2448.93,-1582.74,1,0,-1998,0.41,2711
4451,2418.72,-1510.41,1,0,-1949,0.41,2734
4502,2386.87,-1592.36,1,0,-1898,0.42,2757
4550,2356.50,-1518.33,1,0,-1850,0.42,2780
4600,2324.45,-1602.71,1,0,-1800,0.43,2803
4647,2293.91,-1526.95,1,0,-1753,0.44,2826
4695,2262.30,-1580.71,1,0,-1705,0.44,2849
4741,2231.58,-1535.85,1,0,-1659,0.45,2872
4788,2199.75,-1591.39,1,0,-1612,0.45,2895
4832,2169.53,-1510.96,1,0,-1568,0.46,2918
4878,2137.48,-1602.49,1,0,-1522,0.47,2941
4923,2105.66,-1591.27,1,0,-1477,0.47,2965
4966,2074.79,-1543.33,1,0,-1434,0.48,2988
5010,2042.72,-1603.36,1,0,-1390,0.49,3011
5051,2012.38,-1517.05,1,0,-1349,0.50,3034
5094,1980.06,-1616.00,1,0,-1306,0.51,3057
5134,1949.52,-1527.33,1,0,-1266,0.51,3080
5175,1917.70,-1590.83,1,0,-1225,0.52,3103
5214,1886.94,-1538.04,1,0,-1186,0.53,3126
5254,1854.86,-1604.00,1,0,-1146,0.54,3149
5292,1823.86,-1549.90,1,0,-1108,0.55,3172
5330,1792.33,-1576.73,1,0,-1070,0.56,3195
5366,1761.93,-1519.77,1,0,-1034,0.57,3218
5403,1730.13,-1589.79,1,0,-997,0.58,3241
5440,1697.74,-1619.54,1,0,-960,0.59,3265
5474,1667.43,-1515.94,1,0,-926,0.60,3288
5509,1635.63,-1589.92,1,0,-891,0.61,3311
5542,1605.07,-1527.92,1,0,-858,0.62,3334
5576,1572.96,-1605.26,1,0,-824,0.64,3357
5608,1542.14,-1541.32,1,0,-792,0.65,3380
5641,1509.69,-1622.44,1,0,-759,0.66,3403
5672,1478.56,-1556.56,1,0,-728,0.68,3426
5703,1446.76,-1590.02,1,0,-697,0.69,3449
5732,1416.36,-1519.76,1,0,-668,0.71,3472
5762,1384.22,-1607.28,1,0,-638,0.72,3495
5790,1353.52,-1534.57,1,0,-610,0.74,3518
5819,1320.99,-1626.93,1,0,-581,0.76,3542
5847,1288.79,-1609.80,1,0,-553,0.78,3565
5873,1258.16,-1531.69,1,0,-527,0.79,3588
5900,1225.53,-1631.10,1,0,-500,0.82,3611
5925,1194.53,-1550.00,1,0,-475,0.84,3634
5951,1161.42,-1655.86,1,0,-449,0.86,3657
5975,1129.99,-1571.55,1,0,-425,0.88,3680
5999,1097.66,-1616.53,1,0,-401,0.91,3703
6021,1067.16,-1524.82,1,0,-379,0.94,3726
6044,1034.32,-1642.18,1,0,-356,0.97,3749
6065,1003.39,-1546.30,1,0,-335,1.00,3772
6087,969.93,-1672.79,1,1,-313,1.03,3795
6108,936.88,-1652.44,1,1,-292,1.07,3819
6127,905.95,-1546.98,1,1,-273,1.10,3842
6146,873.91,-1601.72,1,1,-254,1.14,3864
6164,842.44,-1573.55,1,1,-236,1.19,3887
6181,811.60,-1542.13,1,1,-219,1.23,3909
6197,781.46,-1506.97,1,1,-203,1.28,3931
6213,750.11,-1567.47,1,1,-187,1.33,3953
6228,719.48,-1531.48,1,1,-172,1.39,3975
6243,687.49,-1599.65,1,1,-157,1.45,3997
6257,656.22,-1563.29,1,1,-143,1.52,4019
6271,623.39,-1641.59,1,1,-129,1.60,4042
6283,593.80,-1479.24,1,1,-117,1.68,4064
6295,562.67,-1556.90,1,1,-105,1.78,4086
6306,532.52,-1507.02,1,1,-94,1.88,4108
6317,500.57,-1597.59,1,1,-83,2.00,4130
6327,469.64,-1546.49,1,2,-73,2.13,4152
6337,436.53,-1655.78,1,2,-63,2.29,4174
6346,404.41,-1605.80,1,2,-54,2.47,4196
6354,373.55,-1542.91,1,2,-46,2.68,4218
6361,344.29,-1463.11,1,2,-39,2.90,4240
6368,312.30,-1599.59,1,3,-32,3.20,4262
6374,282.00,-1514.76,1,3,-26,3.55,4284
6380,248.04,-1698.37,1,4,-20,4.03,4306
6385,215.68,-1617.66,1,4,-15,4.64,4328
6389,185.79,-1494.66,1,5,-11,5.38,4350
6393,150.06,-1786.36,1,6,-7,6.66,4373
6396,116.30,-1688.40,1,8,-4,8.60,4395
6398,86.83,-1473.42,1,11,-2,11.52,4417
6400,-40.52,-6367.30,0,24,1,24.68,4439
6400,-40.52,0.00,0,24,1,24.68,4461
6398,-86.83,-2315.38,0,11,3,11.52,4483
6396,-116.30,-1473.42,0,8,5,8.60,4505
6393,-150.06,-1688.39,0,6,8,6.66,4527
6389,-185.79,-1786.36,0,5,12,5.38,4549
6385,-215.68,-1494.66,0,4,16,4.64,4571
6380,-248.04,-1617.66,0,4,21,4.03,4593
6374,-282.00,-1698.37,0,3,27,3.55,4615
6368,-312.30,-1514.76,0,3,33,3.20,4637
6361,-344.29,-1599.59,0,2,40,2.90,4659
6353,-377.55,-1662.87,0,2,48,2.65,4681
6345,-408.10,-1527.81,0,2,56,2.45,4703
6336,-439.95,-1592.32,0,2,65,2.27,4725
6327,-469.64,-1484.60,0,2,74,2.13,4747
6317,-500.57,-1546.49,0,1,84,2.00,4769
6306,-532.52,-1597.59,0,1,95,1.88,4791
6294,-565.33,-1640.03,0,1,107,1.77,4814
6282,-596.32,-1549.96,0,1,119,1.68,4836
6269,-628.18,-1592.94,0,1,132,1.59,4858
6256,-658.50,-1515.95,0,1,145,1.52,4880
6242,-689.66,-1558.11,0,1,159,1.45,4902
6228,-719.48,-1490.70,0,1,173,1.39,4924
6212,-752.11,-1631.36,0,1,189,1.33,4946
6196,-783.38,-1563.47,0,1,205,1.28,4969
6179,-815.29,-1595.54,0,1,222,1.23,4992
6162,-845.99,-1535.40,0,1,239,1.18,5014
6145,-875.63,-1481.59,0,1,256,1.14,5036
6126,-907.60,-1598.69,0,1,275,1.10,5058
6107,-938.48,-1544.26,0,1,294,1.07,5081
6087,-969.93,-1572.43,0,1,314,1.03,5103
6067,-1000.39,-1523.03,0,0,334,1.00,5125
6045,-1032.86,-1623.48,0,0,356,0.97,5148
6023,-1064.34,-1573.97,0,0,378,0.94,5171
5999,-1097.66,-1665.60,0,0,402,0.91,5194
5976,-1128.66,-1550.10,0,0,425,0.89,5217
5951,-1161.42,-1637.98,0,0,450,0.86,5240
5927,-1192.02,-1530.12,0,0,474,0.84,5263
5901,-1224.31,-1614.49,0,0,500,0.82,5286
5875,-1255.77,-1572.98,0,0,526,0.80,5309
5848,-1287.63,-1592.82,0,0,553,0.78,5332
5820,-1319.85,-1611.22,0,0,581,0.76,5356
5792,-1351.31,-1572.80,0,0,609,0.74,5379
5763,-1383.13,-1591.29,0,0,638,0.72,5402
5734,-1414.24,-1555.49,0,0,667,0.71,5425
5703,-1446.76,-1625.78,0,0,698,0.69,5448
5673,-1477.54,-1539.26,0,0,728,0.68,5471
5641,-1509.69,-1607.31,0,0,760,0.66,5494
5610,-1540.19,-1525.09,0,0,791,0.65,5517
5576,-1572.96,-1638.67,0,0,825,0.64,5540
5544,-1603.20,-1511.72,0,0,857,0.62,5563
5509,-1635.63,-1621.46,0,0,892,0.61,5586
5475,-1666.53,-1544.92,0,0,926,0.60,5609
5441,-1696.86,-1516.74,0,0,960,0.59,5632
5404,-1729.27,-1620.37,0,0,997,0.58,5655
5368,-1760.23,-1547.96,0,0,1033,0.57,5678
5330,-1792.33,-1604.97,0,0,1071,0.56,5701
5293,-1823.04,-1535.58,0,0,1108,0.55,5724
5254,-1854.86,-1591.05,0,0,1147,0.54,5747
5216,-1885.35,-1524.46,0,0,1185,0.53,5770
5175,-1917.70,-1617.58,0,0,1226,0.52,5793
5136,-1947.98,-1513.83,0,0,1265,0.51,5816
5094,-1980.06,-1604.33,0,0,1307,0.51,5839
5053,-2010.89,-1541.42,0,0,1348,0.50,5862
5010,-2042.72,-1591.64,0,0,1391,0.49,5885
4966,-2074.79,-1603.36,0,0,1435,0.48,5909
4923,-2105.66,-1543.33,0,0,1478,0.47,5932
4878,-2137.48,-1591.27,0,0,1523,0.47,5955
4834,-2168.15,-1533.30,0,0,1567,0.46,5978
4788,-2199.75,-1580.15,0,0,1613,0.45,6001
4743,-2230.23,-1524.15,0,0,1658,0.45,6024
4695,-2262.30,-1603.10,0,0,1706,0.44,6047
4649,-2292.60,-1515.28,0,0,1752,0.44,6070
4600,-2324.45,-1592.38,0,0,1801,0.43,6093
4553,-2354.59,-1507.15,0,0,1848,0.42,6116
4503,-2386.24,-1582.46,0,0,1898,0.42,6139
4454,-2416.86,-1530.70,0,0,1947,0.41,6162
4403,-2448.31,-1572.86,0,0,1998,0.41,6185
4351,-2479.98,-1583.13,0,0,2050,0.40,6209
4300,-2510.64,-1533.35,0,0,2101,0.40,6232
4247,-2542.12,-1573.85,0,0,2154,0.39,6255
4195,-2572.63,-1525.39,0,0,2206,0.39,6278
4141,-2603.93,-1565.20,0,0,2260,0.38,6301
4088,-2634.29,-1518.12,0,0,2313,0.38,6324
4032,-2666.00,-1585.27,0,0,2369,0.38,6347
3978,-2696.22,-1511.01,0,0,2423,0.37,6370
3920,-2728.31,-1604.27,0,0,2481,0.37,6393
3865,-2758.39,-1504.06,0,0,2536,0.36,6416
3807,-2789.76,-1568.54,0,0,2594,0.36,6439
3751,-2819.72,-1497.89,0,0,2650,0.35,6462
3691,-2851.46,-1587.44,0,0,2710,0.35,6486
3630,-2883.38,-1595.98,0,0,2771,0.35,6509
3572,-2913.41,-1501.26,0,0,2829,0.34,6532
3510,-2945.17,-1587.83,0,0,2891,0.34,6555
3451,-2975.07,-1495.25,0,0,2950,0.34,6578
3388,-3006.68,-1580.26,0,0,3013,0.33,6601
3327,-3036.96,-1514.43,0,0,3074,0.33,6624
3263,-3068.42,-1572.83,0,0,3138,0.33,6647
3201,-3098.59,-1508.48,0,0,3200,0.32,6670
3137,-3068.42,1508.48,0,0,-3137,0.33,6693
3076,-3038.45,1498.74,0,0,-3076,0.33,6716
3012,-3006.68,1588.51,0,0,-3012,0.33,6739
2949,-2975.07,1580.26,0,0,-2949,0.34,6763
2890,-2945.17,1495.25,0,0,-2890,0.34,6786
2828,-2913.41,1587.83,0,0,-2828,0.34,6809
2770,-2883.38,1501.26,0,0,-2770,0.35,6832
2710,-2851.99,1569.68,0,0,-2710,0.35,6855
2652,-2821.31,1533.95,0,0,-2652,0.35,6878
2593,-2789.76,1577.69,0,0,-2593,0.36,6901
2538,-2760.02,1486.98,0,0,-2538,0.36,6924
2480,-2728.31,1585.63,0,0,-2480,0.37,6947
2425,-2697.89,1520.81,0,0,-2425,0.37,6970
2368,-2666.00,1594.47,0,0,-2368,0.38,6993
2315,-2636.00,1499.85,0,0,-2315,0.38,7016
2259,-2603.93,1603.53,0,0,-2259,0.38,7040
2205,-2572.63,1565.20,0,0,-2205,0.39,7063
2153,-2542.12,1525.39,0,0,-2153,0.39,7086
2100,-2510.64,1573.85,0,0,-2100,0.40,7109
2049,-2479.98,1533.35,0,0,-2049,0.40,7132
1997,-2448.31,1583.13,0,0,-1997,0.41,7155
1948,-2418.10,1510.79,0,0,-1948,0.41,7178
1897,-2386.24,1592.77,0,0,-1897,0.42,7201
1849,-2355.87,1518.75,0,0,-1849,0.42,7224
1799,-2323.80,1603.14,0,0,-1799,0.43,7247
1752,-2293.26,1527.39,0,0,-1752,0.44,7270
1704,-2261.63,1581.16,0,0,-1704,0.44,7293
1656,-2229.56,1603.58,0,0,-1656,0.45,7317
1611,-2199.07,1524.61,0,0,-1611,0.45,7340
1565,-2167.46,1580.65,0,0,-1565,0.46,7363
1521,-2136.78,1533.80,0,0,-1521,0.47,7386
1476,-2104.94,1591.80,0,0,-1476,0.48,7409
1433,-2074.07,1543.86,0,0,-1433,0.48,7432
1389,-2041.99,1603.93,0,0,-1389,0.49,7455
1348,-2011.64,1517.61,0,0,-1348,0.50,7478
1305,-1979.30,1616.61,0,0,-1305,0.51,7501
1265,-1948.75,1527.93,0,0,-1265,0.51,7524
1224,-1916.92,1591.47,0,0,-1224,0.52,7547
1185,-1886.14,1538.67,0,0,-1185,0.53,7570
1145,-1854.05,1604.69,0,0,-1145,0.54,7593
1106,-1822.21,1591.75,0,0,-1106,0.55,7617
1069,-1791.49,1536.29,0,0,-1069,0.56,7640
1031,-1759.37,1605.73,0,0,-1031,0.57,7663
995,-1728.40,1548.72,0,0,-995,0.58,7686
958,-1695.98,1621.20,0,0,-958,0.59,7709
924,-1665.62,1517.55,0,0,-924,0.60,7732
890,-1634.71,1545.76,0,0,-890,0.61,7754
858,-1605.07,1482.04,0,0,-858,0.62,7776
824,-1572.96,1605.26,0,0,-824,0.64,7799
794,-1544.08,1444.08,0,0,-794,0.65,7821
763,-1513.66,1521.17,0,0,-763,0.66,7843
734,-1484.63,1451.25,0,0,-734,0.67,7865
704,-1454.00,1531.76,0,0,-704,0.69,7887
676,-1424.81,1459.37,0,0,-676,0.70,7909
647,-1393.94,1543.68,0,0,-647,0.72,7931
620,-1364.56,1468.63,0,0,-620,0.73,7953
592,-1333.42,1557.16,0,0,-592,0.75,7975
566,-1303.84,1479.24,0,0,-566,0.77,7997
539,-1272.39,1572.52,0,0,-539,0.79,8019
512,-1240.14,1612.38,0,0,-512,0.81,8043
488,-1210.75,1469.28,0,0,-488,0.83,8065
463,-1179.36,1569.42,0,0,-463,0.85,8087
440,-1149.73,1481.69,0,0,-440,0.87,8109
416,-1117.97,1587.97,0,0,-416,0.89,8131
393,-1086.66,1565.34,0,0,-393,0.92,8154
370,-1054.43,1611.79,0,0,-370,0.95,8177
349,-1024.11,1515.92,0,0,-349,0.98,8199
327,-991.35,1637.81,0,1,-327,1.01,8222
308,-962.17,1459.32,0,1,-308,1.04,8244
288,-930.46,1585.55,0,1,-288,1.07,8266
270,-900.96,1474.70,0,1,-270,1.11,8288
251,-868.74,1610.90,0,1,-251,1.15,8310
233,-837.08,1583.27,0,1,-233,1.19,8333
216,-806.03,1552.38,0,1,-216,1.24,8355
200,-775.68,1517.78,0,1,-200,1.29,8377
184,-744.08,1579.65,0,1,-184,1.34,8399
169,-713.19,1544.42,0,1,-169,1.40,8421
154,-680.91,1614.40,0,1,-154,1.47,8443
141,-651.63,1463.79,0,1,-141,1.53,8465
128,-620.98,1532.72,0,1,-128,1.61,8487
116,-591.27,1485.27,0,1,-116,1.69,8509
104,-559.99,1563.94,0,1,-104,1.79,8531
93,-529.70,1514.62,0,1,-93,1.89,8553
82,-497.57,1606.66,0,2,-82,2.01,8576
72,-466.44,1556.45,0,2,-72,2.14,8598
63,-436.53,1495.50,0,2,-63,2.29,8620
54,-404.41,1605.80,0,2,-54,2.47,8642
46,-373.55,1542.91,0,2,-46,2.68,8664
38,-339.91,1682.40,0,2,-38,2.94,8686
31,-307.46,1622.39,0,3,-31,3.25,8708
25,-276.63,1541.24,0,3,-25,3.61,8730
19,-241.91,1736.02,0,4,-19,4.13,8752
14,-208.61,1665.02,0,4,-14,4.79,8774
10,-177.53,1553.95,0,5,-10,5.63,8796
6,-139.71,1890.95,0,7,-6,7.16,8818
4,-116.30,1170.94,0,8,-4,8.60,8840
2,-86.83,1473.42,0,11,-2,11.52,8862
0,0.00,4341.34,0,0,0,14.81,8884
0,0.00,0.00,0,0,0,14.81,8906
0,0.00,0.00,0,0,0,14.81,8928
0,0.00,0.00,0,0,0,14.81,8950
0,0.00,0.00,0,0,0,14.81,8972
