=~=~=~=~=~=~=~=~=~=~=~= PuTTY log 2024.05.13 15:58:28 =~=~=~=~=~=~=~=~=~=~=~=
30,2705.98,135299.20,1,369,31,369.55,21
107,5080.11,118706.17,1,196,108,196.85,44
199,6920.54,92021.46,1,144,200,144.50,67
287,8307.83,69364.43,1,120,288,120.37,90
377,9519.78,60597.76,1,105,378,105.04,113
463,10548.57,51439.26,1,94,464,94.80,136
553,11527.29,48936.33,1,86,554,86.75,159
639,12004.22,23846.29,1,83,640,83.30,182
729,12004.22,0.00,1,83,730,83.30,205
811,12004.22,0.00,1,83,812,83.30,227
898,12004.22,0.00,1,83,899,83.30,249
981,12004.22,0.00,1,83,982,83.30,271
1068,12004.22,0.00,1,83,1069,83.30,293
1154,12004.22,0.00,1,83,1155,83.30,316
1241,12004.22,0.00,1,83,1242,83.30,338
1327,12004.22,0.00,1,83,1328,83.30,361
1413,12004.22,0.00,1,83,1414,83.30,384
1499,12004.22,0.00,1,83,1500,83.30,406
1581,12004.22,0.00,1,83,1582,83.30,428
1668,12004.22,0.00,1,83,1669,83.30,450
1754,12004.22,0.00,1,83,1755,83.30,473
1844,12004.22,0.00,1,83,1845,83.30,496
1926,12004.22,0.00,1,83,1927,83.30,518
2013,12004.22,0.00,1,83,2014,83.30,540
2099,12004.22,0.00,1,83,2100,83.30,563
2189,12004.22,0.00,1,83,2190,83.30,586
2271,12004.22,0.00,1,83,2272,83.30,608
2357,12004.22,0.00,1,83,2358,83.30,630
2439,12004.22,0.00,1,83,2440,83.30,652
2525,12004.22,0.00,1,83,2526,83.30,674
2607,11923.99,-4011.57,1,83,-592,83.86,696
2697,10981.08,-47145.12,1,91,-502,91.07,719
2782,10009.34,-48587.21,1,99,-417,99.91,742
2872,8865.08,-57212.89,1,112,-327,112.80,765
2962,7549.34,-65787.07,1,132,-237,132.46,789
3050,5989.60,-77986.96,1,166,-149,166.96,812
3140,3778.66,-110547.17,1,264,-59,264.64,835
3192,1341.92,-121836.67,1,745,-7,745.20,858
3200,0.00,-67096.24,1,0,0,2759.85,881
3200,0.00,0.00,1,0,0,2759.85,903
3200,0.00,0.00,1,0,0,2759.85,925
3200,0.00,0.00,1,0,0,2759.85,947
3200,0.00,0.00,1,0,0,2759.85,969
3200,0.00,0.00,1,0,0,2759.85,991
3200,0.00,0.00,1,0,0,2759.85,1013
3200,0.00,0.00,1,0,0,2759.85,1035
3200,0.00,0.00,1,0,0,2759.85,1057
3200,0.00,0.00,1,0,0,2759.85,1079
3200,0.00,0.00,1,0,0,2759.85,1101
3200,0.00,0.00,1,0,0,2759.85,1123
3200,0.00,0.00,1,0,0,2759.85,1145
3200,0.00,0.00,1,0,0,2759.85,1167
3165,-2919.36,-145967.96,0,342,36,342.54,1189
3087,-5219.95,-115029.64,0,191,114,191.57,1212
2996,-7006.72,-89338.60,0,142,205,142.72,1235
2905,-8422.62,-70794.75,0,118,296,118.73,1259
2820,-9557.53,-56745.66,0,104,381,104.63,1282
2731,-10616.62,-52954.39,0,94,470,94.19,1305
2647,-11527.29,-45533.59,0,86,554,86.75,1328
2557,-12004.22,-23846.29,0,83,644,83.30,1351
2472,-12004.22,0.00,0,83,729,83.30,1374
2382,-12004.22,0.00,0,83,819,83.30,1397
2300,-12004.22,0.00,0,83,901,83.30,1419
2210,-12004.22,0.00,0,83,991,83.30,1442
2128,-12004.22,0.00,0,83,1073,83.30,1464
2038,-12004.22,0.00,0,83,1163,83.30,1487
1952,-12004.22,0.00,0,83,1249,83.30,1510
1862,-12004.22,0.00,0,83,1339,83.30,1533
1772,-12004.22,0.00,0,83,1429,83.30,1557
1686,-12004.22,0.00,0,83,1515,83.30,1580
1597,-12004.22,0.00,0,83,1604,83.30,1603
1515,-12004.22,0.00,0,83,1686,83.30,1625
1425,-12004.22,0.00,0,83,1776,83.30,1648
1340,-12004.22,0.00,0,83,1861,83.30,1671
1254,-12004.22,0.00,0,83,1947,83.30,1693
1168,-12004.22,0.00,0,83,2033,83.30,1716
1078,-12004.22,0.00,0,83,2123,83.30,1739
993,-12004.22,0.00,0,83,2208,83.30,1762
907,-12004.22,0.00,0,83,2294,83.30,1784
821,-12004.22,0.00,0,83,2380,83.30,1807
731,-12004.22,0.00,0,83,2470,83.30,1830
645,-12004.22,0.00,0,83,2556,83.30,1853
555,-11535.28,23446.92,0,86,-554,86.69,1876
466,-10569.08,48310.10,0,94,-465,94.62,1900
381,-9555.52,50677.68,0,104,-380,104.65,1923
291,-8349.30,60311.04,0,119,-290,119.77,1946
205,-7005.25,67202.39,0,142,-204,142.75,1969
113,-5195.82,90471.90,0,192,-112,192.46,1992
36,-2918.75,113853.38,0,342,-35,342.61,2015
1,-362.34,127820.55,0,2759,0,2759.85,2038
0,0.00,18116.93,0,0,0,2759.85,2061
0,0.00,0.00,0,0,0,2759.85,2083
0,0.00,0.00,0,0,0,2759.85,2105
0,0.00,0.00,0,0,0,2759.85,2127
0,0.00,0.00,0,0,0,2759.85,2149
0,0.00,0.00,0,0,0,2759.85,2171
0,0.00,0.00,0,0,0,2759.85,2193
0,0.00,0.00,0,0,0,2759.85,2215
0,0.00,0.00,0,0,0,2759.85,2237
0,0.00,0.00,0,0,0,2759.85,2259
0,0.00,0.00,0,0,0,2759.85,2281
0,0.00,0.00,0,0,0,2759.85,2304
0,0.00,0.00,0,0,0,2759.85,2326
0,0.00,0.00,0,0,0,2759.85,2348
0,0.00,0.00,0,0,0,2759.85,2370
0,0.00,0.00,0,0,0,2759.85,2392
0,0.00,0.00,0,0,0,2759.85,2414
0,0.00,0.00,0,0,0,2759.85,2436
0,0.00,0.00,0,0,0,2759.85,2458
0,0.00,0.00,0,0,0,2759.85,2480
0,0.00,0.00,0,0,0,2759.85,2502
0,0.00,0.00,0,0,0,2759.85,2524
0,0.00,0.00,0,0,0,2759.85,2546
0,0.00,0.00,0,0,0,2759.85,2568
0,0.00,0.00,0,0,0,2759.85,2590
0,0.00,0.00,0,0,0,2759.85,2612
0,0.00,0.00,0,0,0,2759.85,2634
0,0.00,0.00,0,0,0,2759.85,2656
0,0.00,0.00,0,0,0,2759.85,2678
0,0.00,0.00,0,0,0,2759.85,2700
0,0.00,0.00,0,0,0,2759.85,2722
0,0.00,0.00,0,0,0,2759.85,2744
0,0.00,0.00,0,0,0,2759.85,2766
0,0.00,0.00,0,0,0,2759.85,2788
0,0.00,0.00,0,0,0,2759.85,2810
0,0.00,0.00,0,0,0,2759.85,2832
0,0.00,0.00,0,0,0,2759.85,2854
0,0.00,0.00,0,0,0,2759.85,2876
0,0.00,0.00,0,0,0,2759.85,2898
0,0.00,0.00,0,0,0,2759.85,2920
0,0.00,0.00,0,0,0,2759.85,2942
0,0.00,0.00,0,0,0,2759.85,2965
0,0.00,0.00,0,0,0,2759.85,2987
0,0.00,0.00,0,0,0,2759.85,3009
0,0.00,0.00,0,0,0,2759.85,3031
0,0.00,0.00,0,0,0,2759.85,3053
0,0.00,0.00,0,0,0,2759.85,3075
0,0.00,0.00,0,0,0,2759.85,3097
