=~=~=~=~=~=~=~=~=~=~=~= PuTTY log 2024.06.03 14:40:53 =~=~=~=~=~=~=~=~=~=~=~=
0,0.00,2381588,0
0,0.00,2382408,0
0,0.00,2383256,0
0,0.00,2384104,0
0,0.00,2384952,0
0,0.00,2385792,0
0,0.00,2386640,0
0,0.00,2387488,0
0,0.00,2388396,0
0,0.00,2389928,0
0,0.00,2391456,0
0,0.00,2392988,0
0,0.00,2394516,0
0,0.00,2396048,0
0,0.00,2397576,0
0,0.00,2399108,0
0,0.00,2400636,0
0,0.00,2402168,0
0,0.00,2403696,0
0,0.00,2405228,0
0,0.00,2406756,0
0,0.00,2408288,0
0,0.00,2409816,0
0,0.00,2411348,0
0,0.00,2412876,0
0,0.00,2414408,0
0,0.00,2415936,0
0,0.00,2417468,0
0,0.00,2418996,0
0,0.00,2420528,0
0,0.00,2422056,0
0,0.00,2423588,0
0,0.00,2425116,0
0,0.00,2426648,0
0,0.00,2428176,0
0,0.00,2429708,0
0,0.00,2431236,0
0,0.00,2432768,0
0,0.00,2434296,0
0,0.00,2435828,0
0,0.00,2437356,0
0,0.00,2438888,0
0,0.00,2440416,0
0,0.00,2441948,0
0,0.00,2443476,0
0,0.00,2445008,0
0,0.00,2446536,0
0,0.00,2448068,0
0,0.00,2449600,0
0,0.00,2451128,0
0,0.00,2452660,0
0,0.00,2454188,0
0,0.00,2455720,0
0,0.00,2457248,0
0,0.00,2458780,0
0,0.00,2460308,0
0,0.00,2461840,0
0,0.00,2463368,0
0,0.00,2464900,0
0,0.00,2466428,0
0,0.00,2467960,0
0,0.00,2469488,0
0,0.00,2471020,0
0,0.00,2472548,0
0,0.00,2474080,0
0,0.00,2475608,0
0,0.00,2477140,0
0,0.00,2478668,0
0,0.00,2480200,0
0,0.00,2481728,0
0,0.00,2483260,0
0,0.00,2484788,0
0,0.00,2486320,0
0,0.00,2487848,0
0,0.00,2489384,0
0,0.00,2490908,0
0,0.00,2492444,0
0,0.00,2493968,0
0,0.00,2495504,0
0,0.00,2497028,0
0,0.00,2498564,0
0,0.00,2500088,0
0,0.00,2501620,0
0,0.00,2503148,0
0,0.00,2504680,0
0,0.00,2506208,0
0,0.00,2507740,0
0,0.00,2509268,0
0,0.00,2510800,0
0,0.00,2512328,0
0,0.00,2513860,0
0,0.00,2515388,0
0,0.00,2516920,0
0,0.00,2518448,0
0,0.00,2519980,0
0,0.00,2521508,0
0,0.00,2523040,0
0,0.00,2524568,0
0,0.00,2526100,0
0,0.00,2527628,0
0,0.00,2529160,0
0,0.00,2530688,0
0,0.00,2532220,0
0,0.00,2533748,0
0,0.00,2535280,0
0,0.00,2536808,0
0,0.00,2538340,0
0,0.00,2539868,0
0,0.00,2541400,0
0,0.00,2542928,0
0,0.00,2544460,0
0,0.00,2545988,0
0,0.00,2547520,0
0,0.00,2549048,0
0,0.00,2550580,0
0,0.00,2552108,0
0,0.00,2553640,0
0,0.00,2555168,0
0,0.00,2556700,0
0,0.00,2558228,0
0,0.00,2559760,0
0,0.00,2561288,0
0,0.00,2562820,0
0,0.00,2564348,0
0,0.00,2565880,0
0,0.00,2567408,0
0,0.00,2568940,0
0,0.00,2570468,0
0,0.00,2572000,0
0,0.00,2573528,0
0,0.00,2575060,0
0,0.00,2576588,0
0,0.00,2578120,0
0,0.00,2579648,0
0,0.00,2581180,0
0,0.00,2582708,0
0,0.00,2584240,0
0,0.00,2585768,0
0,0.00,2587300,0
0,0.00,2588828,0
0,0.00,2590360,0
0,0.00,2591888,0
0,0.00,2593420,0
0,0.00,2594948,0
0,0.00,2596480,0
0,0.00,2598008,0
0,0.00,2599540,0
0,0.00,2601068,0
0,0.00,2602600,0
0,0.00,2604128,0
0,0.00,2605660,0
0,0.00,2607188,0
0,0.00,2608720,0
0,0.00,2610248,0
0,0.00,2611780,0
0,0.00,2613308,0
0,0.00,2614840,0
0,0.00,2616368,0
0,0.00,2617900,0
0,0.00,2619436,0
0,0.00,2620960,0
0,0.00,2622496,0
0,0.00,2624020,0
0,0.00,2625556,0
0,0.00,2627080,0
0,0.00,2628616,0
0,0.00,2630140,0
0,0.00,2631668,0
0,0.00,2633200,0
0,0.00,2634728,0
0,0.00,2636260,0
0,0.00,2637788,0
0,0.00,2639320,0
0,0.00,2640848,0
0,0.00,2642380,0
0,0.00,2643908,0
0,0.00,2645440,0
0,0.00,2646968,0
0,0.00,2648496,0
0,0.00,2650028,0
0,0.00,2651560,0
0,0.00,2653088,0
0,0.00,2654616,0
0,0.00,2656148,0
0,0.00,2657680,0
0,0.00,2659208,0
0,0.00,2660740,0
0,0.00,2662268,0
0,0.00,2663800,0
0,0.00,2665328,0
0,0.00,2666860,0
0,0.00,2668388,0
0,0.00,2669916,0
0,0.00,2671448,0
0,0.00,2672976,0
0,0.00,2674508,0
0,0.00,2676036,0
0,0.00,2677568,0
0,0.00,2679100,0
0,0.00,2680628,0
0,0.00,2682160,0
0,0.00,2683688,0
0,0.00,2685220,0
0,0.00,2686748,0
0,0.00,2688276,0
0,0.00,2689808,0
0,0.00,2691340,0
0,0.00,2692868,0
0,0.00,2694400,0
0,0.00,2695928,0
0,0.00,2697456,0
0,0.00,2698988,0
0,0.00,2700516,0
0,0.00,2702048,0
0,0.00,2703580,0
0,0.00,2705108,0
0,0.00,2706640,0
0,0.00,2708168,0
0,0.00,2709696,0
0,0.00,2711228,0
0,0.00,2712760,0
0,0.00,2714288,0
0,0.00,2715816,0
0,0.00,2717348,0
0,0.00,2718876,0
0,0.00,2720408,0
0,0.00,2721940,0
0,0.00,2723468,0
0,0.00,2724996,0
0,0.00,2726528,0
0,0.00,2728060,0
0,0.00,2729588,0
0,0.00,2731116,0
0,0.00,2732648,0
0,0.00,2734180,0
0,0.00,2735708,0
0,0.00,2737240,0
0,0.00,2738768,0
0,0.00,2740300,0
0,0.00,2741828,0
0,0.00,2743360,0
0,0.00,2744888,0
0,0.00,2746420,0
0,0.00,2747948,0
0,0.00,2749484,0
0,0.00,2751008,0
0,0.00,2752544,0
0,0.00,2754068,0
0,0.00,2755604,0
0,0.00,2757128,0
0,0.00,2758664,0
0,0.00,2760188,0
0,0.00,2761720,0
0,0.00,2763248,0
0,0.00,2764776,0
0,0.00,2766308,0
0,0.00,2767836,0
0,0.00,2769368,0
0,0.00,2770900,0
0,0.00,2772428,0
0,0.00,2773960,0
0,0.00,2775488,0
0,0.00,2777020,0
0,0.00,2778548,0
0,0.00,2780080,0
0,0.00,2781608,0
0,0.00,2783140,0
0,0.00,2784668,0
0,0.00,2786196,0
0,0.00,2787728,0
0,0.00,2789256,0
0,0.00,2790788,0
0,0.00,2792320,0
0,0.00,2793848,0
0,0.00,2795380,0
0,0.00,2796908,0
0,0.00,2798440,0
0,0.00,2799968,0
0,0.00,2801496,0
0,0.00,2803028,0
0,0.00,2804556,0
0,0.00,2806088,0
0,0.00,2807620,0
0,0.00,2809148,0
0,0.00,2810676,0
0,0.00,2812208,0
0,0.00,2813740,0
0,0.00,2815268,0
0,0.00,2816796,0
0,0.00,2818328,0
0,0.00,2819856,0
0,0.00,2821388,0
0,0.00,2822916,0
0,0.00,2824448,0
0,0.00,2825976,0
0,0.00,2827508,0
0,0.00,2829036,0
0,0.00,2830568,0
0,0.00,2832100,0
0,0.00,2833628,0
0,0.00,2835160,0
0,0.00,2836688,0
0,0.00,2838216,0
0,0.00,2839748,0
0,0.00,2841280,0
0,0.00,2842808,0
0,0.00,2844336,0
0,0.00,2845868,0
0,0.00,2847396,0
0,0.00,2848928,0
0,0.00,2850456,0
0,0.00,2851988,0
0,0.00,2853520,0
0,0.00,2855048,0
0,0.00,2856576,0
0,0.00,2858108,0
0,0.00,2859636,0
0,0.00,2861168,0
0,0.00,2862700,0
0,0.00,2864228,0
0,0.00,2865760,0
0,0.00,2867288,0
0,0.00,2868816,0
0,0.00,2870348,0
0,0.00,2871876,0
0,0.00,2873408,0
0,0.00,2874940,0
0,0.00,2876468,0
0,0.00,2878000,0
0,0.00,2879532,0
0,0.00,2881056,0
0,0.00,2882596,0
0,0.00,2884120,0
0,0.00,2885656,0
0,0.00,2887176,0
0,0.00,2888716,0
0,0.00,2890240,0
0,0.00,2891768,0
0,0.00,2893296,0
0,0.00,2894828,0
0,0.00,2896360,0
0,0.00,2897888,0
0,0.00,2899420,0
0,0.00,2900948,0
0,0.00,2902476,0
0,0.00,2904008,0
0,0.00,2905536,0
0,0.00,2907068,0
0,0.00,2908596,0
0,0.00,2910128,0
0,0.00,2911656,0
0,0.00,2913188,0
0,0.00,2914716,0
0,0.00,2916248,0
0,0.00,2917776,0
0,0.00,2919308,0
0,0.00,2920836,0
0,0.00,2922368,0
0,0.00,2923896,0
0,0.00,2925428,0
0,0.00,2926956,0
0,0.00,2928488,0
0,0.00,2930016,0
0,0.00,2931548,0
0,0.00,2933076,0
0,0.00,2934608,0
0,0.00,2936136,0
0,0.00,2937668,0
0,0.00,2939196,0
0,0.00,2940728,0
0,0.00,2942256,0
0,0.00,2943788,0
0,0.00,2945316,0
0,0.00,2946848,0
0,0.00,2948376,0
0,0.00,2949908,0
0,0.00,2951436,0
0,0.00,2952968,0
0,0.00,2954496,0
0,0.00,2956028,0
0,0.00,2957556,0
0,0.00,2959088,0
0,0.00,2960616,0
0,0.00,2962148,0
0,0.00,2963676,0
0,0.00,2965208,0
0,0.00,2966736,0
0,0.00,2968268,0
0,0.00,2969796,0
0,0.00,2971328,0
0,0.00,2972856,0
0,0.00,2974388,0
0,0.00,2975916,0
0,0.00,2977448,0
0,0.00,2978976,0
0,0.00,2980508,0
0,0.00,2982036,0
0,0.00,2983568,0
0,0.00,2985096,0
0,0.00,2986628,0
0,0.00,2988156,0
0,0.00,2989688,0
0,0.00,2991216,0
0,0.00,2992748,0
0,0.00,2994276,0
0,0.00,2995808,0
0,0.00,2997336,0
0,0.00,2998868,0
0,0.00,3000396,0
0,0.00,3001928,0
0,0.00,3003456,0
0,0.00,3004988,0
0,0.00,3006516,0
0,0.00,3008048,0
0,0.00,3009580,0
0,0.00,3011108,0
0,0.00,3012644,0
0,0.00,3014168,0
0,0.00,3015704,0
0,0.00,3017228,0
0,0.00,3018764,0
0,0.00,3020288,0
0,0.00,3021816,0
0,0.00,3023348,0
0,0.00,3024876,0
0,0.00,3026408,0
0,0.00,3027936,0
0,0.00,3029468,0
0,0.00,3030996,0
0,0.00,3032528,0
0,0.00,3034056,0
0,0.00,3035588,0
0,0.00,3037116,0
0,0.00,3038648,0
0,0.00,3040176,0
0,0.00,3041708,0
0,0.00,3043236,0
0,0.00,3044768,0
0,0.00,3046296,0
0,0.00,3047828,0
0,0.00,3049356,0
0,0.00,3050888,0
0,0.00,3052416,0
0,0.00,3053948,0
0,0.00,3055476,0
0,0.00,3057008,0
0,0.00,3058536,0
0,0.00,3060068,0
0,0.00,3061596,0
0,0.00,3063128,0
0,0.00,3064656,0
0,0.00,3066188,0
0,0.00,3067716,0
0,0.00,3069248,0
0,0.00,3070776,0
0,0.00,3072308,0
0,0.00,3073836,0
0,0.00,3075368,0
0,0.00,3076896,0
0,0.00,3078428,0
0,0.00,3079956,0
0,0.00,3081488,0
0,0.00,3083016,0
0,0.00,3084548,0
0,0.00,3086076,0
0,0.00,3087608,0
0,0.00,3089136,0
0,0.00,3090668,0
0,0.00,3092196,0
0,0.00,3093728,0
0,0.00,3095256,0
0,0.00,3096788,0
0,0.00,3098316,0
0,0.00,3099848,0
0,0.00,3101376,0
0,0.00,3102908,0
0,0.00,3104436,0
0,0.00,3105968,0
0,0.00,3107496,0
0,0.00,3109028,0
0,0.00,3110556,0
0,0.00,3112088,0
0,0.00,3113616,0
0,0.00,3115148,0
0,0.00,3116676,0
0,0.00,3118208,0
0,0.00,3119736,0
0,0.00,3121268,0
0,0.00,3122796,0
0,0.00,3124328,0
0,0.00,3125856,0
0,0.00,3127388,0
0,0.00,3128916,0
0,0.00,3130448,0
0,0.00,3131976,0
0,0.00,3133508,0
0,0.00,3135036,0
0,0.00,3136568,0
0,0.00,3138096,0
0,0.00,3139628,0
0,0.00,3141156,0
0,0.00,3142692,0
0,0.00,3144216,0
0,0.00,3145752,0
0,0.00,3147276,0
0,0.00,3148812,0
0,0.00,3150336,0
0,0.00,3151868,0
0,0.00,3153396,0
0,0.00,3154928,0
0,0.00,3156456,0
0,0.00,3157988,0
0,0.00,3159516,0
0,0.00,3161048,0
0,0.00,3162576,0
0,0.00,3164108,0
0,0.00,3165636,0
0,0.00,3167168,0
0,0.00,3168696,0
0,0.00,3170228,0
0,0.00,3171756,0
0,0.00,3173288,0
0,0.00,3174816,0
0,0.00,3176348,0
0,0.00,3177876,0
0,0.00,3179408,0
0,0.00,3180936,0
0,0.00,3182468,0
0,0.00,3183996,0
0,0.00,3185528,0
0,0.00,3187056,0
0,0.00,3188588,0
0,0.00,3190116,0
0,0.00,3191648,0
0,0.00,3193176,0
0,0.00,3194708,0
0,0.00,3196236,0
0,0.00,3197768,0
0,0.00,3199296,0
0,0.00,3200828,0
0,0.00,3202356,0
0,0.00,3203888,0
0,0.00,3205416,0
0,0.00,3206948,0
0,0.00,3208476,0
0,0.00,3210008,0
0,0.00,3211536,0
0,0.00,3213068,0
0,0.00,3214596,0
0,0.00,3216128,0
0,0.00,3217656,0
0,0.00,3219188,0
0,0.00,3220716,0
0,0.00,3222248,0
0,0.00,3223776,0
0,0.00,3225308,0
0,0.00,3226836,0
0,0.00,3228368,0
0,0.00,3229896,0
0,0.00,3231428,0
0,0.00,3232956,0
0,0.00,3234488,0
0,0.00,3236016,0
0,0.00,3237548,0
0,0.00,3239076,0
0,0.00,3240608,0
0,0.00,3242136,0
0,0.00,3243668,0
0,0.00,3245196,0
0,0.00,3246728,0
0,0.00,3248256,0
0,0.00,3249788,0
0,0.00,3251316,0
0,0.00,3252848,0
0,0.00,3254376,0
0,0.00,3255908,0
0,0.00,3257436,0
0,0.00,3258968,0
0,0.00,3260496,0
0,0.00,3262028,0
0,0.00,3263556,0
0,0.00,3265088,0
0,0.00,3266616,0
0,0.00,3268148,0
0,0.00,3269676,0
0,0.00,3271208,0
0,0.00,3272744,0
0,0.00,3274268,0
0,0.00,3275804,0
0,0.00,3277328,0
0,0.00,3278864,0
0,0.00,3280388,0
0,0.00,3281916,0
0,0.00,3283448,0
0,0.00,3284976,0
0,0.00,3286508,0
0,0.00,3288036,0
0,0.00,3289568,0
0,0.00,3291096,0
0,0.00,3292628,0
0,0.00,3294156,0
0,0.00,3295688,0
0,0.00,3297216,0
0,0.00,3298748,0
0,0.00,3300276,0
0,0.00,3301808,0
0,0.00,3303336,0
0,0.00,3304868,0
0,0.00,3306396,0
0,0.00,3307928,0
0,0.00,3309456,0
0,0.00,3310988,0
0,0.00,3312516,0
0,0.00,3314048,0
0,0.00,3315576,0
0,0.00,3317108,0
0,0.00,3318636,0
0,0.00,3320168,0
0,0.00,3321696,0
0,0.00,3323228,0
0,0.00,3324756,0
0,0.00,3326288,0
0,0.00,3327816,0
0,0.00,3329348,0
0,0.00,3330876,0
0,0.00,3332408,0
0,0.00,3333936,0
0,0.00,3335468,0
0,0.00,3336996,0
0,0.00,3338528,0
0,0.00,3340056,0
0,0.00,3341588,0
0,0.00,3343116,0
0,0.00,3344648,0
0,0.00,3346176,0
0,0.00,3347708,0
0,0.00,3349236,0
0,0.00,3350768,0
0,0.00,3352296,0
0,0.00,3353828,0
0,0.00,3355356,0
0,0.00,3356888,0
0,0.00,3358416,0
0,0.00,3359948,0
0,0.00,3361476,0
0,0.00,3363008,0
0,0.00,3364536,0
0,0.00,3366068,0
0,0.00,3367596,0
0,0.00,3369128,0
0,0.00,3370656,0
0,0.00,3372188,0
0,0.00,3373716,0
0,0.00,3375248,0
0,0.00,3376776,0
0,0.00,3378308,0
0,0.00,3379836,0
0,0.00,3381368,0
1,559.22,3383268,1
1,559.22,3384600,1
2,718.99,3386576,1
3,849.72,3388272,1
4,963.02,3389968,1
5,1064.39,3391676,1
6,1156.94,3393452,1
7,1242.64,3395240,1
8,1322.81,3397024,1
9,1398.40,3398816,1
10,1470.11,3400596,1
11,1538.49,3402464,1
12,1603.96,3404332,1
13,1666.86,3406204,1
14,1727.47,3408080,1
15,1786.03,3409952,1
16,1842.73,3411816,1
17,1897.74,3413684,1
18,1951.19,3415556,1
19,2003.22,3417424,1
20,2053.94,3419300,1
21,2103.43,3421164,1
22,2151.79,3423036,1
23,2199.08,3424908,1
24,2245.37,3426776,1
25,2290.74,3428652,1
26,2335.22,3430520,1
27,2378.86,3432388,1
28,2421.73,3434260,1
29,2463.84,3436128,1
30,2505.25,3437996,1
31,2545.99,3439872,1
32,2586.08,3441744,1
33,2625.57,3443604,1
34,2664.46,3445476,1
35,2702.80,3447344,1
36,2740.60,3449216,1
37,2777.89,3451092,1
38,2814.68,3452964,1
39,2851.00,3454824,1
40,2886.86,3456696,1
41,2922.28,3458568,1
42,2957.28,3460436,1
43,2991.87,3462312,1
44,3026.06,3464176,1
45,3059.87,3466048,1
46,3093.31,3467916,1
47,3126.40,3469784,1
48,3159.14,3471660,1
49,3191.54,3473532,1
50,3223.61,3475396,1
51,3255.37,3477264,1
52,3286.83,3479136,1
53,3317.98,3481008,1
54,3348.84,3482884,1
55,3379.43,3484752,1
56,3409.74,3486616,1
57,3439.78,3488488,1
58,3469.56,3490356,1
59,3499.09,3492224,1
60,3528.37,3494100,1
61,3557.41,3495972,1
62,3586.21,3497836,1
63,3614.79,3499704,1
64,3643.14,3501572,1
65,3671.27,3503444,1
66,3699.19,3505320,1
67,3726.90,3507184,1
68,3754.41,3509052,1
69,3781.71,3510920,1
70,3808.82,3512792,1
71,3835.74,3514668,1
72,3862.47,3516536,1
73,3889.01,3518400,1
74,3915.38,3520268,1
75,3941.57,3522140,1
76,3967.59,3524012,1
77,3993.43,3525888,1
78,4019.11,3527760,1
79,4044.63,3529620,1
80,4069.99,3531492,1
81,4095.19,3533360,1
82,4120.24,3535228,1
83,4145.14,3537108,1
84,4169.88,3538976,1
85,4194.48,3540840,1
86,4218.94,3542712,1
87,4243.26,3544580,1
88,4267.44,3546452,1
89,4291.48,3548328,1
90,4315.39,3550192,1
91,4339.16,3552060,1
92,4362.81,3553932,1
93,4386.33,3555800,1
94,4409.72,3557676,1
95,4432.99,3559548,1
96,4456.14,3561412,1
97,4479.17,3563280,1
98,4502.08,3565152,1
99,4524.88,3567020,1
100,4547.56,3568896,1
101,4570.13,3570852,1
102,4592.58,3572808,1
103,4614.93,3574756,1
104,4637.17,3576712,1
105,4659.31,3578664,1
106,4681.34,3580620,1
107,4703.26,3582576,1
108,4725.09,3584528,1
109,4746.81,3586484,1
110,4768.44,3588436,1
111,4789.97,3590400,1
112,4811.40,3592356,1
113,4832.73,3594308,1
114,4853.98,3596260,1
115,4875.13,3598212,1
116,4896.19,3600168,1
117,4917.16,3602124,1
118,4938.04,3604080,1
119,4958.83,3606036,1
120,4979.53,3607988,1
121,5000.15,3609944,1
122,5020.68,3611904,1
123,5041.14,3613860,1
124,5061.50,3615812,1
125,5081.79,3617764,1
126,5102.00,3619720,1
127,5122.12,3621672,1
128,5142.17,3623628,1
129,5144.66,3625584,1
130,5144.66,3627536,1
131,5144.66,3629492,1
132,5144.66,3631448,1
133,5144.66,3633408,1
134,5144.66,3635364,1
135,5144.66,3637320,1
136,5144.66,3639268,1
137,5144.66,3641224,1
138,5144.66,3643176,1
139,5144.66,3645132,1
140,5144.66,3647088,1
141,5144.66,3649040,1
142,5144.66,3651000,1
143,5144.66,3652952,1
144,5144.66,3654916,1
145,5144.66,3656868,1
146,5144.66,3658824,1
147,5144.66,3660772,1
148,5144.66,3662728,1
149,5144.66,3664684,1
150,5144.66,3666640,1
151,5144.66,3668592,1
152,5144.66,3670548,1
153,5144.66,3672504,1
154,5144.66,3674456,1
155,5144.66,3676416,1
156,5144.66,3678376,1
157,5144.66,3680328,1
158,5144.66,3682276,1
159,5144.66,3684232,1
160,5144.66,3686188,1
161,5144.66,3688144,1
162,5144.66,3690096,1
163,5144.66,3692052,1
164,5144.66,3694008,1
165,5144.66,3695964,1
166,5144.66,3697924,1
167,5144.66,3699880,1
168,5144.66,3701832,1
169,5144.66,3703780,1
170,5144.66,3705736,1
171,5144.66,3707692,1
172,5144.66,3709648,1
173,5144.66,3711604,1
174,5144.66,3713556,1
175,5144.66,3715512,1
176,5144.66,3717468,1
177,5144.66,3719428,1
178,5144.66,3721384,1
179,5144.66,3723340,1
180,5144.66,3725288,1
181,5144.66,3727244,1
182,5144.66,3729196,1
183,5144.66,3731152,1
184,5144.66,3733108,1
185,5144.66,3735064,1
186,5144.66,3737016,1
187,5144.66,3738972,1
188,5144.66,3740932,1
189,5144.66,3742888,1
190,5144.66,3744844,1
191,5144.66,3746792,1
192,5144.66,3748748,1
193,5144.66,3750704,1
194,5144.66,3752656,1
195,5144.66,3754616,1
196,5144.66,3756568,1
197,5144.66,3758524,1
198,5144.66,3760480,1
199,5144.66,3762440,1
200,5144.66,3764396,1
201,5144.66,3766348,1
202,5144.66,3768300,1
203,5144.66,3770252,1
204,5144.66,3772208,1
205,5144.66,3774164,1
206,5144.66,3776116,1
207,5144.66,3778072,1
208,5144.66,3780028,1
209,5144.66,3781984,1
210,5144.66,3783944,1
211,5144.66,3785900,1
212,5144.66,3787856,1
213,5144.66,3789804,1
214,5144.66,3791756,1
215,5144.66,3793712,1
216,5144.66,3795668,1
217,5144.66,3797624,1
218,5144.66,3799580,1
219,5144.66,3801532,1
220,5144.66,3803488,1
221,5144.66,3805448,1
222,5144.66,3807404,1
223,5144.66,3809360,1
224,5144.66,3811308,1
225,5144.66,3813264,1
226,5144.66,3815220,1
227,5144.66,3817172,1
228,5144.66,3819128,1
229,5144.66,3821084,1
230,5144.66,3823036,1
231,5144.66,3824992,1
232,5144.66,3826956,1
233,5144.66,3828908,1
234,5144.66,3830864,1
235,5144.66,3832812,1
236,5144.66,3834768,1
237,5144.66,3836724,1
238,5144.66,3838676,1
239,5144.66,3840632,1
240,5144.66,3842588,1
241,5144.66,3844544,1
242,5144.66,3846496,1
243,5144.66,3848460,1
244,5144.66,3850416,1
245,5144.66,3852368,1
246,5144.66,3854316,1
247,5144.66,3856272,1
248,5144.66,3858228,1
249,5144.66,3860184,1
250,5144.66,3862136,1
251,5144.66,3864092,1
252,5144.66,3866048,1
253,5144.66,3868004,1
254,5144.66,3869964,1
255,5144.66,3871920,1
256,5144.66,3873876,1
257,5144.66,3875828,1
258,5144.66,3877780,1
259,5144.66,3879736,1
260,5144.66,3881692,1
261,5144.66,3883648,1
262,5144.66,3885600,1
263,5144.66,3887556,1
264,5144.66,3889512,1
265,5144.66,3891472,1
266,5144.66,3893428,1
267,5144.66,3895384,1
268,5144.66,3897332,1
269,5144.66,3899284,1
270,5144.66,3901240,1
271,5144.66,3903196,1
272,5144.66,3905152,1
273,5144.66,3907108,1
274,5144.66,3909060,1
275,5144.66,3911016,1
276,5144.66,3912976,1
277,5144.66,3914932,1
278,5144.66,3916888,1
279,5144.66,3918836,1
280,5144.66,3920792,1
281,5144.66,3922748,1
282,5144.66,3924700,1
283,5144.66,3926656,1
284,5144.66,3928612,1
285,5144.66,3930568,1
286,5144.66,3932520,1
287,5144.66,3934484,1
288,5144.66,3936436,1
289,5144.66,3938392,1
290,5144.66,3940340,1
291,5144.66,3942296,1
292,5144.66,3944252,1
293,5144.66,3946208,1
294,5144.66,3948160,1
295,5144.66,3950116,1
296,5144.66,3952072,1
297,5144.66,3954028,1
298,5144.66,3955988,1
299,5144.66,3957944,1
300,5144.66,3959896,1
301,5144.66,3961844,1
302,5144.66,3963800,1
303,5144.66,3965756,1
304,5144.66,3967712,1
305,5144.66,3969668,1
306,5144.66,3971620,1
307,5144.66,3973576,1
308,5144.66,3975532,1
309,5144.66,3977492,1
310,5144.66,3979448,1
311,5144.66,3981404,1
312,5144.66,3983352,1
313,5144.66,3985308,1
314,5144.66,3987264,1
315,5144.66,3989216,1
316,5144.66,3991172,1
317,5144.66,3993124,1
318,5144.66,3995080,1
319,5144.66,3997036,1
320,5144.66,3998996,1
321,5144.66,4000952,1
322,5144.66,4002908,1
323,5144.66,4004856,1
324,5144.66,4006812,1
325,5144.66,4008768,1
326,5144.66,4010720,1
327,5144.66,4012676,1
328,5144.66,4014632,1
329,5144.66,4016584,1
330,5144.66,4018540,1
331,5144.66,4020504,1
332,5144.66,4022456,1
333,5144.66,4024412,1
334,5144.66,4026360,1
335,5144.66,4028316,1
336,5144.66,4030272,1
337,5144.66,4032224,1
338,5144.66,4034180,1
339,5144.66,4036136,1
340,5144.66,4038092,1
341,5144.66,4040044,1
342,5144.66,4042008,1
343,5144.66,4043964,1
344,5144.66,4045916,1
345,5144.66,4047864,1
346,5144.66,4049820,1
347,5144.66,4051776,1
348,5144.66,4053732,1
349,5144.66,4055688,1
350,5144.66,4057640,1
351,5144.66,4059596,1
352,5144.66,4061552,1
353,5144.66,4063512,1
354,5144.66,4065468,1
355,5144.66,4067424,1
356,5144.66,4069372,1
357,5144.66,4071324,1
358,5144.66,4073280,1
359,5144.66,4075236,1
360,5144.66,4077192,1
361,5144.66,4079148,1
362,5144.66,4081100,1
363,5144.66,4083056,1
364,5144.66,4085016,1
365,5144.66,4086972,1
366,5144.66,4088928,1
367,5144.66,4090876,1
368,5144.66,4092832,1
369,5144.66,4094788,1
370,5144.66,4096740,1
371,5144.66,4098696,1
372,5144.66,4100652,1
373,5144.66,4102608,1
374,5144.66,4104560,1
375,5144.66,4106520,1
376,5144.66,4108476,1
377,5144.66,4110432,1
378,5144.66,4112380,1
379,5144.66,4114336,1
380,5144.66,4116292,1
381,5144.66,4118244,1
382,5144.66,4120200,1
383,5144.66,4122156,1
384,5144.66,4124112,1
385,5144.66,4126064,1
386,5144.66,4128028,1
387,5144.66,4129984,1
388,5144.66,4131936,1
389,5144.66,4133892,1
390,5144.66,4135840,1
391,5144.66,4137796,1
392,5144.66,4139752,1
393,5144.66,4141708,1
394,5144.66,4143660,1
395,5144.66,4145616,1
396,5144.66,4147572,1
397,5144.66,4149532,1
398,5144.66,4151488,1
399,5144.66,4153444,1
400,5144.66,4155396,1
401,5144.66,4157348,1
402,5144.66,4159300,1
403,5144.66,4161256,1
404,5144.66,4163212,1
405,5144.66,4165168,1
406,5144.66,4167120,1
407,5144.66,4169076,1
408,5144.66,4171036,1
409,5144.66,4172992,1
410,5144.66,4174948,1
411,5144.66,4176904,1
412,5144.66,4178852,1
413,5144.66,4180808,1
414,5144.66,4182760,1
415,5144.66,4184716,1
416,5144.66,4186672,1
417,5144.66,4188628,1
418,5144.66,4190584,1
419,5144.66,4192544,1
420,5144.66,4194496,1
421,5144.66,4196452,1
422,5144.66,4198408,1
423,5144.66,4200356,1
424,5144.66,4202312,1
425,5144.66,4204264,1
426,5144.66,4206220,1
427,5144.66,4208176,1
428,5144.66,4210132,1
429,5144.66,4212088,1
430,5144.66,4214048,1
431,5144.66,4216004,1
432,5144.66,4217956,1
433,5144.66,4219912,1
434,5144.66,4221860,1
435,5144.66,4223816,1
436,5144.66,4225772,1
437,5144.66,4227728,1
438,5144.66,4229680,1
439,5144.66,4231636,1
440,5144.66,4233592,1
441,5144.66,4235552,1
442,5144.66,4237508,1
443,5144.66,4239460,1
444,5144.66,4241416,1
445,5144.66,4243368,1
446,5144.66,4245320,1
447,5144.66,4247276,1
448,5144.66,4249232,1
449,5144.66,4251188,1
450,5144.66,4253140,1
451,5144.66,4255096,1
452,5144.66,4257056,1
453,5144.66,4259012,1
454,5144.66,4260968,1
455,5144.66,4262924,1
456,5144.66,4264872,1
457,5144.66,4266828,1
458,5144.66,4268780,1
459,5144.66,4270736,1
460,5144.66,4272692,1
461,5144.66,4274648,1
462,5144.66,4276600,1
463,5144.66,4278564,1
464,5144.66,4280516,1
465,5144.66,4282472,1
466,5144.66,4284428,1
467,5144.66,4286376,1
468,5144.66,4288332,1
469,5144.66,4290288,1
470,5144.66,4292240,1
471,5144.66,4294196,1
472,5144.66,4296152,1
473,5144.66,4298104,1
474,5144.66,4300068,1
475,5144.66,4302024,1
476,5144.66,4303976,1
477,5144.66,4305932,1
478,5144.66,4307880,1
479,5144.66,4309836,1
480,5144.66,4311792,1
481,5144.66,4313748,1
482,5144.66,4315700,1
483,5144.66,4317656,1
484,5144.66,4319612,1
485,5144.66,4321572,1
486,5144.66,4323528,1
487,5144.66,4325484,1
488,5144.66,4327436,1
489,5144.66,4329384,1
490,5144.66,4331340,1
491,5144.66,4333296,1
492,5144.66,4335252,1
493,5144.66,4337208,1
494,5144.66,4339160,1
495,5144.66,4341116,1
496,5144.66,4343076,1
497,5144.66,4345032,1
498,5144.66,4346988,1
499,5144.66,4348944,1
500,5144.66,4350892,1
501,5144.66,4352848,1
502,5144.66,4354800,1
503,5144.66,4356756,1
504,5144.66,4358712,1
505,5144.66,4360668,1
506,5144.66,4362624,1
507,5144.66,4364580,1
508,5144.66,4366540,1
509,5144.66,4368492,1
510,5144.66,4370448,1
511,5144.66,4372396,1
512,5144.66,4374352,1
513,5144.66,4376308,1
514,5144.66,4378260,1
515,5144.66,4380216,1
516,5144.66,4382172,1
517,5144.66,4384128,1
518,5144.66,4386088,1
519,5144.66,4388044,1
520,5144.66,4390000,1
521,5144.66,4391952,1
522,5144.66,4393904,1
523,5144.66,4395856,1
524,5144.66,4397812,1
525,5144.66,4399768,1
526,5144.66,4401724,1
527,5144.66,4403676,1
528,5144.66,4405632,1
529,5144.66,4407592,1
530,5144.66,4409548,1
531,5144.66,4411504,1
532,5144.66,4413460,1
533,5144.66,4415408,1
534,5144.66,4417364,1
535,5144.66,4419316,1
536,5144.66,4421272,1
537,5144.66,4423228,1
538,5144.66,4425184,1
539,5144.66,4427136,1
540,5144.66,4429096,1
541,5144.66,4431052,1
542,5144.66,4433008,1
543,5144.66,4434964,1
544,5144.66,4436912,1
545,5144.66,4438868,1
546,5144.66,4440820,1
547,5144.66,4442776,1
548,5144.66,4444732,1
549,5144.66,4446688,1
550,5144.66,4448640,1
551,5144.66,4450604,1
552,5144.66,4452560,1
553,5144.66,4454512,1
554,5144.66,4456468,1
555,5144.66,4458416,1
556,5144.66,4460372,1
557,5144.66,4462328,1
558,5144.66,4464280,1
559,5144.66,4466236,1
560,5144.66,4468192,1
561,5144.66,4470148,1
562,5144.66,4472108,1
563,5144.66,4474064,1
564,5144.66,4476016,1
565,5144.66,4477972,1
566,5144.66,4479924,1
567,5144.66,4481876,1
568,5144.66,4483832,1
569,5144.66,4485788,1
570,5144.66,4487744,1
571,5144.66,4489696,1
572,5144.66,4491652,1
573,5144.66,4493612,1
574,5144.66,4495568,1
575,5144.66,4497524,1
576,5144.66,4499480,1
577,5144.66,4501428,1
578,5144.66,4503380,1
579,5144.66,4505336,1
580,5144.66,4507292,1
581,5144.66,4509248,1
582,5144.66,4511200,1
583,5144.66,4513156,1
584,5144.66,4515116,1
585,5144.66,4517072,1
586,5144.66,4519028,1
587,5144.66,4520984,1
588,5144.66,4522932,1
589,5144.66,4524888,1
590,5144.66,4526840,1
591,5144.66,4528796,1
592,5144.66,4530752,1
593,5144.66,4532708,1
594,5144.66,4534664,1
595,5144.66,4536624,1
596,5144.66,4538580,1
597,5144.66,4540532,1
598,5144.66,4542488,1
599,5144.66,4544436,1
600,5144.66,4546392,1
601,5144.66,4548348,1
602,5144.66,4550304,1
603,5144.66,4552256,1
604,5144.66,4554212,1
605,5144.66,4556168,1
606,5144.66,4558128,1
607,5144.66,4560084,1
608,5144.66,4562040,1
609,5144.66,4563992,1
610,5144.66,4565940,1
611,5144.66,4567896,1
612,5144.66,4569852,1
613,5144.66,4571808,1
614,5144.66,4573760,1
615,5144.66,4575716,1
616,5144.66,4577672,1
617,5144.66,4579632,1
618,5144.66,4581588,1
619,5144.66,4583544,1
620,5144.66,4585496,1
621,5144.66,4587448,1
622,5144.66,4589404,1
623,5144.66,4591356,1
624,5144.66,4593312,1
625,5144.66,4595268,1
626,5144.66,4597220,1
627,5144.66,4599176,1
628,5144.66,4601136,1
629,5144.66,4603092,1
630,5144.66,4605048,1
631,5144.66,4607004,1
632,5144.66,4608952,1
633,5144.66,4610908,1
634,5144.66,4612860,1
635,5144.66,4614816,1
636,5144.66,4616772,1
637,5144.66,4618728,1
638,5144.66,4620684,1
639,5144.66,4622644,1
640,5144.66,4624600,1
641,5144.66,4626552,1
642,5144.66,4628508,1
643,5144.66,4630456,1
644,5144.66,4632412,1
645,5144.66,4634368,1
646,5144.66,4636324,1
647,5144.66,4638276,1
648,5144.66,4640232,1
649,5144.66,4642188,1
650,5144.66,4644148,1
651,5144.66,4646104,1
652,5144.66,4648056,1
653,5144.66,4650012,1
654,5144.66,4651960,1
655,5144.66,4653916,1
656,5144.66,4655872,1
657,5144.66,4657828,1
658,5144.66,4659780,1
659,5144.66,4661736,1
660,5144.66,4663692,1
661,5144.66,4665652,1
662,5144.66,4667608,1
663,5144.66,4669564,1
664,5144.66,4671516,1
665,5144.66,4673468,1
666,5144.66,4675424,1
667,5144.66,4677376,1
668,5144.66,4679332,1
669,5144.66,4681288,1
670,5144.66,4683244,1
671,5144.66,4685196,1
672,5144.66,4687156,1
673,5144.66,4689112,1
674,5144.66,4691068,1
675,5144.66,4693020,1
676,5144.66,4694972,1
677,5144.66,4696928,1
678,5144.66,4698884,1
679,5144.66,4700836,1
680,5144.66,4702792,1
681,5144.66,4704748,1
682,5144.66,4706700,1
683,5144.66,4708664,1
684,5144.66,4710620,1
685,5144.66,4712572,1
686,5144.66,4714528,1
687,5144.66,4716476,1
688,5144.66,4718432,1
689,5144.66,4720388,1
690,5144.66,4722340,1
691,5144.66,4724296,1
692,5144.66,4726252,1
693,5144.66,4728208,1
694,5144.66,4730168,1
695,5144.66,4732124,1
696,5144.66,4734076,1
697,5144.66,4736032,1
698,5144.66,4737980,1
699,5144.66,4739936,1
700,5144.66,4741892,1
701,5144.66,4743848,1
702,5144.66,4745800,1
703,5144.66,4747756,1
704,5144.66,4749712,1
705,5144.66,4751672,1
706,5144.66,4753628,1
707,5144.66,4755584,1
708,5144.66,4757536,1
709,5144.66,4759488,1
710,5144.66,4761440,1
711,5144.66,4763396,1
712,5144.66,4765352,1
713,5144.66,4767308,1
714,5144.66,4769264,1
715,5144.66,4771216,1
716,5144.66,4773176,1
717,5144.66,4775132,1
718,5144.66,4777088,1
719,5144.66,4779044,1
720,5144.66,4780992,1
721,5144.66,4782948,1
722,5144.66,4784900,1
723,5144.66,4786856,1
724,5144.66,4788812,1
725,5144.66,4790768,1
726,5144.66,4792720,1
727,5144.66,4794684,1
728,5144.66,4796640,1
729,5144.66,4798592,1
730,5144.66,4800548,1
731,5144.66,4802496,1
732,5144.66,4804452,1
733,5144.66,4806408,1
734,5144.66,4808360,1
735,5144.66,4810316,1
736,5144.66,4812272,1
737,5144.66,4814228,1
738,5144.66,4816184,1
739,5144.66,4818144,1
740,5144.66,4820096,1
741,5144.66,4822052,1
742,5144.66,4824000,1
743,5144.66,4825956,1
744,5144.66,4827912,1
745,5144.66,4829864,1
746,5144.66,4831820,1
747,5144.66,4833776,1
748,5144.66,4835732,1
749,5144.66,4837688,1
750,5144.66,4839648,1
751,5144.66,4841604,1
752,5144.66,4843556,1
753,5144.66,4845508,1
754,5144.66,4847460,1
755,5144.66,4849416,1
756,5144.66,4851372,1
757,5144.66,4853328,1
758,5144.66,4855280,1
759,5144.66,4857236,1
760,5144.66,4859196,1
761,5144.66,4861152,1
762,5144.66,4863108,1
763,5144.66,4865064,1
764,5144.66,4867012,1
765,5144.66,4868968,1
766,5144.66,4870920,1
767,5144.66,4872876,1
768,5144.66,4874832,1
769,5144.66,4876788,1
770,5144.66,4878740,1
771,5144.66,4880696,1
772,5144.66,4882656,1
773,5144.66,4884612,1
774,5144.66,4886568,1
775,5144.66,4888516,1
776,5144.66,4890472,1
777,5144.66,4892428,1
778,5144.66,4894384,1
779,5144.66,4896340,1
780,5144.66,4898292,1
781,5144.66,4900248,1
782,5144.66,4902204,1
783,5144.66,4904164,1
784,5144.66,4906120,1
785,5144.66,4908072,1
786,5144.66,4910020,1
787,5144.66,4911976,1
788,5144.66,4913932,1
789,5144.66,4915888,1
790,5144.66,4917844,1
791,5144.66,4919796,1
792,5144.66,4921752,1
793,5144.66,4923708,1
794,5144.66,4925668,1
795,5144.66,4927624,1
796,5144.66,4929580,1
797,5144.66,4931528,1
798,5144.66,4933484,1
799,5144.66,4935436,1
800,5144.66,4937392,1
801,5144.66,4939348,1
802,5144.66,4941300,1
803,5144.66,4943260,1
804,5144.66,4945212,1
805,5144.66,4947172,1
806,5144.66,4949128,1
807,5144.66,4951084,1
808,5144.66,4953032,1
809,5144.66,4954988,1
810,5144.66,4956944,1
811,5144.66,4958896,1
812,5144.66,4960852,1
813,5144.66,4962808,1
814,5144.66,4964764,1
815,5144.66,4966716,1
816,5144.66,4968680,1
817,5144.66,4970632,1
818,5144.66,4972588,1
819,5144.66,4974536,1
820,5144.66,4976492,1
821,5144.66,4978448,1
822,5144.66,4980400,1
823,5144.66,4982356,1
824,5144.66,4984312,1
825,5144.66,4986268,1
826,5144.66,4988220,1
827,5144.66,4990184,1
828,5144.66,4992140,1
829,5144.66,4994092,1
830,5144.66,4996044,1
831,5144.66,4997996,1
832,5144.66,4999952,1
833,5144.66,5001908,1
834,5144.66,5003864,1
835,5144.66,5005816,1
836,5144.66,5007772,1
837,5144.66,5009728,1
838,5144.66,5011688,1
839,5144.66,5013644,1
840,5144.66,5015600,1
841,5144.66,5017548,1
842,5144.66,5019500,1
843,5144.66,5021456,1
844,5144.66,5023412,1
845,5144.66,5025368,1
846,5144.66,5027324,1
847,5144.66,5029276,1
848,5144.66,5031232,1
849,5144.66,5033192,1
850,5144.66,5035148,1
851,5144.66,5037104,1
852,5144.66,5039052,1
853,5144.66,5041008,1
854,5144.66,5042960,1
855,5144.66,5044916,1
856,5144.66,5046872,1
857,5144.66,5048828,1
858,5144.66,5050784,1
859,5144.66,5052736,1
860,5144.66,5054700,1
861,5144.66,5056656,1
862,5144.66,5058608,1
863,5144.66,5060556,1
864,5144.66,5062512,1
865,5144.66,5064468,1
866,5144.66,5066424,1
867,5144.66,5068376,1
868,5144.66,5070332,1
869,5144.66,5072288,1
870,5144.66,5074240,1
871,5144.66,5076204,1
872,5144.66,5078160,1
873,5144.66,5080112,1
874,5144.66,5082064,1
875,5144.66,5084016,1
876,5144.66,5085972,1
877,5144.66,5087928,1
878,5144.66,5089880,1
879,5144.66,5091836,1
880,5144.66,5093792,1
881,5144.66,5095748,1
882,5144.66,5097708,1
883,5144.66,5099664,1
884,5144.66,5101620,1
885,5144.66,5103568,1
886,5144.66,5105520,1
887,5144.66,5107476,1
888,5144.66,5109432,1
889,5144.66,5111388,1
890,5144.66,5113344,1
891,5144.66,5115296,1
892,5144.66,5117252,1
893,5144.66,5119216,1
894,5144.66,5121168,1
895,5144.66,5123124,1
896,5144.66,5125072,1
897,5144.66,5127028,1
898,5144.66,5128984,1
899,5144.66,5130936,1
900,5144.66,5132892,1
901,5144.66,5134848,1
902,5144.66,5136804,1
903,5144.66,5138756,1
904,5144.66,5140720,1
905,5144.66,5142672,1
906,5144.66,5144628,1
907,5144.66,5146576,1
908,5144.66,5148532,1
909,5144.66,5150488,1
910,5144.66,5152444,1
911,5144.66,5154396,1
912,5144.66,5156352,1
913,5144.66,5158308,1
914,5144.66,5160264,1
915,5144.66,5162224,1
916,5144.66,5164176,1
917,5144.66,5166132,1
918,5144.66,5168084,1
919,5144.66,5170036,1
920,5144.66,5171992,1
921,5144.66,5173948,1
922,5144.66,5175904,1
923,5144.66,5177856,1
924,5144.66,5179812,1
925,5144.66,5181768,1
926,5144.66,5183728,1
927,5144.66,5185684,1
928,5144.66,5187640,1
929,5144.66,5189588,1
930,5144.66,5191544,1
931,5144.66,5193496,1
932,5144.66,5195452,1
933,5144.66,5197408,1
934,5144.66,5199360,1
935,5144.66,5201316,1
936,5144.66,5203272,1
937,5144.66,5205232,1
938,5144.66,5207188,1
939,5144.66,5209144,1
940,5144.66,5211092,1
941,5144.66,5213048,1
942,5144.66,5215000,1
943,5144.66,5216956,1
944,5144.66,5218912,1
945,5144.66,5220868,1
946,5144.66,5222824,1
947,5144.66,5224776,1
948,5144.66,5226740,1
949,5144.66,5228692,1
950,5144.66,5230648,1
951,5144.66,5232596,1
952,5144.66,5234552,1
953,5144.66,5236508,1
954,5144.66,5238460,1
955,5144.66,5240416,1
956,5144.66,5242372,1
957,5144.66,5244328,1
958,5144.66,5246284,1
959,5144.66,5248244,1
960,5144.66,5250200,1
961,5144.66,5252152,1
962,5144.66,5254100,1
963,5144.66,5256056,1
964,5144.66,5258012,1
965,5144.66,5259968,1
966,5144.66,5261924,1
967,5144.66,5263876,1
968,5144.66,5265832,1
969,5144.66,5267788,1
970,5144.66,5269748,1
971,5144.66,5271704,1
972,5144.66,5273660,1
973,5144.66,5275608,1
974,5144.66,5277560,1
975,5144.66,5279516,1
976,5144.66,5281472,1
977,5144.66,5283428,1
978,5144.66,5285380,1
979,5144.66,5287336,1
980,5144.66,5289292,1
981,5144.66,5291252,1
982,5144.66,5293208,1
983,5144.66,5295164,1
984,5144.66,5297112,1
985,5144.66,5299068,1
986,5144.66,5301024,1
987,5144.66,5302976,1
988,5144.66,5304932,1
989,5144.66,5306888,1
990,5144.66,5308840,1
991,5144.66,5310796,1
992,5144.66,5312756,1
993,5144.66,5314712,1
994,5144.66,5316668,1
995,5144.66,5318616,1
996,5144.66,5320572,1
997,5144.66,5322528,1
998,5144.66,5324484,1
999,5144.66,5326436,1
1000,5144.66,5328392,1
1001,5144.66,5330432,1
1002,5144.66,5332472,1
1003,5144.66,5334512,1
1004,5144.66,5336552,1
1005,5144.66,5338592,1
1006,5144.66,5340632,1
1007,5144.66,5342672,1
1008,5144.66,5344712,1
1009,5144.66,5346752,1
1010,5144.66,5348792,1
1011,5144.66,5350832,1
1012,5144.66,5352872,1
1013,5144.66,5354912,1
1014,5144.66,5356952,1
1015,5144.66,5358992,1
1016,5144.66,5361032,1
1017,5144.66,5363072,1
1018,5144.66,5365112,1
1019,5144.66,5367152,1
1020,5144.66,5369192,1
1021,5144.66,5371232,1
1022,5144.66,5373272,1
1023,5144.66,5375312,1
1024,5144.66,5377352,1
1025,5144.66,5379392,1
1026,5144.66,5381436,1
1027,5144.66,5383480,1
1028,5144.66,5385520,1
1029,5144.66,5387560,1
1030,5144.66,5389600,1
1031,5144.66,5391640,1
1032,5144.66,5393680,1
1033,5144.66,5395720,1
1034,5144.66,5397760,1
1035,5144.66,5399796,1
1036,5144.66,5401836,1
1037,5144.66,5403880,1
1038,5144.66,5405920,1
1039,5144.66,5407960,1
1040,5144.66,5410000,1
1041,5144.66,5412040,1
1042,5144.66,5414080,1
1043,5144.66,5416120,1
1044,5144.66,5418160,1
1045,5144.66,5420200,1
1046,5144.66,5422240,1
1047,5144.66,5424280,1
1048,5144.66,5426320,1
1049,5144.66,5428360,1
1050,5144.66,5430400,1
1051,5144.66,5432440,1
1052,5144.66,5434480,1
1053,5144.66,5436520,1
1054,5144.66,5438560,1
1055,5144.66,5440600,1
1056,5144.66,5442640,1
1057,5144.66,5444680,1
1058,5144.66,5446720,1
1059,5144.66,5448760,1
1060,5144.66,5450800,1
1061,5144.66,5452840,1
1062,5144.66,5454880,1
1063,5144.66,5456920,1
1064,5144.66,5458960,1
1065,5144.66,5461000,1
1066,5144.66,5463032,1
1067,5144.66,5465072,1
1068,5144.66,5467112,1
1069,5144.66,5469152,1
1070,5144.66,5471192,1
1071,5144.66,5473232,1
1072,5144.66,5475272,1
1073,5144.66,5477312,1
1074,5144.66,5479352,1
1075,5144.66,5481392,1
1076,5144.66,5483432,1
1077,5144.66,5485472,1
1078,5144.66,5487512,1
1079,5144.66,5489552,1
1080,5144.66,5491592,1
1081,5144.66,5493632,1
1082,5144.66,5495672,1
1083,5144.66,5497712,1
1084,5144.66,5499752,1
1085,5144.66,5501792,1
1086,5144.66,5503832,1
1087,5144.66,5505872,1
1088,5144.66,5507912,1
1089,5144.66,5509952,1
1090,5144.66,5511992,1
1091,5144.66,5514032,1
1092,5144.66,5516072,1
1093,5144.66,5518112,1
1094,5144.66,5520152,1
1095,5144.66,5522192,1
1096,5144.66,5524232,1
1097,5144.66,5526272,1
1098,5144.66,5528312,1
1099,5144.66,5530352,1
1100,5144.66,5532392,1
1101,5144.66,5534432,1
1102,5144.66,5536472,1
1103,5144.66,5538512,1
1104,5144.66,5540552,1
1105,5144.66,5542592,1
1106,5144.66,5544632,1
1107,5144.66,5546672,1
1108,5144.66,5548712,1
1109,5144.66,5550752,1
1110,5144.66,5552792,1
1111,5144.66,5554832,1
1112,5144.66,5556872,1
1113,5144.66,5558912,1
1114,5144.66,5560952,1
1115,5144.66,5562992,1
1116,5144.66,5565032,1
1117,5144.66,5567072,1
1118,5144.66,5569112,1
1119,5144.66,5571152,1
1120,5144.66,5573192,1
1121,5144.66,5575232,1
1122,5144.66,5577272,1
1123,5144.66,5579312,1
1124,5144.66,5581352,1
1125,5144.66,5583392,1
1126,5144.66,5585432,1
1127,5144.66,5587472,1
1128,5144.66,5589512,1
1129,5144.66,5591552,1
1130,5144.66,5593592,1
1131,5144.66,5595632,1
1132,5144.66,5597672,1
1133,5144.66,5599712,1
1134,5144.66,5601752,1
1135,5144.66,5603792,1
1136,5144.66,5605832,1
1137,5144.66,5607872,1
1138,5144.66,5609912,1
1139,5144.66,5611952,1
1140,5144.66,5613992,1
1141,5144.66,5616032,1
1142,5144.66,5618072,1
1143,5144.66,5620112,1
1144,5144.66,5622152,1
1145,5144.66,5624192,1
1146,5144.66,5626232,1
1147,5144.66,5628272,1
1148,5144.66,5630312,1
1149,5144.66,5632352,1
1150,5144.66,5634392,1
1151,5144.66,5636432,1
1152,5144.66,5638472,1
1153,5144.66,5640512,1
1154,5144.66,5642556,1
1155,5144.66,5644600,1
1156,5144.66,5646640,1
1157,5144.66,5648680,1
1158,5144.66,5650720,1
1159,5144.66,5652760,1
1160,5144.66,5654800,1
1161,5144.66,5656840,1
1162,5144.66,5658880,1
1163,5144.66,5660920,1
1164,5144.66,5662960,1
1165,5144.66,5665000,1
1166,5144.66,5667040,1
1167,5144.66,5669080,1
1168,5144.66,5671120,1
1169,5144.66,5673160,1
1170,5144.66,5675200,1
1171,5144.66,5677240,1
1172,5144.66,5679280,1
1173,5144.66,5681320,1
1174,5144.66,5683360,1
1175,5144.66,5685400,1
1176,5144.66,5687440,1
1177,5144.66,5689480,1
1178,5144.66,5691520,1
1179,5144.66,5693560,1
1180,5144.66,5695600,1
1181,5144.66,5697636,1
1182,5144.66,5699680,1
1183,5144.66,5701720,1
1184,5144.66,5703760,1
1185,5144.66,5705800,1
1186,5144.66,5707840,1
1187,5144.66,5709880,1
1188,5144.66,5711920,1
1189,5144.66,5713960,1
1190,5144.66,5716000,1
1191,5144.66,5718040,1
1192,5144.66,5720080,1
1193,5144.66,5722120,1
1194,5144.66,5724152,1
1195,5144.66,5726192,1
1196,5144.66,5728232,1
1197,5144.66,5730272,1
1198,5144.66,5732312,1
1199,5144.66,5734352,1
1200,5144.66,5736392,1
1201,5144.66,5738432,1
1202,5144.66,5740472,1
1203,5144.66,5742512,1
1204,5144.66,5744552,1
1205,5144.66,5746592,1
1206,5144.66,5748632,1
1207,5144.66,5750672,1
1208,5144.66,5752712,1
1209,5144.66,5754752,1
1210,5144.66,5756792,1
1211,5144.66,5758832,1
1212,5144.66,5760872,1
1213,5144.66,5762912,1
1214,5144.66,5764952,1
1215,5144.66,5766992,1
1216,5144.66,5769032,1
1217,5144.66,5771072,1
1218,5144.66,5773112,1
1219,5144.66,5775152,1
1220,5144.66,5777192,1
1221,5144.66,5779232,1
1222,5144.66,5781272,1
1223,5144.66,5783312,1
1224,5144.66,5785352,1
1225,5144.66,5787392,1
1226,5144.66,5789432,1
1227,5144.66,5791472,1
1228,5144.66,5793512,1
1229,5144.66,5795552,1
1230,5144.66,5797592,1
1231,5144.66,5799632,1
1232,5144.66,5801672,1
1233,5144.66,5803712,1
1234,5144.66,5805752,1
1235,5144.66,5807792,1
1236,5144.66,5809832,1
1237,5144.66,5811872,1
1238,5144.66,5813912,1
1239,5144.66,5815952,1
1240,5144.66,5817992,1
1241,5144.66,5820032,1
1242,5144.66,5822072,1
1243,5144.66,5824112,1
1244,5144.66,5826152,1
1245,5144.66,5828192,1
1246,5144.66,5830232,1
1247,5144.66,5832272,1
1248,5144.66,5834312,1
1249,5144.66,5836352,1
1250,5144.66,5838392,1
1251,5144.66,5840432,1
1252,5144.66,5842472,1
1253,5144.66,5844512,1
1254,5144.66,5846552,1
1255,5144.66,5848592,1
1256,5144.66,5850632,1
1257,5144.66,5852672,1
1258,5144.66,5854712,1
1259,5144.66,5856752,1
1260,5144.66,5858792,1
1261,5144.66,5860832,1
1262,5144.66,5862872,1
1263,5144.66,5864912,1
1264,5144.66,5866952,1
1265,5144.66,5868992,1
1266,5144.66,5871032,1
1267,5144.66,5873072,1
1268,5144.66,5875112,1
1269,5144.66,5877152,1
1270,5144.66,5879192,1
1271,5144.66,5881232,1
1272,5144.66,5883272,1
1273,5144.66,5885312,1
1274,5144.66,5887352,1
1275,5144.66,5889392,1
1276,5144.66,5891432,1
1277,5144.66,5893472,1
1278,5144.66,5895512,1
1279,5144.66,5897552,1
1280,5144.66,5899592,1
1281,5144.66,5901632,1
1282,5144.66,5903676,1
1283,5144.66,5905720,1
1284,5144.66,5907760,1
1285,5144.66,5909800,1
1286,5144.66,5911840,1
1287,5144.66,5913876,1
1288,5144.66,5915920,1
1289,5144.66,5917960,1
1290,5144.66,5920000,1
1291,5144.66,5922040,1
1292,5144.66,5924080,1
1293,5144.66,5926120,1
1294,5144.66,5928160,1
1295,5144.66,5930200,1
1296,5144.66,5932236,1
1297,5144.66,5934280,1
1298,5144.66,5936320,1
1299,5144.66,5938360,1
1300,5144.66,5940396,1
1301,5144.66,5942440,1
1302,5144.66,5944480,1
1303,5144.66,5946520,1
1304,5144.66,5948556,1
1305,5144.66,5950600,1
1306,5144.66,5952636,1
1307,5144.66,5954680,1
1308,5144.66,5956720,1
1309,5144.66,5958760,1
1310,5144.66,5960800,1
1311,5144.66,5962840,1
1312,5144.66,5964880,1
1313,5144.66,5966920,1
1314,5144.66,5968960,1
1315,5144.66,5971000,1
1316,5144.66,5973040,1
1317,5144.66,5975080,1
1318,5144.66,5977120,1
1319,5144.66,5979160,1
1320,5144.66,5981200,1
1321,5144.66,5983240,1
1322,5144.66,5985272,1
1323,5144.66,5987312,1
1324,5144.66,5989352,1
1325,5144.66,5991392,1
1326,5144.66,5993432,1
1327,5144.66,5995472,1
1328,5144.66,5997512,1
1329,5144.66,5999552,1
1330,5144.66,6001592,1
1331,5144.66,6003632,1
1332,5144.66,6005672,1
1333,5144.66,6007712,1
1334,5144.66,6009752,1
1335,5144.66,6011792,1
1336,5144.66,6013832,1
1337,5144.66,6015872,1
1338,5144.66,6017912,1
1339,5144.66,6019952,1
1340,5144.66,6021992,1
1341,5144.66,6024032,1
1342,5144.66,6026072,1
1343,5144.66,6028112,1
1344,5144.66,6030152,1
1345,5144.66,6032192,1
1346,5144.66,6034232,1
1347,5144.66,6036272,1
1348,5144.66,6038312,1
1349,5144.66,6040352,1
1350,5144.66,6042392,1
1351,5144.66,6044432,1
1352,5144.66,6046472,1
1353,5144.66,6048512,1
1354,5144.66,6050552,1
1355,5144.66,6052592,1
1356,5144.66,6054632,1
1357,5144.66,6056672,1
1358,5144.66,6058712,1
1359,5144.66,6060752,1
1360,5144.66,6062792,1
1361,5144.66,6064832,1
1362,5144.66,6066872,1
1363,5144.66,6068912,1
1364,5144.66,6070952,1
1365,5144.66,6072992,1
1366,5144.66,6075032,1
1367,5144.66,6077072,1
1368,5144.66,6079112,1
1369,5144.66,6081152,1
1370,5144.66,6083192,1
1371,5144.66,6085232,1
1372,5144.66,6087272,1
1373,5144.66,6089312,1
1374,5144.66,6091352,1
1375,5144.66,6093392,1
1376,5144.66,6095432,1
1377,5144.66,6097472,1
1378,5144.66,6099512,1
1379,5144.66,6101552,1
1380,5144.66,6103592,1
1381,5144.66,6105632,1
1382,5144.66,6107672,1
1383,5144.66,6109712,1
1384,5144.66,6111752,1
1385,5144.66,6113792,1
1386,5144.66,6115832,1
1387,5144.66,6117872,1
1388,5144.66,6119912,1
1389,5144.66,6121952,1
1390,5144.66,6123992,1
1391,5144.66,6126032,1
1392,5144.66,6128072,1
1393,5144.66,6130112,1
1394,5144.66,6132152,1
1395,5144.66,6134192,1
1396,5144.66,6136232,1
1397,5144.66,6138272,1
1398,5144.66,6140312,1
1399,5144.66,6142352,1
1400,5144.66,6144392,1
1401,5144.66,6146432,1
1402,5144.66,6148472,1
1403,5144.66,6150512,1
1404,5144.66,6152552,1
1405,5144.66,6154592,1
1406,5144.66,6156632,1
1407,5144.66,6158672,1
1408,5144.66,6160712,1
1409,5144.66,6162752,1
1410,5144.66,6164796,1
1411,5144.66,6166840,1
1412,5144.66,6168880,1
1413,5144.66,6170920,1
1414,5144.66,6172960,1
1415,5144.66,6175000,1
1416,5144.66,6177040,1
1417,5144.66,6179080,1
1418,5144.66,6181120,1
1419,5144.66,6183156,1
1420,5144.66,6185196,1
1421,5144.66,6187240,1
1422,5144.66,6189280,1
1423,5144.66,6191320,1
1424,5144.66,6193360,1
1425,5144.66,6195400,1
1426,5144.66,6197440,1
1427,5144.66,6199480,1
1428,5144.66,6201520,1
1429,5144.66,6203560,1
1430,5144.66,6205596,1
1431,5144.66,6207640,1
1432,5144.66,6209680,1
1433,5144.66,6211720,1
1434,5144.66,6213760,1
1435,5144.66,6215800,1
1436,5144.66,6217840,1
1437,5144.66,6219880,1
1438,5144.66,6221916,1
1439,5144.66,6223960,1
1440,5144.66,6226000,1
1441,5144.66,6228040,1
1442,5144.66,6230080,1
1443,5144.66,6232120,1
1444,5144.66,6234160,1
1445,5144.66,6236200,1
1446,5144.66,6238240,1
1447,5144.66,6240280,1
1448,5144.66,6242320,1
1449,5144.66,6244360,1
1450,5144.66,6246392,1
1451,5144.66,6248432,1
1452,5144.66,6250472,1
1453,5144.66,6252512,1
1454,5144.66,6254552,1
1455,5144.66,6256592,1
1456,5144.66,6258632,1
1457,5144.66,6260672,1
1458,5144.66,6262712,1
1459,5144.66,6264752,1
1460,5144.66,6266792,1
1461,5144.66,6268832,1
1462,5144.66,6270872,1
1463,5144.66,6272912,1
1464,5144.66,6274952,1
1465,5144.66,6276992,1
1466,5144.66,6279032,1
1467,5144.66,6281072,1
1468,5144.66,6283112,1
1469,5144.66,6285152,1
1470,5144.66,6287192,1
1471,5144.66,6289232,1
1472,5144.66,6291272,1
1473,5144.66,6293312,1
1474,5144.66,6295352,1
1475,5144.66,6297392,1
1476,5144.66,6299432,1
1477,5144.66,6301472,1
1478,5144.66,6303512,1
1479,5144.66,6305552,1
1480,5144.66,6307592,1
1481,5144.66,6309632,1
1482,5144.66,6311672,1
1483,5144.66,6313712,1
1484,5144.66,6315752,1
1485,5144.66,6317792,1
1486,5144.66,6319832,1
1487,5144.66,6321872,1
1488,5144.66,6323912,1
1489,5144.66,6325952,1
1490,5144.66,6327992,1
1491,5144.66,6330032,1
1492,5144.66,6332072,1
1493,5144.66,6334112,1
1494,5144.66,6336152,1
1495,5144.66,6338192,1
1496,5144.66,6340232,1
1497,5144.66,6342272,1
1498,5144.66,6344312,1
1499,5144.66,6346352,1
1500,5144.66,6348392,1
1501,5144.66,6350432,1
1502,5144.66,6352472,1
1503,5144.66,6354512,1
1504,5144.66,6356552,1
1505,5144.66,6358592,1
1506,5144.66,6360632,1
1507,5144.66,6362672,1
1508,5144.66,6364712,1
1509,5144.66,6366752,1
1510,5144.66,6368792,1
1511,5144.66,6370832,1
1512,5144.66,6372872,1
1513,5144.66,6374912,1
1514,5144.66,6376952,1
1515,5144.66,6378992,1
1516,5144.66,6381032,1
1517,5144.66,6383072,1
1518,5144.66,6385112,1
1519,5144.66,6387152,1
1520,5144.66,6389192,1
1521,5144.66,6391232,1
1522,5144.66,6393272,1
1523,5144.66,6395312,1
1524,5144.66,6397352,1
1525,5144.66,6399392,1
1526,5144.66,6401432,1
1527,5144.66,6403472,1
1528,5144.66,6405512,1
1529,5144.66,6407552,1
1530,5144.66,6409592,1
1531,5144.66,6411632,1
1532,5144.66,6413672,1
1533,5144.66,6415712,1
1534,5144.66,6417752,1
1535,5144.66,6419792,1
1536,5144.66,6421832,1
1537,5144.66,6423872,1
1538,5144.66,6425912,1
1539,5144.66,6427960,1
1540,5144.66,6430000,1
1541,5144.66,6432036,1
1542,5144.66,6434080,1
1543,5144.66,6436120,1
1544,5144.66,6438156,1
1545,5144.66,6440200,1
1546,5144.66,6442240,1
1547,5144.66,6444276,1
1548,5144.66,6446316,1
1549,5144.66,6448360,1
1550,5144.66,6450400,1
1551,5144.66,6452440,1
1552,5144.66,6454480,1
1553,5144.66,6456516,1
1554,5144.66,6458556,1
1555,5144.66,6460600,1
1556,5144.66,6462640,1
1557,5144.66,6464680,1
1558,5144.66,6466720,1
1559,5144.66,6468760,1
1560,5144.66,6470800,1
1561,5144.66,6472840,1
1562,5144.66,6474880,1
1563,5144.66,6476920,1
1564,5144.66,6478960,1
1565,5144.66,6481000,1
1566,5144.66,6483040,1
1567,5144.66,6485080,1
1568,5144.66,6487120,1
1569,5144.66,6489160,1
1570,5144.66,6491200,1
1571,5144.66,6493240,1
1572,5144.66,6495280,1
1573,5144.66,6497320,1
1574,5144.66,6499360,1
1575,5144.66,6501400,1
1576,5144.66,6503440,1
1577,5144.66,6505480,1
1578,5144.66,6507512,1
1579,5144.66,6509552,1
1580,5144.66,6511592,1
1581,5144.66,6513632,1
1582,5144.66,6515672,1
1583,5144.66,6517712,1
1584,5144.66,6519752,1
1585,5144.66,6521792,1
1586,5144.66,6523832,1
1587,5144.66,6525872,1
1588,5144.66,6527912,1
1589,5144.66,6529952,1
1590,5144.66,6531992,1
1591,5144.66,6534032,1
1592,5144.66,6536072,1
1593,5144.66,6538112,1
1594,5144.66,6540152,1
1595,5144.66,6542192,1
1596,5144.66,6544232,1
1597,5144.66,6546272,1
1598,5144.66,6548312,1
1599,5144.66,6550352,1
1600,5144.66,6552392,1
1601,5144.66,6554432,1
1602,5144.66,6556472,1
1603,5144.66,6558512,1
1604,5144.66,6560552,1
1605,5144.66,6562592,1
1606,5144.66,6564632,1
1607,5144.66,6566672,1
1608,5144.66,6568712,1
1609,5144.66,6570752,1
1610,5144.66,6572796,1
1611,5144.66,6574832,1
1612,5144.66,6576872,1
1613,5144.66,6578912,1
1614,5144.66,6580952,1
1615,5144.66,6582992,1
1616,5144.66,6585032,1
1617,5144.66,6587072,1
1618,5144.66,6589112,1
1619,5144.66,6591152,1
1620,5144.66,6593192,1
1621,5144.66,6595232,1
1622,5144.66,6597272,1
1623,5144.66,6599312,1
1624,5144.66,6601352,1
1625,5144.66,6603392,1
1626,5144.66,6605432,1
1627,5144.66,6607472,1
1628,5144.66,6609512,1
1629,5144.66,6611552,1
1630,5144.66,6613592,1
1631,5124.61,6615628,1
1632,5104.47,6617668,1
1633,5084.26,6619708,1
1634,5063.96,6621748,1
1635,5043.58,6623788,1
1636,5023.12,6625828,1
1637,5002.58,6627868,1
1638,4981.95,6629908,1
1639,4961.23,6631948,1
1640,4940.43,6633988,1
1641,4919.54,6636028,1
1642,4898.56,6638068,1
1643,4877.49,6640108,1
1644,4856.33,6642148,1
1645,4835.08,6644188,1
1646,4813.73,6646228,1
1647,4792.29,6648268,1
1648,4770.75,6650308,1
1649,4749.12,6652348,1
1650,4727.38,6654388,1
1651,4705.54,6656428,1
1652,4683.61,6658468,1
1653,4661.57,6660508,1
1654,4639.42,6662552,1
1655,4617.17,6664592,1
1656,4594.81,6666632,1
1657,4572.34,6668672,1
1658,4549.76,6670712,1
1659,4527.07,6672752,1
1660,4504.26,6674792,1
1661,4481.34,6676832,1
1662,4458.30,6678872,1
1663,4435.14,6680908,1
1664,4411.86,6682952,1
1665,4388.45,6684992,1
1666,4364.92,6687036,1
1667,4341.27,6689076,1
1668,4317.48,6691120,1
1669,4293.56,6693156,1
1670,4269.51,6695196,1
1671,4245.32,6697236,1
1672,4220.99,6699280,1
1673,4196.52,6701316,1
1674,4171.91,6703356,1
1675,4147.15,6705396,1
1676,4122.24,6707436,1
1677,4097.18,6709476,1
1678,4071.97,6711520,1
1679,4046.60,6713556,1
1680,4021.06,6715596,1
1681,3995.37,6717636,1
1682,3969.51,6719676,1
1683,3943.48,6721716,1
1684,3917.28,6723760,1
1685,3890.90,6725800,1
1686,3864.34,6727836,1
1687,3837.60,6729876,1
1688,3810.67,6731916,1
1689,3783.55,6733956,1
1690,3756.23,6735996,1
1691,3728.71,6738036,1
1692,3700.99,6740080,1
1693,3673.05,6742120,1
1694,3644.91,6744160,1
1695,3616.54,6746200,1
1696,3587.95,6748244,1
1697,3559.14,6750284,1
1698,3530.08,6752324,1
1699,3500.79,6754360,1
1700,3471.24,6756404,1
1701,3441.45,6758444,1
1702,3411.39,6760484,1
1703,3381.07,6762524,1
1704,3350.47,6764564,1
1705,3319.59,6766604,1
1706,3288.42,6768636,1
1707,3256.95,6770676,1
1708,3225.18,6772716,1
1709,3193.08,6774756,1
1710,3160.67,6776796,1
1711,3127.91,6778836,1
1712,3094.81,6780876,1
1713,3061.36,6782916,1
1714,3027.53,6784956,1
1715,2993.32,6786996,1
1716,2958.72,6789036,1
1717,2923.70,6791076,1
1718,2888.26,6793116,1
1719,2852.38,6795156,1
1720,2816.05,6797196,1
1721,2779.24,6799236,1
1722,2741.93,6801276,1
1723,2704.11,6803316,1
1724,2665.76,6805356,1
1725,2626.84,6807396,1
1726,2587.34,6809436,1
1727,2547.22,6811476,1
1728,2506.47,6813516,1
1729,2465.04,6815556,1
1730,2422.90,6817596,1
1731,2380.02,6819636,1
1732,2336.35,6821676,1
1733,2291.85,6823716,1
1734,2246.46,6825756,1
1735,2200.14,6827796,1
1736,2152.83,6829836,1
1737,2104.45,6831876,1
1738,2054.94,6833916,1
1739,2004.20,6835956,1
1740,1952.14,6837996,1
1741,1898.66,6840036,1
1742,1843.62,6842076,1
1743,1786.90,6844116,1
1744,1728.31,6846156,1
1745,1667.67,6848196,1
1746,1604.74,6850236,1
1747,1539.24,6852276,1
1748,1470.83,6854316,1
1749,1399.08,6856356,1
1750,1323.45,6858396,1
1751,1243.24,6860436,1
1752,1157.50,6862472,1
1753,1064.90,6864516,1
1754,963.48,6866556,1
1755,850.13,6868508,1
1756,719.34,6870464,1
1757,559.49,6872420,1
1758,335.69,6874380,1
1758,335.69,6876060,1
1759,0.00,7878184,1
1758,-559.22,7879500,1
1758,-559.22,7880628,1
1757,-718.99,7882040,1
1756,-849.72,7883436,1
1755,-963.02,7884844,1
1754,-1064.39,7886232,1
1753,-1156.94,7887680,1
1752,-1242.64,7889372,1
1751,-1322.81,7891496,1
1750,-1398.40,7893620,1
1749,-1470.11,7895744,1
1748,-1538.49,7897868,1
1747,-1603.96,7899996,1
1746,-1666.86,7902120,1
1745,-1727.47,7904244,1
1744,-1786.03,7906376,1
1743,-1842.73,7908500,1
1742,-1897.74,7910628,1
1741,-1951.19,7912752,1
1740,-2003.22,7914872,1
1739,-2053.94,7916996,1
1738,-2103.43,7919120,1
1737,-2151.79,7921244,1
1736,-2199.08,7923372,1
1735,-2245.37,7925496,1
1734,-2290.74,7927624,1
1733,-2335.22,7929744,1
1732,-2378.86,7931872,1
1731,-2421.73,7934004,1
1730,-2463.84,7936128,1
1729,-2505.25,7938252,1
1728,-2545.99,7940380,1
1727,-2586.08,7942496,1
1726,-2625.57,7944620,1
1725,-2664.46,7946748,1
1724,-2702.80,7948872,1
1723,-2740.60,7950996,1
1722,-2777.89,7953124,1
1721,-2814.68,7955248,1
1720,-2851.00,7957372,1
1719,-2886.86,7959496,1
1718,-2922.28,7961628,1
1717,-2957.28,7963752,1
1716,-2991.87,7965880,1
1715,-3026.06,7968004,1
1714,-3059.87,7970120,1
1713,-3093.31,7972244,1
1712,-3126.40,7974372,1
1711,-3159.14,7976496,1
1710,-3191.54,7978620,1
1709,-3223.61,7980748,1
1708,-3255.37,7982872,1
1707,-3286.83,7984996,1
1706,-3317.98,7987124,1
1705,-3348.84,7989248,1
1704,-3379.43,7991376,1
1703,-3409.74,7993504,1
1702,-3439.78,7995628,1
1701,-3469.56,7997752,1
1700,-3499.09,7999872,1
1699,-3528.37,8001996,1
1698,-3557.41,8004120,1
1697,-3586.21,8006244,1
1696,-3614.79,8008372,1
1695,-3643.14,8010492,1
1694,-3671.27,8012616,1
1693,-3699.19,8014744,1
1692,-3726.90,8016868,1
1691,-3754.41,8018996,1
1690,-3781.71,8021124,1
1689,-3808.82,8023248,1
1688,-3835.74,8025372,1
1687,-3862.47,8027492,1
1686,-3889.01,8029616,1
1685,-3915.38,8031740,1
1684,-3941.57,8033868,1
1683,-3967.59,8035992,1
1682,-3993.43,8038116,1
1681,-4019.11,8040244,1
1680,-4044.63,8042368,1
1679,-4069.99,8044492,1
1678,-4095.19,8046624,1
1677,-4120.24,8048748,1
1676,-4145.14,8050872,1
1675,-4169.88,8053000,1
1674,-4194.48,8055116,1
1673,-4218.94,8057244,1
1672,-4243.26,8059368,1
1671,-4267.44,8061492,1
1670,-4291.48,8063616,1
1669,-4315.39,8065744,1
1668,-4339.16,8067868,1
1667,-4362.81,8069992,1
1666,-4386.33,8072116,1
1665,-4409.72,8074248,1
1664,-4432.99,8076376,1
1663,-4456.14,8078496,1
1662,-4479.17,8080624,1
1661,-4502.08,8082744,1
1660,-4524.88,8084868,1
1659,-4547.56,8086992,1
1658,-4570.13,8089116,1
1657,-4592.58,8091240,1
1656,-4614.93,8093368,1
1655,-4637.17,8095492,1
1654,-4659.31,8097616,1
1653,-4681.34,8099740,1
1652,-4703.26,8101864,1
1651,-4725.09,8103996,1
1650,-4746.81,8106120,1
1649,-4768.44,8108244,1
1648,-4789.97,8110372,1
1647,-4811.40,8112488,1
1646,-4832.73,8114612,1
1645,-4853.98,8116740,1
1644,-4875.13,8118864,1
1643,-4896.19,8120988,1
1642,-4917.16,8123116,1
1641,-4938.04,8125240,1
1640,-4958.83,8127364,1
1639,-4979.53,8129488,1
1638,-5000.15,8131620,1
1637,-5020.68,8133744,1
1636,-5041.14,8135868,1
1635,-5061.50,8137996,1
1634,-5081.79,8140112,1
1633,-5102.00,8142240,1
1632,-5122.12,8144364,1
1631,-5142.17,8146488,1
1630,-5144.66,8148612,1
1629,-5144.66,8150740,1
1628,-5144.66,8152864,1
1627,-5144.66,8154988,1
1626,-5144.66,8157112,1
1625,-5144.66,8159244,1
1624,-5144.66,8161372,1
1623,-5144.66,8163496,1
1622,-5144.66,8165620,1
1621,-5144.66,8167740,1
1620,-5144.66,8169864,1
1619,-5144.66,8171988,1
1618,-5144.66,8174112,1
1617,-5144.66,8176240,1
1616,-5144.66,8178364,1
1615,-5144.66,8180488,1
1614,-5144.66,8182612,1
1613,-5144.66,8184740,1
1612,-5144.66,8186864,1
1611,-5144.66,8188996,1
1610,-5144.66,8191120,1
1609,-5144.66,8193244,1
1608,-5144.66,8195372,1
1607,-5144.66,8197488,1
1606,-5144.66,8199612,1
1605,-5144.66,8201740,1
1604,-5144.66,8203864,1
1603,-5144.66,8205988,1
1602,-5144.66,8208112,1
1601,-5144.66,8210240,1
1600,-5144.66,8212364,1
1599,-5144.66,8214488,1
1598,-5144.66,8216620,1
1597,-5144.66,8218744,1
1596,-5144.66,8220868,1
1595,-5144.66,8222996,1
1594,-5144.66,8225112,1
1593,-5144.66,8227240,1
1592,-5144.66,8229364,1
1591,-5144.66,8231488,1
1590,-5144.66,8233612,1
1589,-5144.66,8235736,1
1588,-5144.66,8237864,1
1587,-5144.66,8239988,1
1586,-5144.66,8242112,1
1585,-5144.66,8244244,1
1584,-5144.66,8246368,1
1583,-5144.66,8248496,1
1582,-5144.66,8250620,1
1581,-5144.66,8252740,1
1580,-5144.66,8254864,1
1579,-5144.66,8256988,1
1578,-5144.66,8259112,1
1577,-5144.66,8261240,1
1576,-5144.66,8263364,1
1575,-5144.66,8265488,1
1574,-5144.66,8267612,1
1573,-5144.66,8269740,1
1572,-5144.66,8271864,1
1571,-5144.66,8273992,1
1570,-5144.66,8276120,1
1569,-5144.66,8278244,1
1568,-5144.66,8280368,1
1567,-5144.66,8282488,1
1566,-5144.66,8284612,1
1565,-5144.66,8286736,1
1564,-5144.66,8288864,1
1563,-5144.66,8290988,1
1562,-5144.66,8293112,1
1561,-5144.66,8295240,1
1560,-5144.66,8297364,1
1559,-5144.66,8299488,1
1558,-5144.66,8301620,1
1557,-5144.66,8303744,1
1556,-5144.66,8305872,1
1555,-5144.66,8307996,1
1554,-5144.66,8310116,1
1553,-5144.66,8312240,1
1552,-5144.66,8314364,1
1551,-5144.66,8316488,1
1550,-5144.66,8318616,1
1549,-5144.66,8320740,1
1548,-5144.66,8322864,1
1547,-5144.66,8324988,1
1546,-5144.66,8327112,1
1545,-5144.66,8329244,1
1544,-5144.66,8331368,1
1543,-5144.66,8333496,1
1542,-5144.66,8335620,1
1541,-5144.66,8337740,1
1540,-5144.66,8339864,1
1539,-5144.66,8341988,1
1538,-5144.66,8344112,1
1537,-5144.66,8346240,1
1536,-5144.66,8348364,1
1535,-5144.66,8350488,1
1534,-5144.66,8352612,1
1533,-5144.66,8354740,1
1532,-5144.66,8356868,1
1531,-5144.66,8358992,1
1530,-5144.66,8361120,1
1529,-5144.66,8363244,1
1528,-5144.66,8365364,1
1527,-5144.66,8367488,1
1526,-5144.66,8369612,1
1525,-5144.66,8371740,1
1524,-5144.66,8373864,1
1523,-5144.66,8375988,1
1522,-5144.66,8378116,1
1521,-5144.66,8380236,1
1520,-5144.66,8382364,1
1519,-5144.66,8384488,1
1518,-5144.66,8386620,1
1517,-5144.66,8388744,1
1516,-5144.66,8390868,1
1515,-5144.66,8392996,1
1514,-5144.66,8395112,1
1513,-5144.66,8397240,1
1512,-5144.66,8399364,1
1511,-5144.66,8401488,1
1510,-5144.66,8403612,1
1509,-5144.66,8405740,1
1508,-5144.66,8407864,1
1507,-5144.66,8409988,1
1506,-5144.66,8412112,1
1505,-5144.66,8414244,1
1504,-5144.66,8416372,1
1503,-5144.66,8418496,1
1502,-5144.66,8420624,1
1501,-5144.66,8422740,1
1500,-5144.66,8424868,1
1499,-5144.66,8426992,1
1498,-5144.66,8429116,1
1497,-5144.66,8431244,1
1496,-5144.66,8433368,1
1495,-5144.66,8435492,1
1494,-5144.66,8437616,1
1493,-5144.66,8439740,1
1492,-5144.66,8441872,1
1491,-5144.66,8444000,1
1490,-5144.66,8446124,1
1489,-5144.66,8448248,1
1488,-5144.66,8450368,1
1487,-5144.66,8452492,1
1486,-5144.66,8454616,1
1485,-5144.66,8456744,1
1484,-5144.66,8458868,1
1483,-5144.66,8460992,1
1482,-5144.66,8463116,1
1481,-5144.66,8465240,1
1480,-5144.66,8467368,1
1479,-5144.66,8469492,1
1478,-5144.66,8471624,1
1477,-5144.66,8473748,1
1476,-5144.66,8475872,1
1475,-5144.66,8478000,1
1474,-5144.66,8480116,1
1473,-5144.66,8482244,1
1472,-5144.66,8484368,1
1471,-5144.66,8486492,1
1470,-5144.66,8488616,1
1469,-5144.66,8490744,1
1468,-5144.66,8492868,1
1467,-5144.66,8494992,1
1466,-5144.66,8497116,1
1465,-5144.66,8499248,1
1464,-5144.66,8501372,1
1463,-5144.66,8503500,1
1462,-5144.66,8505624,1
1461,-5144.66,8507740,1
1460,-5144.66,8509868,1
1459,-5144.66,8511992,1
1458,-5144.66,8514116,1
1457,-5144.66,8516240,1
1456,-5144.66,8518364,1
1455,-5144.66,8520492,1
1454,-5144.66,8522616,1
1453,-5144.66,8524740,1
1452,-5144.66,8526872,1
1451,-5144.66,8528996,1
1450,-5144.66,8531124,1
1449,-5144.66,8533248,1
1448,-5144.66,8535368,1
1447,-5144.66,8537492,1
1446,-5144.66,8539616,1
1445,-5144.66,8541744,1
1444,-5144.66,8543868,1
1443,-5144.66,8545992,1
1442,-5144.66,8548116,1
1441,-5144.66,8550240,1
1440,-5144.66,8552368,1
1439,-5144.66,8554492,1
1438,-5144.66,8556624,1
1437,-5144.66,8558748,1
1436,-5144.66,8560872,1
1435,-5144.66,8563000,1
1434,-5144.66,8565116,1
1433,-5144.66,8567240,1
1432,-5144.66,8569368,1
1431,-5144.66,8571492,1
1430,-5144.66,8573616,1
1429,-5144.66,8575740,1
1428,-5144.66,8577868,1
1427,-5144.66,8579992,1
1426,-5144.66,8582116,1
1425,-5144.66,8584248,1
1424,-5144.66,8586372,1
1423,-5144.66,8588500,1
1422,-5144.66,8590624,1
1421,-5144.66,8592740,1
1420,-5144.66,8594868,1
1419,-5144.66,8596992,1
1418,-5144.66,8599116,1
1417,-5144.66,8601240,1
1416,-5144.66,8603368,1
1415,-5144.66,8605492,1
1414,-5144.66,8607616,1
1413,-5144.66,8609744,1
1412,-5144.66,8611872,1
1411,-5144.66,8614000,1
1410,-5144.66,8616124,1
1409,-5144.66,8618248,1
1408,-5144.66,8620368,1
1407,-5144.66,8622492,1
1406,-5144.66,8624616,1
1405,-5144.66,8626740,1
1404,-5144.66,8628868,1
1403,-5144.66,8630992,1
1402,-5144.66,8633116,1
1401,-5144.66,8635240,1
1400,-5144.66,8637368,1
1399,-5144.66,8639496,1
1398,-5144.66,8641624,1
1397,-5144.66,8643748,1
1396,-5144.66,8645872,1
1395,-5144.66,8647992,1
1394,-5144.66,8650116,1
1393,-5144.66,8652240,1
1392,-5144.66,8654368,1
1391,-5144.66,8656492,1
1390,-5144.66,8658616,1
1389,-5144.66,8660740,1
1388,-5144.66,8662868,1
1387,-5144.66,8664992,1
1386,-5144.66,8667116,1
1385,-5144.66,8669248,1
1384,-5144.66,8671372,1
1383,-5144.66,8673496,1
1382,-5144.66,8675624,1
1381,-5144.66,8677740,1
1380,-5144.66,8679868,1
1379,-5144.66,8681992,1
1378,-5144.66,8684116,1
1377,-5144.66,8686240,1
1376,-5144.66,8688368,1
1375,-5144.66,8690492,1
1374,-5144.66,8692616,1
1373,-5144.66,8694740,1
1372,-5144.66,8696872,1
1371,-5144.66,8698996,1
1370,-5144.66,8701124,1
1369,-5144.66,8703248,1
1368,-5144.66,8705368,1
1367,-5144.66,8707492,1
1366,-5144.66,8709616,1
1365,-5144.66,8711744,1
1364,-5144.66,8713868,1
1363,-5144.66,8715992,1
1362,-5144.66,8718116,1
1361,-5144.66,8720244,1
1360,-5144.66,8722368,1
1359,-5144.66,8724500,1
1358,-5144.66,8726624,1
1357,-5144.66,8728748,1
1356,-5144.66,8730872,1
1355,-5144.66,8732992,1
1354,-5144.66,8735116,1
1353,-5144.66,8737244,1
1352,-5144.66,8739368,1
1351,-5144.66,8741492,1
1350,-5144.66,8743616,1
1349,-5144.66,8745744,1
1348,-5144.66,8747868,1
1347,-5144.66,8749992,1
1346,-5144.66,8752116,1
1345,-5144.66,8754248,1
1344,-5144.66,8756372,1
1343,-5144.66,8758500,1
1342,-5144.66,8760624,1
1341,-5144.66,8762744,1
1340,-5144.66,8764868,1
1339,-5144.66,8766992,1
1338,-5144.66,8769116,1
1337,-5144.66,8771244,1
1336,-5144.66,8773368,1
1335,-5144.66,8775492,1
1334,-5144.66,8777616,1
1333,-5144.66,8779744,1
1332,-5144.66,8781872,1
1331,-5144.66,8784000,1
1330,-5144.66,8786124,1
1329,-5144.66,8788248,1
1328,-5144.66,8790368,1
1327,-5144.66,8792492,1
1326,-5144.66,8794616,1
1325,-5144.66,8796740,1
1324,-5144.66,8798868,1
1323,-5144.66,8800992,1
1322,-5144.66,8803116,1
1321,-5144.66,8805240,1
1320,-5144.66,8807368,1
1319,-5144.66,8809496,1
1318,-5144.66,8811624,1
1317,-5144.66,8813748,1
1316,-5144.66,8815872,1
1315,-5144.66,8817992,1
1314,-5144.66,8820116,1
1313,-5144.66,8822244,1
1312,-5144.66,8824368,1
1311,-5144.66,8826492,1
1310,-5144.66,8828616,1
1309,-5144.66,8830744,1
1308,-5144.66,8832868,1
1307,-5144.66,8834992,1
1306,-5144.66,8837116,1
1305,-5144.66,8839248,1
1304,-5144.66,8841372,1
1303,-5144.66,8843496,1
1302,-5144.66,8845624,1
1301,-5144.66,8847740,1
1300,-5144.66,8849868,1
1299,-5144.66,8851992,1
1298,-5144.66,8854116,1
1297,-5144.66,8856244,1
1296,-5144.66,8858368,1
1295,-5144.66,8860492,1
1294,-5144.66,8862616,1
1293,-5144.66,8864744,1
1292,-5144.66,8866876,1
1291,-5144.66,8869000,1
1290,-5144.66,8871124,1
1289,-5144.66,8873248,1
1288,-5144.66,8875368,1
1287,-5144.66,8877492,1
1286,-5144.66,8879616,1
1285,-5144.66,8881744,1
1284,-5144.66,8883868,1
1283,-5144.66,8885992,1
1282,-5144.66,8888116,1
1281,-5144.66,8890244,1
1280,-5144.66,8892368,1
1279,-5144.66,8894500,1
1278,-5144.66,8896624,1
1277,-5144.66,8898748,1
1276,-5144.66,8900872,1
1275,-5144.66,8902992,1
1274,-5144.66,8905116,1
1273,-5144.66,8907240,1
1272,-5144.66,8909368,1
1271,-5144.66,8911492,1
1270,-5144.66,8913616,1
1269,-5144.66,8915744,1
1268,-5144.66,8917868,1
1267,-5144.66,8919992,1
1266,-5144.66,8922124,1
1265,-5144.66,8924248,1
1264,-5144.66,8926372,1
1263,-5144.66,8928496,1
1262,-5144.66,8930616,1
1261,-5144.66,8932744,1
1260,-5144.66,8934868,1
1259,-5144.66,8936992,1
1258,-5144.66,8939116,1
1257,-5144.66,8941240,1
1256,-5144.66,8943368,1
1255,-5144.66,8945492,1
1254,-5144.66,8947616,1
1253,-5144.66,8949744,1
1252,-5144.66,8951872,1
1251,-5144.66,8954000,1
1250,-5144.66,8956124,1
1249,-5144.66,8958248,1
1248,-5144.66,8960368,1
1247,-5144.66,8962492,1
1246,-5144.66,8964616,1
1245,-5144.66,8966744,1
1244,-5144.66,8968868,1
1243,-5144.66,8970992,1
1242,-5144.66,8973116,1
1241,-5144.66,8975240,1
1240,-5144.66,8977368,1
1239,-5144.66,8979500,1
1238,-5144.66,8981624,1
1237,-5144.66,8983748,1
1236,-5144.66,8985872,1
1235,-5144.66,8987992,1
1234,-5144.66,8990116,1
1233,-5144.66,8992244,1
1232,-5144.66,8994368,1
1231,-5144.66,8996492,1
1230,-5144.66,8998616,1
1229,-5144.66,9000744,1
1228,-5144.66,9002868,1
1227,-5144.66,9004992,1
1226,-5144.66,9007124,1
1225,-5144.66,9009248,1
1224,-5144.66,9011376,1
1223,-5144.66,9013500,1
1222,-5144.66,9015620,1
1221,-5144.66,9017744,1
1220,-5144.66,9019868,1
1219,-5144.66,9021992,1
1218,-5144.66,9024116,1
1217,-5144.66,9026244,1
1216,-5144.66,9028368,1
1215,-5144.66,9030492,1
1214,-5144.66,9032616,1
1213,-5144.66,9034744,1
1212,-5144.66,9036872,1
1211,-5144.66,9039000,1
1210,-5144.66,9041124,1
1209,-5144.66,9043248,1
1208,-5144.66,9045368,1
1207,-5144.66,9047492,1
1206,-5144.66,9049616,1
1205,-5144.66,9051744,1
1204,-5144.66,9053868,1
1203,-5144.66,9055992,1
1202,-5144.66,9058116,1
1201,-5144.66,9060244,1
1200,-5144.66,9062368,1
1199,-5144.66,9064500,1
1198,-5144.66,9066624,1
1197,-5144.66,9068748,1
1196,-5144.66,9070872,1
1195,-5144.66,9072992,1
1194,-5144.66,9075116,1
1193,-5144.66,9077244,1
1192,-5144.66,9079368,1
1191,-5144.66,9081492,1
1190,-5144.66,9083620,1
1189,-5144.66,9085744,1
1188,-5144.66,9087868,1
1187,-5144.66,9089992,1
1186,-5144.66,9092124,1
1185,-5144.66,9094248,1
1184,-5144.66,9096372,1
1183,-5144.66,9098500,1
1182,-5144.66,9100616,1
1181,-5144.66,9102740,1
1180,-5144.66,9104868,1
1179,-5144.66,9106992,1
1178,-5144.66,9109120,1
1177,-5144.66,9111244,1
1176,-5144.66,9113368,1
1175,-5144.66,9115492,1
1174,-5144.66,9117616,1
1173,-5144.66,9119740,1
1172,-5144.66,9121872,1
1171,-5144.66,9124000,1
1170,-5144.66,9126124,1
1169,-5144.66,9128248,1
1168,-5144.66,9130368,1
1167,-5144.66,9132492,1
1166,-5144.66,9134616,1
1165,-5144.66,9136744,1
1164,-5144.66,9138868,1
1163,-5144.66,9140992,1
1162,-5144.66,9143116,1
1161,-5144.66,9145244,1
1160,-5144.66,9147368,1
1159,-5144.66,9149500,1
1158,-5144.66,9151624,1
1157,-5144.66,9153748,1
1156,-5144.66,9155872,1
1155,-5144.66,9157992,1
1154,-5144.66,9160116,1
1153,-5144.66,9162240,1
1152,-5144.66,9164368,1
1151,-5144.66,9166492,1
1150,-5144.66,9168616,1
1149,-5144.66,9170744,1
1148,-5144.66,9172868,1
1147,-5144.66,9174992,1
1146,-5144.66,9177124,1
1145,-5144.66,9179248,1
1144,-5144.66,9181372,1
1143,-5144.66,9183500,1
1142,-5144.66,9185616,1
1141,-5144.66,9187744,1
1140,-5144.66,9189868,1
1139,-5144.66,9191992,1
1138,-5144.66,9194116,1
1137,-5144.66,9196244,1
1136,-5144.66,9198368,1
1135,-5144.66,9200492,1
1134,-5144.66,9202616,1
1133,-5144.66,9204748,1
1132,-5144.66,9206876,1
1131,-5144.66,9209000,1
1130,-5144.66,9211124,1
1129,-5144.66,9213244,1
1128,-5144.66,9215368,1
1127,-5144.66,9217492,1
1126,-5144.66,9219616,1
1125,-5144.66,9221740,1
1124,-5144.66,9223868,1
1123,-5144.66,9225992,1
1122,-5144.66,9228116,1
1121,-5144.66,9230244,1
1120,-5144.66,9232368,1
1119,-5144.66,9234500,1
1118,-5144.66,9236624,1
1117,-5144.66,9238748,1
1116,-5144.66,9240876,1
1115,-5144.66,9242992,1
1114,-5144.66,9245116,1
1113,-5144.66,9247244,1
1112,-5144.66,9249368,1
1111,-5144.66,9251492,1
1110,-5144.66,9253616,1
1109,-5144.66,9255744,1
1108,-5144.66,9257868,1
1107,-5144.66,9259992,1
1106,-5144.66,9262124,1
1105,-5144.66,9264248,1
1104,-5144.66,9266372,1
1103,-5144.66,9268500,1
1102,-5144.66,9270616,1
1101,-5144.66,9272740,1
1100,-5144.66,9274868,1
1099,-5144.66,9276992,1
1098,-5144.66,9279116,1
1097,-5144.66,9281240,1
1096,-5144.66,9283368,1
1095,-5144.66,9285492,1
1094,-5144.66,9287616,1
1093,-5144.66,9289748,1
1092,-5144.66,9291872,1
1091,-5144.66,9294000,1
1090,-5144.66,9296124,1
1089,-5144.66,9298244,1
1088,-5144.66,9300368,1
1087,-5144.66,9302492,1
1086,-5144.66,9304616,1
1085,-5144.66,9306744,1
1084,-5144.66,9308868,1
1083,-5144.66,9310992,1
1082,-5144.66,9313116,1
1081,-5144.66,9315244,1
1080,-5144.66,9317368,1
1079,-5144.66,9319500,1
1078,-5144.66,9321624,1
1077,-5144.66,9323748,1
1076,-5144.66,9325872,1
1075,-5144.66,9327992,1
1074,-5144.66,9330116,1
1073,-5144.66,9332240,1
1072,-5144.66,9334368,1
1071,-5144.66,9336492,1
1070,-5144.66,9338616,1
1069,-5144.66,9340740,1
1068,-5144.66,9342868,1
1067,-5144.66,9344992,1
1066,-5144.66,9347124,1
1065,-5144.66,9349248,1
1064,-5144.66,9351372,1
1063,-5144.66,9353500,1
1062,-5144.66,9355616,1
1061,-5144.66,9357744,1
1060,-5144.66,9359868,1
1059,-5144.66,9361992,1
1058,-5144.66,9364116,1
1057,-5144.66,9366244,1
1056,-5144.66,9368368,1
1055,-5144.66,9370492,1
1054,-5144.66,9372616,1
1053,-5144.66,9374748,1
1052,-5144.66,9376872,1
1051,-5144.66,9379000,1
1050,-5144.66,9381124,1
1049,-5144.66,9383240,1
1048,-5144.66,9385368,1
1047,-5144.66,9387492,1
1046,-5144.66,9389616,1
1045,-5144.66,9391744,1
1044,-5144.66,9393868,1
1043,-5144.66,9395992,1
1042,-5144.66,9398116,1
1041,-5144.66,9400244,1
1040,-5144.66,9402376,1
1039,-5144.66,9404500,1
1038,-5144.66,9406624,1
1037,-5144.66,9408748,1
1036,-5144.66,9410872,1
1035,-5144.66,9412992,1
1034,-5144.66,9415116,1
1033,-5144.66,9417240,1
1032,-5144.66,9419368,1
1031,-5144.66,9421492,1
1030,-5144.66,9423616,1
1029,-5144.66,9425744,1
1028,-5144.66,9427868,1
1027,-5144.66,9429992,1
1026,-5144.66,9432124,1
1025,-5144.66,9434248,1
1024,-5144.66,9436372,1
1023,-5144.66,9438500,1
1022,-5144.66,9440620,1
1021,-5144.66,9442744,1
1020,-5144.66,9444868,1
1019,-5144.66,9446992,1
1018,-5144.66,9449116,1
1017,-5144.66,9451240,1
1016,-5144.66,9453368,1
1015,-5144.66,9455492,1
1014,-5144.66,9457616,1
1013,-5144.66,9459748,1
1012,-5144.66,9461872,1
1011,-5144.66,9463996,1
1010,-5144.66,9466124,1
1009,-5144.66,9468244,1
1008,-5144.66,9470368,1
1007,-5144.66,9472492,1
1006,-5144.66,9474616,1
1005,-5144.66,9476744,1
1004,-5144.66,9478868,1
1003,-5144.66,9480992,1
1002,-5144.66,9483116,1
1001,-5144.66,9485240,1
1000,-5144.66,9487372,1
999,-5144.66,9489500,1
998,-5144.66,9491540,1
997,-5144.66,9493580,1
996,-5144.66,9495620,1
995,-5144.66,9497660,1
994,-5144.66,9499700,1
993,-5144.66,9501740,1
992,-5144.66,9503780,1
991,-5144.66,9505816,1
990,-5144.66,9507860,1
989,-5144.66,9509900,1
988,-5144.66,9511932,1
987,-5144.66,9513972,1
986,-5144.66,9516012,1
985,-5144.66,9518052,1
984,-5144.66,9520092,1
983,-5144.66,9522132,1
982,-5144.66,9524172,1
981,-5144.66,9526212,1
980,-5144.66,9528252,1
979,-5144.66,9530292,1
978,-5144.66,9532332,1
977,-5144.66,9534372,1
976,-5144.66,9536412,1
975,-5144.66,9538452,1
974,-5144.66,9540492,1
973,-5144.66,9542532,1
972,-5144.66,9544572,1
971,-5144.66,9546612,1
970,-5144.66,9548652,1
969,-5144.66,9550692,1
968,-5144.66,9552732,1
967,-5144.66,9554772,1
966,-5144.66,9556812,1
965,-5144.66,9558852,1
964,-5144.66,9560892,1
963,-5144.66,9562932,1
962,-5144.66,9564972,1
961,-5144.66,9567012,1
960,-5144.66,9569052,1
959,-5144.66,9571092,1
958,-5144.66,9573132,1
957,-5144.66,9575172,1
956,-5144.66,9577212,1
955,-5144.66,9579252,1
954,-5144.66,9581292,1
953,-5144.66,9583332,1
952,-5144.66,9585372,1
951,-5144.66,9587412,1
950,-5144.66,9589452,1
949,-5144.66,9591492,1
948,-5144.66,9593532,1
947,-5144.66,9595572,1
946,-5144.66,9597612,1
945,-5144.66,9599652,1
944,-5144.66,9601692,1
943,-5144.66,9603732,1
942,-5144.66,9605772,1
941,-5144.66,9607812,1
940,-5144.66,9609852,1
939,-5144.66,9611892,1
938,-5144.66,9613932,1
937,-5144.66,9615972,1
936,-5144.66,9618012,1
935,-5144.66,9620052,1
934,-5144.66,9622092,1
933,-5144.66,9624132,1
932,-5144.66,9626172,1
931,-5144.66,9628212,1
930,-5144.66,9630252,1
929,-5144.66,9632292,1
928,-5144.66,9634332,1
927,-5144.66,9636372,1
926,-5144.66,9638412,1
925,-5144.66,9640452,1
924,-5144.66,9642492,1
923,-5144.66,9644532,1
922,-5144.66,9646572,1
921,-5144.66,9648612,1
920,-5144.66,9650652,1
919,-5144.66,9652692,1
918,-5144.66,9654732,1
917,-5144.66,9656772,1
916,-5144.66,9658812,1
915,-5144.66,9660852,1
914,-5144.66,9662892,1
913,-5144.66,9664932,1
912,-5144.66,9666972,1
911,-5144.66,9669012,1
910,-5144.66,9671052,1
909,-5144.66,9673092,1
908,-5144.66,9675132,1
907,-5144.66,9677172,1
906,-5144.66,9679212,1
905,-5144.66,9681252,1
904,-5144.66,9683292,1
903,-5144.66,9685332,1
902,-5144.66,9687372,1
901,-5144.66,9689412,1
900,-5144.66,9691452,1
899,-5144.66,9693496,1
898,-5144.66,9695540,1
897,-5144.66,9697580,1
896,-5144.66,9699620,1
895,-5144.66,9701660,1
894,-5144.66,9703700,1
893,-5144.66,9705740,1
892,-5144.66,9707780,1
891,-5144.66,9709820,1
890,-5144.66,9711860,1
889,-5144.66,9713900,1
888,-5144.66,9715940,1
887,-5144.66,9717980,1
886,-5144.66,9720020,1
885,-5144.66,9722060,1
884,-5144.66,9724100,1
883,-5144.66,9726140,1
882,-5144.66,9728180,1
881,-5144.66,9730220,1
880,-5144.66,9732260,1
879,-5144.66,9734300,1
878,-5144.66,9736340,1
877,-5144.66,9738380,1
876,-5144.66,9740420,1
875,-5144.66,9742460,1
874,-5144.66,9744500,1
873,-5144.66,9746536,1
872,-5144.66,9748580,1
871,-5144.66,9750620,1
870,-5144.66,9752660,1
869,-5144.66,9754700,1
868,-5144.66,9756740,1
867,-5144.66,9758780,1
866,-5144.66,9760820,1
865,-5144.66,9762860,1
864,-5144.66,9764900,1
863,-5144.66,9766940,1
862,-5144.66,9768980,1
861,-5144.66,9771020,1
860,-5144.66,9773052,1
859,-5144.66,9775092,1
858,-5144.66,9777132,1
857,-5144.66,9779172,1
856,-5144.66,9781212,1
855,-5144.66,9783252,1
854,-5144.66,9785292,1
853,-5144.66,9787332,1
852,-5144.66,9789372,1
851,-5144.66,9791412,1
850,-5144.66,9793452,1
849,-5144.66,9795492,1
848,-5144.66,9797532,1
847,-5144.66,9799572,1
846,-5144.66,9801612,1
845,-5144.66,9803652,1
844,-5144.66,9805692,1
843,-5144.66,9807732,1
842,-5144.66,9809772,1
841,-5144.66,9811812,1
840,-5144.66,9813852,1
839,-5144.66,9815892,1
838,-5144.66,9817932,1
837,-5144.66,9819972,1
836,-5144.66,9822012,1
835,-5144.66,9824052,1
834,-5144.66,9826092,1
833,-5144.66,9828132,1
832,-5144.66,9830172,1
831,-5144.66,9832212,1
830,-5144.66,9834252,1
829,-5144.66,9836292,1
828,-5144.66,9838332,1
827,-5144.66,9840372,1
826,-5144.66,9842412,1
825,-5144.66,9844452,1
824,-5144.66,9846492,1
823,-5144.66,9848532,1
822,-5144.66,9850572,1
821,-5144.66,9852612,1
820,-5144.66,9854652,1
819,-5144.66,9856692,1
818,-5144.66,9858732,1
817,-5144.66,9860772,1
816,-5144.66,9862812,1
815,-5144.66,9864852,1
814,-5144.66,9866892,1
813,-5144.66,9868932,1
812,-5144.66,9870972,1
811,-5144.66,9873012,1
810,-5144.66,9875052,1
809,-5144.66,9877092,1
808,-5144.66,9879132,1
807,-5144.66,9881172,1
806,-5144.66,9883212,1
805,-5144.66,9885252,1
804,-5144.66,9887292,1
803,-5144.66,9889332,1
802,-5144.66,9891372,1
801,-5144.66,9893412,1
800,-5144.66,9895452,1
799,-5144.66,9897492,1
798,-5144.66,9899532,1
797,-5144.66,9901572,1
796,-5144.66,9903612,1
795,-5144.66,9905652,1
794,-5144.66,9907692,1
793,-5144.66,9909732,1
792,-5144.66,9911772,1
791,-5144.66,9913812,1
790,-5144.66,9915852,1
789,-5144.66,9917892,1
788,-5144.66,9919932,1
787,-5144.66,9921972,1
786,-5144.66,9924012,1
785,-5144.66,9926052,1
784,-5144.66,9928092,1
783,-5144.66,9930132,1
782,-5144.66,9932172,1
781,-5144.66,9934212,1
780,-5144.66,9936252,1
779,-5144.66,9938292,1
778,-5144.66,9940332,1
777,-5144.66,9942372,1
776,-5144.66,9944412,1
775,-5144.66,9946452,1
774,-5144.66,9948492,1
773,-5144.66,9950532,1
772,-5144.66,9952572,1
771,-5144.66,9954616,1
770,-5144.66,9956660,1
769,-5144.66,9958700,1
768,-5144.66,9960740,1
767,-5144.66,9962780,1
766,-5144.66,9964820,1
765,-5144.66,9966860,1
764,-5144.66,9968900,1
763,-5144.66,9970940,1
762,-5144.66,9972980,1
761,-5144.66,9975020,1
760,-5144.66,9977060,1
759,-5144.66,9979100,1
758,-5144.66,9981140,1
757,-5144.66,9983180,1
756,-5144.66,9985220,1
755,-5144.66,9987260,1
754,-5144.66,9989300,1
753,-5144.66,9991340,1
752,-5144.66,9993380,1
751,-5144.66,9995420,1
750,-5144.66,9997460,1
749,-5144.66,9999500,1
748,-5144.66,10001540,1
747,-5144.66,10003664,1
746,-5144.66,10005788,1
745,-5144.66,10007908,1
744,-5144.66,10010032,1
743,-5144.66,10012160,1
742,-5144.66,10014284,1
741,-5144.66,10016408,1
740,-5144.66,10018532,1
739,-5144.66,10020656,1
738,-5144.66,10022780,1
737,-5144.66,10024908,1
736,-5144.66,10027040,1
735,-5144.66,10029164,1
734,-5144.66,10031288,1
733,-5144.66,10033416,1
732,-5144.66,10035532,1
731,-5144.66,10037656,1
730,-5144.66,10039784,1
729,-5144.66,10041908,1
728,-5144.66,10044032,1
727,-5144.66,10046160,1
726,-5144.66,10048284,1
725,-5144.66,10050408,1
724,-5144.66,10052532,1
723,-5144.66,10054664,1
722,-5144.66,10056788,1
721,-5144.66,10058916,1
720,-5144.66,10061040,1
719,-5144.66,10063164,1
718,-5144.66,10065284,1
717,-5144.66,10067408,1
716,-5144.66,10069532,1
715,-5144.66,10071660,1
714,-5144.66,10073784,1
713,-5144.66,10075908,1
712,-5144.66,10078032,1
711,-5144.66,10080160,1
710,-5144.66,10082284,1
709,-5144.66,10084416,1
708,-5144.66,10086540,1
707,-5144.66,10088664,1
706,-5144.66,10090792,1
705,-5144.66,10092908,1
704,-5144.66,10095032,1
703,-5144.66,10097160,1
702,-5144.66,10099284,1
701,-5144.66,10101408,1
700,-5144.66,10103532,1
699,-5144.66,10105660,1
698,-5144.66,10107784,1
697,-5144.66,10109908,1
696,-5144.66,10112040,1
695,-5144.66,10114164,1
694,-5144.66,10116292,1
693,-5144.66,10118412,1
692,-5144.66,10120532,1
691,-5144.66,10122660,1
690,-5144.66,10124784,1
689,-5144.66,10126908,1
688,-5144.66,10129032,1
687,-5144.66,10131156,1
686,-5144.66,10133284,1
685,-5144.66,10135408,1
684,-5144.66,10137532,1
683,-5144.66,10139664,1
682,-5144.66,10141788,1
681,-5144.66,10143916,1
680,-5144.66,10146040,1
679,-5144.66,10148156,1
678,-5144.66,10150284,1
677,-5144.66,10152408,1
676,-5144.66,10154532,1
675,-5144.66,10156660,1
674,-5144.66,10158784,1
673,-5144.66,10160908,1
672,-5144.66,10163032,1
671,-5144.66,10165160,1
670,-5144.66,10167284,1
669,-5144.66,10169416,1
668,-5144.66,10171540,1
667,-5144.66,10173664,1
666,-5144.66,10175788,1
665,-5144.66,10177908,1
664,-5144.66,10180032,1
663,-5144.66,10182160,1
662,-5144.66,10184284,1
661,-5144.66,10186408,1
660,-5144.66,10188532,1
659,-5144.66,10190660,1
658,-5144.66,10192784,1
657,-5144.66,10194908,1
656,-5144.66,10197040,1
655,-5144.66,10199164,1
654,-5144.66,10201288,1
653,-5144.66,10203416,1
652,-5144.66,10205536,1
651,-5144.66,10207660,1
650,-5144.66,10209784,1
649,-5144.66,10211908,1
648,-5144.66,10214032,1
647,-5144.66,10216160,1
646,-5144.66,10218284,1
645,-5144.66,10220408,1
644,-5144.66,10222532,1
643,-5144.66,10224664,1
642,-5144.66,10226788,1
641,-5144.66,10228916,1
640,-5144.66,10231040,1
639,-5144.66,10233160,1
638,-5144.66,10235284,1
637,-5144.66,10237408,1
636,-5144.66,10239532,1
635,-5144.66,10241656,1
634,-5144.66,10243784,1
633,-5144.66,10245908,1
632,-5144.66,10248032,1
631,-5144.66,10250160,1
630,-5144.66,10252284,1
629,-5144.66,10254412,1
628,-5144.66,10256540,1
627,-5144.66,10258664,1
626,-5144.66,10260788,1
625,-5144.66,10262908,1
624,-5144.66,10265032,1
623,-5144.66,10267160,1
622,-5144.66,10269284,1
621,-5144.66,10271408,1
620,-5144.66,10273532,1
619,-5144.66,10275660,1
618,-5144.66,10277784,1
617,-5144.66,10279908,1
616,-5144.66,10282040,1
615,-5144.66,10284164,1
614,-5144.66,10286288,1
613,-5144.66,10288416,1
612,-5144.66,10290532,1
611,-5144.66,10292660,1
610,-5144.66,10294784,1
609,-5144.66,10296908,1
608,-5144.66,10299032,1
607,-5144.66,10301160,1
606,-5144.66,10303284,1
605,-5144.66,10305408,1
604,-5144.66,10307532,1
603,-5144.66,10309664,1
602,-5144.66,10311788,1
601,-5144.66,10313916,1
600,-5144.66,10316040,1
599,-5144.66,10318160,1
598,-5144.66,10320284,1
597,-5144.66,10322408,1
596,-5144.66,10324532,1
595,-5144.66,10326660,1
594,-5144.66,10328784,1
593,-5144.66,10330908,1
592,-5144.66,10333032,1
591,-5144.66,10335160,1
590,-5144.66,10337288,1
589,-5144.66,10339412,1
588,-5144.66,10341540,1
587,-5144.66,10343664,1
586,-5144.66,10345788,1
585,-5144.66,10347908,1
584,-5144.66,10350032,1
583,-5144.66,10352160,1
582,-5144.66,10354284,1
581,-5144.66,10356408,1
580,-5144.66,10358532,1
579,-5144.66,10360656,1
578,-5144.66,10362784,1
577,-5144.66,10364908,1
576,-5144.66,10367040,1
575,-5144.66,10369164,1
574,-5144.66,10371288,1
573,-5144.66,10373416,1
572,-5144.66,10375532,1
571,-5144.66,10377660,1
570,-5144.66,10379784,1
569,-5144.66,10381908,1
568,-5144.66,10384032,1
567,-5144.66,10386160,1
566,-5144.66,10388284,1
565,-5144.66,10390408,1
564,-5144.66,10392532,1
563,-5144.66,10394664,1
562,-5144.66,10396788,1
561,-5144.66,10398912,1
560,-5144.66,10401040,1
559,-5144.66,10403156,1
558,-5144.66,10405284,1
557,-5144.66,10407408,1
556,-5144.66,10409532,1
555,-5144.66,10411656,1
554,-5144.66,10413784,1
553,-5144.66,10415908,1
552,-5144.66,10418032,1
551,-5144.66,10420160,1
550,-5144.66,10422288,1
549,-5144.66,10424416,1
548,-5144.66,10426540,1
547,-5144.66,10428664,1
546,-5144.66,10430784,1
545,-5144.66,10432908,1
544,-5144.66,10435032,1
543,-5144.66,10437156,1
542,-5144.66,10439284,1
541,-5144.66,10441408,1
540,-5144.66,10443532,1
539,-5144.66,10445660,1
538,-5144.66,10447784,1
537,-5144.66,10449908,1
536,-5144.66,10452040,1
535,-5144.66,10454164,1
534,-5144.66,10456288,1
533,-5144.66,10458412,1
532,-5144.66,10460532,1
531,-5144.66,10462660,1
530,-5144.66,10464784,1
529,-5144.66,10466908,1
528,-5144.66,10469032,1
527,-5144.66,10471156,1
526,-5144.66,10473284,1
525,-5144.66,10475408,1
524,-5144.66,10477532,1
523,-5144.66,10479664,1
522,-5144.66,10481788,1
521,-5144.66,10483912,1
520,-5144.66,10486040,1
519,-5144.66,10488156,1
518,-5144.66,10490284,1
517,-5144.66,10492408,1
516,-5144.66,10494532,1
515,-5144.66,10496660,1
514,-5144.66,10498784,1
513,-5144.66,10500908,1
512,-5144.66,10503032,1
511,-5144.66,10505160,1
510,-5144.66,10507288,1
509,-5144.66,10509416,1
508,-5144.66,10511540,1
507,-5144.66,10513664,1
506,-5144.66,10515784,1
505,-5144.66,10517908,1
504,-5144.66,10520032,1
503,-5144.66,10522160,1
502,-5144.66,10524284,1
501,-5144.66,10526408,1
500,-5144.66,10528532,1
499,-5144.66,10530660,1
498,-5144.66,10532784,1
497,-5144.66,10534908,1
496,-5144.66,10537040,1
495,-5144.66,10539164,1
494,-5144.66,10541288,1
493,-5144.66,10543416,1
492,-5144.66,10545532,1
491,-5144.66,10547656,1
490,-5144.66,10549784,1
489,-5144.66,10551908,1
488,-5144.66,10554032,1
487,-5144.66,10556160,1
486,-5144.66,10558284,1
485,-5144.66,10560408,1
484,-5144.66,10562532,1
483,-5144.66,10564664,1
482,-5144.66,10566788,1
481,-5144.66,10568916,1
480,-5144.66,10571040,1
479,-5144.66,10573160,1
478,-5144.66,10575284,1
477,-5144.66,10577408,1
476,-5144.66,10579532,1
475,-5144.66,10581660,1
474,-5144.66,10583784,1
473,-5144.66,10585908,1
472,-5144.66,10588032,1
471,-5144.66,10590156,1
470,-5144.66,10592288,1
469,-5144.66,10594416,1
468,-5144.66,10596540,1
467,-5144.66,10598664,1
466,-5144.66,10600784,1
465,-5144.66,10602908,1
464,-5144.66,10605032,1
463,-5144.66,10607156,1
462,-5144.66,10609284,1
461,-5144.66,10611408,1
460,-5144.66,10613532,1
459,-5144.66,10615656,1
458,-5144.66,10617784,1
457,-5144.66,10619916,1
456,-5144.66,10622040,1
455,-5144.66,10624164,1
454,-5144.66,10626288,1
453,-5144.66,10628408,1
452,-5144.66,10630532,1
451,-5144.66,10632656,1
450,-5144.66,10634784,1
449,-5144.66,10636908,1
448,-5144.66,10639032,1
447,-5144.66,10641160,1
446,-5144.66,10643284,1
445,-5144.66,10645408,1
444,-5144.66,10647532,1
443,-5144.66,10649664,1
442,-5144.66,10651788,1
441,-5144.66,10653916,1
440,-5144.66,10656040,1
439,-5144.66,10658160,1
438,-5144.66,10660284,1
437,-5144.66,10662408,1
436,-5144.66,10664532,1
435,-5144.66,10666656,1
434,-5144.66,10668784,1
433,-5144.66,10670908,1
432,-5144.66,10673032,1
431,-5144.66,10675156,1
430,-5144.66,10677288,1
429,-5144.66,10679416,1
428,-5144.66,10681540,1
427,-5144.66,10683664,1
426,-5144.66,10685784,1
425,-5144.66,10687908,1
424,-5144.66,10690032,1
423,-5144.66,10692160,1
422,-5144.66,10694284,1
421,-5144.66,10696408,1
420,-5144.66,10698532,1
419,-5144.66,10700656,1
418,-5144.66,10702784,1
417,-5144.66,10704916,1
416,-5144.66,10707040,1
415,-5144.66,10709164,1
414,-5144.66,10711288,1
413,-5144.66,10713408,1
412,-5144.66,10715532,1
411,-5144.66,10717656,1
410,-5144.66,10719784,1
409,-5144.66,10721908,1
408,-5144.66,10724032,1
407,-5144.66,10726156,1
406,-5144.66,10728284,1
405,-5144.66,10730408,1
404,-5144.66,10732532,1
403,-5144.66,10734664,1
402,-5144.66,10736788,1
401,-5144.66,10738916,1
400,-5144.66,10741040,1
399,-5144.66,10743160,1
398,-5144.66,10745284,1
397,-5144.66,10747408,1
396,-5144.66,10749532,1
395,-5144.66,10751656,1
394,-5144.66,10753784,1
393,-5144.66,10755908,1
392,-5144.66,10758032,1
391,-5144.66,10760160,1
390,-5144.66,10762288,1
389,-5144.66,10764412,1
388,-5144.66,10766540,1
387,-5144.66,10768664,1
386,-5144.66,10770784,1
385,-5144.66,10772908,1
384,-5144.66,10775032,1
383,-5144.66,10777156,1
382,-5144.66,10779284,1
381,-5144.66,10781408,1
380,-5144.66,10783532,1
379,-5144.66,10785656,1
378,-5144.66,10787784,1
377,-5144.66,10789916,1
376,-5144.66,10792040,1
375,-5144.66,10794164,1
374,-5144.66,10796288,1
373,-5144.66,10798408,1
372,-5144.66,10800536,1
371,-5144.66,10802656,1
370,-5144.66,10804784,1
369,-5144.66,10806908,1
368,-5144.66,10809032,1
367,-5144.66,10811160,1
366,-5144.66,10813284,1
365,-5144.66,10815408,1
364,-5144.66,10817532,1
363,-5144.66,10819664,1
362,-5144.66,10821792,1
361,-5144.66,10823916,1
360,-5144.66,10826040,1
359,-5144.66,10828156,1
358,-5144.66,10830284,1
357,-5144.66,10832408,1
356,-5144.66,10834532,1
355,-5144.66,10836660,1
354,-5144.66,10838784,1
353,-5144.66,10840908,1
352,-5144.66,10843032,1
351,-5144.66,10845156,1
350,-5144.66,10847288,1
349,-5144.66,10849416,1
348,-5144.66,10851540,1
347,-5144.66,10853664,1
346,-5144.66,10855784,1
345,-5144.66,10857908,1
344,-5144.66,10860032,1
343,-5144.66,10862160,1
342,-5144.66,10864284,1
341,-5144.66,10866408,1
340,-5144.66,10868532,1
339,-5144.66,10870656,1
338,-5144.66,10872784,1
337,-5144.66,10874916,1
336,-5144.66,10877040,1
335,-5144.66,10879164,1
334,-5144.66,10881288,1
333,-5144.66,10883408,1
332,-5144.66,10885532,1
331,-5144.66,10887660,1
330,-5144.66,10889784,1
329,-5144.66,10891908,1
328,-5144.66,10894032,1
327,-5144.66,10896160,1
326,-5144.66,10898284,1
325,-5144.66,10900408,1
324,-5144.66,10902540,1
323,-5144.66,10904664,1
322,-5144.66,10906788,1
321,-5144.66,10908912,1
320,-5144.66,10911032,1
319,-5144.66,10913160,1
318,-5144.66,10915284,1
317,-5144.66,10917408,1
316,-5144.66,10919532,1
315,-5144.66,10921660,1
314,-5144.66,10923784,1
313,-5144.66,10925908,1
312,-5144.66,10928032,1
311,-5144.66,10930160,1
310,-5144.66,10932288,1
309,-5144.66,10934412,1
308,-5144.66,10936540,1
307,-5144.66,10938664,1
306,-5144.66,10940784,1
305,-5144.66,10942908,1
304,-5144.66,10945032,1
303,-5144.66,10947156,1
302,-5144.66,10949284,1
301,-5144.66,10951408,1
300,-5144.66,10953532,1
299,-5144.66,10955656,1
298,-5144.66,10957784,1
297,-5144.66,10959912,1
296,-5144.66,10962040,1
295,-5144.66,10964164,1
294,-5144.66,10966288,1
293,-5144.66,10968408,1
292,-5144.66,10970532,1
291,-5144.66,10972660,1
290,-5144.66,10974784,1
289,-5144.66,10976908,1
288,-5144.66,10979032,1
287,-5144.66,10981160,1
286,-5144.66,10983284,1
285,-5144.66,10985408,1
284,-5144.66,10987540,1
283,-5144.66,10989664,1
282,-5144.66,10991788,1
281,-5144.66,10993916,1
280,-5144.66,10996032,1
279,-5144.66,10998160,1
278,-5144.66,11000284,1
277,-5144.66,11002408,1
276,-5144.66,11004532,1
275,-5144.66,11006656,1
274,-5144.66,11008784,1
273,-5144.66,11010908,1
272,-5144.66,11013032,1
271,-5144.66,11015160,1
270,-5144.66,11017288,1
269,-5144.66,11019412,1
268,-5144.66,11021540,1
267,-5144.66,11023664,1
266,-5144.66,11025784,1
265,-5144.66,11027908,1
264,-5144.66,11030032,1
263,-5144.66,11032156,1
262,-5144.66,11034284,1
261,-5144.66,11036408,1
260,-5144.66,11038532,1
259,-5144.66,11040656,1
258,-5144.66,11042784,1
257,-5144.66,11044916,1
256,-5144.66,11047040,1
255,-5144.66,11049164,1
254,-5144.66,11051288,1
253,-5144.66,11053408,1
252,-5144.66,11055532,1
251,-5144.66,11057660,1
250,-5144.66,11059784,1
249,-5144.66,11061908,1
248,-5144.66,11064032,1
247,-5144.66,11066156,1
246,-5144.66,11068284,1
245,-5144.66,11070408,1
244,-5144.66,11072540,1
243,-5144.66,11074664,1
242,-5144.66,11076788,1
241,-5144.66,11078912,1
240,-5144.66,11081032,1
239,-5144.66,11083156,1
238,-5144.66,11085284,1
237,-5144.66,11087408,1
236,-5144.66,11089532,1
235,-5144.66,11091656,1
234,-5144.66,11093784,1
233,-5144.66,11095908,1
232,-5144.66,11098032,1
231,-5144.66,11100156,1
230,-5144.66,11102288,1
229,-5144.66,11104412,1
228,-5144.66,11106540,1
227,-5144.66,11108664,1
226,-5144.66,11110784,1
225,-5144.66,11112908,1
224,-5144.66,11115032,1
223,-5144.66,11117156,1
222,-5144.66,11119284,1
221,-5144.66,11121408,1
220,-5144.66,11123532,1
219,-5144.66,11125660,1
218,-5144.66,11127780,1
217,-5144.66,11129912,1
216,-5144.66,11132040,1
215,-5144.66,11134164,1
214,-5144.66,11136288,1
213,-5144.66,11138408,1
212,-5144.66,11140532,1
211,-5144.66,11142656,1
210,-5144.66,11144784,1
209,-5144.66,11146908,1
208,-5144.66,11149032,1
207,-5144.66,11151156,1
206,-5144.66,11153284,1
205,-5144.66,11155408,1
204,-5144.66,11157540,1
203,-5144.66,11159664,1
202,-5144.66,11161792,1
201,-5144.66,11163916,1
200,-5144.66,11166032,1
199,-5144.66,11168160,1
198,-5144.66,11170284,1
197,-5144.66,11172408,1
196,-5144.66,11174532,1
195,-5144.66,11176660,1
194,-5144.66,11178784,1
193,-5144.66,11180908,1
192,-5144.66,11183032,1
191,-5144.66,11185164,1
190,-5144.66,11187288,1
189,-5144.66,11189416,1
188,-5144.66,11191540,1
187,-5144.66,11193660,1
186,-5144.66,11195784,1
185,-5144.66,11197908,1
184,-5144.66,11200032,1
183,-5144.66,11202160,1
182,-5144.66,11204284,1
181,-5144.66,11206408,1
180,-5144.66,11208532,1
179,-5144.66,11210660,1
178,-5144.66,11212784,1
177,-5144.66,11214916,1
176,-5144.66,11217040,1
175,-5144.66,11219164,1
174,-5144.66,11221288,1
173,-5144.66,11223408,1
172,-5144.66,11225532,1
171,-5144.66,11227660,1
170,-5144.66,11229784,1
169,-5144.66,11231908,1
168,-5144.66,11234032,1
167,-5144.66,11236160,1
166,-5144.66,11238284,1
165,-5144.66,11240408,1
164,-5144.66,11242540,1
163,-5144.66,11244664,1
162,-5144.66,11246788,1
161,-5144.66,11248916,1
160,-5144.66,11251032,1
159,-5144.66,11253160,1
158,-5144.66,11255284,1
157,-5144.66,11257408,1
156,-5144.66,11259532,1
155,-5144.66,11261660,1
154,-5144.66,11263784,1
153,-5144.66,11265908,1
152,-5144.66,11268036,1
151,-5144.66,11270164,1
150,-5144.66,11272292,1
149,-5144.66,11274416,1
148,-5144.66,11276540,1
147,-5144.66,11278660,1
146,-5144.66,11280784,1
145,-5144.66,11282908,1
144,-5144.66,11285032,1
143,-5144.66,11287156,1
142,-5144.66,11289284,1
141,-5144.66,11291408,1
140,-5144.66,11293536,1
139,-5144.66,11295660,1
138,-5144.66,11297784,1
137,-5144.66,11299916,1
136,-5144.66,11302040,1
135,-5144.66,11304164,1
134,-5144.66,11306288,1
133,-5144.66,11308408,1
132,-5144.66,11310532,1
131,-5144.66,11312656,1
130,-5144.66,11314784,1
129,-5144.66,11316908,1
128,-5124.61,11319032,1
127,-5104.47,11321156,1
126,-5084.26,11323280,1
125,-5063.96,11325404,1
124,-5043.58,11327536,1
123,-5023.12,11329660,1
122,-5002.58,11331784,1
121,-4981.95,11333912,1
120,-4961.23,11336028,1
119,-4940.43,11338156,1
118,-4919.54,11340280,1
117,-4898.56,11342404,1
116,-4877.49,11344528,1
115,-4856.33,11346656,1
114,-4835.08,11348780,1
113,-4813.73,11350904,1
112,-4792.29,11353028,1
111,-4770.75,11355160,1
110,-4749.12,11357284,1
109,-4727.38,11359412,1
108,-4705.54,11361536,1
107,-4683.61,11363656,1
106,-4661.57,11365780,1
105,-4639.42,11367908,1
104,-4617.17,11370032,1
103,-4594.81,11372156,1
102,-4572.34,11374284,1
101,-4549.76,11376408,1
100,-4527.07,11378532,1
99,-4504.26,11380656,1
98,-4481.34,11382696,1
97,-4458.30,11384736,1
96,-4435.14,11386776,1
95,-4411.86,11388816,1
94,-4388.45,11390856,1
93,-4364.92,11392896,1
92,-4341.27,11394936,1
91,-4317.48,11396980,1
90,-4293.56,11399016,1
89,-4269.51,11401056,1
88,-4245.32,11403096,1
87,-4220.99,11405140,1
86,-4196.52,11407176,1
85,-4171.91,11409216,1
84,-4147.15,11411256,1
83,-4122.24,11413296,1
82,-4097.18,11415336,1
81,-4071.97,11417380,1
80,-4046.60,11419416,1
79,-4021.06,11421456,1
78,-3995.37,11423496,1
77,-3969.51,11425536,1
76,-3943.48,11427576,1
75,-3917.28,11429616,1
74,-3890.90,11431660,1
73,-3864.34,11433696,1
72,-3837.60,11435736,1
71,-3810.67,11437776,1
70,-3783.55,11439816,1
69,-3756.23,11441856,1
68,-3728.71,11443892,1
67,-3700.99,11445940,1
66,-3673.05,11447976,1
65,-3644.91,11450020,1
64,-3616.54,11452056,1
63,-3587.95,11454100,1
62,-3559.14,11456144,1
61,-3530.08,11458184,1
60,-3500.79,11460220,1
59,-3471.24,11462264,1
58,-3441.45,11464300,1
57,-3411.39,11466344,1
56,-3381.07,11468380,1
55,-3350.47,11470420,1
54,-3319.59,11472464,1
53,-3288.42,11474500,1
52,-3256.95,11476544,1
51,-3225.18,11478580,1
50,-3193.08,11480624,1
49,-3160.67,11482660,1
48,-3127.91,11484700,1
47,-3094.81,11486740,1
46,-3061.36,11488780,1
45,-3027.53,11490824,1
44,-2993.32,11492860,1
43,-2958.72,11494900,1
42,-2923.70,11496940,1
41,-2888.26,11498980,1
40,-2852.38,11501020,1
39,-2816.05,11503060,1
38,-2779.24,11505100,1
37,-2741.93,11507140,1
36,-2704.11,11509180,1
35,-2665.76,11511220,1
34,-2626.84,11513264,1
33,-2587.34,11515304,1
32,-2547.22,11517344,1
31,-2506.47,11519384,1
30,-2465.04,11521420,1
29,-2422.90,11523464,1
28,-2380.02,11525500,1
27,-2336.35,11527540,1
26,-2291.85,11529584,1
25,-2246.46,11531620,1
24,-2200.14,11533660,1
23,-2152.83,11535700,1
22,-2104.45,11537740,1
21,-2054.94,11539784,1
20,-2004.20,11541820,1
19,-1952.14,11543868,1
18,-1898.66,11545908,1
17,-1843.62,11547948,1
16,-1786.90,11549988,1
15,-1728.31,11552028,1
14,-1667.67,11554068,1
13,-1604.74,11556108,1
12,-1539.24,11558148,1
11,-1470.83,11560188,1
10,-1399.08,11562228,1
9,-1323.45,11564268,1
8,-1243.24,11566224,1
7,-1157.50,11568176,1
6,-1064.90,11570124,1
5,-963.48,11572080,1
4,-850.13,11573948,1
3,-719.34,11575820,1
2,-559.49,11577692,1
1,-335.69,11579568,1
1,-335.69,11581160,1
