=~=~=~=~=~=~=~=~=~=~=~= PuTTY log 2024.05.13 15:53:32 =~=~=~=~=~=~=~=~=~=~=~=
56,5208.46,260423.00,1,191,57,192.00,21
144,8329.47,156050.39,1,120,145,120.06,44
237,10678.61,117457.13,1,93,238,93.65,67
323,12004.22,66280.37,1,83,324,83.30,90
413,12004.22,0.00,1,83,414,83.30,113
496,12004.22,0.00,1,83,497,83.30,135
583,12004.22,0.00,1,83,584,83.30,157
666,12004.22,0.00,1,83,667,83.30,179
753,12004.22,0.00,1,83,754,83.30,201
839,12004.22,0.00,1,83,840,83.30,224
926,12004.22,0.00,1,83,927,83.30,246
1009,12004.22,0.00,1,83,1010,83.30,268
1099,12004.22,0.00,1,83,1100,83.30,291
1181,12004.22,0.00,1,83,1182,83.30,313
1267,12004.22,0.00,1,83,1268,83.30,335
1349,12004.22,0.00,1,83,1350,83.30,357
1435,12004.22,0.00,1,83,1436,83.30,379
1517,12004.22,0.00,1,83,1518,83.30,401
1603,12004.22,0.00,1,83,1604,83.30,423
1685,12004.22,0.00,1,83,1686,83.30,445
1775,12004.22,0.00,1,83,1776,83.30,468
1862,12004.22,0.00,1,83,1863,83.30,491
1948,12004.22,0.00,1,83,1949,83.30,514
2038,12004.22,0.00,1,83,2039,83.30,537
2120,12004.22,0.00,1,83,2121,83.30,559
2210,12004.22,0.00,1,83,2211,83.30,582
2292,12004.22,0.00,1,83,2293,83.30,604
2382,12004.22,0.00,1,83,2383,83.30,627
2464,12004.22,0.00,1,83,2465,83.30,649
2554,12004.22,0.00,1,83,2555,83.30,672
2636,12004.22,0.00,1,83,2637,83.30,694
2726,12004.22,0.00,1,83,2727,83.30,717
2808,12004.22,0.00,1,83,2809,83.30,739
2898,12004.22,0.00,1,83,2899,83.30,762
2985,10142.04,-93108.94,1,98,-214,98.60,785
3077,7664.43,-123880.30,1,130,-122,130.47,808
3168,3886.63,-188889.96,1,257,-31,257.29,832
3200,0.00,-194331.68,1,0,0,1952.32,855
3200,0.00,0.00,1,0,0,1952.32,877
3200,0.00,0.00,1,0,0,1952.32,899
3200,0.00,0.00,1,0,0,1952.32,921
3200,0.00,0.00,1,0,0,1952.32,943
3200,0.00,0.00,1,0,0,1952.32,965
3200,0.00,0.00,1,0,0,1952.32,987
3200,0.00,0.00,1,0,0,1952.32,1009
3200,0.00,0.00,1,0,0,1952.32,1031
3200,0.00,0.00,1,0,0,1952.32,1053
3200,0.00,0.00,1,0,0,1952.32,1075
3200,0.00,0.00,1,0,0,1952.32,1097
3200,0.00,0.00,1,0,0,1952.32,1119
3200,0.00,0.00,1,0,0,1952.32,1141
3170,-3826.84,-191341.96,0,261,31,261.31,1163
3080,-7606.36,-188976.01,0,131,121,131.47,1186
2993,-9981.41,-118752.77,0,100,208,100.19,1209
2903,-11951.61,-98509.72,0,83,298,83.67,1232
2818,-12004.22,-2630.42,0,83,383,83.30,1255
2728,-12004.22,0.00,0,83,473,83.30,1278
2638,-12004.22,0.00,0,83,563,83.30,1302
2556,-12004.22,0.00,0,83,645,83.30,1324
2466,-12004.22,0.00,0,83,735,83.30,1347
2384,-12004.22,0.00,0,83,817,83.30,1369
2294,-12004.22,0.00,0,83,907,83.30,1392
2212,-12004.22,0.00,0,83,989,83.30,1414
2122,-12004.22,0.00,0,83,1079,83.30,1437
2036,-12004.22,0.00,0,83,1165,83.30,1460
1947,-12004.22,0.00,0,83,1254,83.30,1483
1865,-12004.22,0.00,0,83,1336,83.30,1505
1775,-12004.22,0.00,0,83,1426,83.30,1528
1690,-12004.22,0.00,0,83,1511,83.30,1551
1600,-12004.22,0.00,0,83,1601,83.30,1574
1515,-12004.22,0.00,0,83,1686,83.30,1597
1429,-12004.22,0.00,0,83,1772,83.30,1619
1339,-12004.22,0.00,0,83,1862,83.30,1643
1254,-12004.22,0.00,0,83,1947,83.30,1666
1168,-12004.22,0.00,0,83,2033,83.30,1688
1083,-12004.22,0.00,0,83,2118,83.30,1711
997,-12004.22,0.00,0,83,2204,83.30,1733
912,-12004.22,0.00,0,83,2289,83.30,1756
826,-12004.22,0.00,0,83,2375,83.30,1778
740,-12004.22,0.00,0,83,2461,83.30,1801
650,-12004.22,0.00,0,83,2551,83.30,1824
565,-12004.22,0.00,0,83,2636,83.30,1847
479,-12004.22,0.00,0,83,2722,83.30,1869
394,-12004.22,0.00,0,83,2807,83.30,1892
308,-12004.22,0.00,0,83,2893,83.30,1914
222,-10306.20,84900.98,0,97,-221,97.03,1937
130,-7880.37,121291.21,0,126,-129,126.90,1960
39,-4296.81,179178.04,0,232,-38,232.73,1984
0,0.00,214840.65,0,0,0,1952.32,2007
0,0.00,0.00,0,0,0,1952.32,2029
0,0.00,0.00,0,0,0,1952.32,2051
0,0.00,0.00,0,0,0,1952.32,2073
0,0.00,0.00,0,0,0,1952.32,2095
0,0.00,0.00,0,0,0,1952.32,2117
0,0.00,0.00,0,0,0,1952.32,2139
0,0.00,0.00,0,0,0,1952.32,2161
0,0.00,0.00,0,0,0,1952.32,2183
0,0.00,0.00,0,0,0,1952.32,2205
0,0.00,0.00,0,0,0,1952.32,2227
0,0.00,0.00,0,0,0,1952.32,2249
0,0.00,0.00,0,0,0,1952.32,2271
0,0.00,0.00,0,0,0,1952.32,2293
0,0.00,0.00,0,0,0,1952.32,2315
0,0.00,0.00,0,0,0,1952.32,2337
0,0.00,0.00,0,0,0,1952.32,2359
0,0.00,0.00,0,0,0,1952.32,2381
0,0.00,0.00,0,0,0,1952.32,2403
0,0.00,0.00,0,0,0,1952.32,2425
0,0.00,0.00,0,0,0,1952.32,2447
0,0.00,0.00,0,0,0,1952.32,2469
0,0.00,0.00,0,0,0,1952.32,2491
0,0.00,0.00,0,0,0,1952.32,2513
0,0.00,0.00,0,0,0,1952.32,2535
0,0.00,0.00,0,0,0,1952.32,2557
0,0.00,0.00,0,0,0,1952.32,2579
0,0.00,0.00,0,0,0,1952.32,2601
0,0.00,0.00,0,0,0,1952.32,2624
0,0.00,0.00,0,0,0,1952.32,2646
0,0.00,0.00,0,0,0,1952.32,2668
0,0.00,0.00,0,0,0,1952.32,2690
0,0.00,0.00,0,0,0,1952.32,2712
0,0.00,0.00,0,0,0,1952.32,2734
0,0.00,0.00,0,0,0,1952.32,2756
0,0.00,0.00,0,0,0,1952.32,2778
0,0.00,0.00,0,0,0,1952.32,2800
0,0.00,0.00,0,0,0,1952.32,2822
0,0.00,0.00,0,0,0,1952.32,2844
0,0.00,0.00,0,0,0,1952.32,2866
0,0.00,0.00,0,0,0,1952.32,2888
0,0.00,0.00,0,0,0,1952.32,2910
0,0.00,0.00,0,0,0,1952.32,2932
0,0.00,0.00,0,0,0,1952.32,2954
0,0.00,0.00,0,0,0,1952.32,2976
0,0.00,0.00,0,0,0,1952.32,2998
0,0.00,0.00,0,0,0,1952.32,3020
0,0.00,0.00,0,0,0,1952.32,3042
